      1	   2.39	   4.30	 -0.056	0.99875							#	   1.44	  38.65	
      2	  -4.81	   0.76	  0.098	1.00148							#	   1.42	  44.90	
      3	  -6.89	   4.00	  0.051	1.00006							#	   1.44	  46.39	
      4	  -1.04	   5.62	 -0.055	0.99943							#	   0.98	  47.32	
      5	   2.03	 -12.61	 -0.020	1.00004							#	   4.71	  45.11	
      6	   7.81	 -12.35	  0.024	0.99969							#	   2.95	  39.54	
      7	   4.72	  -7.63	 -0.003	0.99983							#	   0.96	  43.49	
      8	  -1.91	  -4.52	 -0.072	0.99922							#	   0.80	  48.94	
      9	  -4.48	  -7.68	 -0.044	0.99991							#	   1.13	  47.87	
     10	   1.39	  -4.13	  0.029	1.00059							#	   0.40	  46.30	
     11	   1.66	  -6.71	  0.002	0.99985							#	   0.57	  47.87	
     12	  -5.95	  -0.69	 -0.033	1.00022							#	   0.83	  46.77	
     13	  -0.10	  -6.95	 -0.011	0.99875							#	   0.98	  48.38	
     14	   1.64	  -0.58	 -0.005	1.00093							#	   0.20	  49.53	
     15	  -0.57	   2.90	 -0.023	1.00031							#	   0.53	  46.17	
     16	  -2.41	   1.15	 -0.072	1.00018							#	   0.68	  49.23	
     17	  -3.12	  -0.27	  0.005	1.00027							#	   0.92	  46.26	
     18	  -2.71	   0.89	 -0.002	0.99961							#	   1.01	  46.90	
     19	   3.28	  -2.68	  0.018	1.00025							#	   1.49	  44.64	
     20	   3.83	  -0.17	 -0.015	1.00054							#	   0.82	  46.05	
     21	   2.10	  -7.51	  0.007	0.99984							#	   1.90	  47.19	
     22	   2.37	   1.13	 -0.021	1.00001							#	   0.39	  47.24	
     23	   1.69	  -0.90	 -0.128	1.00012							#	   1.55	  41.75	
     24	  -0.42	  -1.12	  0.037	1.00008							#	   1.40	  44.69	
     25	  -1.84	  -5.77	  0.043	0.99974							#	   1.17	  45.88	
     26	  -5.15	   0.81	  0.009	1.00004							#	   0.88	  44.22	
     27	  -5.44	   1.55	  0.008	1.00028							#	   1.08	  47.02	
     28	  -2.64	   6.70	 -0.011	1.00019							#	   2.04	  47.15	
     29	  -0.15	  -3.11	 -0.022	1.00026							#	   0.57	  48.30	
     30	   1.84	   4.59	 -0.047	0.99962							#	   1.91	  47.28	
     31	  -1.11	   0.65	 -0.010	0.99993							#	   0.75	  46.98	
     32	   2.14	   0.57	 -0.017	0.99972							#	   0.92	  46.00	
     33	   0.47	  -2.50	 -0.005	1.00005							#	   0.46	  50.34	
     34	   1.11	  -0.21	 -0.022	0.99975							#	   0.91	  49.11	
     35	   2.62	  -3.24	  0.011	0.99999							#	   1.19	  49.74	
     36	   0.44	  -2.35	  0.047	1.00039							#	   1.74	  49.40	
     37	   1.13	   5.90	  0.039	0.99940							#	   2.13	  48.13	
     38	   5.95	   3.81	  0.036	1.00004							#	   1.82	  47.62	
     39	   3.26	   4.20	  0.035	0.99982							#	   0.81	  48.17	
     40	  -2.12	   2.22	 -0.020	1.00002							#	   0.33	  50.21	
     41	   0.73	  -4.30	  0.043	1.00028							#	   0.98	  50.94	
     42	  -3.41	  -2.56	  0.076	1.00015							#	   1.41	  48.68	
     43	  -4.49	   0.72	  0.028	0.99989							#	   0.79	  47.36	
     44	  -2.09	   0.84	  0.021	1.00002							#	   0.70	  49.57	
     45	  -4.11	   3.11	  0.039	1.00019							#	   1.18	  47.92	
     46	  -5.60	   2.25	  0.074	0.99995							#	   2.33	  49.91	
     47	   0.69	  -2.37	  0.059	1.00033							#	   1.79	  50.43	
     48	   2.26	  -3.50	 -0.013	0.99981							#	   2.46	  50.09	
     49	  -4.23	  -4.68	  0.001	1.00033							#	   0.91	  48.72	
     50	  -0.48	  -0.91	 -0.011	0.99992							#	   0.44	  49.96	
     51	  -6.28	  -2.34	 -0.021	0.99990							#	   0.97	  49.11	
     52	  -9.47	  -7.26	  0.013	1.00025							#	   2.40	  49.45	
     53	 -10.38	  -2.05	 -0.037	1.00020							#	   1.78	  45.58	
     54	  -8.96	   2.52	 -0.013	1.00050							#	   2.78	  46.43	
     55	  -6.33	   0.97	 -0.042	0.99972							#	   2.02	  46.13	
     56	  -2.97	   0.83	 -0.054	1.00008							#	   1.54	  45.92	
     57	  -2.60	  -1.94	 -0.020	1.00023							#	   0.62	  48.00	
     58	  -0.14	   5.29	 -0.034	0.99992							#	   0.77	  46.09	
     59	   5.54	   0.68	  0.010	1.00001							#	   0.62	  45.41	
     60	   3.46	   4.77	 -0.095	1.00056							#	   0.74	  46.30	
     61	   8.96	  -4.94	 -0.025	0.99995							#	   2.14	  44.77	
     62	  12.95	  -0.04	  0.012	0.99950							#	   2.64	  42.77	
     63	   9.26	  -4.38	 -0.042	0.99979							#	   1.75	  44.13	
     64	   2.72	  -6.57	 -0.013	1.00007							#	   1.73	  44.69	
     65	  10.73	  -5.39	  0.068	0.99967							#	   4.80	  43.79	
     66	   5.71	   2.27	  0.010	1.00008							#	   1.20	  42.94	
     67	   4.32	  -1.48	  0.040	0.99971							#	   0.36	  43.66	
     68	  11.72	  -2.24	  0.066	1.00030							#	   1.85	  44.35	
     69	   5.37	   1.81	  0.038	0.99988							#	   0.99	  43.32	
     70	   4.65	   6.83	  0.029	1.00011							#	   1.46	  41.84	
     71	   4.36	   3.44	  0.050	1.00011							#	   1.30	  44.13	
     72	   6.25	   3.86	  0.012	1.00001							#	   1.24	  45.32	
     73	  -0.46	  -0.97	 -0.026	1.00001							#	   0.37	  48.09	
     74	   2.10	  -0.00	  0.010	0.99968							#	   0.45	  46.30	
     75	   1.35	  -1.60	 -0.003	1.00015							#	   0.36	  47.07	
     76	  -0.82	   2.36	  0.005	1.00006							#	   0.42	  47.41	
     77	  -0.26	   1.64	 -0.020	0.99979							#	   0.82	  47.28	
