      1	  19.82	  11.20	  0.020	0.99960							#	   4.33	  22.66	
      2	  22.88	  12.96	 -0.172	0.99956							#	   5.23	  22.32	
      3	  10.60	  -0.32	 -0.062	0.99977							#	   1.52	  25.43	
      4	   5.02	  -2.68	 -0.051	0.99968							#	   0.28	  30.78	
      5	  -0.05	  -4.77	 -0.048	0.99995							#	   0.24	  32.02	
      6	  -4.94	  -0.86	  0.001	0.99983							#	   0.28	  29.51	
      7	 -16.69	   0.23	 -0.070	1.00031							#	   2.22	  29.00	
      8	 -11.39	   1.14	 -0.020	0.99997							#	   0.96	  32.23	
      9	 -11.11	   4.66	 -0.026	1.00003							#	   1.47	  31.29	
     10	  -4.88	   0.32	  0.012	0.99953							#	   0.31	  30.82	
     11	  -2.07	  -2.86	 -0.028	0.99903							#	   0.19	  31.72	
     12	   0.59	  -2.08	 -0.007	0.99975							#	   0.13	  32.70	
     13	   6.55	   2.91	  0.044	0.99936							#	   1.04	  30.14	
     14	  -2.61	  -1.53	 -0.027	0.99978							#	   0.25	  31.12	
     15	  -1.04	  -1.36	 -0.016	0.99940							#	   0.22	  32.82	
     16	  -0.45	   3.21	 -0.029	0.99856							#	   0.43	  32.61	
     17	   1.97	   7.43	 -0.058	0.99780							#	   1.55	  29.76	
     18	  -0.57	   2.57	  0.022	0.99886							#	   0.24	  31.72	
     19	   4.86	  -4.65	  0.036	0.99804							#	   1.26	  30.91	
     20	  -0.12	   2.39	 -0.036	0.99888							#	   0.26	  33.16	
     21	   1.46	   3.18	 -0.043	0.99857							#	   0.43	  31.51	
     22	   0.92	   0.52	  0.002	0.99827							#	   0.19	  32.74	
     23	   0.30	  -7.03	  0.021	0.99772							#	   1.43	  30.53	
     24	  -6.80	  -0.48	  0.004	0.99709							#	   0.90	  30.19	
     25	  -7.18	  -0.64	  0.017	0.99091							#	   1.46	  30.02	
     26	  -6.88	  -2.20	  0.002	0.99246							#	   1.45	  30.91	
     27	   1.13	  -4.16	 -0.022	0.99636							#	   0.65	  31.85	
     28	   1.44	  -2.12	  0.006	0.99811							#	   0.40	  30.87	
     29	  -0.97	   0.87	 -0.021	0.99616							#	   0.25	  32.57	
     30	  -6.30	  -0.40	  0.006	0.99477							#	   1.15	  31.72	
     31	 -12.60	   0.99	  0.006	0.99497							#	   3.32	  27.85	
     32	  -5.27	  -3.31	  0.015	0.99658							#	   0.52	  29.34	
     33	   4.10	  -0.69	 -0.013	0.99720							#	   0.53	  28.49	
     34	   8.48	   2.43	  0.019	0.99832							#	   1.57	  28.83	
     35	   0.24	  -4.62	  0.014	0.99786							#	   0.48	  29.97	
     36	  -3.03	   1.01	  0.001	0.99824							#	   0.31	  30.74	
     37	  -0.13	   3.28	  0.013	0.99794							#	   0.49	  29.80	
     38	   0.04	   1.63	  0.016	0.99460							#	   0.53	  29.68	
     39	   5.05	  -1.35	  0.015	0.99159							#	   1.72	  31.16	
     40	  -1.10	   2.47	  0.024	0.99551							#	   0.52	  31.34	
     41	  -4.68	  -1.25	  0.029	0.99747							#	   0.96	  30.99	
     42	  -5.32	   0.30	  0.006	0.99895							#	   1.42	  28.06	
     43	  -6.47	  -1.03	 -0.010	0.99919							#	   1.70	  29.46	
     44	  -1.56	   0.20	  0.042	0.99993							#	   0.97	  32.61	
     45	  -9.30	   1.58	 -0.003	0.99998							#	   2.33	  29.34	
     46	   1.47	  -0.43	  0.001	0.99958							#	   0.47	  30.14	
     47	   7.59	  -4.42	 -0.009	0.99949							#	   1.70	  28.57	
     48	   2.35	   0.51	 -0.050	0.99987							#	   0.37	  28.78	
     49	  -1.53	  -3.69	 -0.011	0.99982							#	   0.55	  29.00	
     50	  -9.33	   1.82	 -0.022	0.99963							#	   1.88	  29.42	
     51	  -6.52	  -1.32	 -0.010	0.99893							#	   0.75	  29.00	
     52	  -8.19	   1.58	  0.004	0.99914							#	   1.44	  30.91	
     53	  -7.48	  -0.60	  0.015	0.99971							#	   1.34	  29.97	
     54	  -8.64	   5.50	  0.075	0.99905							#	   2.10	  29.04	
     55	 -11.01	  -1.66	  0.036	0.99905							#	   2.23	  30.27	
     56	  -1.71	  -1.72	  0.017	0.99948							#	   0.22	  30.48	
     57	   3.37	  -1.12	  0.049	0.99983							#	   0.34	  30.36	
     58	   6.42	   2.86	 -0.001	0.99978							#	   1.10	  29.63	
     59	   2.16	  -3.36	  0.018	0.99905							#	   0.42	  32.23	
     60	  -0.88	  -1.90	  0.056	0.99914							#	   0.21	  33.16	
     61	  -0.32	   2.28	  0.001	0.99511							#	   0.45	  32.48	
     62	   2.78	  -3.03	 -0.018	0.99269							#	   1.34	  33.16	
     63	   1.35	   1.27	  0.007	0.98684							#	   1.74	  28.95	
     64	   0.91	   2.90	 -0.010	0.99066							#	   1.03	  30.06	
     65	   0.14	   4.50	  0.013	0.99624							#	   0.76	  28.66	
     66	   0.73	   1.51	  0.027	0.99660							#	   0.68	  27.72	
     67	   3.01	  -1.47	  0.025	0.99437							#	   1.62	  30.36	
     68	   6.61	  -1.11	  0.012	0.99726							#	   1.80	  30.82	
     69	   1.96	   3.59	  0.026	0.99687							#	   0.64	  29.08	
     70	  -5.38	   8.35	  0.036	0.99702							#	   2.10	  30.87	
     71	  -1.85	  -2.30	  0.071	0.99684							#	   0.29	  30.61	
     72	  -3.85	   8.77	  0.084	0.99778							#	   2.06	  30.19	
     73	  -2.45	   2.10	  0.029	0.99043							#	   0.67	  31.46	
     74	  13.67	   9.76	  0.039	0.99091							#	   6.44	  30.23	
     75	  19.06	 -17.04	 -0.043	0.99092							#	   4.98	  27.30	
     76	  18.66	  -4.75	 -0.023	0.99037							#	   2.94	  26.45	
     77	  11.86	   3.16	  0.001	0.99667							#	   1.65	  27.72	
     78	   7.35	  -0.14	  0.031	0.99864							#	   1.17	  29.63	
     79	   4.46	  -1.88	 -0.008	0.99932							#	   0.64	  29.93	
     80	  -3.42	   1.60	  0.006	0.99932							#	   0.54	  29.29	
     81	   0.12	  -6.11	  0.030	0.99940							#	   0.59	  28.61	
     82	  -1.24	  -0.27	  0.022	1.00014							#	   0.16	  28.53	
     83	  -4.58	  -4.21	  0.041	0.99995							#	   0.75	  28.44	
     84	  -1.56	  -6.79	  0.087	0.99973							#	   1.24	  27.85	
     85	 -12.34	  -0.10	 -0.004	0.99945							#	   3.73	  26.11	
     86	  -9.21	   0.68	 -0.016	1.00014							#	   1.22	  28.53	
     87	  -4.09	  -7.82	  0.003	1.00005							#	   1.32	  30.36	
     88	   9.77	  -6.10	  0.029	0.99905							#	   1.97	  27.51	
     89	   4.66	  -1.78	  0.008	1.00014							#	   0.44	  28.02	
     90	  -0.42	   0.34	 -0.057	1.00029							#	   0.14	  30.70	
     91	  -3.40	  -0.95	 -0.029	1.00021							#	   0.34	  30.02	
     92	 -10.59	   4.25	 -0.076	1.00033							#	   2.34	  26.49	
     93	 -10.21	   5.56	 -0.074	0.99993							#	   1.82	  28.74	
     94	  -8.78	   5.11	 -0.027	1.00007							#	   2.05	  28.19	
     95	  -5.77	  -3.56	  0.026	1.00031							#	   1.03	  30.44	
     96	  -4.17	  -2.40	  0.029	0.99941							#	   0.57	  29.25	
     97	  -9.85	   1.24	  0.021	1.00015							#	   2.02	  28.57	
     98	  -1.75	   0.56	  0.013	1.00033							#	   0.14	  32.36	
     99	   3.46	  -2.74	 -0.029	1.00050							#	   0.47	  32.27	
    100	   4.61	  -4.23	 -0.012	0.99995							#	   0.80	  33.63	
    101	   1.71	  -0.65	  0.016	0.99987							#	   0.28	  32.70	
    102	   0.47	  -0.10	  0.016	1.00036							#	   0.18	  35.59	
    103	   0.86	   3.97	  0.020	1.00043							#	   0.64	  32.82	
    104	  -0.24	  -7.76	 -0.022	0.99922							#	   1.93	  31.97	
    105	   6.93	  -3.54	 -0.011	0.99932							#	   1.40	  27.98	
    106	   5.79	  -2.03	  0.059	1.00058							#	   1.09	  29.00	
    107	   0.70	  -2.76	  0.041	1.00086							#	   0.43	  28.74	
    108	  -6.35	   1.32	  0.041	1.00096							#	   1.41	  23.81	
    109	  -3.30	   3.45	  0.138	0.99881							#	   1.00	  24.23	
    110	   7.16	  -2.51	 -0.007	1.00006							#	   1.64	  27.64	
    111	  10.22	  -5.89	 -0.070	1.00030							#	   2.96	  28.27	
    112	   9.21	  -4.61	 -0.072	0.99993							#	   1.43	  28.49	
    113	   6.38	  -3.71	  0.031	0.99909							#	   0.91	  28.10	
    114	  -5.22	  -0.93	 -0.006	1.00038							#	   0.50	  30.23	
    115	  -5.75	  -3.48	 -0.001	0.99954							#	   0.92	  27.42	
    116	  -2.33	  -0.92	 -0.039	1.00041							#	   0.28	  30.19	
    117	  -5.69	   2.52	 -0.072	0.99979							#	   0.85	  29.34	
    118	  -6.96	   1.05	 -0.064	1.00028							#	   1.47	  27.13	
    119	  -0.47	   1.09	 -0.036	1.00036							#	   0.24	  30.65	
    120	   3.97	   6.34	 -0.066	0.99913							#	   1.70	  27.21	
    121	   4.42	   3.29	  0.047	1.00239							#	   0.83	  27.64	
    122	   3.03	   4.69	 -0.024	1.00081							#	   1.10	  30.14	
    123	   3.92	  11.26	 -0.065	0.99869							#	   3.30	  29.38	
    124	  -0.01	   8.71	 -0.080	0.99935							#	   1.02	  30.57	
    125	   0.11	   8.82	 -0.020	0.99959							#	   1.47	  29.68	
    126	   3.06	   6.86	  0.056	1.00022							#	   1.08	  29.80	
    127	   2.15	   3.50	  0.067	0.99917							#	   0.40	  29.04	
    128	  -1.67	  -5.02	  0.042	0.99981							#	   0.60	  29.21	
    129	  -5.88	   1.35	 -0.023	1.00031							#	   0.89	  30.02	
    130	  -5.14	   7.47	 -0.019	1.00029							#	   1.70	  29.97	
    131	  -9.54	  -0.96	  0.005	1.00011							#	   2.05	  28.02	
    132	 -15.34	   6.28	  0.022	0.99980							#	   4.52	  28.49	
    133	  -7.17	  -0.96	  0.031	0.99942							#	   0.54	  27.59	
    134	   0.09	   2.93	  0.047	1.00027							#	   0.16	  32.36	
    135	   1.92	  -7.35	 -0.027	0.99978							#	   0.69	  30.44	
    136	   4.60	   0.44	  0.005	0.99992							#	   0.43	  31.29	
    137	  -4.32	  -1.15	  0.000	1.00024							#	   0.33	  31.25	
    138	  -2.29	  -1.06	  0.065	0.99948							#	   0.40	  30.87	
    139	  -9.63	   2.67	  0.012	0.99979							#	   2.68	  31.51	
    140	  -4.03	  -2.90	  0.030	0.99967							#	   0.38	  30.53	
    141	   0.75	   0.38	  0.032	1.00004							#	   0.12	  35.50	
    142	  -6.21	   2.30	 -0.014	1.00021							#	   0.84	  31.68	
    143	  -4.56	  -0.77	 -0.044	1.00023							#	   0.58	  32.48	
    144	  -1.48	  -2.24	 -0.014	0.99947							#	   0.72	  33.55	
    145	   0.73	  -4.89	  0.016	1.00000							#	   1.59	  30.44	
    146	  -2.71	   1.01	  0.025	0.99970							#	   0.35	  32.10	
    147	  -5.09	  -1.72	 -0.013	1.00076							#	   1.18	  28.36	
    148	  -1.05	  -1.36	 -0.008	0.99886							#	   0.30	  34.06	
    149	   6.29	 -10.84	 -0.020	1.00001							#	   3.93	  30.31	
    150	  -0.98	  -4.63	 -0.020	1.00005							#	   0.31	  29.08	
    151	  -5.85	  -8.32	 -0.050	0.99930							#	   1.73	  27.68	
    152	 -14.70	  -0.88	  0.012	0.99942							#	   3.65	  28.23	
