      1	  -1.30	 -13.90	 -0.033	1.00009							#	   2.98	  16.53	
      2	  -3.06	   2.19	  0.016	1.00006							#	   3.60	  18.51	
      3	   6.11	  -2.33	  0.069	1.00043							#	   1.20	  19.32	
      4	   2.10	   9.44	 -0.021	1.00038							#	   1.26	  16.64	
      5	  -1.45	  -2.95	 -0.134	1.00014							#	   0.29	  18.11	
      6	   2.15	  -0.64	 -0.031	0.99995							#	   0.22	  16.90	
      7	  -0.79	   4.82	  0.004	0.99943							#	   0.66	  17.01	
      8	   0.16	   2.22	  0.038	1.00108							#	   0.85	  16.46	
      9	  -1.57	  10.24	  0.000	1.00022							#	   1.97	  14.96	
     10	   1.92	  -4.33	  0.012	1.00038							#	   0.46	  15.80	
     11	   3.91	  -6.80	  0.054	0.99982							#	   1.42	  17.23	
     12	  -1.34	  -1.85	  0.016	0.99934							#	   0.93	  16.50	
     13	  -3.64	  -1.17	 -0.005	1.00002							#	   0.71	  16.13	
     14	   1.47	  -3.44	  0.066	0.99976							#	   0.47	  15.84	
     15	   3.10	  -3.54	  0.071	0.99996							#	   0.79	  16.86	
     16	   1.47	  -2.29	  0.041	0.99962							#	   0.67	  18.55	
     17	   3.07	   3.60	  0.051	0.99805							#	   2.56	  17.19	
     18	  -1.03	  -0.29	 -0.028	0.99746							#	   0.68	  17.34	
     19	   1.81	  -3.10	 -0.001	0.99566							#	   0.70	  19.02	
     20	   3.62	  -3.28	  0.008	0.99634							#	   1.04	  19.28	
     21	   2.75	   5.21	 -0.041	0.99412							#	   1.38	  18.26	
     22	   1.93	   3.81	  0.004	0.99370							#	   1.18	  16.79	
     23	  -2.50	   0.63	 -0.078	0.99321							#	   0.68	  17.23	
     24	  -0.19	  -4.80	 -0.007	0.99183							#	   1.09	  18.70	
     25	  -2.72	   1.82	 -0.002	0.99118							#	   1.51	  16.61	
     26	  -1.05	  -1.32	  0.053	0.98595							#	   1.45	  16.83	
     27	  -1.01	   5.72	  0.021	0.98340							#	   3.11	  15.03	
     28	   1.43	  -8.93	 -0.044	0.99029							#	   1.28	  13.60	
     29	   6.25	   7.07	  0.056	0.98736							#	   2.03	  12.87	
     30	  -2.60	   0.62	  0.053	0.98675							#	   1.15	  12.57	
     31	  -8.46	   0.99	  0.012	0.98289							#	   2.32	  13.09	
     32	   2.22	  -9.87	  0.009	0.98072							#	   1.92	  14.04	
     33	   2.69	   7.38	  0.007	0.97792							#	   3.75	  13.01	
     34	   1.04	  -6.43	  0.000	0.97865							#	   1.80	  13.89	
     35	  -0.20	  -0.37	  0.013	0.98195							#	   1.72	  14.59	
     36	  -2.19	   4.29	 -0.011	0.98457							#	   1.83	  14.74	
     37	   6.00	  -1.73	  0.066	0.98376							#	   1.47	  17.05	
     38	   6.61	  -2.05	  0.050	0.98127							#	   2.76	  15.25	
     39	   4.77	  -2.68	  0.004	0.97743							#	   2.59	  14.99	
     40	   3.52	  -5.26	  0.051	0.97067							#	   2.77	  14.48	
     41	   1.28	   1.08	  0.021	0.97286							#	   2.48	  13.97	
     42	   6.41	  -5.44	  0.061	0.97694							#	   3.17	  13.49	
     43	   6.87	   5.57	 -0.019	0.97835							#	   2.93	  14.44	
     44	   7.58	 -10.51	 -0.002	0.97639							#	   3.40	  13.89	
     45	  10.63	  -1.27	  0.031	0.97495							#	   3.53	  14.04	
     46	   2.18	  -0.23	  0.023	0.97695							#	   2.37	  12.13	
     47	   5.58	  -0.26	  0.056	0.98561							#	   2.08	  13.12	
     48	   7.71	  -2.74	  0.017	0.99037							#	   1.98	  14.11	
     49	   8.36	   1.55	 -0.022	0.99110							#	   2.16	  15.87	
     50	  -6.01	  -7.83	 -0.070	0.98499							#	   1.86	  14.96	
     51	  -4.09	  -8.73	  0.034	0.98439							#	   1.84	  15.14	
     52	  -1.24	  -2.83	  0.009	0.99198							#	   0.91	  13.89	
     53	   0.04	   1.48	 -0.031	0.99407							#	   1.30	  15.18	
     54	   9.19	  -3.23	 -0.004	0.99475							#	   2.42	  14.59	
     55	   2.51	  11.77	 -0.064	0.99542							#	   2.75	  14.55	
     56	  -4.27	 -10.99	 -0.017	0.99631							#	   2.03	  14.26	
     57	   1.36	  -4.33	 -0.018	0.99549							#	   0.81	  14.44	
     58	   0.37	   3.24	 -0.070	0.99693							#	   0.97	  15.21	
     59	  -3.75	  -3.13	 -0.067	0.99845							#	   1.34	  13.45	
     60	  -1.53	   4.54	 -0.055	0.99885							#	   1.10	  12.68	
     61	  -2.93	  -3.89	  0.022	0.99689							#	   1.63	  13.05	
     62	 -10.90	  -0.55	  0.007	0.99249							#	   4.83	  13.75	
     63	  -2.80	  -6.54	 -0.011	0.99569							#	   1.54	  12.43	
     64	  -3.16	  -0.19	 -0.046	0.99805							#	   0.95	  12.94	
     65	  11.86	   0.63	 -0.063	0.99790							#	   3.06	  12.28	
     66	  -1.18	  -8.10	  0.007	0.99508							#	   1.28	  14.00	
     67	  -5.06	   6.44	 -0.049	0.99800							#	   2.27	  14.33	
     68	  -0.02	  -7.12	 -0.013	0.99797							#	   1.82	  15.18	
     69	   0.77	  -1.29	  0.037	0.99851							#	   0.81	  13.49	
     70	   0.74	  -0.49	  0.002	0.99873							#	   7.83	  13.01	
     71	  -0.09	   0.42	  0.065	0.99889							#	   4.26	  12.72	
     72	  -7.83	  -3.18	 -0.016	0.99884							#	   0.89	  13.64	
     73	 -10.47	  11.25	 -0.044	0.99961							#	   2.12	  11.84	
     74	   2.43	   7.00	 -0.010	0.99908							#	   1.04	  11.03	
     75	  -5.00	  15.08	 -0.027	0.99831							#	   1.86	   9.90	
     76	  -6.69	  -5.27	  0.041	0.98922							#	   1.87	  10.48	
     77	  -6.55	   5.87	  0.038	0.98677							#	   3.22	   9.90	
     78	  -6.46	  -6.36	  0.022	0.98988							#	   3.46	   9.05	
     79	 -11.55	  -1.71	  0.048	0.99278							#	   3.70	  10.48	
     80	  -5.99	  -9.77	  0.006	0.99088							#	   4.32	  10.26	
     81	  -1.05	  -7.08	  0.020	0.96997							#	   4.57	   9.71	
     82	  -6.36	   0.47	  0.044	0.99146							#	   3.65	   9.13	
     83	   2.52	  -3.53	  0.059	0.99687							#	   2.59	   8.58	
     84	   0.49	  -1.02	  0.057	0.99897							#	   2.01	   9.05	
     85	   4.35	   4.14	 -0.004	0.99908							#	   2.06	   9.57	
     86	  -1.11	  -1.97	 -0.076	0.99914							#	   2.14	  11.11	
     87	   0.92	  -4.53	  0.034	0.99920							#	   2.65	   9.82	
     88	  -2.24	   2.95	 -0.003	0.99862							#	   2.97	  10.12	
     89	  -3.41	   4.07	 -0.096	0.99888							#	   3.21	  10.92	
     90	   4.21	  -2.23	 -0.014	1.00032							#	   3.94	  10.59	
     91	   1.69	   4.13	 -0.022	0.99887							#	   3.38	  10.37	
     92	   6.50	  -2.94	  0.020	0.99932							#	   4.96	   9.05	
     93	   2.01	  -2.45	  0.007	0.99990							#	   2.95	   7.92	
     94	  -2.19	  -1.89	 -0.006	0.99899							#	   2.93	   9.27	
     95	  -1.62	   9.44	  0.012	0.99871							#	   3.31	   8.61	
     96	   8.73	 -10.89	  0.032	0.99923							#	   5.57	   8.83	
     97	   7.70	   3.95	 -0.058	0.99854							#	   4.53	   8.69	
     98	   4.07	  -0.21	 -0.023	0.99833							#	   3.66	  10.37	
     99	   1.47	   2.17	 -0.062	0.99855							#	   3.65	   9.24	
    100	   2.68	   0.57	  0.011	0.99929							#	   3.41	  10.85	
    101	   1.68	  -3.26	  0.005	1.00002							#	   2.54	   9.05	
    102	  -5.31	   0.34	 -0.025	1.00015							#	   1.70	   9.02	
    103	  -6.10	   0.74	  0.012	0.99964							#	   1.73	   9.46	
    104	 -10.02	  -1.41	 -0.047	0.99907							#	   1.76	   8.76	
    105	  -9.03	  -0.38	 -0.005	1.00031							#	   1.81	  10.34	
    106	   0.87	   4.89	 -0.008	0.99935							#	   2.09	   9.93	
    107	  -2.41	   5.53	 -0.087	1.00046							#	   1.69	   9.27	
    108	   3.34	  -2.75	  0.001	0.99908							#	   3.17	   9.20	
    109	   0.60	   6.03	  0.029	0.99496							#	   3.49	   9.79	
    110	  -2.00	  -4.21	  0.030	0.99394							#	   2.77	  10.48	
    111	  -6.02	  -5.66	  0.031	0.99547							#	   4.07	   9.49	
    112	 -10.08	  -2.97	 -0.020	0.99817							#	   3.28	   8.06	
    113	  -9.53	  -4.48	  0.037	0.99405							#	   3.57	   8.25	
    114	 -14.55	   1.52	 -0.040	0.99112							#	   4.95	   8.28	
    115	  -2.43	  -0.70	 -0.048	0.99617							#	   2.90	  10.89	
    116	 -18.50	   4.21	 -0.067	0.99335							#	   6.17	   7.70	
    117	 -14.23	   4.91	 -0.060	0.99045							#	   3.98	   8.94	
    118	   3.03	  -0.44	 -0.014	0.99698							#	   3.55	   8.91	
    119	   1.22	   1.91	 -0.009	0.99732							#	   2.92	   9.13	
    120	   0.92	  -2.02	  0.024	1.00044							#	   2.70	  10.92	
    121	   9.41	  -3.81	  0.036	0.99929							#	   3.86	   9.31	
    122	  -0.35	   5.82	  0.017	0.99949							#	   2.97	   8.61	
    123	 -28.99	   6.03	  0.036	0.99858							#	   9.13	   6.16	
    124	 -41.17	   4.24	  0.036	0.99826							#	   5.19	   5.83	
    125	 -29.10	   6.37	  0.046	0.99889							#	   5.60	   6.30	
    126	  19.21	 -15.80	  0.071	1.00199							#	   7.21	   7.26	
    127	   7.80	  -6.61	  0.163	1.00679							#	   2.43	   8.17	
    128	   5.35	  -6.71	  0.050	1.00160							#	   2.49	  10.01	
    129	  -3.51	  -1.47	 -0.020	1.02173							#	   1.49	   8.98	
    130	  -5.77	  14.30	 -0.098	1.04083							#	   3.00	   7.33	
    131	   1.14	   8.67	 -0.124	1.04404							#	   3.21	   7.00	
    132	  -7.93	  17.55	 -0.223	1.04792							#	   5.27	   7.00	
    133	   0.01	  11.72	 -0.024	1.05042							#	   4.37	   5.94	
    134	  -3.71	  12.79	 -0.070	1.05232							#	   4.82	   5.35	
    135	  -4.11	  -0.30	 -0.025	1.05406							#	   5.65	   6.12	
    136	 -17.13	  11.36	 -0.145	1.05721							#	   5.53	   7.04	
    137	  -9.18	   6.73	 -0.079	1.05149							#	   3.40	   6.93	
    138	 -20.35	   4.38	 -0.035	1.05542							#	   4.18	   6.45	
    139	 -11.61	  12.33	 -0.040	1.05660							#	   3.33	   7.11	
    140	 -14.34	   8.21	  0.037	1.05358							#	   4.01	   7.81	
    141	  -9.08	   6.16	 -0.006	1.04582							#	   2.28	   7.59	
    142	   1.11	  -0.25	  0.054	1.03435							#	   1.61	  10.41	
    143	  -2.40	   7.06	  0.006	1.03789							#	   1.99	  10.45	
    144	  -0.24	  -0.98	  0.028	1.03696							#	   2.70	  10.41	
    145	  11.83	  -4.57	  0.114	1.01162							#	   2.18	  12.32	
    146	  11.64	  -1.88	  0.028	0.99981							#	   3.08	  12.06	
    147	   6.99	 -11.22	 -0.006	1.00036							#	   2.60	  12.87	
    148	   1.86	 -15.18	  0.062	0.99991							#	   3.24	  12.72	
    149	  12.93	 -13.93	  0.069	0.99976							#	   5.10	  12.28	
    150	   3.49	 -12.67	 -0.106	0.99942							#	   1.93	  12.90	
    151	   6.63	 -11.38	  0.027	0.99903							#	   2.43	  11.99	
    152	   3.28	  -8.20	 -0.095	0.99876							#	   1.50	  14.85	
    153	   4.90	  -2.93	 -0.074	0.99988							#	   1.42	  15.29	
    154	   1.99	  -3.37	 -0.126	0.99937							#	   1.25	  16.35	
    155	  11.44	  -7.33	  0.056	0.99913							#	   2.85	  15.40	
    156	   3.96	  -3.02	 -0.037	0.99946							#	   1.61	  13.56	
    157	   1.98	  -2.80	 -0.029	0.99976							#	   1.41	  16.90	
    158	  -4.89	  -4.23	 -0.067	0.99984							#	   1.59	  18.62	
    159	   2.93	   1.49	 -0.048	0.99971							#	   1.92	  19.10	
    160	   8.72	   1.65	 -0.011	1.00004							#	   3.11	  17.63	
    161	   6.03	   6.02	 -0.024	0.99956							#	   1.30	  16.94	
    162	   8.83	   0.33	 -0.100	1.00059							#	   2.17	  16.53	
    163	   5.27	   5.45	 -0.094	1.00044							#	   2.09	  17.52	
    164	   8.33	  -5.05	  0.048	0.99996							#	   5.06	  16.68	
