      1	  12.27	   2.11	 -0.294	1.00019							#	  10.83	  63.04	
      2	   6.43	  -0.49	 -0.130	1.00004							#	   1.63	  70.56	
      3	   0.08	  -6.60	 -0.009	1.00043							#	   1.62	  72.98	
      4	  -0.87	   2.63	 -0.003	1.00013							#	   0.36	  75.40	
      5	   1.04	   1.89	 -0.070	0.99990							#	   0.27	  74.73	
      6	   5.36	   0.81	  0.007	1.00013							#	   1.14	  72.04	
      7	   7.11	  -8.00	  0.041	1.00002							#	   8.65	  66.13	
      8	   0.64	   6.69	  0.000	1.00133							#	   1.23	  62.77	
      9	   0.20	   4.10	 -0.035	0.99975							#	   1.22	  58.33	
     10	  -6.31	   6.31	 -0.020	0.99968							#	   3.42	  59.95	
     11	  -8.80	   2.67	 -0.010	0.99962							#	   3.79	  59.14	
     12	 -19.33	  15.76	 -0.066	0.99964							#	   8.81	  53.36	
     13	 -13.18	   7.33	 -0.065	0.99998							#	   5.74	  51.75	
     14	 -11.24	  13.31	 -0.071	0.99944							#	   7.42	  52.96	
     15	 -11.65	   2.12	 -0.003	1.00012							#	   4.28	  58.20	
     16	 -12.86	  14.25	  0.036	0.99953							#	   8.50	  53.90	
     17	 -10.80	   9.31	 -0.004	0.99957							#	   4.18	  54.84	
     18	  -9.39	   0.79	 -0.044	1.00011							#	   2.65	  61.42	
     19	  -9.74	   0.83	 -0.095	0.99932							#	   2.71	  61.16	
     20	  -4.21	  12.86	 -0.061	0.99993							#	   3.97	  59.41	
     21	  -7.95	  -2.53	  0.036	0.99778							#	   1.88	  63.98	
     22	 -11.82	   6.96	 -0.026	0.99788							#	   6.18	  62.10	
     23	  -4.83	 -12.10	  0.046	0.99553							#	   3.73	  64.38	
     24	  -5.35	  -1.90	  0.025	0.99446							#	   1.40	  68.28	
     25	   1.83	  -6.46	 -0.058	0.99562							#	   1.57	  69.09	
     26	   3.69	  -5.58	 -0.035	0.99262							#	   1.63	  68.95	
     27	   3.50	 -10.29	  0.040	0.99232							#	   3.93	  67.20	
     28	   1.43	  -2.11	  0.068	0.98834							#	   0.58	  67.61	
     29	  11.63	  -4.49	  0.114	0.98848							#	   5.49	  66.80	
     30	   9.07	  -3.54	 -0.002	0.98912							#	   2.61	  64.11	
     31	   1.83	  -4.80	  0.010	0.99329							#	   1.65	  62.23	
     32	  -9.69	  -0.39	 -0.007	0.99342							#	   3.37	  56.59	
     33	   2.51	  -5.79	  0.051	0.99374							#	   1.84	  59.01	
     34	   0.26	  19.30	  0.063	0.99512							#	   5.49	  56.18	
     35	  -1.91	 -15.55	  0.010	0.99262							#	   5.26	  55.78	
     36	 -13.34	   3.21	 -0.011	0.99285							#	   5.52	  52.28	
     37	  -6.12	   0.77	  0.009	0.99179							#	   1.72	  51.88	
     38	  -3.20	   8.85	 -0.038	0.99417							#	   4.38	  50.81	
     39	   2.11	  -3.43	 -0.035	0.99505							#	   1.57	  52.15	
     40	  -7.61	   1.73	 -0.017	0.99709							#	   3.06	  51.48	
     41	  -6.52	   0.29	 -0.007	0.99511							#	   3.14	  51.88	
     42	  -2.74	  -3.86	 -0.022	0.98948							#	   1.60	  50.54	
     43	  -2.97	  -9.56	  0.011	0.98328							#	   3.40	  52.02	
     44	  -6.12	  -2.54	 -0.120	0.97622							#	   4.10	  55.65	
     45	   2.69	  -6.58	 -0.048	0.97392							#	   3.40	  57.66	
     46	   3.77	   2.08	 -0.057	0.97580							#	   3.13	  59.95	
     47	  -1.94	  -6.55	 -0.040	0.97759							#	   3.93	  61.56	
     48	  -0.55	  -1.26	 -0.057	0.97545							#	   2.11	  62.77	
     49	   3.92	  -8.96	 -0.068	0.96981							#	   7.11	  66.40	
     50	  18.33	  -8.93	 -0.046	0.96259							#	   7.30	  65.05	
     51	  15.07	 -11.91	 -0.035	0.95913							#	   7.60	  62.77	
     52	  18.31	  -6.98	  0.071	0.95052							#	   5.68	  58.20	
     53	   3.46	  -4.71	  0.022	0.94534							#	   4.88	  56.85	
     54	   5.56	  -5.84	  0.055	0.94096							#	   5.44	  49.46	
     55	   6.75	  -8.09	 -0.002	0.93876							#	   6.36	  45.97	
     56	   7.50	  -2.87	 -0.009	0.94053							#	   6.15	  43.41	
     57	   7.91	  -0.72	 -0.051	0.94398							#	   7.67	  38.98	
     58	   7.33	  10.42	  0.067	0.95131							#	   6.22	  37.10	
     59	  -0.78	   0.94	  0.066	0.96644							#	   3.78	  35.89	
     60	  -9.22	  14.65	  0.023	0.99147							#	   6.16	  41.67	
     61	   5.05	   0.03	 -0.005	1.00105							#	   1.72	  41.94	
     62	  -1.73	   4.31	 -0.047	1.00021							#	   2.34	  33.33	
     63	   3.04	  -6.13	 -0.066	1.00036							#	   2.59	  34.01	
     64	   4.00	 -14.35	 -0.086	1.00099							#	   5.80	  31.32	
     65	  -7.57	 -27.77	 -0.005	1.00010							#	   2.58	  34.27	
     66	  -3.47	 -33.35	 -0.034	1.00037							#	   1.29	  35.35	
     67	  -3.82	 -28.08	 -0.025	0.99951							#	   1.31	  44.62	
     68	  -1.06	 -17.57	 -0.074	1.00046							#	   4.94	  50.13	
     69	  -1.96	 -15.70	  0.047	1.00137							#	   4.88	  40.99	
     70	   1.09	   3.98	 -0.042	1.00010							#	   0.68	  37.63	
     71	 -16.72	  -1.44	  0.003	0.99985							#	   4.62	  48.25	
     72	 -17.03	  12.14	 -0.118	0.99957							#	   4.21	  51.75	
     73	  10.51	 -14.76	  0.001	1.00077							#	   6.05	  53.23	
     74	 -10.67	   4.03	 -0.070	0.99916							#	   3.17	  56.85	
     75	   3.46	 -13.76	 -0.056	0.99998							#	   4.71	  54.17	
     76	  -3.73	   0.55	 -0.064	1.00045							#	   0.48	  54.97	
     77	  -3.93	  -9.10	 -0.077	0.99976							#	   2.30	  53.76	
     78	  -3.38	   5.79	 -0.138	1.00039							#	   1.54	  53.36	
     79	   1.85	   0.48	 -0.194	1.00033							#	   0.37	  55.51	
     80	  -9.05	   6.64	 -0.080	1.00002							#	   3.67	  46.51	
     81	  -9.74	  -1.74	 -0.092	0.99949							#	   1.42	  44.62	
     82	   0.88	  -9.73	 -0.048	1.00024							#	   4.28	  40.46	
     83	  -7.78	 -12.49	 -0.047	0.99887							#	   4.35	  36.02	
     84	   2.20	   4.42	 -0.020	1.00000							#	   1.99	  38.71	
     85	  13.32	  -4.12	 -0.015	1.00001							#	   5.23	  38.44	
     86	   4.43	   9.76	 -0.061	1.00056							#	   4.45	  38.31	
     87	  10.10	  10.64	 -0.033	0.99987							#	   7.72	  35.08	
     88	   6.84	   8.41	 -0.066	1.00131							#	   3.47	  38.31	
     89	   4.62	   1.87	  0.019	1.00022							#	   2.24	  39.38	
     90	  -4.19	   7.66	 -0.046	0.99950							#	   3.20	  41.53	
     91	  -2.84	 -10.86	 -0.018	0.99935							#	   2.01	  41.94	
     92	 -13.78	  -1.91	 -0.073	0.99990							#	   3.25	  48.12	
     93	 -11.29	  -2.85	  0.039	1.00009							#	   2.40	  55.51	
     94	 -16.88	  -8.92	 -0.026	0.99894							#	   8.16	  55.11	
     95	  -2.07	 -14.35	  0.013	1.00071							#	   4.13	  51.88	
     96	 -10.13	  13.12	 -0.057	0.99967							#	   6.08	  42.07	
     97	   7.30	   0.96	  0.010	1.00046							#	   1.73	  37.90	
     98	  -2.17	  14.51	 -0.094	1.00008							#	   4.85	  35.22	
     99	   4.53	   5.88	  0.005	1.00059							#	   1.09	  36.29	
    100	   6.53	  17.05	 -0.019	1.00108							#	   5.19	  34.68	
    101	  13.97	  10.05	 -0.043	0.99998							#	   3.38	  34.54	
    102	  -1.80	   6.17	 -0.062	1.00004							#	   2.94	  34.68	
    103	  13.59	 -14.44	  0.043	1.00094							#	   9.80	  35.62	
    104	  13.42	   5.54	  0.010	1.00069							#	   2.81	  33.87	
    105	  16.43	   3.81	  0.048	1.00115							#	   4.79	  30.91	
    106	  17.84	  20.67	 -0.026	1.00063							#	   7.95	  30.78	
    107	  20.23	   6.53	  0.036	1.00033							#	   3.47	  28.90	
    108	   9.09	  25.46	  0.033	1.00086							#	   3.60	  28.90	
    109	   8.90	  27.51	  0.006	0.99978							#	   3.16	  28.90	
    110	  15.89	  28.62	 -0.023	1.00126							#	   2.91	  17.47	
    111	  16.78	  42.43	  0.030	1.00317							#	   3.97	  16.94	
    112	   9.74	  35.57	  0.013	1.00044							#	   1.48	  21.64	
    113	   5.13	  15.27	 -0.032	0.99945							#	   4.83	  27.42	
    114	   3.19	   1.21	 -0.066	1.00126							#	   1.18	  29.44	
    115	   7.79	 -14.44	 -0.032	1.00114							#	   6.81	  30.91	
    116	  -3.38	  -1.00	  0.010	1.00092							#	   0.79	  49.06	
    117	  -1.36	  -8.80	  0.018	0.99991							#	   2.24	  57.39	
    118	 -16.94	   2.19	 -0.115	0.99953							#	   5.47	  45.70	
    119	  -2.25	 -10.04	 -0.162	0.99826							#	   1.89	  44.22	
    120	  -1.54	  -2.16	 -0.148	0.99975							#	   0.97	  34.95	
    121	  -1.83	  10.94	 -0.045	0.99946							#	   4.82	  27.96	
    122	   4.59	 -15.70	 -0.017	1.00016							#	   5.86	  28.36	
    123	  -1.55	 -15.49	  0.009	1.00025							#	   4.80	  29.03	
    124	  -1.85	 -21.13	 -0.006	0.99993							#	   5.68	  22.31	
    125	  -4.75	 -54.27	  0.083	0.99949							#	   5.05	  20.43	
    126	 -22.85	 -37.96	  0.096	1.00054							#	   6.63	  14.65	
    127	  -7.83	 -66.67	 -0.100	0.99740							#	   3.07	  12.90	
    128	 -47.48	 -45.65	  0.208	0.99962							#	   5.41	  10.62	
    129	 -38.11	 -38.90	  0.170	0.99860							#	   2.15	  17.07	
    130	 -34.87	 -27.02	  0.015	0.99858							#	   2.73	  19.35	
    131	   0.34	 -26.55	  0.087	0.99987							#	   2.27	  23.79	
    132	  21.94	  -8.34	  0.094	1.01235							#	   2.46	  33.06	
    133	  -3.23	  -2.95	  0.077	1.05744							#	   5.75	  27.42	
    134	  -5.28	   2.71	 -0.082	1.07565							#	   8.40	  28.76	
    135	   7.09	   8.52	 -0.030	1.10345							#	   9.32	  31.18	
    136	   8.45	   0.79	 -0.081	1.09889							#	   7.93	  35.22	
    137	  32.35	   0.75	  0.074	1.07880							#	   6.54	  46.77	
    138	  31.58	  -3.65	  0.007	1.06560							#	   6.23	  47.31	
    139	  19.41	  -3.67	  0.022	1.06088							#	   6.52	  54.84	
    140	   2.14	   8.28	  0.024	1.04836							#	   4.36	  59.68	
    141	  -8.98	   2.05	 -0.013	1.03412							#	   2.81	  65.32	
    142	 -13.27	   5.69	 -0.002	1.02524							#	   4.51	  62.77	
    143	 -10.08	  -0.03	  0.084	1.02154							#	   2.71	  62.63	
    144	 -19.05	  14.59	 -0.025	1.02101							#	   6.34	  57.26	
    145	  -1.76	   6.50	 -0.034	1.01602							#	   1.06	  56.85	
    146	 -12.25	  13.03	 -0.062	1.01399							#	   6.53	  54.97	
    147	  -5.38	   2.43	 -0.074	1.00670							#	   1.07	  55.78	
    148	  -8.50	  21.00	 -0.067	1.00051							#	   5.43	  55.91	
    149	  -8.01	   5.14	 -0.044	1.00008							#	   2.43	  53.23	
    150	  -8.76	  10.93	 -0.054	1.00027							#	   5.38	  52.28	
    151	  -6.48	   7.68	 -0.009	1.00017							#	   3.10	  52.69	
    152	 -10.41	  22.64	 -0.098	1.00006							#	   6.95	  51.75	
    153	  -1.59	  19.48	 -0.074	0.99991							#	   4.55	  48.79	
    154	   1.61	  16.69	 -0.021	1.00027							#	   6.93	  51.88	
    155	  -0.43	  10.51	 -0.024	1.00020							#	   2.72	  50.00	
    156	  -1.96	  19.94	  0.023	0.99998							#	   4.08	  51.21	
    157	  10.38	  17.39	  0.025	0.99985							#	   7.53	  54.17	
    158	   8.75	   9.38	  0.024	0.99983							#	   3.08	  56.72	
    159	   5.84	   2.82	  0.066	0.99979							#	   1.43	  62.50	
    160	   4.46	  12.22	  0.039	0.99992							#	   4.13	  64.65	
    161	  10.62	   9.25	  0.024	0.99944							#	   4.70	  67.07	
    162	   1.21	  15.23	 -0.055	1.00036							#	   6.14	  66.53	
    163	   2.07	  -7.10	 -0.055	0.99973							#	   1.88	  67.61	
    164	   1.15	   4.72	 -0.005	1.00065							#	   1.24	  68.15	
