      1	  -6.15	   6.95	  0.200	1.00267							#	   1.62	  14.37	
      2	   4.38	  -0.11	  0.061	1.00200							#	   1.75	  17.35	
      3	 -18.16	  11.23	 -0.137	1.00124							#	   7.69	  15.05	
      4	  -6.03	   9.64	 -0.118	1.00032							#	   0.95	  16.33	
      5	  -5.49	  13.38	 -0.027	1.00068							#	   1.47	  14.97	
      6	   1.18	  -4.91	  0.109	0.99982							#	   0.65	  17.52	
      7	  -1.73	  -1.62	  0.177	0.99976							#	   0.45	  16.75	
      8	   1.19	  -2.14	  0.126	1.00001							#	   0.45	  18.66	
      9	   1.20	   4.93	  0.185	1.00004							#	   0.75	  18.20	
     10	  -7.82	  -3.47	  0.063	1.00075							#	   2.06	  19.86	
     11	  -6.15	   1.95	 -0.041	1.00043							#	   1.04	  17.86	
     12	 -11.79	  -1.25	 -0.054	0.99984							#	   3.42	  16.33	
     13	  -5.44	  10.50	  0.044	1.00041							#	   1.66	  17.30	
     14	 -18.41	  -4.85	  0.006	0.99995							#	   7.20	  16.54	
     15	 -16.02	   3.48	 -0.118	0.99638							#	   2.47	  15.43	
     16	  -2.07	  -7.20	  0.006	0.94933							#	   7.14	  10.97	
     17	   4.24	  -5.65	  0.432	0.91081							#	  10.07	  10.42	
     18	 -12.80	 -13.24	  0.232	0.89792							#	   9.31	  13.69	
     19	 -12.43	 -12.95	  0.052	0.92129							#	   6.19	  13.10	
     20	  -3.56	 -10.58	 -0.133	0.96558							#	   1.80	  14.88	
     21	   8.89	  10.96	 -0.132	0.99554							#	   0.84	  16.54	
     22	  17.15	 -11.61	 -0.073	1.00541							#	   1.87	  14.46	
     23	  23.52	  -2.84	 -0.146	0.99888							#	   2.42	  14.46	
     24	  20.96	  -2.65	 -0.004	0.98480							#	   2.64	  10.67	
     25	  36.99	  -7.28	  0.002	0.95368							#	  10.70	  11.73	
     26	  13.25	 -10.24	  0.022	0.94030							#	   4.01	  11.73	
     27	  12.63	  -4.90	 -0.026	0.93985							#	   5.14	   9.44	
     28	  36.11	 -18.92	 -0.060	0.93037							#	   7.74	   8.67	
     29	  33.40	  -8.37	 -0.031	0.92936							#	   5.99	   6.25	
     30	  34.67	 -14.52	 -0.256	0.93978							#	   7.53	   4.59	
     31	  29.61	  -3.63	 -0.194	0.95469							#	   6.24	   5.19	
     32	  41.07	  -8.50	 -0.207	0.94954							#	   4.99	   4.34	
     33	  36.48	  -6.37	 -0.134	0.94955							#	   4.39	   3.66	
     34	   9.99	   2.01	  0.040	0.95009							#	   2.28	   3.66	
     35	  34.34	  -7.15	 -0.218	0.94716							#	   3.63	   5.27	
     36	  45.43	 -18.88	  0.017	0.95392							#	   3.78	   4.55	
     37	  36.25	  -1.48	  0.619	0.95251							#	   4.84	   5.48	
     38	  19.27	 -17.93	  0.574	0.94528							#	   3.16	   6.04	
     39	   9.84	  -8.42	  0.461	0.93426							#	   3.13	   6.89	
     40	  -2.26	 -14.77	  0.716	0.93586							#	   3.38	   4.12	
     41	   5.31	  -7.41	  0.436	0.91956							#	   4.87	   2.81	
     42	   2.00	  -1.92	 -0.478	0.94442							#	   6.93	   2.25	
     43									skipped		#	   5.91	   1.91	
     44	  31.31	  24.93	 -1.346	0.99914							#	   4.60	   2.21	
     45	   0.99	  16.91	 -0.590	1.00326							#	   2.83	   3.06	
     46	  24.64	  -0.86	 -0.717	0.99805							#	   0.83	   3.53	
     47	 -13.99	  -6.07	 -0.692	1.00046							#	   3.66	   3.95	
     48	   5.98	 -31.44	  0.220	1.00589							#	   3.80	   7.31	
     49	 -10.40	 -30.84	  0.105	1.00001							#	   5.04	   8.84	
     50	  11.83	 -48.99	  0.423	1.00151							#	   1.63	   6.04	
     51									skipped		#	   7.81	   1.87	
     52									skipped		#	   5.02	   1.23	
     53									skipped		#	   4.27	   1.28	
     54									skipped		#	   1.96	   1.57	
     55	 -24.56	  19.59	  0.774	1.07870							#	   5.28	   4.68	
     56	 -39.26	  23.05	  0.467	1.05616							#	   4.98	   7.40	
     57	 -25.90	  22.90	  0.184	1.02813							#	   3.44	   5.91	
     58	 -25.92	  -6.99	  0.219	1.01955							#	   1.24	   5.19	
     59	 -20.25	   9.40	 -0.227	1.02349							#	   0.84	   4.25	
     60	  -4.43	  -9.02	 -0.189	1.01588							#	   1.02	   7.19	
     61	   0.45	   8.27	 -0.250	1.01806							#	   0.79	  10.03	
     62	  -2.38	   2.34	  0.077	1.00390							#	   0.36	  11.65	
     63	  -4.62	   8.13	  0.231	1.00142							#	   1.97	  11.05	
     64	 -74.10	  14.97	  0.350	0.99869							#	   4.78	   3.66	
     65	-116.34	  21.71	 -0.015	1.00996							#	   4.15	   3.57	
     66	 -90.14	 -14.09	  0.114	1.00884							#	   5.11	   2.89	
     67									skipped		#	   2.44	   1.62	
     68	-117.65	   0.88	 -0.061	1.00446							#	   1.41	   5.10	
     69	-111.94	  -2.46	 -0.209	0.99920							#	   1.31	   4.89	
     70	-118.02	 -18.97	 -0.206	1.00519							#	   2.97	   4.34	
     71	-101.45	 -26.37	 -0.354	1.00317							#	   9.37	   5.10	
     72	 -85.63	 -36.36	 -0.101	0.99849							#	   5.05	   3.83	
     73	 -58.98	 -41.17	  0.159	1.00139							#	   3.80	   6.25	
     74	 -65.48	 -38.74	  0.060	1.00371							#	   4.39	   5.82	
     75	 -59.74	 -22.28	  0.349	1.00756							#	   3.65	   5.53	
     76	 -47.15	 -20.32	  0.074	1.00590							#	   3.44	   6.34	
     77	 -35.69	  -8.46	  0.038	1.00229							#	   3.30	   8.59	
     78	 -30.94	 -14.79	  0.022	1.00577							#	   4.87	   8.84	
     79	 -31.41	 -13.18	 -0.178	1.00228							#	   5.15	   9.65	
     80	 -44.83	  -7.44	 -0.212	1.00428							#	   3.64	   7.78	
     81	 -58.66	   4.26	 -0.329	1.00239							#	   3.06	   8.04	
     82	 -52.55	 -17.34	 -0.123	1.00360							#	   3.63	   7.53	
     83	 -42.09	   1.66	 -0.244	1.00232							#	   5.93	   6.42	
     84	 -35.42	  -9.65	  0.019	1.00286							#	   5.17	   8.12	
     85	  -5.87	  -5.37	 -0.029	0.99780							#	   3.57	  10.93	
     86	 -39.72	   0.97	 -0.021	0.99945							#	   3.52	   8.42	
     87	 -76.08	   0.79	 -0.049	0.99923							#	   2.55	   6.51	
     88	-125.53	 -18.02	  0.409	0.98685							#	   2.62	   2.21	
     89									skipped		#	   4.57	   2.00	
     90	-114.20	 -30.60	 -0.331	1.00304							#	   4.21	   4.42	
     91	 -85.91	 -24.90	 -0.198	0.99370							#	   5.82	   2.98	
     92									skipped		#	   3.08	   2.00	
     93	-111.34	  -7.79	  0.049	1.00244							#	   1.93	   3.15	
     94	 -59.93	 -13.96	  0.518	1.01137							#	   1.64	   2.30	
     95	 -85.46	 -23.26	 -0.310	1.00648							#	   4.19	   3.06	
     96	 -79.40	 -50.62	 -0.194	1.01173							#	   2.85	   2.64	
     97	-125.24	 -42.47	 -0.198	1.00094							#	   3.08	   2.04	
     98	-116.96	 -46.52	 -0.078	1.00249							#	   1.67	   5.14	
     99	 -76.62	 -12.69	 -0.132	0.99744							#	   2.68	   2.85	
    100	 -22.77	 -25.76	 -0.459	0.99669							#	   4.69	   6.38	
    101	 -35.69	 -18.86	 -0.333	0.99808							#	   4.76	   5.02	
    102	 -21.65	 -29.64	 -0.616	1.01083							#	   4.13	   4.63	
    103	 -44.06	 -23.78	 -0.352	1.00878							#	   4.26	   6.68	
    104	 -30.12	 -17.02	 -0.243	1.00836							#	   4.95	   7.74	
    105	   6.21	 -11.19	 -0.049	1.00559							#	   0.78	  11.27	
    106	  -6.78	   7.98	  0.060	1.01426							#	   0.67	  12.46	
    107	  -1.31	  21.19	  0.163	1.00803							#	   1.96	  10.16	
    108	  -3.86	  13.97	  0.126	1.00766							#	   1.24	   9.86	
    109	  16.10	  14.03	  0.077	1.00700							#	   2.43	   9.35	
    110	 -11.71	  -4.35	  0.121	1.01745							#	   1.49	   9.27	
    111	  14.37	   2.77	  0.325	1.03306							#	   2.48	   9.35	
    112	  -1.03	   4.23	  0.090	1.03809							#	   1.54	   9.40	
    113	   5.05	  13.53	  0.248	1.03656							#	   2.80	   9.91	
    114	 -11.40	  -1.67	  0.133	1.02548							#	   2.15	  10.93	
    115	  -6.67	  -3.64	  0.310	1.02405							#	   1.31	  10.08	
    116	  -3.40	 -13.87	  0.379	1.01338							#	   2.16	   9.10	
    117	 -28.80	  -3.18	  0.296	1.01685							#	   5.71	   8.29	
    118	 -37.50	  -3.17	  0.192	1.00787							#	   3.15	   8.50	
    119	 -15.23	  -7.59	  0.339	1.00139							#	   1.47	   9.10	
    120	  -0.58	 -11.02	  0.209	1.00127							#	   1.08	  11.10	
    121	  14.75	  -3.69	 -0.012	0.99962							#	   1.71	   9.52	
    122	  -4.83	  -9.48	 -0.072	1.00479							#	   0.92	   8.04	
    123	   5.03	   3.87	  0.343	1.00665							#	   0.38	   7.48	
    124	  -9.63	   3.96	  0.153	1.00293							#	   1.60	   8.21	
    125	 -12.03	  11.01	 -0.035	1.00364							#	   2.59	   9.57	
    126	  -9.71	   5.02	 -0.100	1.00485							#	   1.17	   9.52	
