      1	 -21.53	   5.29	  0.042	0.99593							#	  14.54	   4.04	
      2	   9.45	   1.86	 -0.234	0.99371							#	   1.27	   6.62	
      3	   6.06	  15.42	  0.141	0.99945							#	   1.22	  10.66	
      4	   8.05	   5.66	  0.095	0.99905							#	   0.64	  10.97	
      5	  10.20	   9.55	 -0.013	0.99900							#	   1.09	  11.05	
      6	 -29.35	   9.60	 -0.074	0.99814							#	   4.36	   8.86	
      7	 -13.41	 -11.07	  0.016	1.00076							#	   1.51	   8.78	
      8	 -17.55	  -1.27	 -0.008	0.99849							#	   1.96	  11.87	
      9	 -18.39	 -16.85	 -0.049	1.00001							#	   3.73	  12.03	
     10	 -17.50	 -11.43	 -0.080	1.00013							#	   2.55	  10.74	
     11	  -1.43	   1.65	 -0.081	1.00097							#	   0.40	  10.82	
     12	  -3.16	  15.30	 -0.035	1.00145							#	   2.05	  11.17	
     13	  -0.85	   0.34	 -0.011	0.99999							#	   0.28	  11.99	
     14	   1.07	   2.92	  0.087	0.99917							#	   0.56	   9.21	
     15	   2.10	   2.43	  0.182	0.99932							#	   1.52	   9.76	
     16	   0.47	  17.70	  0.238	1.00036							#	   5.54	   9.84	
     17	  16.34	  -1.55	  0.175	0.99952							#	   2.78	   7.99	
     18	   2.88	   0.08	  0.165	0.99893							#	   1.43	   8.82	
     19	   1.38	  -0.09	  0.081	0.99980							#	   0.83	  10.89	
     20	 -23.37	  13.91	  0.410	1.00374							#	   6.79	   9.17	
     21	 -17.31	  -2.47	  0.317	1.00612							#	   2.52	   7.60	
     22	  -8.63	   5.13	  0.306	1.00314							#	   1.98	   6.97	
     23	   3.71	  12.13	  0.274	1.00212							#	   1.60	   5.96	
     24	   9.88	   9.95	  0.333	1.00063							#	   1.89	   4.62	
     25	   2.48	   3.26	 -0.014	0.99628							#	   1.02	   6.11	
     26	   6.97	   2.87	  0.079	0.99794							#	   0.99	   6.90	
     27	   9.07	   3.23	 -0.305	1.00330							#	   1.59	   9.29	
     28	  19.12	   0.04	 -0.084	1.00151							#	   4.13	   9.40	
     29	  12.27	 -16.79	  0.007	1.00112							#	   3.59	   9.84	
     30	  27.51	 -17.09	 -0.014	1.00010							#	   7.69	   9.21	
     31	  21.26	  -9.49	 -0.247	1.00391							#	   2.13	   6.97	
     32	   0.89	   0.18	 -0.031	0.99835							#	   0.59	  11.13	
     33	  19.17	  -9.47	 -0.112	0.99687							#	   2.94	   6.19	
     34	  16.91	  -5.74	  0.088	1.00160							#	   2.04	   6.50	
     35	   6.66	 -12.42	 -0.172	0.99799							#	   1.20	   8.50	
     36	  11.95	   4.77	 -0.057	0.99742							#	   1.86	   8.97	
     37	  18.66	  -1.66	  0.072	0.99592							#	   3.45	   9.48	
     38	  18.08	   7.63	  0.133	0.99864							#	   3.23	   8.74	
     39	  49.64	   7.45	  0.008	0.99815							#	   3.85	   7.56	
     40	  10.69	   8.94	  0.010	0.99974							#	   3.21	   8.74	
     41	 -41.63	  15.64	 -0.103	0.99828							#	   7.97	  11.72	
     42	  22.41	 -15.75	 -0.065	0.99848							#	   4.66	  10.89	
     43	 -13.35	  -8.37	 -0.053	0.99921							#	   1.85	   8.19	
     44	  -8.45	  -6.70	  0.006	1.00101							#	   0.90	   8.82	
     45	  21.16	 -26.45	  0.140	1.00558							#	   5.46	   7.01	
     46	   1.62	 -11.16	  0.178	1.00471							#	   0.64	   8.58	
     47	 -16.52	   0.29	  0.024	0.99946							#	   1.61	  11.01	
     48	  -5.08	   3.86	 -0.007	1.00144							#	   0.61	   8.66	
     49	 -12.80	   1.42	  0.055	1.00224							#	   1.19	   9.64	
     50	 -10.06	  12.60	  0.199	1.00132							#	   1.59	   9.64	
     51	  -9.92	  12.69	 -0.038	1.00680							#	   3.98	   8.31	
     52	  -1.53	  15.67	  0.085	1.00283							#	   2.27	  12.15	
     53	  -9.67	  -4.33	  0.078	1.00314							#	   1.24	  11.64	
     54	  -8.89	  -5.20	  0.060	1.00159							#	   1.06	  11.56	
     55	  -9.59	  -1.43	 -0.105	1.00307							#	   1.32	  10.31	
     56	  -6.19	  -2.61	 -0.093	1.00256							#	   1.12	  10.07	
     57	 -11.96	 -10.06	 -0.250	1.00143							#	   2.58	   7.88	
     58	   2.59	 -12.75	  0.063	1.00171							#	   2.61	  11.29	
     59	 -15.90	  -8.68	  0.122	1.00273							#	   3.51	   9.72	
     60	   3.15	  -3.86	  0.058	1.00205							#	   0.63	  11.79	
     61	   5.72	  -4.83	  0.068	1.00372							#	   1.22	  10.31	
     62	   2.63	 -14.83	 -0.033	1.00017							#	   2.50	  10.82	
     63	   2.92	 -12.43	 -0.038	1.00140							#	   1.57	   7.95	
     64	   2.26	  -2.20	 -0.014	1.00108							#	   0.78	  11.13	
     65	  14.26	 -23.38	 -0.056	1.00315							#	   8.35	   9.29	
     66	  -3.73	  -9.37	 -0.297	1.00273							#	   0.86	  10.19	
     67	  -1.15	 -10.22	 -0.133	1.00238							#	   1.11	   9.87	
     68	  12.26	  -7.51	 -0.057	1.00084							#	   1.92	   8.54	
     69	   0.11	  -7.96	 -0.045	1.00110							#	   1.08	  10.97	
     70	 -15.74	  -0.80	 -0.033	1.00038							#	   1.90	  10.15	
     71	   2.90	  -0.30	  0.181	0.99935							#	   0.77	  10.31	
     72	  -8.66	   2.62	  0.048	1.00018							#	   1.35	   9.76	
     73	  -5.79	  -0.48	  0.052	1.00128							#	   1.02	  10.62	
     74	   3.57	 -15.12	  0.042	1.00046							#	   2.81	  10.19	
     75	 -15.10	  12.77	  0.061	1.00258							#	   4.54	  11.01	
     76	  25.55	  -1.43	  0.005	1.00201							#	   3.18	   9.68	
     77	  37.49	  -0.94	  0.027	1.00138							#	   4.88	   9.25	
     78	  31.85	   8.36	  0.028	1.00171							#	   5.54	   8.23	
