      1	 -75.72	 -35.95	 -0.157	0.99932							#	  20.19	   5.88	
      2	 -27.99	  -1.54	  0.002	0.99978							#	   5.06	  16.54	
      3	 -29.85	  15.70	  0.008	1.00001							#	   6.23	  12.77	
      4	  -5.59	  30.79	  0.050	0.99945							#	   5.27	  14.54	
      5	  -7.71	  27.07	  0.094	1.00065							#	   4.36	  13.05	
      6	  -6.59	  15.59	 -0.030	1.00087							#	   1.91	  15.60	
      7	  -2.17	  -4.70	 -0.003	0.99967							#	   0.41	  13.05	
      8	 -16.63	  -8.32	 -0.050	1.00018							#	   2.76	  15.75	
      9	 -19.64	   7.20	 -0.000	0.99957							#	   3.20	  13.68	
     10	 -18.67	  -1.31	 -0.038	1.00011							#	   3.02	  16.50	
     11	  -3.40	   1.50	  0.003	0.99984							#	   0.29	  15.24	
     12	  -7.06	  -3.77	 -0.032	0.99837							#	   0.87	  16.07	
     13	  -1.12	  -2.15	  0.032	0.99984							#	   0.18	  16.73	
     14	  -3.23	  -6.28	  0.003	0.99892							#	   0.67	  16.03	
     15	  -9.35	  -2.71	  0.041	1.00025							#	   1.42	  14.81	
     16	 -11.93	   3.70	  0.004	0.99877							#	   2.70	  16.42	
     17	  -6.05	   4.98	 -0.014	0.99920							#	   0.97	  16.93	
     18	 -20.16	 -14.22	 -0.034	1.00000							#	   9.42	  17.24	
     19	  -2.46	   2.05	 -0.013	0.99978							#	   0.13	  17.95	
     20	  -1.71	  -7.53	 -0.056	0.99950							#	   0.60	  15.28	
     21	  -2.18	   8.33	 -0.031	0.99924							#	   0.99	  16.58	
     22	 -12.66	  14.45	  0.004	0.99919							#	   3.25	  15.36	
     23	  -3.89	   8.77	  0.102	0.99961							#	   0.97	  13.24	
     24	 -15.19	  -1.27	 -0.011	0.99911							#	   2.43	  14.54	
     25	 -19.64	   7.89	  0.080	0.99863							#	   5.14	  14.58	
     26	  -7.60	   3.81	  0.039	0.99838							#	   0.69	  13.60	
     27	 -12.81	   2.14	  0.045	1.00027							#	   1.89	  13.09	
     28	 -28.15	  -4.55	  0.045	0.99925							#	   8.02	  11.83	
     29	  -7.37	  -1.98	 -0.008	0.99870							#	   0.43	  14.77	
     30	  15.58	  -7.49	  0.001	1.00044							#	   2.44	  14.15	
     31	 -19.36	   7.43	  0.024	0.99925							#	   3.19	  15.09	
     32	 -15.56	  -3.65	 -0.062	1.00149							#	   2.04	  13.95	
     33	 -11.51	  10.84	 -0.047	1.00055							#	   2.19	  12.30	
     34	 -15.84	  14.31	 -0.021	0.99974							#	   5.10	  16.22	
     35	 -21.46	 -10.50	  0.022	1.00023							#	   4.51	  15.40	
     36	  -9.66	 -11.50	  0.066	1.00025							#	   2.00	  13.13	
     37	 -19.90	   5.46	  0.035	0.99895							#	   4.25	  13.60	
     38	 -19.96	 -13.61	 -0.036	1.00164							#	   5.02	  13.28	
     39	  -9.93	  -7.25	 -0.053	0.99866							#	   1.58	  13.36	
     40	  -5.40	 -17.19	 -0.066	0.99912							#	   3.22	  16.73	
     41	  -7.59	  -8.09	 -0.062	1.00068							#	   1.61	  16.30	
     42	 -10.77	  -6.51	  0.029	1.00082							#	   2.09	  16.34	
     43	  12.43	 -24.90	 -0.027	1.00115							#	   7.62	  15.01	
     44	  -2.93	  -0.36	  0.028	1.00013							#	   0.20	  19.16	
     45	   5.67	  -6.44	  0.024	1.00095							#	   0.80	  13.79	
     46	   7.90	   0.75	  0.039	1.00001							#	   0.71	  17.52	
     47	  -5.40	  16.42	  0.025	0.99947							#	   2.64	  16.89	
     48	  -1.66	  -6.55	 -0.028	1.00026							#	   0.51	  18.77	
     49	 -11.30	   6.82	 -0.004	1.00024							#	   2.70	  17.55	
     50	  -3.01	   5.36	 -0.024	1.00043							#	   0.58	  16.03	
     51	  -6.96	  -8.37	  0.024	1.00038							#	   1.62	  18.18	
     52	 -14.59	  -6.45	 -0.023	1.00020							#	   3.37	  17.52	
     53	  -8.18	 -14.47	  0.003	1.00096							#	   3.17	  14.93	
     54	 -15.47	   8.50	 -0.004	0.99968							#	   4.15	  16.34	
     55	  -0.25	  -4.44	 -0.009	0.99998							#	   0.31	  20.65	
     56	  -9.14	  -1.65	  0.034	1.00007							#	   1.40	  19.28	
     57	  -0.35	  -7.08	  0.014	1.00093							#	   0.76	  17.95	
     58	   9.63	   9.28	 -0.038	0.99991							#	   2.59	  17.01	
     59	   1.00	   8.60	  0.005	0.99993							#	   1.05	  18.50	
     60	  15.41	   3.86	  0.062	0.99888							#	   4.30	  16.61	
     61	 -16.04	  26.08	  0.047	1.00003							#	  10.02	  17.63	
     62	   9.12	  16.70	 -0.001	0.99996							#	   2.07	  19.24	
     63	 -10.11	   0.47	  0.020	1.00045							#	   0.81	  20.10	
     64	   1.64	  13.32	 -0.034	0.99925							#	   1.24	  16.93	
     65	   6.23	 -11.73	  0.045	1.00042							#	   1.27	  16.65	
     66	  -6.23	   8.06	 -0.041	0.99901							#	   0.87	  17.67	
     67	  -2.20	 -20.01	 -0.005	1.00096							#	   4.86	  18.03	
     68	  -0.12	  -3.12	  0.034	1.00076							#	   0.18	  19.24	
     69	   7.02	  -4.27	 -0.011	0.99950							#	   1.02	  15.56	
     70	 -12.85	  17.13	 -0.021	0.99978							#	   5.49	  16.97	
     71	   2.04	  -3.57	  0.088	0.99830							#	   0.18	  18.77	
     72	   1.88	   4.03	  0.023	1.00025							#	   0.27	  19.12	
     73	   6.79	  -0.46	  0.002	1.00015							#	   0.56	  22.14	
     74	  -1.21	  15.65	  0.015	1.00031							#	   2.62	  19.67	
     75	  -3.95	  -8.00	  0.054	0.99944							#	   0.86	  19.51	
     76	   4.70	  -1.66	 -0.116	0.99937							#	   0.87	  15.24	
     77	   0.89	 -10.49	 -0.030	0.99860							#	   2.12	  12.66	
     78	   1.90	   1.62	  0.066	1.00152							#	   0.42	  17.52	
     79	  -2.73	  -6.42	  0.023	0.99913							#	   1.69	  18.93	
     80	  -7.76	  -1.44	  0.015	1.00008							#	   1.82	  20.96	
     81	 -15.69	  12.10	  0.015	0.99980							#	   8.29	  20.34	
     82	 -12.93	   1.25	 -0.007	0.99991							#	   1.63	  20.38	
     83	  -9.91	  -3.59	 -0.013	1.00022							#	   1.32	  19.44	
     84	  -8.95	  21.64	 -0.009	0.99901							#	   5.69	  18.46	
     85	   1.99	  -0.60	 -0.001	1.00021							#	   0.08	  21.79	
     86	  -0.45	  13.29	  0.006	0.99917							#	   1.45	  17.28	
     87	  21.54	   3.32	 -0.035	1.00189							#	   4.50	  14.62	
