      1	   0.27	 -11.20	 -0.075	0.99899							#	   1.33	  16.19	
      2	  -1.87	  23.89	 -0.157	1.00040							#	   7.93	  17.22	
      3	  19.62	   9.78	 -0.098	1.00010							#	   2.01	  13.53	
      4	  34.27	   6.52	 -0.080	0.99887							#	   4.90	   9.17	
      5	  37.04	  -7.11	 -0.079	1.00023							#	   3.54	  12.10	
      6	  24.85	   4.54	  0.015	1.00046							#	   3.24	  12.74	
      7	  34.45	  -6.16	  0.036	0.99965							#	   4.45	  12.70	
      8	  35.73	   9.35	 -0.144	1.00062							#	   4.43	  12.70	
      9	  28.71	  -6.91	 -0.117	1.00579							#	   3.56	  13.57	
     10	  20.70	   7.70	 -0.037	1.01283							#	   1.87	  14.52	
     11	  22.00	   5.12	 -0.076	1.01822							#	   2.01	  13.93	
     12	  26.35	   1.14	  0.047	1.01040							#	   2.53	  13.25	
     13	  27.74	  -6.94	  0.047	1.00600							#	   4.36	  12.90	
     14	  20.09	  -2.62	 -0.010	1.00173							#	   1.74	  16.31	
     15	  24.41	  -4.67	  0.023	1.00129							#	   2.58	  13.81	
     16	  20.89	  13.92	 -0.049	1.00388							#	   2.70	  12.46	
     17	  27.62	   1.14	 -0.034	1.00510							#	   3.05	  15.20	
     18	  30.39	   0.34	 -0.069	1.00142							#	   3.81	  13.77	
     19	  26.91	   9.65	 -0.080	1.00251							#	   3.71	  12.86	
     20	  35.03	   1.14	 -0.109	1.00671							#	   4.00	  13.53	
     21	  20.97	   2.18	 -0.113	1.01165							#	   1.69	  14.33	
     22	  12.44	   4.05	  0.001	1.01311							#	   0.86	  15.12	
     23	  27.89	  -7.77	 -0.040	1.00837							#	   3.26	  13.29	
     24	  32.60	  -0.59	 -0.098	1.00743							#	   2.69	  10.79	
     25	  39.32	 -18.23	 -0.044	1.00819							#	   4.17	  11.39	
     26	  24.27	  -6.49	 -0.069	1.00723							#	   1.54	  11.23	
     27	  27.95	 -11.97	  0.066	1.00943							#	   2.75	  12.74	
     28	  28.67	   7.84	 -0.001	1.01567							#	   1.49	  11.43	
     29	  25.20	  -8.04	 -0.007	1.01406							#	   1.99	  12.94	
     30	  27.80	  10.14	  0.088	1.01325							#	   1.40	  12.10	
     31	  35.79	   4.07	  0.042	1.00544							#	   2.41	  11.87	
     32	  40.61	   2.41	  0.046	1.00474							#	   1.32	  11.31	
     33	  40.81	  -7.72	 -0.026	1.00401							#	   2.02	  11.63	
     34	  22.04	   7.02	 -0.045	1.01051							#	   1.03	  13.73	
     35	  22.29	   6.06	  0.006	1.01360							#	   1.44	  14.40	
     36	  16.02	  10.33	 -0.005	1.01261							#	   0.81	  13.57	
     37	  33.46	 -11.65	  0.094	1.00498							#	   3.97	  11.98	
     38	  26.24	  10.42	 -0.027	1.00620							#	   1.18	  10.95	
     39	  27.97	  -1.84	 -0.026	1.00645							#	   1.22	  15.08	
     40	  27.85	   7.70	  0.005	1.00916							#	   1.18	  12.14	
     41	  27.22	  -4.14	  0.002	1.01117							#	   1.48	  12.26	
     42	  32.71	   6.28	  0.021	1.01156							#	   1.32	  13.49	
     43	  23.56	   4.11	 -0.089	1.00499							#	   2.98	  12.70	
     44	  35.05	   4.95	  0.084	1.00348							#	   1.38	  12.58	
     45	  22.26	  -7.84	  0.015	1.00992							#	   1.64	  12.38	
     46	  17.90	   4.82	 -0.070	1.01501							#	   0.48	  12.70	
     47	  19.67	   6.83	 -0.046	1.01552							#	   0.74	  11.71	
     48	  31.04	   7.56	 -0.062	1.01090							#	   1.01	  12.58	
     49	  31.25	  -5.41	 -0.022	1.00156							#	   1.62	  11.71	
     50	  29.91	   2.65	 -0.016	1.00112							#	   1.29	  11.83	
     51	  26.23	   2.16	  0.009	1.00244							#	   1.14	  13.25	
     52	  21.76	   7.87	  0.125	1.00606							#	   1.32	  12.22	
     53	  23.88	  -5.51	  0.085	1.01200							#	   1.80	  13.37	
     54	  17.22	   9.10	  0.041	1.00839							#	   0.71	  13.77	
     55	  13.15	   4.20	  0.058	1.00954							#	   0.55	  12.18	
     56	  18.34	   9.35	  0.095	1.01019							#	   0.99	  12.30	
     57	  13.72	  -7.78	  0.093	1.01022							#	   1.61	  14.37	
     58	  18.20	  -0.74	  0.119	1.00925							#	   0.92	  13.93	
     59	  12.36	  -2.15	  0.024	1.00858							#	   1.06	  13.97	
     60	  15.56	   7.96	 -0.019	1.01376							#	   0.59	  13.81	
     61	  21.45	  -8.81	 -0.067	1.01523							#	   2.47	  12.70	
     62	  28.83	   3.47	  0.031	1.00780							#	   0.68	  13.29	
     63	  20.09	   3.17	  0.075	1.00698							#	   0.55	  11.23	
     64	  18.02	   4.65	  0.052	1.00114							#	   0.52	  13.02	
     65	  15.76	  -6.36	  0.046	1.00383							#	   0.88	  14.29	
     66	  16.73	   6.20	  0.011	1.00392							#	   0.64	  12.46	
     67	  18.73	   1.10	  0.001	1.00745							#	   0.72	  13.37	
     68	  20.24	   8.10	  0.009	1.00976							#	   1.06	  13.57	
     69	  18.71	  -4.17	  0.048	1.00563							#	   0.92	  12.34	
     70	  15.53	   1.25	  0.035	1.00068							#	   0.41	  14.05	
     71	  14.91	   0.63	  0.040	1.00073							#	   0.51	  14.29	
     72	  18.97	   4.33	  0.061	1.00193							#	   1.04	  13.57	
     73	   7.26	  -5.03	  0.026	1.00505							#	   0.79	  13.37	
     74	   2.68	   4.93	  0.020	1.00722							#	   0.99	  13.13	
     75	   7.21	  -5.55	  0.095	1.00401							#	   1.12	  12.70	
     76	   4.53	   8.97	  0.114	1.00305							#	   1.10	  13.97	
     77	   2.13	  -9.94	  0.007	1.00531							#	   1.96	  13.29	
     78	  10.03	   0.12	  0.064	1.00185							#	   0.24	  13.06	
     79	  16.79	  -1.23	  0.036	1.00470							#	   0.55	  13.37	
     80	  19.75	   3.30	 -0.052	1.00578							#	   0.77	  12.42	
     81	   8.51	  -7.65	  0.121	1.00835							#	   1.10	  10.48	
     82	  21.10	   6.37	 -0.118	1.00955							#	   0.79	  10.99	
     83	  17.48	  -0.65	  0.010	1.00354							#	   0.53	  11.98	
     84	  12.70	   2.35	  0.040	1.00261							#	   0.47	  11.79	
     85	   6.43	  -5.36	  0.066	1.00699							#	   1.00	  13.45	
     86	  13.73	   1.78	 -0.035	1.00689							#	   0.44	  12.22	
     87	  18.77	   1.45	  0.014	1.00376							#	   0.74	  12.62	
     88	  21.90	   8.61	  0.065	1.00231							#	   2.33	  11.15	
     89	  23.33	  -5.41	  0.043	1.00238							#	   1.00	  11.63	
     90	  19.64	   0.73	  0.037	1.00330							#	   0.70	  13.17	
     91	   9.71	  -1.28	 -0.012	1.00282							#	   0.23	  12.66	
     92	  16.01	   2.59	 -0.014	1.00235							#	   0.50	  12.50	
     93	  19.37	  -7.96	  0.101	1.00367							#	   1.26	  13.25	
     94	   8.49	  11.53	 -0.052	1.00432							#	   1.08	  12.94	
     95	   6.77	   4.65	  0.073	1.00542							#	   0.43	  13.89	
     96	   9.52	   3.10	 -0.001	1.00192							#	   0.39	  14.33	
     97	   6.13	  -1.64	  0.117	1.00398							#	   0.41	  14.13	
     98	  18.20	  -2.28	 -0.030	1.00394							#	   0.71	  13.97	
     99	  22.04	   3.27	  0.004	1.00492							#	   0.96	  13.25	
    100	  24.77	   5.58	  0.003	1.00651							#	   1.41	  12.46	
    101	  20.80	 -10.40	  0.016	1.00356							#	   1.83	  13.77	
    102	  16.00	   3.09	 -0.022	1.00626							#	   0.40	  12.34	
    103	  17.58	  -1.83	 -0.123	1.00646							#	   0.63	  11.55	
    104	  15.25	   8.22	 -0.009	1.00889							#	   0.79	  12.82	
    105	  10.06	  -6.59	 -0.037	1.00767							#	   0.81	  11.63	
    106	  18.39	   4.49	  0.050	1.00095							#	   0.58	  11.71	
    107	  24.10	  -2.09	 -0.006	1.00087							#	   0.97	  12.06	
    108	  23.35	   8.62	  0.010	0.99992							#	   1.77	  12.50	
    109	  28.46	  -4.32	 -0.054	1.00122							#	   0.87	  12.94	
    110	  19.73	   6.64	 -0.071	0.99976							#	   1.15	  13.85	
    111	  26.37	  -6.42	  0.014	0.99927							#	   1.04	  10.12	
    112	  30.97	   6.57	  0.070	1.00179							#	   1.98	   9.52	
    113	  19.64	  -4.78	 -0.046	1.00043							#	   0.66	  10.95	
    114	  24.22	   6.01	  0.070	0.99937							#	   0.96	  12.18	
    115	  11.01	  -0.70	  0.009	0.99876							#	   0.20	  14.92	
    116	  16.10	   9.79	 -0.013	0.99983							#	   1.38	  12.02	
    117	  23.45	  -5.02	  0.024	1.00049							#	   0.68	  12.94	
    118	  23.15	  -0.71	 -0.019	0.99939							#	   1.07	  13.02	
    119	  13.89	   3.13	 -0.004	1.00011							#	   0.62	  14.29	
    120	  17.75	  -0.74	  0.067	1.00015							#	   0.56	  14.25	
    121	  13.76	  -0.80	  0.069	1.00123							#	   0.28	  14.09	
    122	  22.80	   5.99	  0.023	0.99954							#	   1.49	  11.94	
    123	  17.63	  -1.04	  0.011	1.00050							#	   0.41	  12.98	
    124	  19.06	  14.94	  0.011	1.00079							#	   2.97	  11.67	
    125	  23.39	 -11.46	  0.009	1.00012							#	   1.33	  11.83	
    126	  35.66	   7.43	 -0.025	1.00074							#	   1.35	  10.79	
    127	  34.16	   4.07	 -0.081	0.99984							#	   1.15	  10.48	
    128	  36.77	  11.04	 -0.032	1.00057							#	   1.47	  11.27	
    129	  36.91	  -6.06	 -0.013	0.99995							#	   0.98	  10.99	
    130	  29.56	   7.97	 -0.043	0.99976							#	   1.40	  10.20	
    131	  32.82	  -2.68	 -0.032	1.00197							#	   1.18	   9.72	
    132	  31.05	   8.21	 -0.038	1.00248							#	   1.71	  10.04	
    133	  17.62	  -2.51	  0.063	1.00157							#	   0.69	  11.83	
    134	  18.72	   1.71	  0.020	0.99993							#	   0.81	  11.19	
    135	  14.03	   0.52	 -0.078	1.00083							#	   0.50	  11.35	
    136	  13.91	   5.40	 -0.108	1.00168							#	   0.71	  10.00	
    137	  17.15	 -10.64	  0.162	0.99868							#	   1.52	   9.72	
    138	  11.43	   5.56	 -0.028	0.99980							#	   0.54	  11.47	
    139	  13.89	  -7.40	  0.063	1.00023							#	   0.78	  11.67	
    140	   9.06	   9.27	 -0.075	1.00056							#	   1.00	  11.75	
    141	  10.34	 -13.64	 -0.032	1.00111							#	   1.75	  14.01	
    142	   0.60	   3.53	 -0.030	0.99984							#	   0.25	  14.09	
    143	  -0.21	  -2.13	 -0.074	0.99979							#	   0.49	  14.40	
