      1	  -4.92	  -7.81	  0.071	0.99982							#	   1.73	  18.70	
      2	  -9.44	   9.27	  0.198	0.99934							#	   2.29	  18.33	
      3	  -8.24	  -3.04	  0.047	0.99990							#	   0.91	  16.56	
      4	  -5.70	   1.19	  0.055	0.99918							#	   0.47	  17.59	
      5	  -6.83	 -10.60	 -0.045	1.00026							#	   1.70	  17.89	
      6	   2.35	   2.55	 -0.033	1.00009							#	   0.26	  18.56	
      7	  -5.86	  -2.87	  0.071	1.00028							#	   0.66	  17.39	
      8	  -0.47	  -7.11	  0.045	1.00022							#	   0.84	  20.43	
      9	  -2.03	   5.98	  0.038	0.99975							#	   0.89	  19.16	
     10	  -0.45	  -4.08	  0.028	0.99965							#	   0.42	  20.00	
     11	   7.39	   2.41	  0.005	0.99996							#	   1.11	  17.96	
     12	  -1.25	   7.01	  0.070	1.00039							#	   0.95	  18.90	
     13	  -5.82	  -6.63	  0.023	0.99953							#	   1.56	  19.10	
     14	  -4.68	   5.21	  0.008	1.00023							#	   1.08	  18.09	
     15	  -9.09	  -2.15	  0.005	0.99928							#	   2.22	  18.90	
     16	 -14.89	  -8.06	  0.060	0.99948							#	   3.90	  16.86	
     17	 -24.85	   4.86	 -0.004	0.99983							#	   3.81	  17.29	
     18	 -31.29	  -0.84	  0.019	0.99929							#	   4.80	  16.45	
     19	 -37.39	  -2.29	 -0.016	0.99991							#	   3.50	  13.95	
     20	 -38.92	  -1.89	  0.237	1.00023							#	   2.72	  14.48	
     21	 -32.84	  -3.60	  0.250	0.99964							#	   3.70	  16.29	
     22	 -31.77	   7.21	  0.301	1.00014							#	   3.97	  15.85	
     23	 -33.70	   0.97	  0.205	0.99916							#	   3.78	  15.55	
     24	 -34.54	  10.41	  0.160	0.99951							#	   3.77	  15.22	
     25	 -39.90	   0.53	  0.188	0.99946							#	   3.46	  14.62	
     26	 -42.60	   1.18	  0.162	0.99978							#	   2.70	  14.85	
     27	 -45.30	  10.16	  0.132	1.00079							#	   2.14	  14.45	
     28	 -40.00	   6.05	  0.041	0.99928							#	   3.91	  13.78	
     29	 -46.84	   5.77	  0.031	1.00030							#	   1.76	  12.68	
     30	 -48.44	   5.48	  0.202	0.99970							#	   1.50	  11.67	
     31	 -56.34	  17.21	  0.225	0.99891							#	   2.75	   9.77	
     32	 -65.35	  -4.40	  0.115	0.99876							#	   0.41	   9.10	
     33	 -65.26	   0.56	  0.120	0.99949							#	   0.31	   9.10	
     34	 -66.01	  18.39	  0.046	1.00025							#	   3.37	   8.80	
     35	 -73.49	  -1.78	 -0.058	0.99917							#	   1.04	  10.74	
     36	 -70.77	   3.77	 -0.106	0.99971							#	   1.19	   8.63	
     37	 -81.55	  -1.13	  0.033	0.99966							#	   3.00	   8.73	
     38	-108.48	  19.99	  0.441	0.99995							#	   6.09	   4.82	
     39	 -91.17	  14.47	  0.228	1.00111							#	   3.85	   4.85	
     40	 -61.67	   9.61	  0.189	1.00092							#	   1.07	   8.76	
     41	 -51.65	   8.80	  0.252	0.99967							#	   1.83	  10.94	
     42	 -49.31	   1.78	  0.231	0.99946							#	   1.55	  10.13	
     43	 -43.15	   4.20	  0.158	1.00043							#	   3.07	  11.04	
     44	 -42.10	   0.39	  0.186	0.99991							#	   2.93	  11.61	
     45	 -34.83	  17.57	  0.101	0.99905							#	   7.19	  10.27	
     46	 -43.90	  14.16	 -0.009	0.99977							#	   3.24	  10.13	
     47	 -26.78	  10.67	 -0.027	1.00016							#	   4.23	  11.54	
     48	 -25.80	   8.86	 -0.069	1.00065							#	   2.98	  12.17	
     49	 -23.70	  15.04	  0.022	1.00037							#	   4.20	  13.08	
     50	 -18.67	  -5.03	 -0.080	0.99923							#	   1.91	  12.58	
     51	 -10.42	   9.23	 -0.022	1.00006							#	   1.14	  11.67	
     52	 -13.33	  16.87	 -0.030	1.00000							#	   2.94	  12.24	
     53	  -9.98	   2.49	 -0.070	0.99934							#	   0.88	  12.58	
     54	 -10.76	   4.01	 -0.055	1.00120							#	   1.11	  12.11	
     55	  -0.70	   7.58	 -0.125	1.00131							#	   1.05	  10.50	
     56	  -0.60	  -2.83	 -0.067	0.99951							#	   0.70	   9.23	
     57	   6.22	  -6.14	 -0.207	0.99926							#	   1.64	   9.63	
     58	   4.68	  -5.64	 -0.201	1.00111							#	   1.51	  11.27	
     59	   1.31	   2.32	 -0.226	0.99930							#	   0.60	  12.54	
     60	   8.86	  -2.26	 -0.210	0.99957							#	   1.00	  12.31	
     61	   3.34	   0.67	 -0.177	1.00022							#	   0.35	  13.71	
     62	  -0.80	  -4.60	 -0.156	1.00019							#	   0.48	  14.55	
     63	  -3.28	  -0.83	 -0.112	1.00019							#	   0.44	  14.25	
     64	   1.90	 -11.06	 -0.209	1.00081							#	   3.74	  13.55	
     65	   0.34	  -1.55	 -0.103	1.00034							#	   0.20	  16.22	
     66	   0.43	   7.33	 -0.207	1.00028							#	   1.09	  14.52	
     67	   3.82	  -3.05	 -0.114	1.00007							#	   0.47	  13.61	
     68	   3.22	  -4.26	 -0.063	1.00026							#	   0.60	  13.51	
     69	   5.04	  11.03	 -0.030	0.99946							#	   6.06	  13.44	
     70	   0.85	 -12.44	 -0.074	1.00036							#	   2.99	  14.05	
     71	   2.73	   5.20	 -0.002	0.99955							#	   0.60	  14.85	
     72	  14.13	  -7.86	  0.066	1.00015							#	   2.00	  13.98	
     73	   0.79	  13.01	  0.003	0.99919							#	   1.84	  13.81	
     74	   5.06	  15.36	 -0.032	1.00018							#	   2.15	  13.28	
     75	   0.60	  -7.49	  0.037	1.00007							#	   0.52	  14.35	
     76	   7.59	  -1.04	  0.076	0.99980							#	   0.68	  13.01	
     77	   1.28	  -0.07	  0.056	0.99979							#	   0.14	  14.98	
     78	   2.29	  -6.47	 -0.008	1.00004							#	   0.75	  14.05	
     79	  -3.26	   3.31	 -0.104	0.99976							#	   0.39	  14.25	
     80	   2.83	  -7.17	 -0.044	0.99993							#	   1.93	  13.95	
     81	   1.02	  -1.63	 -0.099	1.00020							#	   0.32	  14.75	
     82	   6.73	   7.72	  0.052	1.00011							#	   2.51	  13.38	
     83	   7.28	   3.76	  0.200	0.99921							#	   1.24	  12.61	
