      1	  53.58	   9.99	 -0.082	0.99594							#	   3.27	   3.08	
      2									skipped		#	   2.97	   1.76	
      3									skipped		#	   4.19	   1.98	
      4	  58.64	  -4.96	 -0.045	0.99544							#	   2.94	   2.05	
      5	  48.00	   6.58	  0.114	1.00081							#	   3.91	   2.42	
      6	  40.10	  26.94	  0.271	0.99967							#	   3.98	   3.45	
      7	  45.83	  -1.88	 -0.002	1.00499							#	   2.97	   2.42	
      8	  40.07	  -6.93	  0.029	1.00130							#	   2.09	   3.19	
      9	  39.48	   1.44	 -0.195	0.99812							#	   2.40	   2.90	
     10	  42.96	  11.60	  0.077	0.99856							#	   2.62	   3.23	
     11	  46.90	   0.20	 -0.214	0.99738							#	   2.87	   3.74	
     12	  46.19	   8.42	 -0.023	1.00068							#	   3.36	   2.90	
     13									skipped		#	   5.34	   1.61	
     14									skipped		#	   4.57	   1.50	
     15	  50.28	   6.49	 -0.031	1.00000							#	   3.20	   2.27	
     16	  51.97	   7.43	  0.111	1.00006							#	   3.88	   2.13	
     17									skipped		#	   3.09	   1.91	
     18	  41.26	  22.65	 -0.103	1.00213							#	   4.19	   2.82	
     19									skipped		#	   3.41	   1.50	
     20									skipped		#	   4.13	   0.59	
     21									skipped		#	   4.88	   1.14	
     22									skipped		#	   6.49	   1.80	
     23									skipped		#	   6.31	   1.03	
     24									skipped		#	   7.70	   1.54	
     25									skipped		#	   8.70	   1.43	
     26									skipped		#	   6.87	   1.65	
     27									skipped		#	   6.92	   0.33	
     28									skipped		#	   5.35	   0.48	
     29									skipped		#	   3.97	   0.29	
     30	  99.61	  24.82	 -0.187	1.00277							#	   3.97	   2.24	
     31									skipped		#	   4.58	   1.72	
     32									skipped		#	   6.16	   0.33	
     33									skipped		#	   5.77	   0.37	
     34									skipped		#	   6.08	   0.29	
     35									skipped		#	   5.59	   1.10	
     36									skipped		#	   4.45	   1.47	
     37									skipped		#	   2.44	   1.54	
     38									skipped		#	   2.64	   1.76	
     39									skipped		#	   3.03	   1.58	
     40									skipped		#	   3.89	   1.87	
     41									skipped		#	   3.99	   1.10	
     42									skipped		#	   5.79	   1.61	
     43									skipped		#	   5.17	   0.40	
     44									skipped		#	   5.13	   0.55	
     45									skipped		#	   4.66	   0.59	
     46									skipped		#	   5.74	   0.81	
     47									skipped		#	   3.69	   1.06	
     48									skipped		#	   5.86	   0.22	
     49									skipped		#	   5.27	   0.37	
     50									skipped		#	   7.89	   0.77	
     51	 105.36	  16.89	  0.115	1.00160							#	   4.77	   6.96	
     52	 103.49	  40.44	  0.277	1.00128							#	   6.66	   7.70	
     53	  95.21	  18.96	  0.164	1.00161							#	   3.96	   8.14	
     54	  88.80	  34.82	  0.069	1.00049							#	   5.24	  11.33	
     55	  90.57	  25.43	 -0.022	1.00117							#	   3.93	  11.07	
     56	  94.14	  11.71	  0.118	1.00289							#	   2.71	   9.49	
     57	  97.13	  13.24	  0.228	1.00037							#	   2.76	  13.20	
     58	  97.24	  23.17	  0.201	1.00109							#	   4.32	  13.86	
     59	 108.46	  -3.53	  0.304	1.00051							#	   2.23	  12.54	
     60	  90.76	 -11.33	  0.278	0.99972							#	   3.13	   9.93	
     61	  68.61	  -9.39	  0.177	0.99935							#	   1.14	  18.26	
     62	  56.48	 -10.91	  0.220	0.99951							#	   1.69	  28.52	
     63	  56.05	 -20.11	  0.146	0.99916							#	   3.11	  26.83	
     64	  40.65	 -17.19	  0.156	0.99965							#	   4.64	  35.12	
     65	  28.98	 -17.03	  0.120	0.99987							#	   3.25	  40.91	
     66	  26.17	  -8.69	 -0.003	1.00004							#	   2.78	  40.25	
     67	  23.78	 -28.86	  0.108	0.99988							#	   5.86	  39.22	
     68	  34.75	 -14.88	  0.127	1.00048							#	   3.54	  37.50	
     69	  26.67	 -13.03	  0.004	1.00020							#	   2.78	  39.70	
     70	  14.75	  10.16	 -0.091	1.00058							#	   1.42	  45.86	
     71	  36.34	  -8.96	  0.060	1.00100							#	   2.91	  27.16	
     72	  45.17	 -12.26	  0.007	1.00008							#	   2.02	  30.28	
     73	  32.90	 -21.55	 -0.034	1.00004							#	   4.15	  32.18	
     74	  25.66	 -19.02	  0.002	1.00008							#	   2.83	  39.88	
     75	  12.74	 -13.77	  0.142	0.99988							#	   1.79	  43.40	
     76	  15.80	 -10.36	  0.129	1.00043							#	   1.55	  42.01	
     77	  12.28	 -19.75	  0.057	0.99976							#	   2.67	  44.57	
     78	  -7.20	   3.01	  0.097	1.00029							#	   0.42	  48.13	
     79	   5.49	  -3.78	 -0.029	1.00018							#	   0.80	  47.69	
     80	   5.13	 -10.47	  0.026	0.99969							#	   1.22	  46.99	
     81	  17.40	 -14.49	  0.171	0.99999							#	   3.04	  42.56	
     82	  10.17	  -3.80	  0.022	1.00030							#	   0.57	  43.91	
     83	  14.60	 -19.47	 -0.014	0.99942							#	   5.16	  43.55	
     84	   8.95	  -5.92	  0.014	0.99976							#	   0.56	  43.37	
     85	   3.32	  -7.95	 -0.077	1.00030							#	   0.56	  44.35	
     86	  -0.31	   2.61	 -0.028	0.99940							#	   0.24	  46.99	
     87	  -1.34	 -11.73	 -0.023	0.99963							#	   0.95	  45.20	
     88	  -9.62	 -14.46	 -0.066	0.99981							#	   1.80	  43.73	
     89	 -11.79	  -9.20	 -0.089	0.99957							#	   1.48	  42.60	
     90	  -7.33	  -3.74	 -0.136	0.99980							#	   0.60	  43.55	
     91	 -11.68	 -11.40	 -0.104	0.99999							#	   2.37	  43.91	
     92	  -5.17	  -7.24	 -0.153	1.00030							#	   0.86	  42.01	
     93	   8.53	 -13.37	 -0.140	0.99976							#	   2.78	  42.56	
     94	   3.45	   4.90	 -0.083	1.00020							#	   0.47	  43.66	
     95	  -5.78	  -9.34	 -0.041	0.99977							#	   1.41	  44.43	
     96	  -8.50	  -3.23	 -0.011	0.99959							#	   0.56	  42.67	
     97	  -6.71	  -9.13	  0.004	0.99992							#	   1.32	  43.48	
     98	  -5.40	  -0.72	  0.085	0.99995							#	   0.34	  46.11	
     99	   0.21	  -8.06	  0.097	0.99972							#	   1.38	  46.48	
    100	  -1.71	  -0.27	  0.034	0.99943							#	   0.29	  45.89	
    101	  -7.24	   8.65	  0.002	0.99977							#	   2.22	  42.41	
    102	 -10.95	   8.62	 -0.011	0.99999							#	   2.24	  41.28	
    103	  -5.76	  -1.39	  0.065	0.99956							#	   0.67	  41.90	
    104	 -10.83	  10.21	  0.127	0.99942							#	   2.29	  40.65	
    105	 -13.91	  -7.49	  0.109	0.99948							#	   1.71	  34.49	
    106	 -71.31	  28.28	 -0.303	0.99529							#	  10.85	  14.92	
    107	   0.26	 -29.62	 -0.406	0.95844							#	   3.78	   5.83	
    108	  54.78	 -33.19	  0.198	0.92072							#	   7.09	  12.79	
    109	  27.26	 -11.69	  0.334	0.92608							#	   4.82	  18.37	
    110	 -24.95	  12.43	  0.369	0.92025							#	   9.28	  23.64	
    111	  -6.62	  -0.35	  0.444	0.92282							#	   1.92	  15.36	
    112	   1.47	   3.00	  0.292	0.92396							#	   2.40	  14.85	
    113	 -30.55	  -0.93	  0.007	0.93724							#	   2.24	  31.01	
    114	  16.79	  -2.04	  0.138	0.94416							#	   1.85	  15.32	
    115	  44.75	 -25.86	  0.261	0.93834							#	   3.55	  24.16	
    116	   6.01	 -11.94	  0.253	0.93418							#	   2.80	  16.97	
    117	 -48.71	  -7.14	  0.006	0.93377							#	   3.85	  19.02	
    118	 -14.43	   6.28	  0.054	0.93498							#	   3.86	  10.81	
    119	  29.96	 -24.29	  0.184	0.92660							#	   6.64	  25.29	
    120	 -39.88	  18.29	  0.028	0.91953							#	   3.43	  11.00	
    121	  18.51	   9.22	 -0.050	0.95684							#	   2.06	  11.91	
    122	  30.54	 -23.38	 -0.001	0.99990							#	   3.40	  21.59	
    123	  23.50	  19.58	  0.106	0.99906							#	   3.04	  12.10	
