      1	  -4.09	   4.87	 -0.108	1.00227							#	   8.10	  43.01	
      2	   8.52	  11.83	 -0.022	1.00053							#	   7.26	  36.90	
      3	  -4.80	  -1.25	 -0.144	1.00033							#	   1.19	  50.15	
      4	  -5.05	 -15.89	 -0.008	1.00169							#	   4.31	  55.95	
      5	  -0.09	  10.22	 -0.030	1.00223							#	   2.36	  56.99	
      6	   5.93	 -14.18	  0.075	1.00105							#	   4.85	  48.21	
      7	  -2.16	  -4.30	  0.131	0.99875							#	   0.73	  43.15	
      8	  -2.23	  21.77	  0.186	1.00066							#	   2.87	  48.07	
      9	   3.46	   9.20	  0.133	1.00047							#	   2.64	  56.25	
     10	   3.79	   3.49	  0.077	0.99984							#	   0.85	  54.46	
     11	   5.46	  14.21	  0.088	1.00013							#	   4.51	  52.98	
     12	   2.78	   0.49	  0.004	1.00023							#	   0.41	  53.87	
     13	   2.56	  -1.48	 -0.031	0.99994							#	   0.56	  52.53	
     14	   2.03	  -7.44	 -0.036	0.99978							#	   1.93	  49.11	
     15	   4.89	  -1.78	  0.008	0.99994							#	   1.20	  52.38	
     16	  -2.78	  -4.58	 -0.056	0.99989							#	   1.01	  48.66	
     17	  -0.20	  -4.15	  0.078	1.00024							#	   1.18	  51.64	
     18	  -3.30	 -12.51	  0.077	0.99960							#	   6.92	  53.87	
     19	   7.44	  -0.30	  0.019	1.00020							#	   1.38	  53.13	
     20	   4.77	   6.39	  0.054	0.99851							#	   1.15	  42.11	
     21	   3.62	 -17.33	  0.021	1.00103							#	   5.50	  41.67	
     22	  -1.46	   5.53	 -0.004	1.00006							#	   0.72	  49.26	
     23	  -5.35	   2.47	  0.030	0.99874							#	   1.11	  49.85	
     24	  -5.76	  -1.90	  0.100	1.00146							#	   1.09	  51.49	
     25	  -7.16	  12.60	  0.169	0.99914							#	   5.59	  56.55	
     26	 -11.49	   4.39	 -0.003	0.99917							#	   3.22	  56.70	
     27	 -10.82	  -4.20	 -0.002	0.99983							#	   3.27	  53.27	
     28	  -5.94	  -9.86	 -0.073	1.00216							#	   2.63	  54.76	
     29	  -3.62	  -7.02	 -0.042	0.99501							#	   1.99	  51.19	
     30	   2.30	  18.61	 -0.033	0.99874							#	   4.90	  54.02	
     31	  -3.21	  11.05	  0.052	0.99905							#	   3.11	  54.91	
     32	  -6.78	   0.88	  0.053	0.99806							#	   1.82	  57.74	
     33	  -5.25	   3.33	  0.059	0.99876							#	   1.76	  54.61	
     34	  -2.36	   0.72	  0.049	0.99830							#	   0.79	  51.93	
     35	  -6.95	  -7.24	  0.004	0.99829							#	   3.25	  51.04	
     36	  -3.37	   4.99	  0.038	0.99918							#	   2.11	  47.77	
     37	   3.70	  -6.07	  0.040	0.99969							#	   1.87	  46.88	
     38	   3.73	  -6.08	  0.041	0.99914							#	   2.42	  47.47	
     39	  -7.52	  -5.11	 -0.100	1.00001							#	   3.00	  43.15	
     40	 -18.58	  -6.70	 -0.135	1.00027							#	   7.54	  44.35	
     41	  -6.88	   1.98	 -0.112	0.99960							#	   1.45	  48.66	
     42	  -6.04	  11.11	 -0.017	0.99887							#	   4.39	  46.58	
     43	  -3.98	 -10.17	 -0.020	0.99845							#	   2.64	  44.94	
     44	   6.38	   2.09	 -0.143	0.99975							#	   1.58	  47.62	
     45	  14.89	  16.95	 -0.043	0.99837							#	   9.20	  48.36	
     46	  11.58	  -8.35	  0.017	0.99933							#	   3.30	  51.34	
     47	  13.40	  -2.60	  0.009	0.99957							#	   3.63	  50.00	
     48	  15.77	  -0.79	  0.035	0.99916							#	   4.38	  48.51	
     49	  14.11	  -1.49	 -0.035	1.00163							#	   3.73	  46.58	
     50	  10.92	  -4.59	 -0.002	0.99983							#	   3.33	  47.47	
     51	  10.46	 -10.70	  0.005	1.00064							#	   5.40	  44.49	
     52	   5.63	 -10.18	 -0.021	1.00003							#	   3.15	  44.35	
     53	   5.10	  -4.46	  0.091	0.99939							#	   1.45	  45.98	
     54	   1.61	  -5.79	  0.087	0.99966							#	   1.06	  46.43	
     55	  -3.89	  -2.60	  0.057	0.99969							#	   0.78	  46.13	
     56	  -4.27	  13.74	  0.029	1.00013							#	   4.49	  45.39	
     57	  -0.37	  -0.38	  0.044	0.99989							#	   0.20	  45.68	
     58	   5.21	  -2.27	 -0.006	0.99930							#	   1.09	  49.55	
     59	   0.33	  -5.03	 -0.008	0.99945							#	   0.75	  49.55	
     60	   9.88	  -5.61	 -0.001	1.00025							#	   4.19	  47.62	
     61	  17.50	  -8.96	 -0.015	0.99973							#	   6.27	  47.77	
     62	   9.50	 -12.56	  0.010	1.00078							#	   4.23	  48.36	
     63	   1.95	  -3.81	  0.098	1.00076							#	   0.49	  50.45	
     64	  -0.29	  -1.46	  0.170	1.00039							#	   0.12	  51.64	
     65	   2.12	  -4.79	 -0.040	1.00020							#	   0.67	  49.55	
     66	  -3.83	   7.22	 -0.201	0.99953							#	   1.60	  51.49	
     67	 -25.33	   6.35	 -0.059	0.99985							#	   2.31	  46.73	
     68	 -23.22	   7.60	  0.003	0.99974							#	   4.49	  45.68	
     69	 -16.42	  16.70	 -0.068	0.99975							#	  11.22	  52.83	
     70	 -15.62	  -3.49	 -0.017	1.00012							#	   3.47	  48.81	
     71	 -10.60	  13.38	 -0.050	0.99884							#	   5.32	  50.45	
     72	  -6.14	  12.05	 -0.064	1.00044							#	   3.14	  53.57	
     73	   0.45	  11.56	 -0.017	1.00001							#	   2.16	  59.38	
     74	   6.86	  -1.52	  0.015	1.00018							#	   1.34	  57.44	
     75	  -1.24	  -0.60	  0.092	0.99959							#	   0.14	  57.74	
     76	   1.72	 -10.82	  0.162	0.99965							#	   2.51	  56.85	
     77	  11.98	  -8.53	  0.138	0.99933							#	   5.45	  52.23	
     78	  10.39	  -5.15	  0.035	0.99950							#	   2.86	  53.27	
     79	   1.11	  -0.31	  0.084	0.99971							#	   0.24	  52.53	
     80	  -3.50	  -7.94	  0.077	1.00039							#	   2.12	  50.74	
     81	   1.25	 -23.22	 -0.032	1.00238							#	   1.80	  51.79	
     82	   2.36	  -3.15	  0.066	0.99958							#	   0.94	  48.66	
     83	  -3.52	   5.38	  0.095	0.99904							#	   1.47	  49.40	
     84	  -2.37	   7.23	  0.128	1.00009							#	   2.52	  48.66	
     85	   2.14	   1.76	  0.117	1.00058							#	   0.58	  55.51	
     86	   3.11	  -3.54	  0.148	1.00017							#	   1.52	  50.00	
     87	   1.97	 -10.45	  0.136	0.99977							#	   5.45	  46.58	
     88	  -0.98	   1.56	 -0.060	0.99900							#	   0.25	  51.64	
     89	  -1.52	   0.86	 -0.046	1.00074							#	   0.40	  50.74	
     90	  -2.02	   3.22	 -0.058	0.99981							#	   0.83	  50.30	
     91	 -13.45	  21.10	 -0.066	0.99804							#	   9.56	  48.07	
     92	  -1.74	  -2.30	  0.010	1.00037							#	   0.28	  48.07	
     93	   4.77	   8.63	 -0.011	0.99710							#	   2.32	  46.73	
     94	  -2.00	  -1.48	 -0.041	0.99982							#	   0.74	  54.17	
     95	  -4.80	   7.35	 -0.031	0.99932							#	   3.19	  49.11	
     96	  -2.45	   3.45	 -0.177	1.00025							#	   1.75	  51.04	
     97	   9.27	   3.04	  0.013	0.99842							#	   2.96	  50.15	
     98	   4.66	 -17.95	  0.020	1.00105							#	   7.77	  50.30	
     99	 -14.38	  -1.70	  0.031	0.99971							#	   5.12	  51.19	
    100	 -16.87	   8.37	 -0.049	0.99808							#	   4.57	  50.89	
    101	 -11.37	  10.76	  0.030	0.99934							#	   6.57	  48.07	
    102	 -26.07	  -8.79	  0.070	0.99885							#	   2.94	  51.49	
    103	 -22.87	  -8.78	  0.043	0.99906							#	   3.44	  47.77	
    104	 -23.40	   9.44	  0.024	0.99964							#	   3.14	  44.49	
    105	 -33.34	 -13.17	 -0.061	0.99897							#	   4.07	  46.58	
    106	 -12.32	 -13.01	 -0.076	1.00099							#	   5.79	  46.43	
    107	  -3.41	  -4.70	 -0.079	1.00182							#	   0.93	  49.55	
    108	 -14.14	   8.71	 -0.086	1.00052							#	   6.02	  43.15	
    109	 -20.73	  -7.25	 -0.022	1.00087							#	   3.06	  42.86	
    110	 -17.49	 -11.60	 -0.004	0.99937							#	   7.07	  42.41	
    111	 -17.69	  10.04	 -0.026	1.00083							#	   4.92	  48.51	
    112	 -18.60	   4.12	 -0.037	0.99900							#	   3.39	  49.40	
    113	 -14.48	  13.11	 -0.059	1.00052							#	   6.64	  50.30	
    114	  -0.53	  -6.90	 -0.059	0.99889							#	   0.89	  51.64	
    115	  -5.36	   5.28	 -0.021	0.99925							#	   1.10	  54.17	
    116	  -1.81	  14.94	  0.062	1.00108							#	   4.13	  51.04	
    117	   1.66	  -9.68	 -0.013	1.00143							#	   1.87	  52.08	
    118	  28.53	   4.27	 -0.002	0.99839							#	   0.91	  36.90	
    119	  50.09	 -12.01	  0.083	0.99937							#	   7.03	  24.55	
    120	  57.99	  -9.96	  0.116	1.00269							#	   2.16	  26.04	
    121	  55.37	  -2.03	  0.136	0.99684							#	   1.51	  27.38	
    122	  48.60	  16.21	  0.227	0.99887							#	   9.35	  26.64	
    123	  43.88	   3.09	  0.109	1.00014							#	   1.68	  31.99	
    124	  34.53	   5.00	  0.194	1.00045							#	   0.75	  36.16	
    125	  33.07	   7.50	  0.146	0.99958							#	   1.22	  36.76	
    126	  19.82	  -2.64	  0.009	1.00020							#	   2.80	  42.26	
    127	  10.65	 -18.77	 -0.131	0.99932							#	   5.35	  42.71	
    128	   0.57	  -7.87	 -0.087	1.00094							#	   1.33	  40.18	
    129	  -8.20	   1.24	 -0.015	0.99744							#	   1.60	  41.52	
    130	   5.09	  28.17	  0.167	1.00235							#	   1.16	  35.27	
