      1	 -35.09	   0.21	 -0.192	1.01332							#	  11.35	  10.06	
      2	 -27.88	  25.27	 -0.064	1.01118							#	   6.04	  13.46	
      3	 -21.07	  11.73	  0.014	1.00936							#	   2.69	  16.09	
      4	 -19.06	  14.78	 -0.096	1.00574							#	   2.52	  19.60	
      5	  -8.62	  -1.95	 -0.075	1.00500							#	   0.59	  21.62	
      6	  -7.10	   1.60	 -0.136	1.00414							#	   0.41	  19.60	
      7	  -1.53	  -0.77	 -0.174	1.00190							#	   0.50	  20.97	
      8	   0.87	  -9.22	 -0.103	0.99965							#	   0.92	  18.76	
      9	 -13.34	 -16.12	 -0.045	1.00076							#	   2.45	  17.58	
     10	  -7.87	  -4.72	 -0.150	1.00054							#	   0.99	  17.77	
     11	 -10.94	 -16.17	 -0.081	1.00069							#	   3.33	  16.28	
     12	 -14.65	 -17.04	  0.007	1.00037							#	   3.23	  13.57	
     13	 -31.61	 -19.12	  0.010	1.00112							#	   8.07	  12.31	
     14	 -31.64	  -6.90	 -0.122	1.00196							#	   4.26	  12.66	
     15	 -11.26	  -9.66	 -0.139	1.00062							#	   1.33	  13.00	
     16	   4.81	  -8.22	 -0.053	1.00016							#	   1.24	  10.41	
     17	 -55.86	  -8.24	 -0.153	1.00118							#	   1.67	   8.27	
     18	 -24.42	  -9.84	 -0.001	1.00112							#	   3.31	  12.89	
     19	  -9.34	 -14.37	 -0.008	1.00045							#	   1.34	  15.52	
     20	 -29.87	   4.88	 -0.057	1.00250							#	   6.76	   7.47	
     21	   2.48	  -3.95	 -0.007	0.99953							#	   0.14	  11.36	
     22	   2.05	  -8.46	 -0.041	0.99999							#	   0.32	  16.70	
     23	  14.43	  -9.75	 -0.014	1.00029							#	   1.61	  15.78	
     24	  15.72	  -7.88	 -0.061	0.99990							#	   1.89	  12.66	
     25	  18.12	 -12.98	  0.007	1.00080							#	   2.69	  11.97	
     26	  29.15	   7.79	 -0.083	1.00107							#	   4.95	  10.06	
     27	  20.93	 -13.15	  0.071	0.99931							#	   2.01	   8.12	
     28	  25.35	  -5.06	  0.026	1.00010							#	   2.84	   6.71	
     29	  15.48	  -7.91	  0.053	0.99980							#	   1.18	   6.52	
     30	   4.67	  -2.22	 -0.018	1.00056							#	   0.25	   7.66	
     31	   3.07	   8.52	  0.043	0.99957							#	   0.43	   5.45	
     32	  -0.20	  -6.05	 -0.034	1.00175							#	   1.94	   5.68	
     33	   6.57	  -3.12	  0.071	0.99914							#	   0.91	   5.68	
     34	  18.42	  -0.90	 -0.089	0.99839							#	   1.89	   3.13	
     35	  13.52	   2.07	  0.023	0.99813							#	   1.73	   4.04	
     36	   7.25	  13.01	 -0.272	1.00043							#	   2.52	   2.55	
     37	  -1.09	  -5.98	  0.012	1.00147							#	   1.12	   3.16	
     38	   9.63	 -14.97	  0.134	0.99971							#	   2.91	   3.01	
     39	   3.88	 -11.38	  0.008	0.99932							#	   0.50	   3.51	
     40	  11.01	 -14.56	  0.034	0.99857							#	   1.89	   4.00	
     41	   4.55	 -12.72	 -0.030	0.99839							#	   1.15	   3.58	
     42	  -8.80	 -10.66	  0.078	0.99854							#	   1.90	   3.09	
     43									skipped		#	   1.14	   1.37	
     44	   2.34	  -5.23	 -0.181	0.99506							#	   0.86	   2.90	
     45									skipped		#	   5.34	   1.68	
     46	  -5.96	  -1.29	 -0.017	0.99957							#	   0.54	   3.16	
     47	   7.62	  -8.74	 -0.085	0.99587							#	   1.50	   3.81	
     48	  25.81	  -8.69	  0.004	1.00130							#	   6.22	   4.77	
     49	  11.13	  -3.34	  0.025	0.99885							#	   0.78	   5.26	
     50	 -18.59	  -0.46	  0.067	1.00177							#	   2.56	   6.33	
     51	 -14.59	   8.01	 -0.068	1.00036							#	   2.13	   5.83	
     52	 -15.93	   8.45	 -0.108	1.00218							#	   2.07	   6.67	
     53	  -6.23	   1.69	 -0.080	1.00100							#	   1.22	   8.62	
     54	  -8.05	  -2.40	  0.022	1.00167							#	   2.68	   8.46	
     55	  -9.98	  -1.41	 -0.047	1.00012							#	   3.71	   7.85	
     56	   4.83	   6.59	 -0.050	1.00024							#	   4.99	   6.75	
     57	   6.11	   7.25	  0.068	1.00077							#	   2.75	   6.10	
     58	  -1.91	  -1.33	 -0.022	0.99955							#	   1.37	   7.55	
     59	  -6.28	   4.52	 -0.041	0.99998							#	   1.03	   9.49	
     60	  -3.12	   5.85	 -0.074	1.00042							#	   0.44	   9.57	
     61	  -6.78	  -9.50	 -0.082	0.99953							#	   2.70	   7.66	
     62	  -4.79	   0.94	 -0.058	0.99994							#	   2.92	   7.62	
     63	  -6.38	  -8.17	 -0.001	0.99920							#	   1.60	   7.70	
     64	   3.50	  -7.15	 -0.016	1.00204							#	   0.92	   5.91	
     65	   6.38	 -11.79	 -0.050	1.00681							#	   1.33	   5.60	
     66	  -6.40	  -3.71	 -0.028	1.00731							#	   1.02	   5.26	
     67	  -1.01	  -9.92	 -0.028	1.01310							#	   0.63	   6.29	
     68	   1.54	 -15.31	 -0.024	1.01512							#	   2.09	   4.42	
     69	  -0.18	 -15.70	 -0.054	1.01083							#	   1.84	   4.19	
     70	  -4.61	  -6.19	  0.041	1.01514							#	   1.38	   6.25	
     71	 -16.50	  -4.14	 -0.081	1.02094							#	   2.19	   5.30	
     72	  -2.64	  -2.46	 -0.016	1.01297							#	   0.60	   5.53	
     73	 -10.33	  -6.37	  0.008	1.01486							#	   1.16	   6.10	
     74	   3.40	  -2.20	  0.023	1.01299							#	   1.25	   4.80	
     75	  -6.64	 -11.62	 -0.007	1.01101							#	   1.19	   6.29	
     76	   6.14	  -2.39	  0.027	1.00853							#	   1.53	   6.06	
     77	  -5.53	  -2.17	 -0.007	1.01625							#	   1.41	   4.65	
     78	 -14.33	 -11.55	  0.103	1.02230							#	   4.07	   4.99	
     79	 -17.25	  -3.15	  0.055	1.02434							#	   2.11	   4.88	
     80	 -13.00	  -0.19	  0.085	1.01937							#	   1.05	   5.34	
     81	  -5.12	  -1.37	 -0.050	1.01427							#	   0.54	   5.49	
     82	  -4.94	  -3.91	  0.023	1.00973							#	   0.69	   5.57	
     83	  -5.81	  -4.17	 -0.037	1.01044							#	   0.72	   5.53	
     84	  -0.63	  -2.66	  0.021	1.00765							#	   0.55	   6.25	
     85	  -0.97	 -10.69	 -0.003	1.00371							#	   1.24	   6.14	
     86	  -4.73	   4.09	  0.036	1.00614							#	   1.01	   6.18	
     87	  -2.96	  -1.04	  0.091	1.00556							#	   0.57	   6.75	
     88	  -6.51	  12.25	 -0.061	1.01118							#	   2.29	   5.22	
     89	  -6.08	   2.58	  0.049	1.00913							#	   0.55	   3.70	
     90	   2.54	   2.26	 -0.078	1.00734							#	   0.91	   5.64	
     91	  -2.30	  -1.39	  0.052	1.00365							#	   0.59	   5.60	
     92	  -2.27	  -2.94	  0.065	1.00251							#	   0.49	   5.87	
     93	  -4.45	  -2.48	 -0.067	1.00396							#	   0.67	   5.38	
     94	   0.11	  10.35	  0.016	1.00572							#	   1.63	   6.48	
     95	  -7.49	   2.18	 -0.010	1.00494							#	   1.02	   6.60	
     96	  -7.66	   9.59	 -0.016	1.00383							#	   2.03	   5.60	
     97	  -4.35	  -4.65	  0.021	1.00078							#	   0.85	   6.79	
     98	   0.26	   1.65	 -0.044	0.99999							#	   0.44	   7.70	
     99	   2.41	  -1.01	 -0.003	0.99977							#	   0.76	   9.57	
    100	   1.37	   2.19	  0.060	0.99982							#	   0.99	   8.08	
    101	  -0.48	  -1.45	 -0.042	1.00019							#	   0.70	   9.00	
    102	   3.44	   2.51	 -0.017	1.00043							#	   1.39	   8.88	
    103	   5.53	  -6.60	 -0.012	1.00078							#	   1.65	   7.89	
    104	   1.41	   7.51	  0.027	1.00225							#	   1.12	   7.70	
    105	  -6.90	   9.42	  0.015	1.00374							#	   1.62	   8.35	
    106	   4.77	  -3.76	  0.022	1.00255							#	   0.93	   7.70	
    107	   1.03	   4.08	  0.055	1.00029							#	   0.70	   7.21	
    108	  -3.12	  -7.39	 -0.006	0.99921							#	   0.99	   6.94	
    109	   1.97	  -9.22	 -0.069	1.00100							#	   1.44	   7.32	
    110	   1.41	  -8.32	 -0.001	0.99966							#	   1.34	   6.79	
    111	  -1.12	  -9.11	  0.046	1.00033							#	   1.16	   6.90	
    112	  -3.95	  -8.71	 -0.056	1.00152							#	   0.88	   7.05	
    113	   4.85	  -8.27	 -0.006	1.00071							#	   1.60	   6.63	
    114	  -3.66	   0.19	  0.037	1.00081							#	   0.47	   7.43	
    115	   1.75	  -2.48	  0.072	1.00010							#	   0.67	   6.94	
    116	  -2.82	  -2.14	  0.018	1.00139							#	   1.88	   7.17	
    117	  -2.42	  -3.84	  0.077	0.99967							#	   1.85	   5.99	
    118	  -2.37	  -1.65	  0.001	1.00033							#	   2.11	   6.02	
    119	  -0.46	  -3.21	  0.062	1.00238							#	   1.52	   6.75	
    120	  -3.20	   4.15	  0.044	1.00040							#	   0.76	   6.44	
    121	  -6.67	   0.78	 -0.092	1.00313							#	   0.97	   5.57	
    122	  -6.23	  -9.45	 -0.103	1.00550							#	   1.07	   6.63	
    123	  -7.85	  -2.12	 -0.035	1.00641							#	   1.05	   6.48	
    124	  -9.79	  -1.98	  0.049	1.00561							#	   1.50	   5.99	
    125	  -5.69	   0.72	 -0.039	1.00518							#	   1.07	   5.91	
    126	  -5.31	  -4.22	  0.099	1.00125							#	   1.39	   5.95	
    127	  -8.42	  -6.98	  0.102	0.99849							#	   3.42	   5.30	
    128	  -2.40	  -0.65	  0.004	0.99977							#	   1.65	   7.74	
    129	  -0.14	  -1.50	  0.034	0.99993							#	   1.97	   6.90	
    130	   0.35	  -0.63	  0.040	0.99984							#	   2.00	   7.13	
    131	   1.21	   0.67	  0.027	0.99961							#	   1.69	   6.44	
    132	   3.48	  -1.61	 -0.052	1.00064							#	   1.48	   6.18	
    133	   4.77	 -11.55	 -0.075	1.00034							#	   1.75	   5.41	
    134	   3.55	 -17.35	 -0.022	0.99995							#	   2.46	   4.57	
    135	   9.04	  -6.20	 -0.054	1.00014							#	   2.87	   5.03	
    136	   7.33	 -10.76	 -0.054	1.00008							#	   2.27	   4.16	
    137	   6.82	 -11.54	 -0.127	1.00008							#	   2.09	   5.30	
    138	   1.86	  -4.16	 -0.030	1.00045							#	   1.87	   5.22	
    139	   1.56	 -14.95	 -0.086	0.99855							#	   2.03	   5.68	
    140	   3.47	 -13.04	 -0.051	0.99905							#	   1.31	   3.62	
    141	   0.69	 -15.82	 -0.091	0.99884							#	   2.00	   5.18	
    142	   2.07	 -15.20	  0.057	0.99960							#	   1.60	   4.92	
    143	  -0.88	  -8.32	 -0.163	1.00037							#	   0.97	   4.50	
    144	  -2.23	 -22.16	 -0.049	1.00081							#	   4.65	   4.65	
    145	  -1.72	  -3.47	 -0.086	1.00071							#	   0.79	   5.38	
    146	   2.28	 -12.19	 -0.034	1.00000							#	   2.29	   4.16	
    147	  -1.66	  -4.94	 -0.013	1.00017							#	   1.34	   5.53	
    148	   0.53	  -3.63	 -0.116	1.00101							#	   0.57	   4.08	
    149	  -0.83	 -14.02	 -0.053	1.00013							#	   1.82	   4.50	
    150	  -1.44	 -10.66	  0.011	1.00001							#	   1.21	   5.18	
    151	   8.86	 -13.30	  0.079	1.00073							#	   1.56	   4.35	
    152	  -1.86	  -8.74	 -0.097	0.99731							#	   1.81	   4.19	
    153	  -8.11	 -19.08	 -0.071	1.00181							#	   4.29	   4.19	
    154	  -7.03	  -8.79	 -0.089	0.99909							#	   1.27	   5.03	
    155	  -5.55	 -11.06	 -0.142	0.99906							#	   1.69	   5.38	
    156	  -5.87	  -1.82	 -0.014	0.99916							#	   3.22	   4.69	
    157	  -1.34	  -9.88	 -0.088	1.00041							#	   2.40	   6.44	
    158	   1.66	  -1.48	 -0.083	1.00031							#	   0.48	   5.68	
    159	   3.42	  -6.49	 -0.076	0.99967							#	   0.73	   5.45	
    160	  -4.86	   2.47	 -0.088	1.00062							#	   0.97	   4.99	
    161	  -1.57	  -0.25	  0.021	1.00129							#	   0.75	   5.18	
    162	   1.51	  -1.59	 -0.040	1.00008							#	   1.10	   5.68	
    163	   4.33	   6.02	 -0.045	0.99965							#	   2.38	   5.45	
    164	   5.42	   7.27	 -0.022	1.00020							#	   1.48	   5.26	
    165	  -2.27	  -1.59	 -0.015	1.00071							#	   1.41	   6.06	
    166	  -3.89	  -9.42	 -0.022	1.00047							#	   2.36	   5.87	
    167	   0.15	  -0.13	  0.106	1.00063							#	   0.83	   5.87	
    168	  -0.72	   2.38	  0.106	1.00151							#	   1.35	   5.41	
    169	  -0.68	   1.63	 -0.022	1.00032							#	   1.36	   6.14	
    170	  -2.19	   9.49	  0.016	1.00080							#	   1.84	   7.74	
    171	  -6.40	  -9.74	  0.023	1.00034							#	   2.51	   7.01	
    172	  -1.87	   0.73	  0.099	1.00041							#	   1.07	   6.21	
    173	   1.41	  -5.23	 -0.014	1.00013							#	   1.23	   7.24	
    174	  -0.44	  -2.47	  0.026	0.99934							#	   0.98	   5.72	
    175	  -5.91	 -14.38	  0.044	1.00065							#	   2.97	   6.79	
    176	  -3.26	 -13.21	 -0.007	0.99986							#	   1.65	   5.79	
    177	  -3.21	   6.51	 -0.061	1.00092							#	   1.78	   6.75	
    178	  -0.63	 -12.33	 -0.042	0.99935							#	   2.33	   7.24	
    179	   2.59	   6.94	 -0.023	1.00019							#	   0.84	   6.75	
    180	   0.06	   0.81	  0.053	1.00028							#	   0.64	   5.99	
    181	  -2.76	 -13.20	 -0.012	0.99993							#	   2.90	   6.48	
    182	  -6.68	  -7.43	  0.010	1.00031							#	   1.60	   6.37	
    183	   5.03	   3.51	 -0.045	0.99957							#	   0.86	   6.79	
    184	  -1.42	   1.28	  0.006	1.00002							#	   0.79	   7.24	
    185	   3.98	   7.90	  0.037	1.00032							#	   1.51	   5.95	
    186	   0.44	  -3.22	 -0.075	1.00045							#	   1.22	   8.31	
    187	   1.59	  -2.47	  0.009	0.99970							#	   1.00	   7.62	
    188	  -2.36	   3.47	 -0.033	1.00071							#	   1.55	   9.57	
    189	   1.31	  -2.07	 -0.043	1.00005							#	   1.16	  10.52	
    190	   1.85	   3.93	 -0.033	1.00083							#	   0.97	   8.50	
    191	  -5.53	  -0.47	 -0.075	0.99978							#	   1.47	   7.82	
    192	  -1.69	   5.18	 -0.075	1.00143							#	   1.17	   9.45	
    193	  -2.74	  -3.92	 -0.048	1.00117							#	   1.34	   9.42	
    194	  -4.57	   5.88	 -0.104	1.00072							#	   2.79	   9.76	
    195	  -4.59	   7.85	 -0.011	1.00004							#	   1.93	   8.81	
    196	   3.48	  12.14	  0.022	1.00009							#	   2.05	   9.84	
    197	   1.21	  11.14	 -0.004	0.99924							#	   1.81	   9.80	
    198	   2.85	  11.34	 -0.007	0.99989							#	   2.05	   9.19	
    199	   5.62	   7.71	 -0.007	1.00047							#	   1.47	   8.23	
    200	   0.60	  -3.28	  0.017	1.00024							#	   1.18	   7.82	
    201	  -1.40	 -13.16	 -0.047	0.99955							#	   2.36	   8.50	
    202	   5.54	   8.99	  0.018	1.00025							#	   2.09	   8.20	
    203	   0.52	  -0.61	  0.014	0.99986							#	   0.85	   8.77	
    204	   5.31	  -8.72	  0.014	0.99941							#	   1.53	   7.78	
    205	   3.22	 -13.48	  0.068	0.99985							#	   1.81	   7.62	
    206	   0.91	  -4.66	  0.003	0.99957							#	   0.70	  10.37	
    207	  -1.36	   0.86	 -0.017	0.99974							#	   1.01	  10.06	
    208	  11.89	   6.37	  0.018	1.00086							#	   2.84	   8.27	
    209	   1.71	  -4.56	  0.023	0.99973							#	   0.92	   8.77	
    210	  -6.10	  -0.92	  0.012	0.99984							#	   1.64	   8.35	
    211	  -0.21	  -9.41	  0.043	1.00009							#	   1.26	   7.70	
    212	  -3.93	  10.31	  0.045	1.00030							#	   2.25	   7.17	
    213	  -1.20	  -5.59	  0.015	0.99980							#	   0.62	   8.92	
    214	  -0.43	  -8.35	 -0.012	1.00005							#	   1.08	   8.73	
    215	  -3.96	   3.14	 -0.035	0.99941							#	   1.58	   8.54	
    216	  -1.57	  -4.55	  0.010	0.99943							#	   2.58	   8.54	
    217	   0.95	  -9.81	 -0.042	0.99975							#	   1.38	   9.99	
    218	  -1.42	  -1.20	  0.013	0.99958							#	   1.23	  10.29	
    219	  -3.82	 -10.59	  0.004	0.99979							#	   4.18	  11.48	
    220	  -0.38	  -9.68	  0.016	1.00008							#	   1.04	  11.55	
    221	   6.15	 -12.06	  0.024	0.99774							#	   1.43	  11.02	
    222	   6.84	 -16.11	 -0.173	0.99243							#	   2.07	   9.68	
    223	  18.24	 -22.33	 -0.019	0.97819							#	   3.31	   6.60	
    224	   6.05	  -8.76	 -0.015	0.97978							#	   1.81	   6.44	
    225	   7.56	 -16.94	 -0.058	0.98701							#	   2.61	   6.63	
    226	  -3.54	  -6.53	 -0.138	0.99630							#	   1.65	   8.23	
    227	  -0.18	  -6.95	 -0.097	0.99465							#	   0.98	   7.36	
    228	   1.25	 -10.02	 -0.066	0.98921							#	   0.94	   6.63	
    229	   4.75	 -16.62	 -0.182	0.98451							#	   1.62	   6.25	
    230	  19.62	  -8.64	 -0.114	0.98318							#	   2.00	   5.38	
    231	  25.69	 -12.16	 -0.163	0.98331							#	   5.29	   5.38	
    232	  14.15	  -9.92	 -0.166	0.98412							#	   1.65	   6.48	
    233	   1.10	 -29.08	 -0.168	0.98453							#	   3.28	   7.66	
    234	   5.03	 -24.63	 -0.125	0.98788							#	   2.43	   6.79	
    235	   6.53	 -14.40	  0.055	0.99124							#	   1.17	   8.04	
    236	   0.46	 -13.46	 -0.048	0.99157							#	   1.13	   7.85	
    237	   7.39	 -12.86	 -0.129	0.99066							#	   1.77	   7.62	
    238	  -1.93	 -11.27	 -0.080	0.99118							#	   1.27	   7.62	
    239	  -4.92	  -5.88	  0.029	0.99155							#	   1.02	   8.54	
    240	  -8.94	   1.02	 -0.032	0.99457							#	   1.16	   7.32	
    241	  -3.62	  -1.86	 -0.085	0.99643							#	   0.91	   8.96	
    242	  -6.99	   6.05	 -0.037	0.99740							#	   1.21	   8.16	
    243	  -1.97	  16.53	  0.010	0.99706							#	   4.08	   8.16	
    244	   1.81	   5.74	  0.032	0.99573							#	   1.96	   7.70	
    245	   7.93	  36.39	  0.015	0.99056							#	   3.57	   7.85	
    246	   9.40	   1.50	  0.035	0.99113							#	   0.73	   8.39	
    247	  19.89	  -7.73	  0.070	0.98768							#	   3.89	   5.07	
    248	   8.13	  12.07	  0.257	0.99136							#	   1.84	   4.35	
    249	 -10.66	  -2.61	  0.159	0.99880							#	   1.61	   5.76	
    250	 -11.05	  -1.28	  0.085	0.99904							#	   2.00	   5.95	
    251									skipped		#	   4.59	   1.56	
    252									skipped		#	   4.60	   1.72	
    253	 -21.16	  -6.10	 -0.026	0.99951							#	   3.24	   6.52	
    254	  -6.41	  -0.76	 -0.059	1.00088							#	   0.76	   5.45	
    255	  16.29	   0.33	  0.050	0.99940							#	   1.23	   6.75	
    256	  -9.76	   1.02	  0.021	1.00033							#	   0.76	   7.47	
    257	 -14.92	  -7.82	  0.076	1.00067							#	   1.48	   7.09	
    258	 -11.75	  -3.50	 -0.030	0.99929							#	   0.97	   6.82	
    259	   2.74	  -8.96	  0.057	1.00013							#	   0.89	   6.29	
    260	   8.70	   6.70	  0.046	1.00031							#	   1.74	   6.44	
    261	   0.91	  -4.85	 -0.105	1.00098							#	   0.74	   8.81	
    262	  -4.88	   1.44	  0.039	1.00025							#	   1.00	   8.92	
    263	  -2.61	  -4.44	  0.015	1.00010							#	   1.33	   9.95	
    264	  -0.26	  -2.01	 -0.024	1.00040							#	   2.17	  11.36	
    265	   4.30	  -6.75	 -0.022	1.00027							#	   2.16	  11.28	
    266	   4.26	  -7.49	 -0.027	1.00041							#	   2.61	  10.10	
    267	   2.08	 -17.52	  0.043	1.00022							#	   2.54	  10.26	
    268	  -2.50	 -14.74	  0.016	1.00002							#	   1.49	  14.64	
    269	  -2.66	  -9.17	 -0.028	0.99994							#	   0.77	  16.01	
    270	   0.91	 -16.60	  0.010	0.99928							#	   2.05	  13.61	
    271	  -6.50	 -15.78	 -0.007	1.00010							#	   2.50	  12.16	
    272	   3.08	 -12.31	  0.094	0.99993							#	   1.45	  12.70	
    273	  -4.70	  -8.74	 -0.002	1.00025							#	   1.92	  13.57	
    274	  -3.37	 -11.94	  0.026	1.00027							#	   3.01	  15.10	
    275	   0.48	   7.97	 -0.049	1.00007							#	   3.56	  13.69	
    276	   3.27	   2.07	  0.053	0.99987							#	   5.00	  15.06	
    277	  -4.61	  -0.49	 -0.012	1.00013							#	   2.85	  13.76	
    278	  -2.45	  -2.83	  0.020	1.00034							#	   0.68	  15.67	
    279	   1.02	  -3.89	 -0.012	1.00001							#	   2.09	  13.15	
    280	   0.15	   3.97	  0.022	0.99946							#	   3.19	  13.76	
    281	  -8.43	  -5.92	 -0.039	1.00037							#	   2.61	  13.53	
    282	   7.44	  -1.25	 -0.051	0.99979							#	   1.67	  13.50	
    283	   2.63	   3.61	 -0.042	1.00012							#	   1.09	  15.78	
    284	  -4.27	   3.87	 -0.004	1.00037							#	   0.68	  13.53	
    285	  -0.78	  11.91	 -0.043	1.00019							#	   1.53	  13.72	
    286	  -2.34	  -2.59	  0.003	1.00041							#	   0.59	  14.75	
    287	  -5.52	  -5.13	  0.045	1.00051							#	   0.76	  14.64	
    288	  -5.23	   0.18	  0.049	1.00099							#	   0.69	  11.63	
    289	 -11.95	   0.09	  0.002	1.00087							#	   1.46	  12.85	
    290	 -11.29	   6.37	  0.032	1.00005							#	   1.50	  12.39	
    291	  -5.68	  -1.78	  0.003	1.00242							#	   1.49	  13.92	
    292	  20.39	   7.09	  0.011	1.00010							#	   8.12	  13.69	
    293	  18.55	   3.95	 -0.021	1.00098							#	   2.39	  12.05	
    294	   9.32	  -2.39	  0.108	1.00042							#	   0.97	  14.11	
    295	  -1.87	  12.36	  0.012	0.99995							#	   1.26	  16.01	
    296	   9.05	   4.68	  0.055	0.99990							#	   0.83	  12.85	
    297	  -2.87	  16.82	 -0.072	0.99987							#	   1.75	  13.53	
    298	   1.54	   2.52	  0.022	0.99986							#	   0.30	  15.17	
    299	  -5.18	   3.18	 -0.009	1.00065							#	   0.86	  14.07	
    300	   2.87	   1.09	  0.010	0.99954							#	   0.42	  15.17	
    301	   2.07	  -2.74	  0.000	0.99980							#	   0.54	  15.40	
    302	  12.65	  -5.21	 -0.043	1.00043							#	   1.89	  11.21	
    303	  -8.17	   6.66	  0.025	1.00030							#	   2.76	  12.43	
    304	 -13.96	   9.83	 -0.025	0.99951							#	   3.95	  13.11	
    305	 -10.37	  -2.92	 -0.047	1.00012							#	   1.26	  15.97	
    306	   4.84	   5.60	 -0.010	0.99950							#	   0.81	  14.64	
    307	   2.13	  -3.94	  0.039	0.99893							#	   0.84	  13.42	
    308	   6.35	   1.97	  0.033	0.99934							#	   0.58	  13.57	
    309	  -9.08	   0.45	 -0.041	1.00296							#	   1.18	  15.40	
    310	  -2.53	  17.35	  0.011	1.02182							#	   3.90	  13.27	
    311	 -13.63	   7.53	 -0.057	1.02714							#	   1.78	  12.09	
    312	  -1.72	   8.83	  0.004	1.01478							#	   1.18	  15.86	
    313	   7.36	   5.23	 -0.007	1.00335							#	   1.96	  16.09	
    314	   7.65	  12.64	  0.000	1.00042							#	   3.26	  14.87	
    315	  -1.32	  -9.86	 -0.002	0.99934							#	   1.41	  17.27	
    316	  -0.63	  -0.48	  0.026	0.99961							#	   2.27	  18.34	
    317	   1.28	  -8.26	 -0.001	0.99948							#	   2.20	  15.44	
    318	   2.59	  -5.32	  0.045	0.99943							#	   1.27	  15.63	
    319	  -4.74	   2.11	 -0.002	0.99996							#	   1.88	  14.56	
    320	   0.11	  -1.65	  0.040	1.00025							#	   1.21	  15.97	
    321	  -0.42	  -6.25	 -0.057	1.00111							#	   0.97	  15.75	
    322	  -3.02	  -2.57	 -0.041	1.00264							#	   0.70	  15.97	
    323	   0.85	  -2.73	 -0.060	1.00429							#	   0.93	  16.81	
    324	   9.02	   7.49	 -0.046	1.00633							#	   3.06	  14.75	
    325	   1.00	 -12.60	 -0.060	1.00677							#	   2.07	  17.42	
    326	   2.83	  -4.29	 -0.019	1.00689							#	   2.58	  14.75	
    327	   5.94	  -7.75	  0.017	1.00296							#	   1.47	  15.40	
    328	  -3.09	  -4.49	  0.035	1.00297							#	   0.53	  13.69	
    329	   4.27	 -20.49	  0.033	1.00343							#	   3.00	  14.33	
    330	   2.78	 -19.12	 -0.013	1.00750							#	   1.94	  16.01	
    331	   0.74	  -4.39	 -0.011	1.01097							#	   0.85	  17.92	
    332	  -1.29	  -0.53	  0.005	1.01036							#	   0.58	  18.64	
    333	   5.41	   4.36	 -0.051	1.01240							#	   1.73	  17.73	
    334	   0.62	  -4.02	 -0.009	1.01022							#	   0.71	  20.74	
    335	  -0.08	 -12.51	  0.001	1.00733							#	   1.74	  19.98	
    336	  -1.37	   9.52	 -0.032	1.01235							#	   1.22	  19.63	
    337	  -0.78	  -9.22	  0.014	1.00950							#	   1.43	  21.58	
    338	   0.66	   4.82	  0.013	1.00761							#	   0.77	  21.58	
    339	   3.09	 -12.77	  0.064	1.00251							#	   3.03	  20.89	
    340	   8.70	  -1.89	  0.057	1.00051							#	   1.69	  19.56	
    341	  11.00	  -3.56	  0.053	1.00207							#	   2.59	  19.79	
    342	  -1.05	   3.93	  0.016	1.01446							#	   0.89	  18.22	
    343	  -6.66	   5.16	  0.055	1.02259							#	   1.59	  16.43	
    344	  -7.20	   2.97	  0.033	1.02967							#	   1.98	  17.80	
    345	  -9.03	  -6.15	 -0.060	1.02277							#	   2.21	  17.88	
    346	   8.18	   3.32	  0.057	1.01150							#	   2.50	  20.24	
    347	  -1.36	  -0.63	  0.006	1.00691							#	   0.31	  21.39	
    348	  -2.34	  -9.46	  0.036	1.00352							#	   1.12	  21.43	
    349	  -5.06	  -7.12	  0.064	1.00281							#	   0.96	  21.77	
    350	  -4.05	  -1.35	  0.044	1.00713							#	   0.42	  24.97	
    351	  -0.10	  -3.35	  0.034	1.00915							#	   0.64	  25.09	
    352	  -3.07	   3.58	 -0.009	1.00982							#	   0.79	  23.87	
    353	   1.59	  -3.18	  0.069	1.00420							#	   0.97	  26.23	
    354	  -0.50	  -4.22	  0.002	1.00488							#	   1.16	  26.53	
    355	   2.45	  -1.71	  0.011	1.00703							#	   1.04	  26.12	
    356	  -1.44	  -0.60	 -0.021	1.01116							#	   1.14	  24.13	
    357	   2.42	   2.19	 -0.032	1.00881							#	   1.51	  27.07	
    358	  -7.98	  -2.21	  0.014	1.00708							#	   1.90	  26.50	
    359	  -4.90	   6.55	  0.060	1.00296							#	   1.12	  25.20	
    360	 -11.90	   3.75	 -0.070	1.00424							#	   3.00	  25.54	
    361	  -9.58	   4.60	 -0.079	1.00806							#	   1.21	  24.21	
    362	  -7.20	  -1.77	 -0.021	1.00971							#	   0.90	  26.00	
    363	  -6.15	   0.30	  0.017	1.00882							#	   0.66	  26.34	
    364	  -0.48	  -0.31	  0.028	1.00892							#	   0.79	  25.39	
    365	   4.47	  14.23	 -0.077	1.00807							#	   4.35	  23.22	
    366	  -0.01	   7.50	 -0.126	1.01269							#	   1.23	  19.29	
    367	 -14.08	   5.34	 -0.247	1.01686							#	   1.48	  15.59	
    368	 -16.54	  11.27	 -0.193	1.01040							#	   3.06	  20.78	
    369	 -19.50	   4.25	 -0.387	1.00565							#	   3.24	  18.57	
    370	 -17.45	  12.92	 -0.427	1.00245							#	   3.63	  18.64	
    371	  -5.82	   1.72	 -0.203	1.00292							#	   0.51	  18.91	
    372	  -8.25	  10.31	  0.041	1.00237							#	   1.29	  19.90	
    373	   5.45	   7.82	  0.193	1.00130							#	   1.37	  19.29	
    374	  17.94	  -7.40	  0.166	1.00155							#	   4.02	  20.36	
    375	   6.67	  -7.87	  0.021	1.00153							#	   0.97	  17.61	
    376	  17.70	 -15.79	  0.277	1.00113							#	   5.65	  17.69	
    377	   8.20	 -17.04	  0.451	1.00244							#	   1.87	  18.83	
    378	   7.32	 -10.98	  0.081	1.00196							#	   1.46	  19.67	
    379	  -3.74	 -16.38	 -0.195	1.00196							#	   1.70	  16.97	
    380	 -29.68	  -4.89	  0.079	1.00263							#	   5.84	  11.40	
    381	 -50.07	   3.15	  0.219	1.00359							#	   1.51	  10.18	
    382	 -50.85	 -22.72	  0.079	1.00370							#	   4.24	  12.16	
    383	 -35.43	 -15.20	 -0.155	1.00532							#	   6.75	  11.32	
    384	 -11.71	 -11.48	 -0.134	1.00063							#	   0.81	  13.53	
    385	 -19.99	  -9.79	 -0.268	1.00234							#	   1.61	  14.94	
    386	 -14.69	  -7.15	 -0.492	1.00157							#	   0.83	  15.02	
    387	 -21.20	 -10.28	 -0.661	1.00211							#	   1.53	  12.96	
    388	 -40.03	  12.18	 -0.613	1.00583							#	   4.04	   7.09	
    389	 -30.58	  11.03	 -0.585	1.00166							#	   2.04	   8.96	
    390	  -5.06	  20.62	 -0.482	1.00187							#	   4.20	  11.67	
    391	   9.12	   7.97	 -0.516	1.00113							#	   4.40	  14.22	
    392	 -10.49	  23.11	 -0.515	1.00193							#	   4.12	  10.87	
    393	 -11.26	  14.54	 -0.572	1.00225							#	   2.52	  12.35	
    394	   0.03	  21.08	 -0.299	1.00226							#	   4.28	  14.37	
    395	 -18.96	  11.77	 -0.089	1.00259							#	   2.87	  14.22	
    396	 -18.72	  -5.19	  0.045	1.00144							#	   1.68	  13.00	
    397	 -10.90	  -0.21	  0.220	1.00141							#	   0.81	  14.03	
    398	  -5.48	   2.65	  0.309	1.00363							#	   0.52	  18.83	
    399	  -4.72	  -4.49	  0.445	1.00192							#	   0.57	  19.14	
    400	  -0.90	  -7.29	  0.444	1.00194							#	   1.18	  18.07	
    401	  -3.77	  -6.65	  0.409	1.00134							#	   1.28	  17.42	
    402	  -7.12	  -8.97	  0.476	1.00053							#	   2.85	  16.62	
    403	 -17.46	  -2.90	  0.426	1.00070							#	   3.88	  17.88	
    404	  -5.00	  -0.15	  0.512	1.00026							#	   0.81	  16.01	
    405	  14.42	  -4.92	  0.192	1.00073							#	   2.97	  14.79	
    406	  21.84	  -5.79	  0.022	1.00216							#	   4.96	  11.21	
    407	  15.51	  -3.03	  0.299	1.00188							#	   2.16	  11.40	
    408	   3.28	   1.09	  0.236	1.00157							#	   0.37	  16.62	
    409	   9.69	 -12.14	 -0.117	1.00084							#	   2.46	  12.43	
    410	  11.92	 -14.83	 -0.203	1.00036							#	   2.99	  12.28	
    411	  10.82	  -9.83	  0.040	1.00121							#	   2.01	  13.00	
    412	   2.29	   4.03	  0.136	1.00140							#	   1.06	  11.06	
    413	 -13.82	  -3.11	  0.146	1.00299							#	   1.74	  10.90	
    414	  -7.26	   0.49	  0.214	1.00474							#	   0.91	  12.20	
    415	 -12.58	  -6.67	  0.143	1.00341							#	   1.33	  11.06	
    416	 -19.98	   2.21	 -0.010	1.00478							#	   4.01	  10.18	
    417	 -17.95	  -2.61	 -0.140	1.00623							#	   3.61	   8.88	
    418	 -29.32	  -5.76	 -0.323	1.00647							#	   6.26	   8.62	
    419	 -28.83	  -9.56	 -0.609	1.00560							#	   4.24	   7.47	
    420	 -19.68	  -3.14	 -0.593	1.00562							#	   2.72	   8.01	
    421	 -17.35	 -15.24	 -0.688	0.99985							#	   2.23	  10.45	
    422	 -16.33	  -9.30	 -0.535	1.01000							#	   1.78	  10.14	
    423	  -8.31	  -1.90	 -0.464	1.04652							#	   7.19	  10.18	
    424	   8.19	   9.96	 -0.440	1.00448							#	   2.23	  13.72	
    425	   0.36	  -9.75	 -0.198	0.99968							#	   1.28	  15.40	
    426	  -5.54	  -2.19	 -0.143	1.00125							#	   0.43	  16.47	
    427	   4.64	  -5.13	 -0.110	1.00032							#	   1.67	  16.39	
    428	  11.66	   1.28	 -0.030	1.00264							#	   2.13	  15.44	
    429	   3.65	   3.35	  0.011	1.00128							#	   1.44	  16.43	
    430	  -2.63	 -11.90	  0.051	1.00098							#	   2.26	  21.20	
    431	  -6.82	 -15.58	  0.053	1.00134							#	   2.87	  19.14	
    432	  -2.10	 -10.94	  0.054	1.00071							#	   1.92	  18.07	
    433	   6.04	 -24.41	  0.160	1.00025							#	   4.66	  18.26	
    434	   4.20	 -16.42	  0.184	1.00106							#	   1.62	  18.53	
    435	  -6.99	 -13.21	  0.198	1.00010							#	   1.97	  17.19	
    436	 -15.95	 -12.95	  0.195	1.00007							#	   3.26	  15.59	
    437	 -22.84	 -13.96	  0.161	0.99928							#	   4.97	  16.62	
    438	 -11.16	  -6.92	  0.213	0.99979							#	   1.51	  17.92	
    439	 -12.83	 -12.60	  0.248	1.00081							#	   2.15	  17.73	
    440	 -13.15	   1.52	  0.218	0.99934							#	   1.50	  18.15	
    441	   4.20	  -5.50	  0.144	0.99924							#	   0.45	  21.16	
    442	 -12.14	   8.99	  0.145	0.99949							#	   2.22	  17.58	
    443	 -32.23	  14.45	  0.106	0.99837							#	   7.56	  16.70	
    444	  -4.01	  11.99	  0.126	0.99954							#	   0.95	  18.07	
    445	   1.20	  18.78	  0.151	0.99949							#	   1.98	  17.27	
    446	   1.01	  24.16	  0.085	0.99962							#	   2.27	  14.30	
    447	  12.05	  26.62	  0.042	0.99954							#	   3.20	  14.14	
    448	   4.81	  25.27	  0.001	0.99964							#	   2.47	  16.51	
    449	  -1.48	  14.02	  0.011	0.99947							#	   1.78	  19.18	
    450	  -1.62	  14.53	  0.014	0.99956							#	   1.59	  19.94	
    451	  -6.47	  11.32	 -0.002	0.99930							#	   1.44	  21.88	
    452	   0.06	   3.77	  0.035	0.99941							#	   0.35	  25.05	
    453	  -2.56	   6.04	  0.010	0.99943							#	   0.74	  29.13	
    454	   1.52	  -1.64	 -0.041	1.00011							#	   0.30	  29.66	
    455	   0.33	   4.55	  0.003	1.00027							#	   0.48	  26.92	
    456	  -3.36	  -2.88	 -0.018	0.99989							#	   0.58	  28.17	
    457	  -0.42	   1.10	  0.004	1.00011							#	   0.66	  28.02	
    458	   0.16	 -10.18	 -0.003	0.99988							#	   2.68	  26.69	
    459	   3.42	 -16.64	 -0.086	1.00030							#	   3.73	  25.73	
    460	   3.30	 -10.27	 -0.137	1.00000							#	   1.38	  25.58	
    461	   6.12	 -11.19	 -0.068	0.99986							#	   2.05	  24.97	
    462	   1.00	 -16.12	 -0.084	1.00065							#	   2.81	  22.53	
    463	  11.03	   1.82	 -0.007	1.00044							#	   2.40	  23.29	
    464	  -4.97	 -23.46	  0.030	1.00031							#	   4.68	  25.20	
    465	  -0.71	 -15.79	  0.003	1.00033							#	   1.45	  23.71	
    466	   1.78	 -14.93	 -0.057	1.00045							#	   1.56	  22.23	
    467	  13.82	 -10.67	 -0.063	1.00061							#	   2.88	  21.35	
    468	  15.66	 -19.79	 -0.091	1.00007							#	   4.69	  22.00	
    469	   7.60	  -2.48	 -0.050	1.00032							#	   0.67	  26.69	
    470	  -3.06	  -0.72	 -0.005	1.00062							#	   0.43	  27.75	
    471	   2.13	   9.07	 -0.040	1.00026							#	   1.41	  29.70	
    472	  -8.26	  -6.72	 -0.031	1.00003							#	   1.16	  28.75	
    473	  -6.28	  -1.07	 -0.176	0.99990							#	   0.51	  29.36	
    474	  -3.43	   1.19	 -0.125	1.00006							#	   0.58	  29.05	
    475	  -3.61	  -5.04	 -0.057	1.00021							#	   0.69	  31.22	
    476	   5.23	   2.33	 -0.032	1.00046							#	   0.73	  28.71	
    477	   4.19	  -3.35	 -0.033	1.00023							#	   0.74	  29.66	
    478	  -1.50	   1.51	 -0.059	0.99749							#	   0.57	  32.18	
    479	   6.55	   4.49	  0.001	0.99189							#	   2.08	  29.62	
    480	   3.14	  -6.57	 -0.084	0.99075							#	   1.22	  31.22	
    481	  -1.87	  -3.25	 -0.007	0.98260							#	   3.22	  30.84	
    482	   0.95	  -4.83	 -0.075	0.97923							#	   2.43	  28.40	
    483	   5.08	  -2.72	 -0.067	0.97762							#	   2.40	  30.12	
    484	   9.08	  -5.29	 -0.007	0.97593							#	   2.64	  29.74	
    485	  10.59	  -5.73	 -0.039	0.97217							#	   3.24	  27.68	
    486	  15.90	 -12.92	 -0.052	0.96698							#	   4.56	  27.30	
    487	  18.26	  -7.87	 -0.058	0.97082							#	   2.37	  31.57	
    488	  12.37	  -9.24	 -0.086	0.96841							#	   2.87	  27.18	
    489	  20.89	 -18.27	 -0.113	0.96188							#	   5.70	  23.56	
    490	  32.75	 -13.80	 -0.063	0.95723							#	   5.31	  24.40	
    491	  38.16	 -17.83	 -0.129	0.96525							#	   5.15	  23.33	
    492	  19.05	 -11.08	 -0.124	0.97268							#	   2.38	  22.26	
    493	  14.73	 -21.99	 -0.109	0.97671							#	   3.52	  25.51	
    494	  15.05	 -17.41	 -0.092	0.97574							#	   2.42	  24.93	
    495	  25.71	 -15.53	 -0.033	0.97197							#	   3.66	  24.44	
    496	  19.54	 -17.98	 -0.037	0.97547							#	   3.02	  24.32	
    497	  15.12	  -2.06	 -0.001	0.98114							#	   1.78	  29.93	
    498	   9.06	   0.31	  0.017	0.98992							#	   0.86	  30.84	
    499	   2.19	  -9.70	  0.048	0.99472							#	   1.32	  33.13	
    500	   2.35	   1.00	  0.012	0.99744							#	   0.48	  37.09	
    501	   2.23	  -1.16	 -0.018	0.99552							#	   0.69	  35.00	
    502	   4.64	  -2.21	 -0.004	0.99620							#	   1.19	  34.92	
    503	  -2.49	  -4.98	 -0.011	0.99367							#	   2.14	  35.84	
    504	   6.28	  -7.39	 -0.012	0.99089							#	   2.38	  29.58	
    505	  11.32	   6.94	  0.002	0.99006							#	   4.47	  30.50	
    506	 -12.51	  -0.30	 -0.041	0.99690							#	   3.03	  35.00	
    507	 -16.19	  -1.89	 -0.010	0.99706							#	   2.79	  33.36	
    508	  -4.67	  -7.59	  0.001	0.99677							#	   1.04	  33.40	
    509	  -0.27	 -13.67	  0.005	0.99400							#	   1.94	  26.95	
    510	  -5.02	 -27.35	  0.052	0.99381							#	   5.78	  24.55	
    511	  -5.12	 -24.52	 -0.040	0.99267							#	   3.32	  24.44	
    512	  -8.23	 -32.63	 -0.128	0.99105							#	   5.79	  25.85	
    513	  13.41	 -25.17	 -0.066	0.98880							#	   3.86	  22.15	
    514	  11.94	 -22.03	 -0.085	0.98637							#	   3.85	  22.84	
    515	  16.62	 -20.38	 -0.053	0.98472							#	   3.76	  24.63	
    516	   0.45	 -21.62	 -0.004	0.98254							#	   2.97	  28.33	
    517	   7.25	 -25.29	 -0.116	0.98242							#	   3.28	  26.92	
    518	  27.38	 -13.82	 -0.014	0.98308							#	   4.14	  25.73	
    519	  15.63	  -4.12	 -0.034	0.98533							#	   1.95	  28.10	
    520	   9.48	  -0.54	  0.010	0.98184							#	   1.20	  31.11	
    521	  -1.22	  -9.43	 -0.011	0.97656							#	   1.82	  31.38	
    522	  -3.84	 -11.87	  0.043	0.96975							#	   3.03	  32.10	
    523	   4.19	 -11.56	 -0.027	0.96432							#	   3.17	  28.02	
    524	   9.74	 -13.01	 -0.005	0.96577							#	   3.78	  28.82	
    525	   1.32	 -16.14	 -0.106	0.96758							#	   3.79	  23.03	
    526	  13.90	 -26.92	 -0.061	0.96534							#	   5.88	  22.84	
    527	  19.79	 -34.20	 -0.085	0.97051							#	   4.88	  16.89	
    528	  28.68	 -46.05	 -0.095	0.97578							#	   6.98	  13.65	
    529	  47.63	 -47.26	 -0.113	0.97621							#	   2.75	   9.65	
    530	  44.52	 -29.43	  0.119	0.97370							#	   6.07	   8.65	
    531	  15.88	 -28.72	 -0.009	0.97894							#	   3.80	  19.25	
    532	  -0.84	 -14.83	  0.026	0.98148							#	   2.01	  23.60	
    533	  13.13	  -3.77	 -0.059	0.98263							#	   1.42	  26.15	
    534	   4.14	  -8.61	 -0.080	0.98455							#	   0.91	  24.36	
    535	  -2.14	  -7.30	  0.018	0.98532							#	   0.88	  22.34	
    536	  -4.93	  -6.84	 -0.055	0.98715							#	   0.95	  20.43	
    537	  -1.28	 -10.57	  0.059	0.98832							#	   1.86	  21.20	
    538	 -15.63	 -11.88	 -0.050	0.98897							#	   4.98	  21.77	
    539	   2.67	 -18.05	 -0.072	0.98827							#	   3.20	  21.27	
    540	 -15.27	 -19.32	 -0.099	0.99003							#	   6.68	  18.76	
    541	  -1.03	 -20.09	 -0.075	0.99074							#	   3.33	  16.58	
    542	 -17.19	 -16.38	 -0.032	0.99139							#	   4.64	  18.34	
