      1	   5.13	 -11.05	  0.123	1.00247							#	  10.62	  48.66	
      2	   3.57	  -8.16	  0.133	1.00080							#	   3.28	  49.06	
      3	  12.96	  -9.87	  0.091	1.00222							#	   9.17	  47.04	
      4	   3.55	   2.48	 -0.002	0.99974							#	   0.78	  48.79	
      5	  -0.46	  -0.33	  0.031	1.00094							#	   0.53	  52.02	
      6	  -0.25	  -3.70	  0.007	1.00107							#	   1.04	  49.06	
      7	   3.95	  -1.14	 -0.028	1.00145							#	   1.43	  47.85	
      8	   3.62	  -1.29	  0.038	1.00101							#	   1.45	  43.95	
      9	   1.41	   0.58	 -0.024	1.00015							#	   2.21	  39.65	
     10	  -3.85	  -1.19	 -0.046	1.00241							#	   4.03	  42.61	
     11	  -2.62	   0.87	 -0.063	1.00044							#	   2.55	  42.88	
     12	   3.09	  -1.83	 -0.032	1.00087							#	   3.98	  42.34	
     13	   2.96	   2.57	 -0.033	1.00054							#	   3.16	  43.95	
     14	  -0.81	   4.55	 -0.028	0.99998							#	   3.20	  47.04	
     15	   3.64	   4.61	 -0.030	1.00070							#	   3.42	  48.92	
     16	  -0.10	  -3.60	 -0.048	1.00146							#	   1.18	  52.96	
     17	   1.01	  -5.45	 -0.066	1.00134							#	   2.01	  51.88	
     18	   0.17	 -12.88	 -0.040	1.00207							#	   9.10	  50.27	
     19	  10.88	  -1.98	 -0.004	1.00199							#	   3.15	  47.45	
     20	   1.55	  -3.73	 -0.095	1.00271							#	   1.82	  43.55	
     21	   0.97	   1.67	 -0.025	1.00220							#	   1.38	  46.10	
     22	  -5.84	  -1.40	 -0.005	1.00244							#	   2.64	  44.62	
     23	  -2.07	   4.69	 -0.054	1.00175							#	   1.32	  46.51	
     24	  -3.15	  -5.50	  0.020	1.00067							#	   1.63	  49.87	
     25	  -2.67	   1.75	  0.011	1.00127							#	   0.72	  53.36	
     26	  -8.02	   3.61	 -0.052	1.00168							#	   3.36	  52.28	
     27	   0.55	   4.32	  0.004	1.00181							#	   0.86	  56.18	
     28	  -4.59	   0.46	 -0.009	1.00048							#	   1.28	  56.72	
     29	  -1.98	  -1.20	 -0.030	1.00036							#	   0.57	  60.35	
     30	  -2.32	  -6.05	 -0.008	0.99100							#	   2.94	  59.14	
     31	   7.46	   3.66	  0.048	0.97146							#	   4.19	  53.63	
     32	  -1.72	   1.23	  0.104	0.96539							#	   3.10	  56.05	
     33	  -0.85	  -1.82	  0.024	0.97751							#	   2.99	  54.97	
     34	  -4.39	   1.70	 -0.018	0.98036							#	   3.26	  50.00	
     35	   2.26	  -2.12	 -0.057	0.99013							#	   2.46	  46.77	
     36	  -3.29	   6.65	 -0.029	0.98968							#	   2.50	  45.70	
     37	  -7.91	   0.91	 -0.059	0.99060							#	   3.88	  45.43	
     38	  -8.02	   4.49	 -0.043	0.98962							#	   4.39	  45.70	
     39	  -4.84	   5.06	 -0.090	0.99089							#	   3.76	  45.56	
     40	  -6.30	  -2.93	 -0.087	0.98397							#	   4.72	  43.68	
     41	  -4.29	  -5.51	 -0.059	0.98263							#	   4.74	  43.82	
     42	  -5.20	   4.85	 -0.116	0.98655							#	   4.74	  43.82	
     43	  -2.28	   2.54	 -0.130	0.98359							#	   3.69	  41.53	
     44	  -7.50	   2.13	 -0.146	0.98027							#	   3.88	  46.37	
     45	  -4.40	  -2.62	 -0.057	0.97325							#	   3.50	  49.06	
     46	  -5.74	  -4.72	 -0.143	0.97496							#	   5.33	  50.13	
     47	   0.72	   1.49	 -0.113	0.97691							#	   2.07	  47.98	
     48	  -8.80	   2.36	 -0.109	0.97684							#	   6.70	  43.68	
     49	  -9.91	   1.91	 -0.139	0.97208							#	   5.74	  38.31	
     50	 -12.29	   0.39	 -0.192	0.95614							#	   7.11	  32.93	
     51	  -4.80	  -4.79	 -0.125	0.94479							#	   5.74	  29.17	
     52	 -18.60	   2.88	  0.003	0.94287							#	   7.01	  25.81	
     53	 -26.56	  -2.45	 -0.034	0.94199							#	   6.44	  24.73	
     54	 -21.95	  -7.22	 -0.023	0.95255							#	   5.59	  22.72	
     55	 -12.45	 -11.07	 -0.058	0.95681							#	   4.63	  22.18	
     56	 -21.64	  -5.07	 -0.086	0.95923							#	   5.36	  22.72	
     57	 -21.03	  -7.70	 -0.049	0.95895							#	   6.04	  22.45	
     58	 -29.11	  -5.88	 -0.045	0.95770							#	   4.85	  22.72	
     59	 -23.91	   0.10	 -0.061	0.95483							#	   6.38	  19.22	
     60	 -22.88	 -25.74	  0.074	0.95055							#	   6.13	  21.10	
     61	 -20.95	 -23.74	  0.013	0.94343							#	   7.05	  19.76	
     62	 -15.24	 -27.12	  0.142	0.94089							#	   6.45	  24.19	
     63	 -15.05	 -25.18	  0.000	0.93623							#	   7.04	  23.52	
     64	 -34.33	 -23.03	  0.015	0.93814							#	   7.47	  19.49	
     65	 -37.70	 -18.30	  0.111	0.94018							#	   6.36	  19.76	
     66	 -37.09	 -18.34	  0.112	0.93430							#	   5.98	  25.81	
     67	 -27.86	 -15.99	  0.460	0.93780							#	   4.85	  20.97	
     68	 -44.58	 -32.84	  0.761	0.94068							#	   3.56	  15.32	
     69	 -51.98	 -21.42	  0.819	0.97980							#	   3.46	  11.16	
     70	 -37.55	 -21.52	  0.539	0.98125							#	   1.48	  13.44	
     71	 -19.39	  -6.68	  0.613	0.98526							#	   1.61	  15.59	
     72	  -6.16	  -8.47	  0.574	0.98183							#	   1.13	  16.40	
     73	   3.19	  -2.00	  0.444	0.99745							#	   0.54	  25.40	
     74	   3.41	   3.90	 -0.106	0.99734							#	   0.71	  25.00	
     75	   5.76	   6.90	 -0.082	0.99759							#	   1.78	  22.45	
     76	   6.58	   3.66	 -0.469	1.00012							#	   1.50	  22.45	
     77	  10.53	  -3.52	 -0.905	1.00044							#	   2.16	  17.20	
     78	  17.52	  -5.13	 -0.549	1.00710							#	   4.36	  15.73	
     79	  26.99	  -5.65	 -0.943	1.00946							#	   3.36	  17.20	
     80	  16.18	  12.72	 -1.001	0.97283							#	   5.04	  13.98	
     81	  11.48	  15.77	  0.268	0.99860							#	   3.34	  10.75	
     82	   9.06	  18.58	 -0.379	1.00251							#	   3.36	  18.95	
     83	  23.94	  22.36	 -0.034	0.99526							#	   2.84	  23.25	
     84	  15.01	  11.41	 -0.088	0.99803							#	   3.23	  22.85	
     85	  -3.82	  16.57	 -0.470	0.99703							#	   3.39	  28.49	
     86	   0.60	  10.34	 -0.216	0.99903							#	   1.95	  29.70	
     87	 -16.63	  10.95	 -0.128	0.99907							#	   3.68	  24.60	
     88	 -27.76	  -1.54	 -0.306	1.01932							#	   0.71	  23.39	
     89	   7.62	 -15.65	 -0.339	1.10437							#	   9.83	  15.05	
     90	  22.57	  -5.54	  0.069	1.16399							#	   9.20	  11.69	
     91	  21.09	   0.13	 -0.043	1.16500							#	   8.75	   8.33	
     92	   9.06	  -2.25	  0.118	1.16135							#	   8.40	   7.66	
     93	  -5.35	   8.13	 -0.358	1.19143							#	   9.58	   9.01	
     94	   2.18	   2.89	 -0.362	1.17310							#	   9.77	  12.90	
     95	  17.00	   6.92	 -0.159	1.13603							#	   6.92	  20.97	
     96	   6.92	   3.52	 -0.182	1.11575							#	   6.90	  24.06	
     97	   6.84	   6.14	 -0.174	1.09640							#	   6.98	  27.69	
     98	  10.46	   4.86	 -0.073	1.06302							#	   5.47	  29.57	
     99	  35.84	  -3.31	  0.052	1.00026							#	   1.28	  36.69	
    100	  10.07	   0.97	 -0.090	1.00121							#	   3.60	  44.49	
    101	   8.65	   2.17	  0.030	0.99885							#	   2.19	  45.30	
    102	   4.05	   4.11	 -0.054	0.99958							#	   1.13	  44.62	
    103	   4.04	   8.32	 -0.136	1.00018							#	   1.97	  44.22	
    104	   0.48	   1.35	 -0.049	1.00034							#	   1.56	  48.39	
    105	  -0.00	   1.88	 -0.058	1.00074							#	   1.79	  43.15	
    106	   5.83	  -1.74	 -0.160	1.00105							#	   3.47	  41.40	
    107	   6.91	   6.16	 -0.068	1.00210							#	   4.76	  37.63	
    108	  -2.42	   0.96	 -0.046	0.99841							#	   1.40	  40.19	
    109	  -0.37	   6.00	 -0.057	1.00185							#	   2.36	  40.73	
    110	   2.94	   5.21	 -0.028	1.00050							#	   2.83	  41.13	
    111	   2.75	   8.19	 -0.023	1.00163							#	   4.07	  39.78	
    112	   1.81	  -0.15	 -0.072	0.99986							#	   0.81	  51.48	
    113	   5.22	   2.61	 -0.157	0.99916							#	   2.55	  55.65	
    114	   8.59	   1.36	 -0.048	0.99931							#	   4.91	  56.45	
    115	  16.55	   4.09	 -0.070	0.99908							#	   9.00	  56.85	
    116	   6.02	  -6.46	 -0.016	0.99913							#	   1.93	  55.78	
    117	   2.24	   4.60	 -0.062	0.99989							#	   0.86	  57.53	
    118	   0.32	  -1.55	 -0.070	0.99830							#	   0.52	  51.75	
    119	   4.82	   4.31	 -0.086	0.99935							#	   1.93	  47.72	
    120	   2.51	  -6.71	 -0.063	0.99981							#	   2.41	  47.85	
    121	   2.11	   0.39	 -0.091	1.00048							#	   2.12	  43.28	
    122	   2.28	  -7.75	 -0.057	1.00001							#	   4.68	  43.95	
    123	   2.83	  -1.19	  0.005	1.00022							#	   2.42	  47.45	
    124	  -2.13	  -4.16	  0.040	0.99896							#	   3.87	  45.83	
    125	  -0.37	   1.88	  0.025	0.99904							#	   3.65	  42.47	
    126	  -7.40	   8.17	 -0.017	0.99866							#	   7.89	  45.70	
    127	   3.70	   6.38	 -0.008	0.99864							#	   3.04	  46.24	
    128	  -1.45	  -1.67	 -0.079	0.99973							#	   0.64	  56.99	
    129	  -6.04	   2.31	 -0.016	0.99905							#	   2.05	  56.32	
    130	  -2.82	  -2.56	  0.020	0.99872							#	   1.76	  52.96	
    131	   2.48	   6.61	  0.006	0.99960							#	   2.25	  50.94	
    132	  -7.24	  -7.30	  0.054	0.99888							#	   8.02	  44.09	
    133	 -11.10	  -3.72	 -0.075	0.99858							#	   5.72	  39.78	
    134	 -13.41	  -3.42	 -0.018	0.99762							#	   5.77	  43.55	
    135	  -7.76	   9.73	  0.001	0.99905							#	   4.54	  42.34	
    136	  -8.54	  -2.57	  0.005	0.99770							#	   2.40	  46.91	
    137	   1.81	   1.44	 -0.037	0.99842							#	   0.70	  49.87	
    138	  -1.42	  -0.93	 -0.047	0.99797							#	   0.41	  56.18	
    139	  -0.20	   3.96	 -0.026	0.99756							#	   0.68	  51.34	
    140	  -7.31	   0.07	 -0.033	0.99788							#	   1.94	  54.30	
    141	  -3.81	   3.61	 -0.118	0.99862							#	   1.41	  52.69	
    142	  -2.73	   4.98	 -0.112	0.99874							#	   1.88	  53.90	
    143	   2.34	   0.93	 -0.074	1.00042							#	   2.26	  51.21	
    144	  -0.63	  -1.49	 -0.071	1.00007							#	   2.20	  46.24	
    145	  -1.28	  -5.72	  0.009	0.99913							#	   5.03	  43.82	
    146	  -1.23	  -1.57	 -0.094	0.99947							#	   3.96	  45.30	
    147	   9.47	  14.23	 -0.039	1.00007							#	  14.67	  39.25	
    148	  -3.71	   7.59	 -0.062	0.99755							#	   3.86	  40.19	
    149	   2.08	   2.35	 -0.076	0.99726							#	   3.07	  42.61	
    150	   4.68	  -1.46	 -0.086	0.99900							#	   2.51	  40.19	
    151	   3.13	   5.34	 -0.143	0.99847							#	   1.93	  48.39	
    152	  -2.57	  -0.04	 -0.018	0.99781							#	   0.55	  57.26	
    153	   3.06	   3.46	  0.096	0.99654							#	   1.01	  47.72	
    154	   3.19	   1.45	 -0.003	0.99724							#	   1.76	  46.10	
    155	   5.36	   4.49	 -0.078	0.99644							#	   3.89	  41.53	
    156	   3.27	   0.92	 -0.116	0.99640							#	   3.45	  40.19	
    157	   2.37	   4.14	 -0.045	0.99648							#	   4.58	  40.86	
    158	  -2.12	   2.88	  0.040	0.99603							#	   3.65	  43.41	
    159	   6.12	   7.63	  0.000	0.99828							#	   6.14	  49.19	
    160	  -1.31	  -1.44	  0.049	0.99841							#	   0.63	  55.65	
    161	   0.02	   0.83	  0.013	0.99974							#	   0.82	  54.57	
    162	  -1.14	   1.33	 -0.033	0.99851							#	   0.65	  59.95	
    163	   7.20	   2.66	  0.019	0.99796							#	   3.62	  60.08	
    164	  -4.08	  -4.18	 -0.073	0.99798							#	   1.42	  60.48	
    165	  -1.26	   1.31	 -0.064	0.99744							#	   0.86	  61.69	
    166	  -3.42	  -1.80	 -0.047	0.99745							#	   1.26	  61.02	
    167	  -0.90	   0.52	 -0.068	0.99797							#	   0.88	  59.27	
    168	  -3.37	  -5.91	  0.028	0.99797							#	   3.42	  53.36	
    169	   0.01	   0.45	 -0.025	0.99789							#	   2.32	  50.40	
    170	   1.12	  -2.54	 -0.044	0.99918							#	   4.45	  47.85	
    171	   0.78	   4.26	  0.035	0.99832							#	   3.75	  46.64	
    172	  -6.42	  -2.25	 -0.058	0.99739							#	   4.34	  45.83	
    173	  -2.91	   2.55	  0.048	0.99867							#	   5.02	  44.35	
    174	  -5.78	  -0.85	  0.057	0.99976							#	   4.78	  45.70	
    175	   2.85	   3.11	  0.158	0.99892							#	   5.60	  46.37	
    176	  -3.26	  -4.60	  0.002	0.99749							#	   2.96	  47.98	
    177	  -4.30	   0.31	 -0.015	0.99885							#	   2.19	  50.94	
    178	  -6.56	  -1.83	 -0.035	0.99879							#	   2.63	  57.53	
    179	   6.89	   4.34	  0.071	0.99709							#	   2.97	  58.06	
    180	  -0.44	  -5.51	 -0.027	0.99757							#	   3.15	  49.06	
    181	  -0.08	  -3.58	 -0.028	0.99829							#	   3.89	  47.18	
    182	  -9.40	  -3.33	  0.076	0.99720							#	  12.70	  42.34	
    183	  -2.07	   7.09	  0.037	0.99646							#	   2.75	  39.92	
    184	 -10.74	  -5.95	  0.137	0.99703							#	   6.58	  44.89	
    185	 -10.22	   1.31	  0.038	0.99662							#	   3.60	  47.58	
    186	 -11.45	   1.50	 -0.001	0.99658							#	   3.93	  47.85	
    187	  -5.20	   2.90	 -0.049	0.99624							#	   1.27	  53.09	
    188	  -6.01	  -3.44	 -0.082	0.99730							#	   1.56	  52.42	
    189	  -7.15	   1.33	 -0.032	0.99830							#	   1.49	  56.72	
    190	 -10.53	  -0.23	 -0.014	0.99799							#	   3.94	  52.82	
    191	  -5.54	   2.90	 -0.026	0.99815							#	   1.36	  48.25	
    192	 -12.17	  -2.03	 -0.035	0.99790							#	   5.55	  53.09	
    193	 -12.77	   0.81	 -0.027	0.99769							#	   4.57	  51.61	
    194	 -12.81	  -1.37	 -0.076	0.99761							#	   4.53	  43.01	
    195	  -0.26	   3.91	 -0.065	0.99854							#	   2.21	  41.94	
    196	 -12.63	  -4.29	 -0.039	0.99871							#	   6.36	  36.69	
    197	 -10.00	   0.05	 -0.017	1.00070							#	   4.10	  38.04	
    198	  -3.51	  -4.29	 -0.100	0.99956							#	   6.62	  36.56	
    199	   2.65	  -0.12	 -0.100	1.00016							#	   5.91	  38.98	
    200	  -2.79	  -4.00	 -0.077	0.99929							#	   3.76	  37.63	
    201	  -4.33	  -4.01	 -0.100	0.99902							#	   3.30	  35.62	
    202	  -3.91	  -1.33	 -0.037	0.99945							#	   2.48	  38.31	
    203	   2.70	   5.89	 -0.059	0.99919							#	   3.28	  45.03	
    204	  -5.38	   2.14	 -0.036	0.99684							#	   2.77	  43.01	
    205	  -0.82	   1.13	 -0.007	0.99786							#	   2.94	  41.67	
    206	   1.29	   0.45	  0.086	0.99776							#	   5.03	  34.14	
    207	  11.90	   5.62	 -0.004	1.00163							#	   6.83	  27.69	
    208	   3.32	   1.13	  0.024	1.00003							#	   3.01	  27.69	
    209	   7.08	   0.33	  0.184	0.99801							#	   3.82	  32.12	
    210	   6.04	  -3.37	  0.090	0.99610							#	   2.11	  32.80	
    211	  12.57	  13.10	 -0.082	0.99428							#	   9.09	  31.99	
    212	   1.35	   2.18	  0.087	0.99655							#	   0.42	  38.84	
    213	  -0.96	   3.79	  0.074	0.99564							#	   0.77	  46.91	
    214	  -1.68	   0.16	  0.143	0.99656							#	   0.53	  51.08	
    215	   1.57	   5.80	  0.039	0.99640							#	   1.25	  44.62	
    216	  -1.30	  -5.06	 -0.022	0.99557							#	   1.47	  38.98	
    217	  -0.37	   1.32	 -0.112	0.99851							#	   3.25	  37.77	
    218	  -1.38	  -1.99	 -0.018	0.99930							#	   7.75	  33.87	
