      1									skipped		#	   1.06	   0.70	
      2	   0.79	   9.69	 -0.030	1.00048							#	   1.63	  15.18	
      3	  16.37	   6.89	 -0.084	0.99824							#	   1.19	  14.70	
      4	   6.36	  13.55	 -0.065	1.00047							#	   1.09	  11.80	
      5	  20.70	   0.73	  0.016	0.99961							#	   0.84	  12.28	
      6	  13.65	  -5.42	  0.059	1.00012							#	   1.35	  12.43	
      7	  -9.24	   2.23	  0.046	1.00016							#	   0.75	  13.20	
      8	   6.16	  -9.81	  0.012	0.99880							#	   1.32	  15.43	
      9	  -0.72	   6.35	 -0.034	0.99913							#	   0.69	  16.42	
     10	  11.95	  -5.64	  0.022	0.99904							#	   0.57	  14.92	
     11	  -7.40	   0.23	  0.012	1.00153							#	   0.70	  13.38	
     12	 -22.21	   7.03	 -0.050	1.00035							#	   1.94	  11.33	
     13	   0.63	  10.88	  0.016	0.99947							#	   1.73	  13.23	
     14									skipped		#	   1.72	   0.77	
     15	   1.79	  12.49	  0.003	1.00095							#	   1.04	  16.17	
     16									skipped		#	   1.95	   0.70	
     17									skipped		#	   1.14	   1.03	
     18									skipped		#	   2.60	   0.48	
     19	   2.70	   3.29	 -0.002	0.99964							#	   0.45	  16.94	
     20	  13.69	   7.49	 -0.052	0.99914							#	   1.15	  13.23	
     21	  11.04	  -1.59	 -0.021	0.99865							#	   1.63	  12.57	
     22	  16.37	   1.63	 -0.034	0.99796							#	   1.68	  12.28	
     23									skipped		#	   2.04	   0.70	
     24	  -3.40	  -5.10	  0.101	1.00028							#	   0.78	  16.64	
     25	  -0.09	  -7.69	 -0.008	0.99929							#	   0.88	  14.81	
     26	  10.04	  -5.31	  0.012	1.00074							#	   0.88	  14.52	
     27	   6.76	   0.73	 -0.048	0.99785							#	   1.68	  15.21	
     28	   3.27	   0.63	  0.013	0.99992							#	   0.64	  16.31	
     29	   2.85	   0.29	 -0.053	1.00052							#	   0.52	  17.19	
     30	   6.88	   3.33	 -0.002	0.99933							#	   1.42	  15.36	
     31	  40.84	  -6.34	  0.049	1.00319							#	   1.15	   2.16	
     32	  -6.94	   0.62	  0.058	1.00153							#	   0.55	  15.87	
     33	  -4.40	   2.51	  0.019	0.99977							#	   0.53	  17.89	
     34	  11.70	   0.01	 -0.036	0.99985							#	   0.50	  17.12	
     35	  21.64	  -1.63	 -0.019	1.00005							#	   0.62	  14.92	
     36	  -6.67	   4.60	 -0.029	0.99936							#	   0.50	  15.98	
     37	  -1.65	   1.19	 -0.031	0.99964							#	   0.69	  13.60	
     38	   0.14	   1.62	 -0.027	0.99873							#	   0.63	  14.55	
     39	  14.41	  -4.81	  0.012	0.99771							#	   1.09	  12.43	
     40	 -12.90	  -6.87	 -0.045	0.99854							#	   1.35	  14.11	
     41	 -17.42	 -10.66	  0.003	0.99988							#	   1.37	  13.60	
     42	  -5.85	  -3.54	  0.000	0.99721							#	   0.48	  13.75	
     43	  12.89	   3.39	 -0.070	0.99516							#	   0.85	  12.94	
     44	  19.90	   7.30	  0.015	0.99944							#	   0.73	  14.52	
     45	  -1.51	  -2.40	  0.060	1.00178							#	   0.53	  16.06	
     46	 -14.49	  10.30	  0.063	0.99962							#	   1.45	  15.76	
     47	  12.23	  10.23	 -0.079	1.00056							#	   1.09	  15.25	
     48	   1.90	  11.50	 -0.030	1.00137							#	   1.26	  16.02	
     49	  -2.61	  25.64	 -0.229	1.00385							#	   4.00	   5.79	
