      1	  -1.46	   0.29	 -0.022	1.00029							#	   1.37	  12.13	
      2	   2.14	  -8.22	  0.078	1.00056							#	   2.12	  10.79	
      3	   3.39	  -4.67	 -0.011	1.00040							#	   1.40	  11.99	
      4	  -5.57	   4.49	  0.055	1.00072							#	   1.39	  11.68	
      5	   4.09	   3.26	  0.033	1.00101							#	   1.03	  11.22	
      6	   2.28	   9.58	  0.003	1.00062							#	   1.93	  11.64	
      7	  -3.44	   2.04	  0.001	1.00057							#	   0.50	  11.78	
      8	   2.47	   7.30	 -0.015	1.00023							#	   1.54	  12.42	
      9	   5.69	  11.85	 -0.032	1.00058							#	   2.75	  10.90	
     10	   2.68	   4.98	  0.010	1.00048							#	   0.73	  11.18	
     11	   1.11	   2.34	  0.033	1.00045							#	   0.68	  11.89	
     12	   2.15	  -2.16	  0.009	1.00015							#	   0.60	  12.42	
     13	   4.30	  -0.71	  0.081	1.00104							#	   0.76	  10.37	
     14	   1.43	  -2.35	  0.126	0.99926							#	   0.83	  10.62	
     15	  -7.69	   0.26	 -0.016	1.00054							#	   2.92	   9.95	
     16	   1.00	  -5.67	  0.008	1.00056							#	   1.72	  11.53	
     17	   1.13	   7.21	 -0.023	0.99960							#	   3.39	  11.85	
     18	   6.16	   2.34	 -0.074	1.00075							#	   1.26	  10.19	
     19	  -1.74	   5.63	  0.041	0.99986							#	   1.55	   9.31	
     20	  -5.09	   2.11	  0.033	0.99917							#	   2.19	   9.07	
     21	  -5.64	   3.27	  0.056	1.00040							#	   2.63	  10.02	
     22	  -0.86	   1.89	 -0.002	0.99957							#	   1.79	  10.23	
     23	  -0.93	   1.60	  0.038	1.00010							#	   1.10	  10.55	
     24	   6.95	   3.50	  0.006	0.99969							#	   1.34	  10.72	
     25	   4.25	   3.38	 -0.024	0.99873							#	   1.23	   9.56	
     26	   5.22	   0.55	  0.035	0.99978							#	   0.78	  10.05	
     27	   5.20	   1.39	 -0.057	0.99984							#	   1.14	   9.49	
     28	  19.18	  -4.03	  0.028	0.99904							#	   8.95	   8.15	
     29	  35.32	  -5.01	  0.123	0.99944							#	   6.70	   7.58	
     30	 -20.31	   8.89	  0.018	1.00163							#	   2.73	   5.57	
     31	 -30.59	   2.10	  0.029	0.99893							#	   5.59	   7.58	
     32	   3.43	  -5.47	  0.111	0.99934							#	   0.48	  10.12	
     33	  10.97	  -5.71	 -0.003	0.99963							#	   1.33	  10.90	
     34	   1.12	   0.97	 -0.034	0.99906							#	   0.16	  12.31	
     35	  -2.36	  -9.84	 -0.058	0.99897							#	   0.86	  10.90	
     36	  -1.12	  -1.73	  0.023	1.00032							#	   0.28	  11.08	
     37	   7.24	   2.19	  0.081	0.99988							#	   1.06	  10.23	
     38	  -7.26	   6.85	 -0.133	0.99983							#	   1.97	  11.71	
     39	   8.61	   5.62	  0.047	1.00062							#	   1.74	  11.25	
     40	  16.13	  -0.49	 -0.059	1.00099							#	   4.26	  11.36	
     41	   6.63	   1.69	 -0.074	0.99934							#	   0.61	  11.11	
     42	  -5.78	   6.83	 -0.098	1.00075							#	   1.09	  11.96	
     43	  -1.53	   1.60	 -0.127	0.99895							#	   0.38	  10.72	
     44	   3.12	  -3.01	 -0.101	0.99943							#	   0.61	  10.48	
     45	  17.54	 -14.53	 -0.005	0.99981							#	   6.26	  10.37	
     46	  13.86	   2.53	 -0.052	0.99891							#	   1.48	   9.66	
     47	  12.49	 -10.56	  0.040	1.00012							#	   3.09	  10.30	
     48	   0.37	   1.69	 -0.010	0.99916							#	   0.68	  10.48	
     49	  -9.48	  16.08	  0.079	0.97221							#	   5.27	   8.92	
     50	  -1.82	   3.05	  0.070	0.94672							#	   7.55	   8.25	
     51	   1.82	  -3.48	  0.016	0.93592							#	   7.27	   6.81	
     52	  22.55	  -4.58	  0.136	0.92765							#	   8.97	   8.40	
     53	  23.29	   5.31	  0.026	0.92417							#	   7.89	   8.32	
     54	  15.68	 -11.38	 -0.004	0.93454							#	   6.01	   7.37	
     55	  14.23	  -8.41	  0.021	0.95781							#	   4.47	   8.43	
     56	  -0.98	 -19.28	 -0.014	0.97133							#	   4.31	   6.98	
     57	  -2.24	 -21.25	  0.054	0.97558							#	   3.46	   7.30	
     58	  -5.10	 -26.65	  0.044	0.96944							#	   8.07	   5.64	
     59	  -0.07	 -18.52	  0.107	0.97140							#	   5.74	   7.05	
     60	   1.22	  -1.00	  0.026	0.98872							#	   3.08	   6.46	
     61	  -7.03	   5.48	  0.039	0.99504							#	   1.20	   5.93	
     62	  -7.02	   0.29	  0.035	0.99641							#	   0.67	   5.78	
     63	 -12.58	  -7.21	 -0.070	0.99194							#	   1.99	   6.74	
     64	   1.72	  -4.88	  0.051	0.99074							#	   0.86	   5.43	
     65	  -2.72	   3.28	 -0.013	0.99047							#	   1.01	   5.40	
     66	 -22.84	  -9.61	 -0.015	0.98718							#	   8.74	   6.63	
     67	 -31.80	  -0.69	 -0.041	0.98492							#	   5.64	   4.87	
     68	 -35.34	   5.41	 -0.261	0.97500							#	   4.35	   4.76	
     69	 -31.32	  -5.73	 -0.168	0.96341							#	   6.01	   4.76	
     70	 -21.20	 -15.41	 -0.034	0.96258							#	   6.93	   4.48	
     71	   6.14	 -28.17	 -0.138	0.95647							#	   5.52	   5.47	
     72	  -2.86	 -26.78	 -0.148	0.96114							#	   5.14	   5.04	
     73	  -2.69	 -23.38	  0.041	0.94821							#	   6.14	   4.69	
     74	   2.79	 -26.90	 -0.016	0.93824							#	   6.84	   4.06	
     75	  24.96	 -29.43	 -0.266	0.93661							#	   5.63	   4.06	
     76	  58.72	 -24.59	 -0.016	0.93842							#	   7.75	   4.59	
     77	  29.60	 -18.96	  0.062	0.94982							#	   3.38	   3.21	
     78	   1.51	 -11.57	  0.185	0.96654							#	   1.69	   2.89	
     79	 -26.65	 -22.00	 -0.068	0.97858							#	   5.46	   3.03	
     80	 -17.00	 -10.17	 -0.102	0.98526							#	   2.87	   5.47	
     81	   4.00	 -27.48	  0.130	0.98714							#	   3.06	   3.67	
     82	 -12.83	 -14.61	  0.244	0.99939							#	   2.07	   2.08	
     83									skipped		#	   4.00	   1.69	
     84	 -27.39	 -14.45	  0.498	1.00197							#	   4.01	   2.82	
     85	 -22.20	   6.25	  0.189	1.00174							#	   3.82	   3.10	
     86	   0.98	  -3.28	  0.053	0.99790							#	   0.58	   5.82	
     87	 -32.52	   3.79	  0.075	0.99562							#	   5.71	   3.77	
     88	  -0.89	  -0.04	  0.011	0.99590							#	   0.26	   3.77	
     89	  21.15	   4.40	 -0.171	1.00145							#	   2.69	   3.70	
     90	 -26.83	  -3.97	 -0.396	0.99817							#	   4.65	   4.55	
     91									skipped		#	   2.44	   1.80	
     92									skipped		#	   8.54	   1.94	
     93									skipped		#	   5.05	   1.62	
     94	  -0.87	   9.92	 -0.084	1.00124							#	   7.09	   2.01	
     95									skipped		#	   5.56	   1.16	
     96	  44.20	  10.58	  0.730	0.99025							#	   5.61	   2.29	
     97									skipped		#	   4.79	   1.34	
     98									skipped		#	   3.20	   1.38	
     99									skipped		#	   4.80	   1.13	
    100									skipped		#	   6.75	   1.31	
    101									skipped		#	   2.87	   1.73	
    102									skipped		#	   4.00	   1.62	
    103									skipped		#	   4.96	   1.69	
    104									skipped		#	   3.16	   1.62	
    105									skipped		#	   3.68	   1.13	
    106	  27.34	  21.89	  0.249	1.00639							#	   7.60	   2.79	
