      1	  -3.32	  -6.48	  0.096	0.99910							#	   7.33	  52.42	
      2	   1.96	   1.53	  0.029	0.99981							#	   1.03	  57.12	
      3	   0.48	  -2.36	  0.010	0.99996							#	   0.71	  55.91	
      4	   0.61	   2.56	 -0.048	0.99964							#	   0.89	  56.05	
      5	  -2.11	  -9.36	  0.045	1.00065							#	   2.62	  51.75	
      6	  -1.52	  -0.17	  0.011	1.00043							#	   0.62	  58.74	
      7	   3.78	  -1.16	  0.043	1.00032							#	   1.35	  56.72	
      8	  -0.63	  -0.85	 -0.020	1.00075							#	   0.62	  58.87	
      9	  -2.30	 -10.47	  0.062	0.99979							#	   3.83	  53.49	
     10	  -0.71	  -9.84	 -0.010	0.99963							#	   2.82	  52.42	
     11	   1.83	  -8.56	  0.025	1.00045							#	   3.12	  51.48	
     12	   2.34	  -8.84	  0.001	0.99996							#	   2.68	  52.15	
     13	  -5.57	  -7.22	 -0.039	0.99966							#	   4.21	  50.67	
     14	  -1.59	  -3.69	 -0.002	0.99954							#	   1.04	  51.75	
     15	   0.89	  -7.44	 -0.006	0.99994							#	   2.78	  47.85	
     16	   1.12	 -10.02	  0.024	0.99938							#	   3.20	  51.88	
     17	  -0.66	 -14.09	 -0.029	0.99993							#	   4.72	  48.39	
     18	   2.07	 -10.15	  0.077	0.99950							#	   3.08	  48.52	
     19	  -1.55	 -15.65	 -0.132	0.99930							#	   4.86	  49.33	
     20	   1.85	 -14.00	  0.042	0.99954							#	   4.73	  49.73	
     21	  -3.75	 -13.22	 -0.033	0.99863							#	   3.54	  48.39	
     22	  -1.57	  -7.07	 -0.111	0.99967							#	   1.35	  50.67	
     23	   2.46	  -4.04	  0.008	1.00090							#	   0.98	  50.40	
     24	   0.64	   0.37	 -0.004	0.99998							#	   0.44	  55.51	
     25	  -2.88	  -3.14	 -0.151	0.99946							#	   1.03	  52.02	
     26	  -3.01	   2.57	 -0.106	0.99861							#	   1.17	  53.23	
     27	   0.53	   2.63	 -0.145	0.99930							#	   0.83	  55.38	
     28	   0.59	   2.83	 -0.088	1.00086							#	   0.88	  53.76	
     29	   0.62	  -4.19	 -0.034	0.99881							#	   1.77	  50.94	
     30	   5.18	   6.10	 -0.032	1.00045							#	   5.17	  50.40	
     31	   2.02	   5.47	  0.006	0.99923							#	   1.41	  47.98	
     32	   3.45	  10.18	  0.035	1.00040							#	   3.84	  51.75	
     33	   6.56	  -6.94	  0.019	1.00089							#	   3.97	  49.60	
     34	   8.21	   3.24	 -0.008	0.99910							#	   5.42	  50.54	
     35	   8.86	  -0.37	 -0.056	0.99949							#	   3.83	  52.15	
     36	  10.54	   1.64	 -0.017	0.99920							#	   4.26	  51.61	
     37	   7.76	  -2.78	 -0.095	0.99949							#	   2.95	  51.21	
     38	  14.59	   2.56	 -0.093	0.99895							#	   9.63	  49.33	
     39	  16.93	   1.35	 -0.095	0.99925							#	   3.90	  52.02	
     40	  17.68	   2.75	 -0.110	0.99846							#	   4.89	  48.12	
     41	  14.37	  -2.17	 -0.060	0.99908							#	   4.53	  47.18	
     42	  21.76	   6.04	 -0.142	0.99913							#	   3.43	  48.39	
     43	  17.09	   0.67	 -0.084	1.00045							#	   4.14	  50.13	
     44	  22.14	   2.32	 -0.076	1.00018							#	   2.68	  47.58	
     45	  19.79	  -2.82	 -0.150	1.00121							#	   3.48	  47.85	
     46	  20.74	   2.32	 -0.077	0.99892							#	   2.90	  40.46	
     47	  22.73	   0.80	 -0.059	1.00032							#	   2.28	  43.15	
     48	  20.13	  -1.26	 -0.153	1.00107							#	   2.84	  45.56	
     49	  20.97	  -3.60	  0.053	0.99873							#	   3.06	  46.91	
     50	  20.87	   2.08	 -0.025	1.00005							#	   3.19	  45.56	
     51	  17.99	  -1.67	 -0.017	0.99893							#	   3.43	  47.58	
     52	  20.45	  -0.86	 -0.016	0.99981							#	   2.75	  47.31	
     53	  20.41	  -5.03	  0.021	1.00140							#	   3.33	  42.88	
     54	  22.02	  -3.00	 -0.069	1.00017							#	   1.86	  44.62	
     55	  25.07	  -2.78	 -0.010	1.00128							#	   1.40	  45.16	
     56	  23.56	   0.17	 -0.005	1.00108							#	   1.90	  47.45	
     57	  23.44	  -7.74	 -0.082	0.99968							#	   3.39	  44.89	
     58	  26.51	  -4.22	 -0.173	1.00052							#	   0.99	  43.28	
     59	  27.44	  -1.18	  0.035	1.00122							#	   0.70	  46.37	
     60	  25.17	   2.36	 -0.096	0.99982							#	   1.28	  47.18	
     61	  25.57	  -6.27	 -0.041	0.99967							#	   1.71	  44.22	
     62	  24.96	   2.66	 -0.178	0.99903							#	   1.17	  43.28	
     63	  29.86	  -1.38	 -0.140	1.00092							#	   0.60	  44.62	
     64	  31.01	   1.49	 -0.088	0.99970							#	   0.35	  40.86	
     65	  28.90	   1.30	 -0.129	0.99909							#	   0.48	  42.74	
     66	  30.43	  -5.89	 -0.078	0.99882							#	   1.45	  44.76	
     67	  33.07	   0.07	 -0.057	0.99850							#	   0.54	  45.43	
     68	  30.31	   1.47	  0.014	1.00011							#	   0.95	  47.85	
     69	  27.67	  -6.04	 -0.058	0.99893							#	   2.05	  49.60	
     70	  26.86	   3.42	 -0.065	0.99928							#	   0.99	  47.04	
     71	  24.75	  -0.53	  0.020	0.99959							#	   1.43	  52.96	
     72	  24.62	  -0.08	  0.046	0.99969							#	   1.48	  55.78	
     73	  15.39	  -4.02	 -0.011	1.00003							#	   4.90	  58.74	
     74	  15.91	   1.16	  0.013	0.99939							#	   1.95	  60.08	
     75	  18.80	  -0.87	  0.021	1.00050							#	   2.20	  59.27	
     76	  15.79	  -1.12	 -0.055	0.99884							#	   2.89	  60.35	
     77	  11.62	  -4.68	 -0.029	1.00021							#	   2.48	  61.56	
     78	  18.47	 -10.08	 -0.072	0.99958							#	   4.27	  52.55	
     79	  24.13	 -10.87	  0.111	0.99946							#	   1.81	  54.84	
     80	  11.95	  -6.28	  0.128	0.99982							#	   2.28	  59.41	
     81	  10.03	  -7.88	  0.064	0.99967							#	   2.52	  61.96	
     82	   9.84	  -3.67	 -0.031	0.99972							#	   1.42	  58.87	
     83	  14.84	  -3.50	 -0.070	0.99872							#	   2.65	  57.12	
     84	  17.99	  -8.22	  0.018	0.99982							#	   2.48	  55.51	
     85	  11.33	 -10.80	 -0.090	0.99976							#	   2.96	  56.05	
     86	  11.65	 -11.09	 -0.042	0.99963							#	   3.69	  56.32	
     87	   9.69	 -11.87	  0.009	0.99990							#	   2.62	  56.85	
     88	   9.86	  -4.61	 -0.066	0.99960							#	   1.46	  55.11	
     89	   6.61	  -8.58	  0.036	1.00076							#	   1.36	  55.65	
     90	   9.04	   0.59	 -0.035	0.99978							#	   1.43	  58.60	
     91	   4.07	   2.64	 -0.049	0.99887							#	   0.51	  62.63	
     92	   1.04	   1.58	  0.019	1.00009							#	   0.26	  63.58	
     93	  -0.88	   1.45	 -0.002	0.99919							#	   0.39	  62.23	
     94	  -0.46	   1.37	  0.050	0.99976							#	   0.31	  62.63	
     95	  -2.00	   6.92	  0.024	0.99815							#	   1.30	  60.48	
     96	  -1.14	   4.84	  0.034	1.00120							#	   0.74	  61.16	
     97	  -6.98	  -4.94	  0.024	1.00002							#	   2.31	  59.81	
     98	  -2.56	   6.09	  0.083	0.99942							#	   0.92	  62.37	
     99	   1.33	   2.92	  0.026	1.00043							#	   0.46	  63.04	
    100	  -1.00	   7.12	  0.048	1.00010							#	   1.29	  63.31	
    101	  -3.30	  -8.75	  0.020	1.00141							#	   1.99	  61.83	
    102	   1.01	   3.75	 -0.011	0.99992							#	   0.64	  61.96	
    103	  -2.36	   1.84	 -0.012	1.00015							#	   0.63	  61.83	
    104	  -0.51	   1.89	  0.095	0.99840							#	   0.42	  63.98	
    105	   2.59	  -0.88	  0.068	0.99928							#	   1.07	  61.29	
