      1	   6.14	  27.02	  0.151	1.00196							#	   1.07	  40.46	
      2	  -1.39	 -24.49	 -0.005	0.99899							#	   2.01	  38.84	
      3	  -1.40	   0.32	 -0.023	0.99794							#	   0.59	  40.05	
      4	   3.43	  15.22	  0.017	1.00053							#	   4.00	  40.99	
      5	   7.98	  17.12	  0.144	1.00055							#	   2.40	  39.65	
      6	  13.27	  -9.53	  0.091	0.99900							#	   2.15	  39.52	
      7	   8.92	 -13.04	  0.005	1.00029							#	   2.53	  42.74	
      8	   6.93	   1.74	  0.059	0.99969							#	   0.85	  39.52	
      9	   8.94	 -26.89	  0.039	0.99644							#	   1.36	  38.98	
     10	  -2.81	 -15.66	 -0.039	1.00010							#	   2.53	  43.68	
     11	 -10.93	 -39.43	 -0.171	1.00145							#	   1.51	  41.94	
     12	 -21.27	  16.53	 -0.083	0.99920							#	   3.44	  34.81	
     13	 -30.50	   6.76	 -0.160	0.99665							#	   0.78	  31.45	
     14	 -16.67	  -3.05	 -0.013	0.98674							#	   1.14	  30.65	
     15	  -2.21	   7.35	  0.134	0.97653							#	   1.50	  34.41	
     16	   4.46	   5.42	  0.028	0.96482							#	   1.72	  37.23	
     17	  -0.50	  44.02	 -0.074	0.97111							#	   3.19	  34.81	
     18	  -8.01	 -14.43	  0.193	0.97552							#	   2.46	  37.90	
     19	   0.44	  -3.48	  0.110	0.98111							#	   0.65	  37.63	
     20	  -4.06	  25.92	 -0.076	0.98260							#	   1.10	  37.50	
     21	   5.82	  13.05	  0.088	0.99066							#	   2.86	  38.17	
     22	  -0.61	 -22.50	  0.067	0.99723							#	   1.35	  41.53	
     23	   1.07	 -40.74	  0.044	0.99979							#	   1.16	  41.67	
     24	   0.06	   3.40	 -0.001	1.00095							#	   0.63	  48.79	
     25	   4.00	   6.87	 -0.059	0.99931							#	   1.13	  44.35	
     26	   5.39	  14.43	 -0.114	0.99980							#	   3.05	  39.38	
     27	   5.10	  19.91	  0.027	1.00072							#	   1.82	  36.83	
     28	  -9.98	 -35.48	  0.015	0.99973							#	   1.12	  38.17	
     29	  -0.13	   7.00	  0.031	1.00007							#	   1.02	  43.41	
     30	   5.79	  -3.88	  0.080	1.00166							#	   0.88	  43.15	
     31	   3.35	   3.53	 -0.072	1.00100							#	   0.57	  44.22	
     32	  -9.96	  23.39	 -0.216	0.99796							#	   2.39	  43.28	
     33	  -6.14	  34.95	 -0.136	0.99898							#	   0.83	  38.04	
     34	  -7.84	 -22.46	 -0.071	0.99919							#	   3.31	  39.25	
     35	   3.88	 -18.82	  0.071	0.99861							#	   2.17	  43.01	
     36	  -3.60	  12.97	 -0.069	1.00187							#	   2.43	  40.86	
     37	  -8.44	  12.57	 -0.148	0.99951							#	   2.90	  37.90	
     38	  -5.15	  13.12	  0.049	0.99970							#	   2.11	  40.86	
     39	  -3.55	  19.86	  0.003	0.99870							#	   2.45	  37.23	
     40	  -4.00	  11.11	 -0.119	1.00009							#	   2.21	  35.48	
     41	  27.25	  -2.01	  0.026	1.00121							#	   1.24	  27.42	
     42	  38.94	  -4.37	  0.089	1.00059							#	   1.20	  28.49	
     43	  30.86	  -1.63	  0.176	1.00184							#	   1.15	  35.62	
     44	  11.96	   0.89	  0.123	1.00069							#	   1.68	  45.30	
     45	 -10.97	  -3.79	  0.068	1.00058							#	   2.02	  39.78	
     46	 -26.92	   5.23	 -0.101	0.99791							#	   1.95	  32.66	
     47	 -15.98	 -24.57	 -0.119	0.99820							#	   3.96	  44.76	
     48	  -0.62	  -1.98	 -0.080	1.00141							#	   0.37	  47.04	
     49	 -21.25	 -16.85	 -0.130	0.99921							#	   3.75	  33.87	
     50	 -36.01	  13.58	  0.057	0.99998							#	   1.59	  20.97	
     51	 -43.01	  31.17	 -0.007	0.99717							#	   1.65	  24.60	
     52	 -39.65	   3.09	  0.113	0.99839							#	   1.00	  23.25	
     53	 -35.43	  -0.97	 -0.070	0.99796							#	   0.83	  22.18	
     54	 -39.49	 -11.54	  0.174	0.99988							#	   2.46	  16.80	
     55	 -50.65	 -10.90	 -0.157	0.99946							#	   3.65	  13.44	
     56	 -45.18	  -7.71	 -0.431	0.99691							#	   2.10	  14.11	
     57	 -30.01	 -13.06	 -0.034	1.00086							#	   2.93	  17.61	
     58	 -18.13	 -31.45	 -0.094	0.99858							#	   1.47	  19.76	
     59	 -24.37	  12.68	 -0.184	0.99984							#	   3.25	  19.89	
     60	 -15.42	   2.38	 -0.155	0.99966							#	   1.19	  25.67	
     61	  -7.85	 -54.65	  0.054	1.00019							#	   5.80	  17.88	
     62	 -11.23	 -13.50	  0.125	0.99722							#	   1.40	  19.89	
     63	 -11.57	   9.24	  0.064	0.97577							#	   4.41	  13.58	
     64	 -18.27	  22.01	  0.096	0.94423							#	   2.72	  11.83	
     65	   0.43	 -25.82	 -0.106	0.94640							#	   5.28	  10.22	
     66	  16.89	  13.90	 -0.004	0.93447							#	   4.81	  10.22	
     67	  25.93	 -20.08	  0.247	0.95533							#	   3.81	   8.20	
     68	  27.38	 -23.64	  0.062	0.97697							#	   3.56	   8.60	
     69	  -1.92	 -35.69	 -0.242	0.97206							#	   2.35	   5.51	
     70	   3.84	 -13.23	  0.075	0.97013							#	   3.54	   6.45	
     71	  -4.41	 -15.58	 -0.272	0.96527							#	   3.57	   7.26	
     72	   8.60	  10.60	 -0.496	0.95987							#	   8.97	   5.38	
     73	  18.56	   4.31	 -1.197	0.95230							#	   5.41	   2.02	
     74	  29.07	   6.08	 -0.447	0.92796							#	   6.30	   4.57	
     75	  26.54	 -20.83	 -0.092	0.92244							#	   8.15	   2.69	
     76	  17.60	 -31.85	 -1.298	0.91350							#	   8.28	   2.28	
     77	  23.58	 -12.63	 -2.267	0.93776							#	   7.08	   3.90	
     78	  13.38	  22.73	 -1.016	0.95644							#	   5.82	   4.70	
     79	  15.91	  67.42	 -1.230	0.95714							#	   7.55	   5.65	
     80	  -1.11	  36.70	 -0.457	0.96911							#	   6.82	   4.70	
     81	  -5.01	   8.29	 -0.549	1.01135							#	   4.34	   5.38	
     82	 -26.93	  -2.87	 -0.640	1.05838							#	   6.43	   4.57	
     83	 -26.58	  10.69	  0.175	0.99935							#	   4.35	  18.55	
     84	  -1.93	  29.06	  0.816	1.00038							#	   2.42	  25.81	
     85	   5.11	 -34.33	  0.885	0.99682							#	   2.08	  20.16	
     86	  29.12	 -40.71	  0.385	1.02634							#	   6.10	   9.68	
     87	  24.02	   2.32	 -0.594	1.03736							#	   5.58	   4.17	
     88	   3.26	 -12.78	 -0.790	1.08009							#	   7.62	   8.60	
     89	  19.62	 -30.52	 -0.373	1.06651							#	   5.12	   6.72	
     90	  19.47	 -23.98	  0.239	1.06733							#	   3.35	  10.89	
     91	  15.43	  41.55	  0.366	1.04098							#	   2.98	  16.26	
     92	 -11.61	 -10.12	  0.017	1.02908							#	   4.77	  20.56	
     93	 -16.13	   2.40	 -0.183	1.02510							#	   5.60	  18.01	
     94	  -1.94	  22.68	 -0.760	1.00975							#	   1.55	  25.40	
     95	 -13.50	  -3.95	 -0.489	1.00781							#	   5.07	  18.41	
     96	  -3.55	 -11.18	 -0.615	1.00939							#	   2.85	  16.26	
     97	  -0.27	 -31.91	 -0.963	0.99424							#	   2.13	  12.63	
     98	   3.72	   1.08	 -1.390	0.99269							#	   2.94	  14.25	
     99	   9.79	  -9.09	 -0.746	0.99657							#	   6.85	  17.88	
    100	  -3.03	   1.81	 -0.819	1.00260							#	   4.61	  21.24	
    101	 -10.71	   1.34	 -0.654	1.00606							#	  11.10	  17.20	
    102	  -4.99	   2.80	 -0.350	1.00438							#	   4.26	  18.15	
    103	   0.93	   5.32	 -0.094	1.00807							#	   3.27	  19.35	
    104	   1.85	  -0.44	  0.086	1.00440							#	   2.29	  15.73	
    105	  -1.17	  -8.50	  0.167	1.01011							#	   4.15	  14.25	
    106	   3.64	 -11.79	  0.327	1.00902							#	   4.97	  11.42	
    107	  -6.24	  -6.60	 -0.050	1.01688							#	   4.56	  14.25	
    108	  -7.33	  -3.27	  0.102	1.01357							#	   4.17	  13.58	
    109	  -7.59	   8.01	  0.120	1.01770							#	   5.17	  10.08	
    110	 -17.06	   0.32	  0.081	1.01988							#	   6.94	   7.12	
    111	 -35.62	  -1.29	  0.025	1.01210							#	   4.70	   8.60	
    112	 -39.54	 -31.09	  0.101	1.00963							#	   4.92	   8.47	
    113	 -33.82	 -39.53	 -0.418	1.01276							#	   3.55	  12.37	
    114	  -7.66	   0.13	 -0.092	1.00813							#	   2.24	  16.26	
    115	  -9.28	  46.13	  0.218	1.01599							#	   5.81	  10.62	
    116	 -16.78	  -1.30	 -0.116	1.01701							#	   5.03	   9.01	
    117	  -9.09	  -6.57	 -0.235	1.01578							#	   6.02	   6.99	
    118	 -38.12	 -10.77	 -1.333	0.99961							#	   5.14	   9.41	
    119	 -51.95	 -17.31	 -0.840	1.00540							#	   6.68	   4.97	
    120	 -40.76	  25.86	 -0.856	1.01145							#	   4.38	   3.63	
    121	 -16.07	 -13.86	 -1.441	0.99689							#	   5.88	   5.51	
    122	  -0.98	  34.77	 -2.205	0.99379							#	   4.16	   7.80	
    123	   3.86	 -12.93	 -1.776	1.00027							#	   6.00	   9.54	
    124	 -10.68	  16.02	 -1.992	1.00456							#	   5.94	  10.22	
    125	 -12.46	  -4.66	 -1.966	1.00590							#	   5.92	  12.10	
    126	  -6.69	 -62.62	 -1.964	1.00966							#	   4.43	  12.50	
    127	   8.55	 -10.53	 -1.384	0.99894							#	   3.62	  15.46	
    128	  13.84	  19.64	 -1.249	0.99548							#	   4.08	  14.78	
    129	  38.11	  26.86	 -2.109	1.00198							#	   1.82	   9.14	
    130	  18.24	 -33.47	 -1.439	1.00216							#	   2.77	  12.37	
    131	  26.26	  33.31	 -0.910	1.00628							#	   1.97	  10.48	
    132	  24.61	  -5.11	 -1.283	1.00605							#	   2.99	  11.16	
    133	  15.47	  13.65	 -1.500	0.99943							#	   5.04	  11.42	
    134	   5.77	   6.14	 -1.513	1.00044							#	   2.82	  13.31	
    135	   4.41	  -6.96	 -1.665	0.99792							#	   1.51	  12.90	
    136	  15.20	 -36.92	 -1.623	1.00118							#	   3.95	  10.22	
    137	  17.35	  -6.65	 -1.422	1.00125							#	   3.54	  11.56	
    138	   6.44	  51.18	 -1.360	0.99580							#	   2.58	  14.65	
    139	  -3.70	  12.55	 -1.271	1.00112							#	   5.79	  15.46	
    140	  -7.08	  -3.11	 -0.865	1.00266							#	   2.28	  16.94	
    141	  -9.87	  33.09	 -0.605	0.99960							#	   5.28	  14.11	
    142	 -13.99	  -1.49	  0.136	1.00331							#	   5.54	  25.94	
    143	  -7.82	  11.61	  0.095	1.00170							#	   3.60	  31.32	
    144	   3.06	  -9.72	 -0.006	1.00191							#	   3.97	  35.48	
    145	   0.38	  -2.07	 -0.056	0.99922							#	   0.79	  38.84	
    146	   4.10	  12.68	  0.014	0.99445							#	   4.78	  41.26	
    147	   2.09	 -16.17	 -0.011	0.96294							#	   4.64	  32.12	
    148	  -2.23	 -11.02	  0.090	0.91630							#	  11.69	  25.81	
    149	   2.01	   4.41	  0.761	0.84076							#	   7.61	  11.56	
    150	   6.61	 -53.42	 -0.017	0.94593							#	   5.00	  25.13	
    151	  13.51	 -65.55	 -0.202	0.96827							#	   2.46	  14.65	
    152	  24.96	 -71.54	 -0.204	0.97754							#	   0.84	  15.32	
    153	   3.43	 -34.86	  0.380	0.97124							#	   2.31	  11.29	
    154	 -37.93	 -38.58	  0.002	0.97235							#	   1.11	  12.50	
    155	 -41.22	  -1.13	  0.096	0.97209							#	   2.46	  12.50	
    156	 -18.17	   4.16	  0.032	0.96729							#	   7.76	  14.92	
    157	  -5.66	  11.23	 -0.036	0.96441							#	   3.15	  18.95	
    158	  -6.37	  -1.69	 -0.254	0.97557							#	   2.57	  19.49	
    159	  16.89	 -24.10	 -0.136	0.97552							#	   5.77	  12.90	
    160	  26.27	  15.23	 -0.273	0.97348							#	   1.92	  12.50	
    161	  17.66	 -18.73	 -0.126	0.97914							#	   3.85	  12.50	
    162	  18.27	  -9.18	 -0.798	0.99254							#	   6.65	   9.54	
    163	  23.21	  -8.17	 -1.038	0.99196							#	   3.34	   9.95	
    164	   3.90	 -18.39	 -0.113	0.99898							#	   3.60	  13.04	
    165	  -6.63	 -22.76	 -0.088	1.00045							#	   2.58	   9.41	
    166	  -3.46	 -17.63	 -0.149	1.00038							#	   1.93	  12.23	
    167	   2.31	 -13.97	  0.169	1.00291							#	   1.46	  15.59	
    168	  -2.98	  -4.77	 -0.080	1.00066							#	   1.60	  16.13	
    169	 -17.68	 -12.82	  0.148	0.99100							#	   5.65	  10.48	
    170	 -25.00	 -19.61	 -0.690	0.99683							#	   2.89	  18.41	
    171	 -27.80	 -31.66	 -0.447	0.99461							#	   0.78	  18.28	
    172	  -2.78	  20.87	 -0.362	0.99635							#	   1.87	  22.45	
    173	   2.41	   5.90	 -0.454	0.99495							#	   1.50	  23.79	
    174	  12.55	 -27.85	 -0.268	0.99812							#	   3.94	  18.01	
    175	   6.13	 -10.25	 -0.175	1.00078							#	   2.41	  15.99	
    176	   2.66	  -7.30	 -0.024	0.99758							#	   1.77	  22.45	
    177	  10.09	  -8.36	 -0.093	1.00125							#	   4.33	  19.49	
    178	 -15.60	  -0.45	 -0.159	1.00173							#	   5.38	  20.70	
    179	  -0.59	  26.83	 -0.069	1.00103							#	   0.74	  21.24	
    180	   5.58	 -18.39	 -0.160	1.00405							#	   3.20	  19.62	
    181	  19.50	   4.65	 -0.044	0.99859							#	   4.12	  15.46	
    182	  16.53	 -25.53	 -0.031	1.00006							#	   4.83	  16.94	
    183	   4.63	   5.43	 -0.016	0.99928							#	   1.46	  19.62	
    184	  -8.69	  20.92	  0.073	1.00017							#	   3.75	  13.98	
    185	 -14.90	  18.97	  0.142	1.00188							#	   5.97	  10.35	
    186	 -32.07	  -4.69	  0.317	1.00221							#	   2.49	   7.53	
    187	  -1.64	 -20.17	  0.523	1.01226							#	   3.44	  12.10	
    188	  -2.02	  -5.82	  0.397	1.01045							#	   3.10	  11.96	
    189	 -15.37	  18.58	  0.265	1.01321							#	   3.90	   8.20	
    190	 -16.80	  61.53	 -0.518	1.00759							#	   3.81	   4.97	
    191	  -9.24	  30.84	  0.176	0.99317							#	   3.80	  10.62	
    192	  -3.15	  18.63	 -0.107	0.99207							#	   3.02	  14.78	
    193	   8.72	   3.95	 -0.102	0.99930							#	   6.96	  18.95	
    194	  13.15	 -12.42	 -0.647	1.00088							#	   7.09	   8.74	
    195	  18.94	 -30.40	 -0.442	1.00327							#	   6.49	   5.51	
    196	   9.00	 -25.17	 -0.682	1.00224							#	   6.71	   5.51	
    197	  10.91	 -39.68	 -0.971	0.99211							#	   3.91	   8.06	
    198	   3.82	 -33.04	 -0.943	0.98345							#	   2.91	   5.91	
    199	 -14.76	 -35.29	 -0.871	0.98414							#	   4.88	   8.33	
    200	 -13.30	 -31.35	 -0.619	0.97841							#	   5.38	   8.87	
    201	  -0.22	 -19.52	 -0.542	0.97091							#	   3.05	   8.33	
    202	 -19.97	   0.38	 -0.492	0.97114							#	   6.87	   4.44	
    203	  -9.13	 -11.71	 -0.222	0.98767							#	   1.99	   9.68	
    204	 -14.01	 -40.29	 -0.669	0.98768							#	   2.04	   5.24	
    205	 -12.47	 -24.11	 -1.535	0.98103							#	   4.42	   5.11	
    206	 -10.61	   8.08	 -1.024	0.97584							#	   3.31	   4.97	
    207	  -4.05	   7.33	 -0.890	0.97754							#	   6.16	   5.65	
    208	 -18.97	   5.72	 -1.403	0.97163							#	   4.58	   5.51	
    209	  -5.19	  17.69	 -1.257	0.96899							#	   9.09	   5.51	
    210	 -11.13	  20.33	 -1.021	0.96036							#	   4.85	   5.38	
    211	  -8.85	  -4.13	 -0.355	0.95595							#	   3.91	   5.78	
    212	 -10.74	 -23.51	 -0.401	0.96683							#	   2.34	   7.26	
    213	 -17.65	  14.86	  0.010	0.95693							#	   3.24	   7.26	
    214	 -13.37	  17.86	  0.685	0.98342							#	   4.70	   7.93	
    215	 -22.05	 -15.29	  1.718	0.99115							#	   3.77	   8.47	
    216	 -23.62	 -18.69	  2.192	1.00623							#	   2.33	   5.91	
    217	 -29.67	  13.27	  1.105	1.02118							#	   5.69	   4.30	
    218	 -31.99	  15.44	  0.788	1.02708							#	   5.14	   5.24	
    219	 -10.75	  31.30	  1.084	1.02641							#	   3.25	   7.12	
    220	 -11.75	  40.39	  0.965	1.00879							#	   4.43	  10.89	
    221	  -5.81	  21.05	  0.442	0.99717							#	   3.74	  16.13	
    222	 -11.13	 -63.29	  1.208	0.96695							#	   3.52	   2.82	
    223	  48.04	-146.44	  0.539	0.98834							#	   4.06	   3.36	
    224	  40.46	-144.18	 -1.180	1.00968							#	   4.45	   2.55	
    225	 -45.47	 -15.70	 -1.856	1.01958							#	   6.29	   2.55	
    226	 -71.26	  36.70	  0.696	1.01551							#	   5.03	   2.96	
    227	 -52.30	  61.19	  0.455	0.98768							#	   4.46	   3.90	
    228	   9.72	  83.70	 -0.484	0.98531							#	   5.67	   2.55	
    229	  28.10	  88.79	  0.178	0.98640							#	   4.41	   5.24	
    230	  35.52	  49.64	  1.008	1.01147							#	   6.23	   6.85	
    231	  13.22	  -2.31	  0.455	1.00068							#	   2.39	  11.29	
    232	  -6.54	   9.89	 -0.195	1.00141							#	   6.12	  14.11	
