      1	   7.77	  -5.71	  0.051	1.00045							#	  12.61	  19.68	
      2	   7.45	  18.29	  0.036	1.00068							#	   1.16	  17.49	
      3	   8.97	  -4.82	  0.162	1.00113							#	   0.43	  18.26	
      4	  17.80	   2.70	  0.082	1.00132							#	   0.87	  18.70	
      5	  27.85	  -1.04	  0.070	0.99987							#	   1.59	  16.75	
      6	  24.00	   7.01	  0.024	1.00073							#	   1.45	  18.07	
      7	  19.52	  -0.03	 -0.068	0.99990							#	   1.79	  17.49	
      8	  15.50	  -2.01	 -0.089	1.00071							#	   1.32	  19.87	
      9	  17.84	  10.22	 -0.069	1.00007							#	   2.00	  17.23	
     10	  20.39	  -1.84	 -0.066	1.00019							#	   1.85	  17.41	
     11	  19.75	  -6.33	 -0.073	0.99984							#	   2.16	  17.78	
     12	  16.80	   0.70	 -0.089	1.00029							#	   1.75	  17.85	
     13	  11.45	   7.14	 -0.141	1.00061							#	   1.20	  18.66	
     14	  11.02	   2.91	 -0.044	1.00042							#	   0.96	  19.46	
     15	  12.53	   2.75	 -0.051	1.00033							#	   1.51	  19.50	
     16	  12.47	  -2.09	 -0.037	1.00146							#	   9.05	  18.00	
     17	  15.04	   4.23	 -0.002	1.00209							#	   3.70	  19.90	
     18	  13.32	   8.25	 -0.094	1.00043							#	   0.94	  20.12	
     19	  10.06	  13.34	 -0.091	1.00158							#	   1.03	  19.35	
     20	  11.68	   8.65	 -0.051	1.00114							#	   0.98	  23.13	
     21	  17.17	   4.36	 -0.055	1.00085							#	   1.18	  20.01	
     22	  19.09	   3.39	 -0.041	1.00137							#	   1.34	  21.08	
     23	  15.32	  15.67	 -0.020	0.99996							#	   3.09	  21.37	
     24	  16.69	  12.33	 -0.049	1.00034							#	   2.43	  20.75	
     25	  12.88	   4.32	 -0.074	1.00144							#	   1.49	  20.97	
     26	  10.67	  12.90	 -0.151	1.00100							#	   1.72	  22.58	
     27	  18.10	   2.82	 -0.131	1.00109							#	   1.95	  19.17	
     28	  32.54	   9.67	 -0.127	1.00087							#	   6.00	  17.67	
     29	  18.98	   9.75	 -0.091	1.00112							#	   1.56	  19.21	
     30	  19.61	  19.29	 -0.064	0.99968							#	   2.77	  18.51	
     31	  19.29	  20.24	 -0.061	1.00205							#	   3.14	  18.99	
     32	  20.93	  16.66	 -0.142	0.99971							#	   3.43	  17.56	
     33	  26.17	  21.00	 -0.022	1.00071							#	   4.49	  17.78	
     34	  41.83	   5.08	  0.070	1.00056							#	   1.98	  16.13	
     35	  40.13	  -4.27	  0.067	0.99930							#	   3.09	  18.48	
     36	  17.82	  13.15	 -0.100	1.00004							#	   2.46	  18.88	
     37	  18.13	  11.97	 -0.006	1.00055							#	   2.22	  18.37	
     38	   8.65	  10.49	  0.018	1.00107							#	   1.20	  18.59	
     39	   8.01	  13.32	  0.107	1.00059							#	   1.81	  18.66	
     40	  13.67	  17.18	 -0.047	1.00126							#	   2.71	  18.00	
     41	  19.28	  14.24	 -0.135	1.00056							#	   3.31	  18.00	
     42	  -2.99	   9.29	 -0.066	0.99967							#	   0.97	  18.55	
     43	 -19.60	   6.83	  0.015	0.99859							#	   2.95	  19.46	
     44	  -0.93	   7.63	  0.005	0.99841							#	   0.58	  22.95	
     45	  11.06	  -5.28	  0.044	1.00029							#	   1.22	  22.73	
     46	  -0.17	  -2.42	  0.081	0.99953							#	   0.41	  21.74	
     47	 -25.33	  -3.69	  0.057	0.99864							#	   3.67	  18.18	
     48	 -17.94	   3.48	 -0.006	0.99745							#	   1.41	  17.93	
     49	  -7.49	  -5.74	 -0.056	0.99833							#	   0.96	  19.65	
     50	  -2.72	   2.22	 -0.001	0.99915							#	   0.54	  19.35	
     51	  -2.58	   7.75	  0.076	1.00110							#	   0.56	  20.12	
     52	   4.81	   3.41	  0.118	0.99999							#	   0.45	  21.11	
     53	   8.21	  -5.21	  0.031	1.00085							#	   1.29	  21.70	
     54	   5.85	   4.57	  0.006	1.00069							#	   1.07	  21.37	
     55	   4.38	   1.40	 -0.050	1.00016							#	   0.38	  21.74	
     56	  12.91	 -11.78	 -0.057	1.00086							#	   3.77	  21.55	
     57	   7.75	  -2.42	 -0.078	1.00078							#	   0.55	  20.78	
     58	   4.21	  -1.22	  0.063	1.00031							#	   0.73	  22.62	
     59	   3.60	  -7.30	  0.041	0.99960							#	   1.10	  20.49	
     60	   3.14	 -10.03	  0.091	0.99994							#	   1.38	  20.67	
     61	   5.80	  -8.77	  0.095	1.00130							#	   1.27	  20.12	
     62	  -5.26	  -0.40	  0.013	0.99938							#	   0.76	  23.35	
     63	   0.76	  -7.58	  0.007	1.00000							#	   1.06	  21.30	
     64	   5.13	  -5.97	  0.075	1.00062							#	   1.31	  22.73	
     65	   0.17	   1.34	 -0.045	1.00053							#	   0.50	  23.02	
     66	   5.10	   0.33	 -0.091	0.99969							#	   0.57	  21.99	
     67	   1.09	  -8.66	 -0.111	0.99994							#	   1.38	  22.84	
     68	   3.44	  -3.99	 -0.032	1.00098							#	   0.61	  22.95	
     69	   0.08	   0.49	 -0.045	0.99980							#	   0.73	  23.68	
     70	   3.93	  -1.58	  0.004	0.99964							#	   0.95	  23.97	
     71	  -1.83	  -8.56	 -0.021	0.99969							#	   1.66	  20.01	
     72	  -4.22	   6.06	 -0.025	0.99915							#	   1.02	  22.21	
     73	   0.40	  -0.11	  0.045	1.00084							#	   1.01	  23.28	
     74	  -2.20	   2.83	 -0.019	0.99951							#	   0.51	  22.36	
     75	   0.24	  -5.18	  0.031	0.99950							#	   0.93	  21.59	
     76	  -0.25	  -2.24	  0.018	0.99982							#	   0.52	  21.11	
     77	   2.23	   8.64	  0.059	1.00058							#	   1.84	  21.77	
     78	  -0.30	   0.09	  0.025	0.99935							#	   0.27	  23.39	
     79	   0.68	   0.60	  0.052	1.00050							#	   0.85	  22.14	
     80	   0.43	   8.42	  0.121	0.99950							#	   1.97	  21.55	
     81	   2.35	  -4.39	  0.045	1.00099							#	   0.62	  21.92	
     82	   5.20	   1.74	  0.081	1.00060							#	   0.51	  21.30	
     83	  -1.78	  12.38	  0.032	1.00092							#	   2.07	  21.30	
     84	   5.20	   4.46	  0.028	1.00100							#	   0.54	  21.26	
     85	   8.68	   0.29	  0.109	1.00125							#	   1.07	  21.48	
     86	   7.89	   3.96	  0.128	1.00156							#	   1.03	  21.30	
     87	  -0.42	  -2.41	  0.124	0.99349							#	   0.76	  20.71	
     88	   6.02	   0.03	  0.081	0.97008							#	   3.45	  18.91	
     89	  11.69	  -6.59	  0.031	0.96952							#	   2.24	  19.83	
     90	  11.77	   5.68	 -0.013	0.97506							#	   2.64	  18.37	
     91	  13.71	  -2.15	  0.004	0.97268							#	   2.41	  18.88	
     92	   9.08	  -3.52	 -0.007	0.97684							#	   1.81	  20.38	
     93	   8.61	  -0.05	 -0.018	0.98041							#	   1.27	  21.88	
     94	   2.89	   7.03	  0.023	0.98102							#	   2.09	  20.97	
     95	   6.67	   0.86	 -0.008	0.98354							#	   1.34	  20.34	
     96	   6.58	   7.46	  0.012	0.98146							#	   3.03	  20.16	
     97	  10.17	   7.18	  0.015	0.97485							#	   3.20	  21.77	
     98	  17.07	   1.61	  0.021	0.97027							#	   2.36	  21.70	
     99	  13.03	  -0.43	  0.003	0.97742							#	   2.08	  22.07	
    100	  17.65	  -0.20	 -0.042	0.98064							#	   2.27	  23.68	
    101	  12.81	   5.68	 -0.054	0.98322							#	   2.06	  20.42	
    102	  13.21	  16.34	 -0.066	0.97686							#	   5.70	  18.88	
    103	  21.02	  -7.20	  0.026	0.97205							#	   2.10	  20.09	
    104	  13.03	   6.90	  0.064	0.97591							#	   2.87	  19.65	
    105	  12.47	   2.00	  0.023	0.97930							#	   1.54	  21.70	
    106	  16.74	   8.63	  0.008	0.98406							#	   2.66	  21.37	
    107	  15.85	   9.67	 -0.024	0.97141							#	   3.28	  19.61	
    108	  12.15	  17.46	 -0.041	0.96994							#	   6.74	  18.66	
    109	  16.36	  18.30	 -0.117	0.96785							#	   3.88	  18.00	
    110	  18.55	   3.80	 -0.026	0.96593							#	   2.69	  16.53	
    111	   9.53	  17.05	 -0.021	0.96983							#	   3.93	  18.00	
    112	  21.25	  14.08	 -0.083	0.97316							#	   4.34	  15.76	
    113	  19.00	  -3.75	 -0.073	0.97670							#	   1.40	  15.10	
    114	   5.45	  19.95	  0.018	0.97759							#	   4.53	  15.18	
    115	  12.47	   6.91	  0.046	0.97721							#	   1.80	  15.18	
    116	  12.62	  23.85	  0.040	0.97897							#	   5.77	  13.20	
    117	   9.78	  -1.46	  0.001	0.97942							#	   0.76	  13.86	
    118	   0.95	  17.21	  0.013	0.98283							#	   3.28	  14.41	
    119	   3.48	  12.94	 -0.060	0.98279							#	   2.55	  13.38	
    120	   9.45	 -17.63	  0.036	0.97364							#	   1.78	  11.44	
    121	  11.29	 -19.56	  0.061	0.96349							#	   2.41	  14.00	
    122	   9.68	 -25.85	  0.177	0.95611							#	   5.59	  14.66	
    123	  15.55	 -13.35	  0.007	0.95335							#	   3.07	  11.25	
    124	  18.58	  10.32	 -0.065	0.95058							#	   6.53	  10.78	
    125	  29.69	  19.31	  0.067	0.95381							#	   4.71	   8.50	
    126	  55.44	  16.55	  0.190	0.95429							#	   7.10	   8.06	
    127	  42.20	   7.57	  0.279	0.96161							#	   4.47	   6.01	
    128	  49.38	   1.56	 -0.012	0.96587							#	   4.03	   7.37	
    129	  50.61	  -4.53	  0.082	0.97225							#	   3.31	   8.91	
    130	  23.85	 -10.58	 -0.057	0.97397							#	   1.29	   5.94	
    131	  32.35	 -28.23	 -0.163	0.97846							#	   3.13	   8.36	
    132	  11.62	 -16.09	 -0.178	0.97875							#	   1.13	   8.50	
    133	  34.15	 -14.53	  0.004	0.96432							#	   2.83	   8.28	
    134	  15.59	 -13.73	  0.107	0.98239							#	   1.50	   7.88	
    135	   5.27	   4.72	  0.136	1.00457							#	   1.29	   7.73	
    136	  11.16	   4.34	  0.315	1.00657							#	   2.01	   8.87	
    137	 -17.84	  -8.55	  0.112	1.00339							#	   2.56	   7.95	
    138	 -11.70	 -16.38	  0.125	1.00526							#	   2.76	   8.14	
    139	   5.56	  -4.76	 -0.048	1.00418							#	   1.62	   9.27	
    140	  19.69	  -4.53	 -0.088	1.00438							#	   5.00	   9.24	
    141	   1.55	  -2.57	 -0.117	1.00158							#	   0.52	  10.26	
    142	  -1.10	  21.96	 -0.244	1.00334							#	   2.39	   9.82	
    143	  -8.10	   1.24	 -0.214	0.99878							#	   2.28	   8.87	
    144	  -5.50	  -7.11	 -0.565	0.99701							#	   3.55	   7.66	
    145	  27.89	  -7.66	 -0.601	0.99862							#	   4.24	   6.93	
    146	 -22.71	 -10.65	 -0.374	0.99420							#	   6.62	   6.89	
    147	 -59.52	  16.35	 -0.636	0.99777							#	   2.95	   6.85	
    148	   7.65	  -7.61	 -0.310	1.00292							#	   2.41	   5.98	
    149	 131.18	  -0.97	 -0.293	1.01324							#	   2.99	   5.54	
    150	  98.30	  -4.67	  0.508	1.00659							#	   4.86	   5.10	
    151	 -90.73	  15.86	  0.042	0.99938							#	   5.23	   5.46	
    152	 -72.17	  13.16	 -0.101	0.99872							#	   2.79	   5.83	
    153	 -49.84	  14.69	  0.705	1.02171							#	   5.13	   6.93	
    154	   6.82	   4.21	  0.412	1.02301							#	   2.96	   7.88	
    155	  31.16	  -1.86	  0.286	1.03151							#	   3.81	   5.87	
    156	   4.30	  13.68	 -0.025	1.00343							#	   3.20	   9.46	
    157	 -39.90	  10.95	  0.185	1.00347							#	   5.03	   6.34	
    158	 -32.62	  10.54	  0.135	1.01052							#	   5.73	   7.22	
    159	   9.53	 -11.82	 -0.014	1.00740							#	   2.87	   8.28	
    160	 -10.66	  10.75	  0.042	1.00375							#	   3.30	   9.49	
    161	 -15.85	   3.99	  0.049	1.00098							#	   3.73	   7.77	
    162	  -8.89	  -0.76	  0.037	1.00216							#	   3.12	   8.65	
    163	 -20.32	 -19.35	 -0.129	1.00175							#	   6.05	   8.25	
    164	   0.67	   2.37	 -0.107	1.00127							#	   1.73	   8.94	
    165	 -25.81	 -12.84	 -0.342	1.00037							#	   5.06	   8.10	
    166	 -13.63	 -11.49	 -0.466	0.99331							#	   4.52	   7.40	
    167	 -26.49	  -9.29	 -0.436	0.99758							#	   3.08	   7.33	
    168	  -6.79	   4.81	 -0.293	0.99616							#	   2.93	   8.17	
    169	 -17.40	 -27.06	 -0.153	0.99184							#	   5.33	   9.68	
    170	   4.52	  -8.46	  0.048	1.00054							#	   1.18	   9.20	
    171	  -0.32	  -2.96	  0.126	0.99930							#	   0.62	  11.14	
    172	  -5.23	 -10.61	  0.203	0.99706							#	   1.15	  11.91	
    173	   0.40	  -8.37	  0.225	1.00170							#	   1.11	  11.99	
    174	   4.59	  -0.71	  0.184	1.00539							#	   1.55	  10.89	
    175	   3.26	  -0.41	  0.011	1.00444							#	   2.47	  10.52	
    176	   3.38	   2.99	 -0.086	1.00009							#	   2.39	  11.58	
    177	   6.96	 -13.57	 -0.069	1.00266							#	   5.78	  11.73	
    178	   1.26	   7.12	 -0.045	1.00156							#	   2.04	  10.08	
    179	  -2.31	  -1.52	  0.030	0.99711							#	   2.54	  11.36	
    180	  -7.00	  -1.14	  0.008	0.99452							#	   3.16	   8.43	
    181	 -13.99	   2.21	 -0.254	0.99147							#	   5.07	   8.50	
    182	 -16.06	   4.94	 -0.139	0.99265							#	   3.71	   8.47	
    183	  -8.42	   2.26	  0.208	0.99681							#	   2.29	   8.47	
    184	   0.04	  -1.49	  0.143	1.00051							#	   1.17	  10.48	
    185	  -6.66	  -2.88	 -0.001	0.99755							#	   1.23	  12.43	
    186	  -6.40	  -5.58	 -0.126	0.99697							#	   1.79	  10.45	
    187	  -8.04	   1.37	 -0.331	0.99726							#	   1.85	   9.97	
    188	  -1.05	   5.04	 -0.292	1.00018							#	   1.92	  14.00	
    189	  -5.06	  -0.31	 -0.310	0.99919							#	   2.35	  12.79	
    190	  -0.59	  -8.73	 -0.188	0.99860							#	   1.99	  12.50	
    191	   1.70	  -6.85	 -0.088	1.00208							#	   1.71	  12.57	
    192	  -2.33	  11.39	 -0.077	1.00029							#	   3.02	  11.29	
    193	   3.98	  -4.81	  0.061	1.00220							#	   1.88	  12.28	
    194	   6.15	   4.09	  0.291	1.00352							#	   2.11	  10.81	
    195	   0.44	 -12.03	  0.054	1.00274							#	   3.50	  11.25	
    196	  32.12	 -26.74	 -0.014	1.00368							#	   8.81	   9.57	
    197	  31.40	 -32.97	 -0.308	1.00390							#	   4.40	   8.21	
    198	  17.97	 -32.26	  0.150	1.00682							#	   5.75	   9.27	
    199	  -2.82	 -23.57	 -0.250	0.99869							#	   2.87	  10.34	
    200	 -58.16	  14.44	 -0.438	1.00332							#	   2.34	   9.16	
    201	 -10.65	  -3.30	 -0.248	1.00380							#	   0.73	  11.80	
    202	  -3.49	  -6.24	 -0.062	1.00376							#	   0.88	  13.42	
    203	 -57.40	 -16.63	  0.137	1.00817							#	   2.56	  11.03	
    204	 -41.08	  -1.07	 -0.052	1.01799							#	   4.71	  10.15	
    205	  12.41	 -12.82	  0.099	1.01524							#	   3.52	  11.80	
    206	   6.66	  -0.71	  0.053	1.01886							#	   1.80	  12.61	
    207	 -17.54	  -4.02	 -0.092	1.01835							#	   1.39	  14.26	
    208	 -17.02	   1.74	 -0.201	1.01414							#	   0.92	  16.53	
    209	  -6.68	   1.81	 -0.408	1.00913							#	   0.45	  16.06	
    210	 -10.23	   8.34	 -0.463	1.00892							#	   0.89	  15.62	
    211	 -16.54	   7.61	 -0.357	1.00665							#	   2.16	  13.93	
    212	 -16.17	   3.98	 -0.368	1.00927							#	   1.73	  13.75	
    213	 -25.27	  15.15	 -0.160	1.01107							#	   4.31	  12.98	
    214	 -44.00	  12.50	 -0.150	1.02067							#	   5.49	  11.91	
    215	 -29.96	 -20.22	  0.019	1.01967							#	   4.47	  12.68	
    216	 -28.63	   0.84	  0.041	1.02240							#	   1.74	  13.01	
    217	  -2.72	  -7.51	 -0.014	1.03171							#	   3.23	  14.77	
    218	 -30.18	  -3.51	 -0.156	1.03129							#	   2.64	  15.43	
    219	  -9.84	 -13.20	 -0.194	1.03529							#	   4.48	  16.13	
    220	 -18.12	  -3.76	 -0.183	1.03143							#	   2.05	  16.28	
    221	 -19.66	   5.82	 -0.196	1.03346							#	   2.26	  14.66	
    222	 -12.97	   0.93	 -0.115	1.03001							#	   2.12	  16.13	
    223	 -13.07	  -7.62	 -0.049	1.04538							#	   5.36	  16.31	
    224	 -15.10	  15.64	 -0.102	1.06329							#	   4.52	  15.29	
    225	 -27.54	  11.99	 -0.086	1.06435							#	   4.08	  17.05	
    226	 -29.50	   6.16	 -0.029	1.05584							#	   3.34	  16.31	
    227	 -41.79	   4.54	 -0.066	1.04615							#	   4.18	  16.53	
    228	 -22.04	  -4.20	 -0.031	1.03393							#	   2.89	  16.75	
    229	 -12.29	   8.22	 -0.075	1.02377							#	   1.29	  19.90	
    230	 -18.56	  -8.16	 -0.095	1.01973							#	   2.10	  20.42	
    231	  -9.64	  -5.83	 -0.069	1.02293							#	   1.89	  21.33	
    232	  -6.28	  -0.78	 -0.081	1.02446							#	   1.43	  23.64	
    233	  -8.87	  -5.83	 -0.135	1.02325							#	   2.38	  23.42	
    234	  -4.78	  -3.58	 -0.046	1.02083							#	   1.74	  24.60	
    235	  -0.97	  -0.83	 -0.043	1.01706							#	   1.43	  23.35	
    236	  -4.12	   2.61	  0.020	1.01880							#	   1.74	  23.39	
    237	  -8.24	  -7.05	  0.003	1.02022							#	   2.99	  25.66	
    238	 -10.93	   2.60	  0.036	1.02146							#	   1.69	  25.70	
    239	   0.87	  -9.22	 -0.011	1.01777							#	   3.21	  24.85	
    240	  -3.63	  -2.07	 -0.074	1.02038							#	   1.24	  22.76	
    241	   5.76	  -5.13	 -0.033	1.01779							#	   2.46	  26.03	
    242	  -9.24	   2.07	 -0.075	1.02518							#	   2.16	  24.60	
    243	  -0.04	   0.91	 -0.028	1.02783							#	   2.65	  24.12	
    244	   2.28	 -13.09	 -0.068	1.01465							#	   3.84	  26.06	
    245	  -1.48	   8.37	 -0.049	1.01282							#	   1.36	  27.09	
    246	  -2.69	  -7.12	 -0.005	1.00855							#	   1.48	  25.81	
    247	  -5.40	  -4.13	 -0.043	1.00495							#	   0.78	  24.41	
    248	  -4.37	   3.42	  0.004	1.00626							#	   0.61	  25.18	
    249	  -4.73	   7.83	 -0.079	1.01312							#	   1.06	  23.64	
    250	   2.41	   6.14	 -0.064	1.01078							#	   1.41	  24.01	
    251	  -3.76	 -13.36	 -0.101	1.01659							#	   4.48	  23.20	
    252	 -10.97	   4.98	 -0.029	1.01789							#	   1.22	  22.40	
    253	  -5.31	  -1.17	 -0.050	1.01705							#	   0.91	  21.48	
    254	   3.35	   5.23	 -0.076	1.00662							#	   0.83	  23.35	
    255	   4.45	 -11.63	 -0.074	1.00539							#	   1.73	  25.40	
    256	   3.33	   1.84	 -0.020	1.00618							#	   0.54	  23.46	
    257	   0.87	  -8.20	 -0.012	1.00547							#	   1.39	  24.71	
    258	   0.40	   3.87	 -0.003	1.00557							#	   0.66	  25.22	
    259	  -3.89	   7.70	 -0.045	1.00704							#	   1.21	  25.92	
    260	   6.02	 -10.17	 -0.019	1.00938							#	   2.65	  23.53	
    261	   4.38	  -7.36	 -0.012	1.00355							#	   1.33	  23.97	
    262	  -1.04	  -0.58	  0.001	1.00147							#	   0.51	  28.74	
    263	  -5.39	   7.27	 -0.033	0.99948							#	   1.21	  26.39	
    264	  -2.58	 -10.43	 -0.177	1.00744							#	   2.38	  25.07	
    265	   2.04	  -6.31	 -0.001	1.00475							#	   1.09	  25.84	
    266	   3.96	   2.92	 -0.026	1.00903							#	   1.24	  26.58	
    267	  -0.37	   3.44	 -0.066	1.01011							#	   1.13	  24.93	
    268	  -8.66	  -0.96	 -0.003	1.01126							#	   1.30	  23.94	
    269	  -9.57	  -5.64	  0.045	1.01436							#	   1.60	  25.84	
    270	  -6.38	   4.12	 -0.038	1.01518							#	   1.53	  22.95	
    271	  -0.52	   2.42	 -0.069	1.01418							#	   1.38	  24.56	
    272	  -7.91	  -2.35	  0.002	1.02203							#	   2.16	  21.70	
    273	 -13.38	   9.95	 -0.043	1.02574							#	   3.04	  20.86	
    274	  -5.33	  13.90	 -0.116	1.02658							#	   2.88	  22.91	
    275	  -3.12	  -2.83	 -0.072	1.02800							#	   2.09	  23.24	
    276	  -1.77	  -5.11	 -0.060	1.01127							#	   0.87	  23.28	
    277	  -4.92	  13.40	 -0.006	1.00456							#	   1.65	  24.45	
    278	  -1.03	  -3.05	 -0.149	0.99899							#	   0.35	  23.35	
    279	   0.92	  -2.91	 -0.109	1.00668							#	   0.46	  23.17	
    280	   0.13	  -4.30	 -0.061	1.00475							#	   0.62	  25.07	
    281	  -1.74	  -2.97	 -0.026	1.00260							#	   0.62	  21.52	
    282	  -2.53	   2.48	 -0.027	1.00088							#	   0.49	  20.97	
    283	   1.01	  -3.82	 -0.041	1.00598							#	   1.19	  20.31	
    284	  -0.96	   6.15	  0.052	1.00275							#	   1.17	  21.48	
    285	  -5.30	  -0.23	 -0.045	0.99952							#	   1.10	  25.26	
    286	  -3.87	   2.22	 -0.001	0.99860							#	   0.86	  22.21	
    287	  -1.59	  -4.73	 -0.079	0.99824							#	   0.98	  23.02	
    288	  -2.60	  -0.50	 -0.033	0.99851							#	   1.04	  23.20	
    289	  -0.98	  -7.45	 -0.071	0.99952							#	   2.05	  23.50	
    290	   1.82	  -2.38	 -0.147	0.99945							#	   0.55	  24.05	
    291	  -0.32	   7.77	 -0.027	1.00038							#	   1.80	  26.54	
    292	  -0.44	   6.74	 -0.086	0.99957							#	   1.01	  26.21	
    293	   1.87	  -9.04	 -0.011	1.00061							#	   1.81	  23.64	
    294	   6.56	  -2.05	 -0.064	1.00022							#	   1.08	  23.39	
    295	   4.03	 -12.71	 -0.067	0.99979							#	   3.23	  23.24	
    296	   0.79	  10.15	 -0.031	1.00056							#	   1.34	  25.22	
    297	  -1.47	  -7.48	 -0.085	0.99888							#	   0.89	  25.33	
    298	  -2.11	  11.42	  0.004	0.99903							#	   1.70	  23.90	
    299	   1.93	  -7.20	 -0.042	0.99941							#	   0.82	  25.62	
    300	   2.54	  -6.18	 -0.009	1.00037							#	   0.94	  23.97	
