      1	  -2.84	  -0.50	 -0.161	1.00042							#	   4.04	   9.64	
      2	  -0.21	   5.34	 -0.072	1.00120							#	   1.59	  10.04	
      3	  -0.72	   4.37	  0.009	1.00148							#	   0.95	   9.02	
      4	  -7.81	   0.67	 -0.127	1.00084							#	   0.84	   8.61	
      5	  -3.34	  -5.51	 -0.054	0.99917							#	   0.82	   8.25	
      6	  -3.25	  -3.19	 -0.009	0.99992							#	   1.45	   7.37	
      7	   0.97	   2.35	 -0.051	1.00230							#	   2.05	   8.61	
      8	   0.09	   1.38	 -0.098	1.00205							#	   0.82	  10.01	
      9	   0.67	  11.09	 -0.149	0.99922							#	   3.22	  10.34	
     10	  -0.36	   3.94	 -0.044	0.99847							#	   0.75	  10.67	
     11	  -7.12	   3.31	 -0.035	0.99957							#	   0.77	  10.19	
     12	   0.94	 -18.10	  0.043	0.99953							#	   6.74	   8.83	
     13	  -5.55	   0.86	 -0.065	0.99750							#	   0.28	  10.04	
     14	  -1.08	  -3.89	 -0.002	0.99845							#	   0.36	  12.24	
     15	  -5.48	  10.36	  0.003	1.00009							#	   1.83	  12.13	
     16	  -4.38	   1.74	 -0.037	0.99845							#	   0.31	  11.62	
     17	  -4.88	   4.24	 -0.085	0.99751							#	   0.72	  10.89	
     18	  -9.07	   2.40	 -0.020	0.99919							#	   0.92	   9.64	
     19	  -4.85	   6.70	 -0.041	1.00533							#	   1.44	   9.75	
     20	   1.97	  -3.65	  0.104	1.00430							#	   0.73	  10.26	
     21	  -0.14	  -5.08	 -0.125	1.00161							#	   1.46	  11.51	
     22	   5.33	  -6.19	  0.166	1.00290							#	   1.99	   9.64	
     23	   7.67	   0.12	  0.008	1.00513							#	   0.74	  10.67	
     24	   3.36	  -2.69	  0.022	1.00406							#	   0.83	  10.96	
     25	  -0.35	  -1.93	 -0.022	1.00564							#	   0.45	  10.23	
     26	  10.00	  -1.98	  0.127	1.00493							#	   0.89	   7.04	
     27	   6.38	  -1.00	 -0.034	1.00564							#	   0.70	   8.94	
     28	  -0.25	  -3.03	 -0.140	1.00430							#	   8.99	   7.37	
     29	  -0.36	   7.25	 -0.224	1.00789							#	   3.20	   7.11	
     30	  -1.82	  -3.11	 -0.004	1.00167							#	   0.77	  11.91	
     31	   0.81	  -0.31	 -0.046	1.00052							#	   0.20	  13.01	
     32	  -2.00	  12.05	 -0.077	1.00033							#	   2.12	   9.86	
     33	  -1.10	  -2.52	  0.009	1.00213							#	   0.23	   9.27	
     34	  -4.47	 -14.68	 -0.062	1.00171							#	   2.76	  10.26	
     35	  -3.60	  -7.38	 -0.030	1.00202							#	   0.75	   9.82	
     36	  -1.29	  -7.33	 -0.061	1.00518							#	   0.95	   9.64	
     37	  -9.75	   5.78	 -0.133	1.00418							#	   1.23	   8.58	
     38	 -10.17	   1.11	 -0.056	1.00402							#	   0.69	   8.61	
     39	 -10.55	   2.55	 -0.104	1.00249							#	   1.01	   9.90	
     40	  -6.36	  -2.94	 -0.134	1.00277							#	   0.73	   9.71	
     41	  -8.63	 -16.65	 -0.170	1.00342							#	   5.87	  11.03	
     42	  -3.34	  -7.23	 -0.030	1.00272							#	   0.65	   9.93	
     43	  -7.29	  -5.98	 -0.194	1.00439							#	   0.78	  10.59	
     44	  -2.05	  -5.58	 -0.208	1.00330							#	   0.88	  11.91	
     45	  -0.19	 -19.19	 -0.160	1.00380							#	   5.63	  11.55	
     46	  -5.72	  -4.65	 -0.081	1.00343							#	   0.30	   9.90	
     47	  -4.64	  -7.11	 -0.121	1.00335							#	   0.72	  10.92	
     48	  -1.85	  -7.21	 -0.092	1.00466							#	   0.91	  11.47	
     49	  -7.62	  -1.91	 -0.186	1.00396							#	   0.37	  11.25	
     50	 -12.84	  -3.20	 -0.174	1.00350							#	   0.76	  10.01	
     51	 -11.63	  -6.29	 -0.165	1.00437							#	   1.63	   8.91	
     52	  -4.35	  -4.79	 -0.188	1.00170							#	   1.27	  11.88	
     53	  -8.32	  -0.76	 -0.169	1.00374							#	   0.72	  11.18	
     54	  -5.31	  -5.78	 -0.272	1.00233							#	   2.36	  11.36	
     55	  -5.11	   0.93	 -0.245	1.00214							#	   1.10	  11.58	
     56	 -11.43	 -12.59	 -0.239	1.00096							#	   4.20	  11.99	
     57	  -3.36	  -2.00	 -0.266	1.00149							#	   0.49	  11.88	
     58	  -5.71	  -1.56	 -0.262	1.00334							#	   0.47	  10.81	
     59	 -10.82	  -0.42	 -0.114	1.00236							#	   0.66	  11.40	
     60	 -12.65	  -4.33	 -0.060	1.00339							#	   0.97	  11.55	
     61	  -7.99	   7.33	 -0.119	1.00411							#	   1.94	  11.58	
     62	  -1.36	  -6.84	 -0.128	1.00132							#	   1.23	  13.97	
     63	  -2.65	  -0.51	 -0.041	0.99943							#	   0.39	  14.74	
     64	 -13.59	   0.28	 -0.275	1.00124							#	   0.84	  12.21	
     65	  -4.86	  -6.09	 -0.142	0.99980							#	   1.00	  12.43	
     66	  -4.82	  -8.34	 -0.091	1.00170							#	   1.67	  13.01	
     67	   1.50	   3.93	 -0.032	0.99978							#	   0.60	  13.12	
     68	  -5.50	  -6.31	 -0.096	1.00144							#	   1.31	  12.32	
     69	  -4.04	  -2.58	 -0.033	1.00059							#	   0.48	  14.41	
     70	  -8.98	  -0.30	 -0.080	1.00111							#	   0.46	  13.05	
     71	  -1.13	  -2.89	 -0.045	0.99973							#	   0.40	  13.45	
     72	  -1.80	  -4.08	 -0.104	1.00159							#	   1.07	  14.77	
     73	  -2.09	   7.02	 -0.046	1.00086							#	   2.31	  13.86	
     74	  -4.57	  -8.21	 -0.044	1.00096							#	   1.49	  13.05	
     75	  -5.25	  -2.24	 -0.111	1.00016							#	   0.67	  12.32	
     76	  -2.57	   0.09	 -0.145	1.00142							#	   0.73	  15.14	
     77	 -10.43	  -0.37	 -0.168	1.00069							#	   0.90	  11.51	
     78	 -13.42	  -4.81	 -0.135	1.00100							#	   1.13	  10.78	
     79	 -14.01	  -0.33	 -0.084	1.00056							#	   0.87	  10.96	
     80	 -12.44	 -13.21	 -0.083	1.00191							#	   4.48	  13.75	
     81	  -8.61	  -4.06	  0.024	1.00023							#	   0.34	  12.35	
     82	 -11.12	  -1.15	 -0.146	1.00179							#	   0.46	  12.02	
     83	 -14.38	   2.36	 -0.144	1.00136							#	   0.92	  12.02	
     84	  -7.05	   1.27	 -0.242	1.00208							#	   0.38	  12.72	
     85	  -2.93	   0.69	 -0.059	0.99893							#	   0.23	  14.99	
     86	  -5.67	  -5.96	 -0.017	1.00305							#	   1.31	  12.83	
     87	  -2.25	  -3.68	 -0.028	1.00086							#	   0.58	  12.83	
     88	   3.38	 -10.59	  0.056	1.00092							#	   3.42	  12.43	
     89	   1.87	   0.76	  0.029	1.00014							#	   0.30	  12.54	
     90	   5.48	   0.11	  0.071	1.00118							#	   0.39	  11.91	
     91	 -10.52	  -1.83	 -0.035	0.99976							#	   0.51	  12.32	
     92	  -9.58	   2.42	 -0.195	1.00088							#	   0.86	  12.83	
     93	  -0.87	  12.67	 -0.038	1.00037							#	   2.41	  12.76	
     94	   3.99	  -6.56	  0.059	1.00061							#	   0.84	  12.87	
     95	   4.05	  -4.94	 -0.009	0.99854							#	   0.74	  12.43	
     96	  -4.54	  -5.38	  0.143	1.00045							#	   0.61	   7.48	
     97	  -0.08	 -11.28	 -0.180	1.00183							#	   2.43	  13.97	
     98	  -2.59	  -5.56	 -0.079	0.99967							#	   0.44	  13.75	
     99	  -6.23	  -3.07	 -0.166	1.00028							#	   0.37	  12.57	
    100	  -4.15	   9.78	 -0.054	1.00002							#	   1.87	  11.91	
    101	   1.07	  -2.61	 -0.203	0.99962							#	   0.76	  13.20	
    102	  -5.82	  -7.46	  0.038	1.00088							#	   1.65	  10.12	
    103	 -10.12	  -0.17	 -0.220	0.99939							#	   1.49	   9.20	
    104	  -4.86	 -10.44	  0.142	1.00123							#	   2.14	   9.68	
    105	  -3.75	   1.83	 -0.046	0.99858							#	   0.32	  11.77	
    106	 -13.10	  14.21	 -0.231	1.00000							#	   3.52	  10.85	
