      1	  39.76	   3.99	 -0.212	1.00240							#	   1.26	   4.66	
      2	  33.19	  -6.37	 -0.079	1.00009							#	   1.84	   5.02	
      3	  -1.58	  -1.15	 -0.020	1.00043							#	   0.47	  10.19	
      4	   6.17	 -10.96	  0.040	1.00000							#	   0.50	   8.87	
      5	  23.29	 -11.57	  0.071	1.00115							#	   2.39	   6.05	
      6	  47.19	  -0.05	  0.082	1.00119							#	   0.81	   4.40	
      7	  48.09	   4.81	  0.099	1.00295							#	   0.93	   5.54	
      8	  30.34	   4.44	  0.099	0.99892							#	   1.83	   6.60	
      9	  44.58	  12.40	  0.018	1.00262							#	   1.09	   7.40	
     10	  61.64	   7.47	 -0.028	1.00380							#	   0.77	   4.44	
     11	  66.98	  10.09	  0.131	1.00038							#	   1.21	   4.84	
     12	  49.40	   9.57	  0.057	0.99918							#	   1.29	   6.41	
     13	  38.14	   1.39	 -0.029	1.00315							#	   2.04	   7.95	
     14	  47.42	   4.58	 -0.067	1.00518							#	   1.26	   6.49	
     15	  63.02	  12.63	  0.025	1.00411							#	   1.76	   4.11	
     16	  52.36	 -18.22	  0.052	1.00078							#	   2.18	   6.49	
     17	  55.67	 -15.37	  0.067	0.99944							#	   1.94	   5.21	
     18	  59.10	 -21.22	  0.346	1.00369							#	   6.38	   3.96	
     19	  46.97	  -5.16	  0.012	1.00300							#	   2.75	   4.58	
     20	  44.67	 -11.36	  0.048	1.00393							#	   0.87	   4.73	
     21	  34.83	   2.94	 -0.078	1.00437							#	   0.91	   4.55	
     22	  51.17	   4.84	 -0.119	0.99951							#	   0.68	   4.99	
     23	  49.81	   3.32	  0.088	1.00197							#	   0.54	   5.54	
     24	  57.78	   5.18	 -0.108	0.99769							#	   0.76	   4.14	
     25	  55.46	  12.62	 -0.144	1.00372							#	   1.44	   5.35	
     26	  65.47	   6.73	  0.209	1.00031							#	   0.77	   6.45	
     27	  58.49	  19.36	 -0.008	1.00190							#	   1.46	   7.44	
     28	  58.25	  11.85	  0.014	1.00283							#	   0.83	   7.99	
     29	  43.47	  17.41	  0.004	1.00120							#	   1.13	   7.81	
     30	  52.83	   5.95	 -0.038	0.99911							#	   0.61	   8.80	
     31	  47.66	  12.91	  0.091	1.00426							#	   1.48	   7.81	
     32	  55.16	   9.30	 -0.027	0.99967							#	   0.62	   8.87	
     33	  64.42	   0.98	  0.053	1.00024							#	   0.43	   6.74	
     34	  70.52	  -1.34	 -0.170	0.99365							#	   0.42	   5.17	
     35	  60.52	  -3.61	 -0.124	1.00085							#	   0.32	   8.21	
     36	  50.97	   7.29	 -0.016	1.00121							#	   1.01	   8.87	
     37	  50.99	   5.98	 -0.135	1.00018							#	   0.98	   9.93	
     38	  41.99	   4.66	 -0.065	1.00142							#	   2.06	  12.35	
     39	  48.39	   9.74	 -0.000	0.99933							#	   1.18	  10.70	
     40	  43.61	   6.17	  0.108	1.00037							#	   1.70	  10.19	
     41	  51.18	  11.25	  0.088	1.00256							#	   1.52	   8.69	
     42	  56.46	   0.44	  0.145	1.00218							#	   1.11	   9.71	
     43	  68.88	  -2.85	  0.059	1.00270							#	   1.42	   5.46	
     44	  88.52	  -0.09	 -0.078	1.00440							#	   2.41	   6.12	
     45	  69.60	 -12.46	 -0.014	1.00366							#	   0.94	   8.36	
     46	  39.66	   4.53	 -0.026	1.00065							#	   2.22	   9.64	
     47	  65.59	 -15.00	  0.031	1.00280							#	   0.86	  10.30	
     48	  79.93	 -24.79	  0.064	1.00379							#	   2.08	   8.91	
     49	  60.09	   2.41	  0.029	1.00141							#	   0.28	   8.80	
     50	  39.40	  -0.39	  0.114	1.00458							#	   1.96	  12.35	
     51	  31.25	   9.60	  0.119	1.01103							#	   2.35	  14.48	
     52	  31.48	   1.03	  0.042	1.02368							#	   2.27	  14.08	
     53	  30.89	  -1.16	  0.069	1.02971							#	   2.63	  13.71	
     54	  20.44	   0.37	  0.022	1.03328							#	   2.35	  16.09	
     55	  10.38	   8.60	 -0.036	1.03606							#	   1.57	  17.01	
     56	  33.37	 -11.19	  0.064	1.03320							#	   3.20	  15.62	
     57	  37.21	   0.57	 -0.013	1.03287							#	   1.96	  14.15	
     58	  26.61	   6.76	 -0.051	1.03366							#	   2.81	  15.40	
     59	  15.51	  11.45	  0.013	1.02695							#	   1.40	  17.30	
     60	  27.40	   3.03	  0.070	1.02157							#	   2.37	  14.48	
     61	  37.40	   8.50	 -0.046	1.01449							#	   1.81	  13.78	
     62	  41.27	   0.52	  0.008	1.02103							#	   2.08	  11.44	
     63	  52.77	   5.76	  0.059	1.02289							#	   1.15	  11.22	
     64	  55.51	   5.71	 -0.067	1.02503							#	   1.19	  10.45	
     65	  53.22	  -2.32	 -0.082	1.02074							#	   1.53	   8.94	
     66	  66.66	   0.60	 -0.013	1.01582							#	   0.98	   7.11	
     67	  66.29	  -8.59	  0.043	1.01570							#	   1.21	   8.50	
     68	  66.37	   0.20	 -0.027	1.01068							#	   0.55	   7.62	
     69	  73.38	 -10.56	  0.029	1.00990							#	   1.44	   8.36	
     70	  63.56	  -6.89	  0.061	1.01202							#	   0.78	   8.91	
     71	  55.84	   4.66	  0.035	1.01531							#	   1.25	   8.72	
     72	  39.27	  -4.62	  0.040	1.01406							#	   3.31	  12.46	
     73	  34.51	   6.72	 -0.003	1.01401							#	   2.26	  13.16	
     74	  52.74	   3.33	  0.031	1.01315							#	   1.30	  10.96	
     75	  40.59	   7.24	 -0.028	1.01452							#	   2.05	  10.67	
     76	  39.21	   3.96	  0.034	1.01441							#	   2.46	  11.29	
     77	  41.05	   1.06	 -0.119	1.01152							#	   1.70	  10.56	
     78	  49.43	   1.49	 -0.004	1.01032							#	   1.02	   9.79	
     79	  49.35	   4.72	  0.015	1.00731							#	   1.13	   9.75	
     80	  42.61	   2.40	  0.003	1.01167							#	   1.32	  10.96	
     81	  39.95	   5.26	 -0.101	1.00768							#	   1.65	  11.33	
     82	  47.03	  -6.49	  0.050	1.00652							#	   1.01	  12.79	
     83	  39.57	  -6.38	 -0.034	1.00850							#	   1.79	  12.57	
     84	  37.16	   1.15	 -0.040	1.01175							#	   1.85	  13.09	
     85	  33.07	   9.74	 -0.019	1.01326							#	   2.51	  12.28	
     86	  33.14	  10.15	  0.003	1.01114							#	   2.19	  14.55	
     87	  30.39	  -0.29	  0.033	1.01166							#	   1.71	  15.84	
     88	  24.67	   4.81	 -0.046	1.01490							#	   1.38	  13.49	
     89	  37.13	  15.80	  0.070	1.01238							#	   2.57	  13.01	
     90	  37.68	   5.69	 -0.007	1.00670							#	   1.34	  13.60	
     91	  36.80	   4.40	  0.049	1.00154							#	   1.22	  11.25	
     92	  38.12	   3.71	  0.056	0.99946							#	   1.28	  11.58	
     93	  32.33	  -1.74	 -0.000	1.00181							#	   1.44	  11.88	
     94	  26.87	   9.80	  0.002	1.00030							#	   1.50	  13.49	
     95	  38.17	   8.13	  0.048	1.00510							#	   1.95	  13.34	
     96	  46.50	  14.02	 -0.031	1.01106							#	   2.30	  11.18	
     97	  40.88	  26.76	 -0.100	1.01230							#	   5.42	  10.96	
     98	  50.81	  10.68	 -0.008	1.00283							#	   0.62	  11.25	
     99	  51.23	  23.86	  0.065	1.00139							#	   2.33	   9.38	
    100	  57.79	  20.12	  0.005	1.00178							#	   2.28	   9.31	
    101	  47.82	  22.37	  0.091	1.00570							#	   3.00	   9.53	
    102	  42.19	  12.15	  0.031	1.00653							#	   1.70	  12.24	
    103	  36.90	  10.57	 -0.040	1.00470							#	   2.16	  12.90	
    104	  32.91	   4.45	  0.031	1.00254							#	   1.67	  14.11	
    105	  25.69	   7.02	  0.062	1.00068							#	   1.75	  15.58	
    106	  25.29	   7.29	  0.011	1.00107							#	   2.70	  13.78	
