      1	  -2.04	 -10.13	 -0.000	1.00023							#	  12.44	  10.08	
      2	  -3.55	   0.41	  0.026	0.99812							#	   0.27	  12.17	
      3	  -3.29	  -0.84	  0.010	1.00191							#	   0.18	  12.50	
      4	   1.63	  -8.36	 -0.097	1.00084							#	   0.27	  11.80	
      5	   3.52	   0.99	 -0.039	0.99925							#	   0.16	  11.69	
      6	  -2.49	   1.52	 -0.089	1.00045							#	   0.21	  11.73	
      7	  -4.41	  -8.60	 -0.021	0.99971							#	   2.38	  11.77	
      8	  -5.28	   4.23	 -0.063	1.00086							#	   0.52	  11.47	
      9	  -0.33	  -2.37	 -0.067	1.00037							#	   0.21	  12.35	
     10	   0.94	  -6.77	  0.000	1.00021							#	   1.08	  11.14	
     11	  -1.34	  -3.11	 -0.036	0.99975							#	   0.48	  13.20	
     12	   3.50	  -1.92	  0.029	0.99978							#	   0.68	  10.12	
     13	   3.02	 -12.05	 -0.025	1.00044							#	   1.66	  10.59	
     14	   4.74	 -10.43	 -0.006	0.99964							#	   0.94	  10.96	
     15	   1.50	  -7.89	  0.030	0.99914							#	   1.56	  11.51	
     16	   3.65	   6.14	 -0.045	1.00047							#	   1.76	  10.37	
     17	   1.50	  -6.98	  0.059	1.00019							#	   0.63	  10.85	
     18	   2.08	   1.38	 -0.051	1.00044							#	   0.28	  10.48	
     19	  -0.68	  -3.57	 -0.032	1.00028							#	   0.55	  12.21	
     20	  -4.50	 -15.66	  0.016	0.99881							#	   2.10	  10.81	
     21	  -7.80	  -1.99	 -0.003	1.00017							#	   0.79	  10.96	
     22	  -7.60	  -4.57	 -0.114	0.99970							#	   0.59	  11.47	
     23	  -5.81	  -3.47	 -0.066	1.00048							#	   0.38	  11.11	
     24	  -7.22	   6.65	  0.017	0.99974							#	   1.02	  10.63	
     25	  -7.33	   0.84	  0.064	1.00017							#	   0.72	   9.75	
     26	  -6.25	  10.56	 -0.110	1.00068							#	   2.09	   9.53	
     27	 -12.36	   0.43	  0.053	0.99902							#	   0.84	   8.54	
     28	 -14.71	  11.80	  0.107	0.99973							#	   2.19	  10.41	
     29	 -18.57	  11.67	  0.153	1.00146							#	   1.87	   8.50	
     30	 -21.14	   8.51	  0.044	1.00074							#	   3.22	   9.02	
     31	 -22.63	   2.06	  0.099	1.00025							#	   1.22	   8.43	
     32	 -19.95	  15.81	  0.095	0.99933							#	   2.31	   9.24	
     33	 -17.36	   2.67	  0.088	1.00019							#	   1.58	   9.24	
     34	 -22.97	  12.27	  0.033	0.99938							#	   2.76	   8.58	
     35	 -22.51	   7.19	  0.074	0.99934							#	   2.00	   9.27	
     36	 -18.53	  10.51	 -0.009	0.99937							#	   1.44	   8.94	
     37	 -16.64	   4.28	  0.048	0.99939							#	   0.91	  10.08	
     38	 -19.64	   5.42	 -0.088	0.99925							#	   2.04	   8.98	
     39	 -21.67	   8.47	 -0.078	0.99982							#	   1.87	  10.19	
     40	 -25.48	   7.76	 -0.097	0.99975							#	   2.71	   8.36	
     41	 -31.58	   3.57	 -0.093	1.00027							#	   1.85	   8.72	
     42	 -23.13	   0.54	 -0.015	1.00004							#	   1.19	   9.31	
     43	 -18.89	   6.59	  0.067	1.00019							#	   1.98	   8.69	
     44	 -17.97	   5.97	  0.021	0.99972							#	   1.70	   9.20	
     45	 -17.74	   5.16	  0.025	0.99968							#	   1.27	  11.14	
     46	 -13.53	  -2.57	 -0.019	1.00082							#	   0.54	   9.82	
     47	 -19.72	  -4.10	 -0.019	1.00018							#	   1.11	  10.15	
     48	 -26.03	   5.90	  0.069	0.99971							#	   2.53	   8.72	
     49	 -18.46	  -2.64	 -0.001	1.00018							#	   1.48	  11.40	
     50	 -17.21	   1.74	  0.032	0.99969							#	   0.90	   9.82	
     51	 -15.00	  -7.78	 -0.064	1.00015							#	   1.03	  10.74	
     52	 -11.34	  -7.03	 -0.111	0.99931							#	   1.16	  11.29	
     53	  -8.96	  -0.17	  0.042	0.99975							#	   1.27	  11.77	
     54	 -12.37	  -4.71	  0.011	0.99994							#	   2.03	   9.49	
     55	 -12.72	  -4.16	  0.019	0.99951							#	   0.72	  11.66	
     56	 -10.98	   0.00	  0.069	1.00088							#	   0.49	  11.07	
     57	 -11.96	   2.67	 -0.042	0.99879							#	   0.83	  11.51	
     58	  -6.18	  -3.89	  0.037	1.00002							#	   0.97	  12.21	
     59	  -9.08	   1.05	  0.020	1.00007							#	   1.19	  10.26	
     60	 -13.93	   1.42	  0.002	1.00070							#	   0.72	  10.04	
     61	 -14.09	  -4.02	 -0.043	1.00032							#	   2.04	   9.13	
     62	 -19.72	   5.45	 -0.037	1.00012							#	   2.35	   8.69	
     63	  -8.58	  -1.53	  0.009	1.00011							#	   0.50	  11.58	
     64	  -1.71	  10.97	  0.010	0.99937							#	   1.11	  13.71	
     65	  -1.95	  -9.68	  0.039	1.00007							#	   0.76	  12.43	
     66	  -2.89	  -1.06	 -0.019	1.00045							#	   0.15	  13.34	
     67	   0.96	  -2.31	  0.029	0.99919							#	   0.52	  13.49	
     68	  -4.97	   1.01	  0.041	1.00025							#	   0.67	  12.76	
     69	  -1.18	   4.34	  0.134	1.00104							#	   0.75	  12.21	
     70	  -6.43	  -5.08	  0.017	0.99989							#	   0.64	  10.96	
     71	  -7.15	   4.51	  0.023	1.00181							#	   1.36	  10.81	
     72	  -3.37	   5.50	  0.056	1.00008							#	   3.04	  10.15	
