      1	 -11.65	   5.82	 -0.072	1.00108							#	   7.54	   6.38	
      2	   4.72	  -1.78	  0.021	0.99929							#	   5.11	   9.60	
      3	 -28.01	  -9.48	  0.004	0.99968							#	   3.99	   9.82	
      4	 -23.59	  -1.35	  0.009	1.00141							#	   3.19	   8.21	
      5	 -36.75	  -6.60	 -0.106	0.99848							#	   6.67	   6.85	
      6	 -32.23	  -5.11	 -0.158	1.00099							#	   3.88	   6.20	
      7	 -43.02	   8.19	 -0.144	0.99767							#	   6.78	   5.39	
      8	 -48.65	  -0.06	 -0.013	1.00135							#	   6.50	   6.16	
      9	 -43.42	 -10.82	  0.008	0.99972							#	   5.49	   6.45	
     10	 -39.85	  -1.53	 -0.073	0.99717							#	   5.10	   5.68	
     11	  -8.77	  -2.34	  0.030	1.00120							#	   2.12	   7.95	
     12	  -0.09	  -1.09	  0.045	0.99970							#	   2.92	   9.93	
     13	 -12.05	  -1.19	 -0.054	0.99978							#	   2.20	   9.09	
     14	 -24.82	   3.49	 -0.009	1.00156							#	   3.12	   7.29	
     15	 -32.23	   6.39	  0.043	0.99972							#	   4.84	   5.83	
     16	 -40.96	  13.50	 -0.148	0.99887							#	   6.91	   6.41	
     17	 -31.15	  17.33	  0.016	1.00084							#	   5.20	   6.41	
     18	 -45.15	  11.31	 -0.049	0.99903							#	   8.28	   5.10	
     19	 -45.98	  16.41	 -0.044	0.99947							#	   6.17	   5.10	
     20	 -27.25	   0.46	 -0.061	1.00092							#	   2.92	   5.83	
     21	 -10.68	   3.15	 -0.072	0.99979							#	   2.58	   7.33	
     22	 -11.41	  -8.61	 -0.000	0.99972							#	   3.33	   6.56	
     23	  -4.85	  -6.30	 -0.022	0.99997							#	   2.48	   6.20	
     24	 -13.87	 -18.16	  0.031	0.99985							#	   3.04	   6.09	
     25	  22.56	 -24.16	 -0.068	1.00059							#	   8.30	   4.22	
     26	   9.65	 -17.42	  0.044	0.99998							#	   5.62	   4.77	
     27	 -50.48	   2.72	 -0.007	1.00156							#	   5.40	   4.62	
     28	 -37.61	  -2.95	  0.054	0.99819							#	   2.74	   2.79	
     29	 -25.00	   3.81	 -0.010	0.99916							#	   2.55	   7.37	
     30	 -22.99	 -14.15	  0.076	1.00030							#	   2.49	   6.27	
     31	 -20.23	  -0.84	  0.043	0.99986							#	   2.75	   6.49	
     32	  -7.34	   7.93	 -0.015	0.99950							#	   5.09	   7.29	
     33	  -9.90	   0.52	  0.034	1.00097							#	   4.04	   7.70	
     34	 -11.38	  -6.80	  0.073	1.00047							#	   4.02	   6.93	
     35	 -16.65	 -15.47	 -0.033	0.99956							#	   4.22	   7.92	
     36	 -15.27	  -2.77	  0.065	1.00152							#	   3.21	   7.84	
     37	  -8.60	  -2.17	 -0.029	0.99882							#	   4.64	   8.47	
     38	 -20.40	  -9.86	  0.045	0.99933							#	   3.75	   6.41	
     39	 -20.19	   7.10	 -0.056	1.00078							#	   3.70	   7.15	
     40	  -3.69	   2.09	  0.006	1.00142							#	   5.15	   8.21	
     41	 -13.11	 -11.51	  0.041	0.99965							#	   3.86	   8.32	
     42	 -33.78	  11.62	  0.011	0.99958							#	   4.92	   5.50	
     43	 -32.58	   4.74	 -0.040	1.00043							#	   3.96	   5.61	
     44	 -30.30	   2.28	  0.006	1.00014							#	   4.06	   7.73	
     45	 -13.89	   2.85	 -0.018	0.99973							#	   3.01	   7.92	
     46	  -7.66	  -8.65	  0.019	1.00037							#	   4.07	   8.32	
     47	 -11.49	  -3.69	  0.016	1.00007							#	   3.25	   7.59	
     48	  -9.20	  -9.95	 -0.072	1.00082							#	   4.93	   9.09	
     49	 -10.38	  -8.05	 -0.047	1.00075							#	   3.98	   8.94	
     50	 -11.53	  16.60	 -0.035	0.99984							#	   4.75	   7.95	
     51	  -8.28	  -5.96	 -0.018	1.00157							#	   2.61	   9.46	
     52	 -26.69	  -5.36	  0.018	1.00020							#	   2.63	   7.37	
     53	 -31.33	  -8.88	 -0.048	1.00159							#	   4.34	   7.48	
     54	 -20.14	 -10.55	 -0.002	1.00141							#	   3.75	   7.59	
     55	 -23.83	 -10.62	 -0.062	1.00120							#	   4.34	   9.13	
     56	 -25.62	   3.52	 -0.055	0.99991							#	   3.92	   8.21	
     57	 -18.10	  -8.57	 -0.070	1.00120							#	   3.36	  10.48	
     58	 -25.68	   5.80	 -0.055	1.00078							#	   4.30	   8.83	
     59	  -0.05	 -12.60	 -0.062	0.99881							#	   5.12	   9.27	
     60	  -9.33	   7.00	  0.006	0.99970							#	   3.98	  11.07	
     61	 -20.06	  -6.92	 -0.043	1.00015							#	   3.44	   9.68	
     62	 -17.65	 -20.79	  0.054	1.00022							#	   4.63	   9.31	
     63	 -38.53	 -14.71	 -0.089	1.00038							#	   5.13	   8.03	
     64	 -24.96	   0.55	  0.051	1.00114							#	   2.61	   9.46	
     65	 -27.41	   1.72	  0.032	0.99981							#	   3.27	  10.01	
     66	 -24.22	  -0.58	  0.079	0.99959							#	   3.03	  10.67	
     67	 -41.43	  12.81	  0.002	0.99965							#	   5.32	   7.92	
     68	 -24.12	   6.49	 -0.024	1.00100							#	   1.89	   8.28	
     69	 -18.70	  -4.99	  0.013	0.99977							#	   2.25	  10.78	
     70	 -22.54	  -8.49	 -0.000	1.00032							#	   3.18	  10.04	
     71	 -16.74	   4.62	  0.019	0.99960							#	   3.52	   7.62	
     72	 -21.89	  -7.24	  0.023	0.99925							#	   2.58	   9.64	
     73	 -14.81	  -2.24	 -0.050	1.00056							#	   2.27	  11.69	
     74	  -8.97	  -9.80	  0.041	1.00009							#	   3.10	  10.70	
     75	 -26.18	  -8.94	  0.072	0.99955							#	   3.23	   9.42	
     76	 -27.79	   4.54	  0.027	1.00018							#	   4.15	   9.82	
     77	 -31.14	   3.55	  0.050	1.00176							#	   3.71	   9.35	
     78	 -27.58	  -2.13	  0.011	0.99899							#	   3.20	  10.23	
     79	 -18.10	  -6.86	  0.073	0.99969							#	   2.67	  12.39	
     80	 -15.01	  -4.29	  0.054	1.00070							#	   2.53	  12.32	
     81	 -13.67	  -1.84	  0.037	0.99949							#	   2.60	  12.17	
     82	  -3.94	   7.53	  0.042	1.00046							#	   3.36	  13.67	
     83	 -12.25	  21.57	  0.005	1.00055							#	   5.27	  11.91	
     84	 -14.02	   0.45	  0.026	0.99908							#	   1.50	  10.81	
     85	 -13.18	   6.33	  0.068	0.99995							#	   1.76	   9.27	
     86	 -16.30	   7.59	  0.009	0.99994							#	   2.30	   9.53	
     87	  -6.67	   2.48	 -0.011	1.00039							#	   2.69	  11.77	
     88	   0.88	   2.81	  0.025	1.00000							#	   3.08	  10.74	
     89	  -6.92	  19.03	  0.021	1.00099							#	   5.16	   9.79	
     90	 -10.12	   8.48	 -0.015	0.99927							#	   1.73	  10.12	
     91	 -10.38	  -0.85	  0.045	0.99995							#	   1.75	  10.37	
     92	 -10.40	   7.41	 -0.022	0.99981							#	   3.27	  10.01	
     93	 -10.55	   8.25	  0.004	1.00049							#	   4.23	   9.31	
     94	 -12.13	  -8.46	  0.016	0.99864							#	   3.70	   8.98	
     95	 -24.97	   1.08	  0.017	0.99978							#	   5.04	   9.93	
     96	  -8.48	   3.63	 -0.007	1.00042							#	   2.97	   9.57	
     97	   1.38	   7.04	  0.016	1.00013							#	   4.15	   9.86	
     98	  -3.60	   1.64	 -0.051	0.99935							#	   2.41	  10.96	
     99	   1.46	   5.00	 -0.088	1.00098							#	   3.84	   9.71	
    100	   8.18	   1.49	  0.039	1.00069							#	   4.76	   9.02	
    101	   4.25	 -27.19	 -0.027	0.99949							#	   7.26	   9.05	
    102	  -4.22	 -12.07	 -0.045	1.00089							#	   2.38	   8.98	
    103	   1.37	 -16.70	 -0.013	1.00005							#	   4.73	  10.15	
    104	  -0.03	 -17.46	 -0.056	0.99932							#	   5.67	  12.06	
    105	  -6.59	  -7.66	 -0.069	1.00076							#	   4.99	  11.58	
    106	  -0.15	  -2.46	  0.016	0.99968							#	   5.48	  13.27	
    107	  -6.59	   0.76	 -0.016	1.00019							#	   4.74	  11.18	
    108	 -11.46	  -4.35	  0.008	1.00000							#	   5.15	   9.31	
    109	  -7.84	   2.48	  0.000	1.00083							#	   6.31	   8.21	
    110	 -16.82	 -10.41	  0.039	1.00051							#	   5.52	   7.81	
    111	   4.70	   5.60	  0.008	1.00075							#	   5.71	   8.54	
    112	  17.52	  -4.74	 -0.010	1.00080							#	   6.94	   9.09	
    113	   3.77	   6.41	  0.012	0.99980							#	   4.61	   9.27	
    114	  12.12	  -6.92	 -0.014	1.00074							#	   4.32	  10.04	
    115	  -0.49	   5.41	  0.042	1.00160							#	   4.53	   9.46	
    116	   3.78	 -15.19	 -0.016	1.00010							#	   5.03	  10.56	
    117	   1.76	   5.11	 -0.033	0.99997							#	   3.00	  10.41	
    118	  -2.83	  -3.64	 -0.042	1.00007							#	   3.02	   9.24	
    119	 -11.27	  -8.65	  0.019	0.99942							#	   4.41	   8.83	
    120	 -17.58	 -13.35	 -0.016	0.99969							#	   6.70	   9.57	
    121	 -15.70	  -4.20	 -0.038	0.99951							#	   5.65	  10.48	
    122	  -0.14	  -5.61	 -0.007	1.00001							#	   5.47	  11.55	
    123	   2.84	   6.04	  0.011	0.99913							#	   5.26	  12.13	
    124	  -4.75	   2.83	  0.087	1.00064							#	   3.34	  11.00	
    125	  -0.86	   1.85	  0.044	1.00011							#	   3.01	  12.43	
    126	   8.90	  -6.41	 -0.021	0.99947							#	   5.07	  10.34	
    127	  22.83	  -1.81	 -0.028	0.99966							#	   6.62	   9.42	
    128	  13.59	  -2.33	 -0.063	0.99920							#	   3.10	   8.54	
    129	  14.71	   0.30	 -0.071	1.00165							#	   3.79	   9.60	
    130	   6.11	  -1.67	 -0.054	0.99953							#	   3.38	  10.04	
    131	  10.86	   8.10	 -0.073	0.99932							#	   3.98	  10.30	
    132	  13.38	  -1.91	  0.032	1.00049							#	   3.76	  10.26	
    133	   6.30	  12.81	 -0.018	0.99957							#	   4.41	  10.12	
    134	  -0.55	   0.57	 -0.002	1.00028							#	   1.79	  10.81	
    135	  -9.09	   8.35	 -0.029	0.99997							#	   2.51	   9.86	
    136	   7.38	  -5.47	  0.032	0.99922							#	   3.47	  10.12	
    137	   6.07	   3.27	 -0.054	0.99962							#	   4.30	  10.63	
    138	  17.60	  -7.39	 -0.073	0.99912							#	   7.43	  10.04	
    139	  21.16	  -9.94	  0.035	0.99985							#	   5.30	   8.80	
    140	  10.69	  -8.76	 -0.134	1.00082							#	   5.43	   9.64	
    141	  21.38	 -14.22	 -0.029	1.00001							#	   4.96	   9.60	
    142	   7.27	 -13.18	 -0.128	1.00052							#	   4.37	   8.94	
    143	   3.88	 -20.12	 -0.120	1.00040							#	   5.43	  10.41	
    144	   7.85	 -34.06	 -0.072	1.00134							#	   7.01	   8.83	
    145	   1.84	 -25.26	 -0.060	1.00058							#	   3.37	   8.72	
    146	   2.78	 -31.32	 -0.044	0.99996							#	   3.93	  10.30	
    147	 -15.00	 -23.71	 -0.056	0.99947							#	   2.29	  11.22	
    148	 -10.37	 -23.56	 -0.007	1.00047							#	   3.38	  11.95	
    149	  -6.79	 -24.73	  0.041	0.99961							#	   3.23	  11.99	
    150	  -8.16	 -18.38	  0.047	1.00134							#	   2.80	  12.24	
    151	   5.24	  -5.87	  0.077	1.00042							#	   4.22	  13.16	
    152	   9.86	  -6.23	 -0.070	1.00012							#	   4.89	  12.06	
    153	   2.94	  -4.34	  0.043	0.99965							#	   3.41	  12.54	
    154	 -15.87	  -3.54	  0.041	1.00024							#	   2.36	  13.09	
    155	 -10.37	   1.36	 -0.042	1.00155							#	   2.31	  12.54	
    156	   2.72	  -5.47	  0.066	0.99946							#	   2.71	  15.32	
    157	  18.50	  -2.83	  0.114	0.99987							#	   4.98	  14.77	
    158	 -14.42	   6.48	  0.004	0.99983							#	   1.13	  14.37	
    159	  -1.49	  13.10	  0.031	1.00038							#	   3.97	  14.92	
    160	  -4.53	   5.44	  0.029	1.00030							#	   2.64	  14.15	
