      1									skipped		#	   4.94	   1.83	
      2	   6.15	  -5.18	  0.047	1.00030							#	   0.49	   3.81	
      3	 -29.33	  -0.39	  0.006	1.00224							#	   1.09	   2.27	
      4									skipped		#	   1.56	   0.92	
      5									skipped		#	   0.85	   0.88	
      6									skipped		#	   0.72	   0.62	
      7									skipped		#	   1.81	   1.39	
      8									skipped		#	   1.83	   0.66	
      9									skipped		#	   0.81	   1.83	
     10									skipped		#	   2.66	   1.10	
     11	  11.63	   4.53	 -0.102	1.01152							#	   0.95	   2.09	
     12									skipped		#	   2.15	   1.80	
     13									skipped		#	   1.73	   1.47	
     14	 -33.59	   0.16	 -0.023	1.00491							#	   1.87	   2.05	
     15	  17.79	  -0.19	 -0.082	1.00270							#	   1.59	   3.04	
     16	  -0.22	   1.66	 -0.031	0.99995							#	   0.74	   3.23	
     17	  -3.42	  -1.70	  0.065	1.00010							#	   0.68	   4.11	
     18	  -6.45	  12.50	  0.121	1.00505							#	   0.80	   3.30	
     19	 -16.54	   5.71	  0.018	1.01325							#	   0.63	   2.64	
     20									skipped		#	   1.41	   1.91	
     21	 -10.30	  17.68	 -0.028	1.03221							#	   1.46	   2.35	
     22	  -8.37	  19.71	  0.043	1.03005							#	   1.03	   2.16	
     23	 -12.70	  12.01	  0.028	1.02884							#	   1.22	   2.57	
     24	 -13.57	  26.17	  0.071	1.02524							#	   2.02	   2.90	
     25	 -28.29	  27.82	 -0.120	1.03290							#	   1.71	   2.75	
     26	 -14.29	  11.29	  0.123	1.03193							#	   1.07	   3.08	
     27	  -7.46	  17.20	 -0.090	1.03394							#	   1.29	   3.92	
     28	  -9.79	   7.13	  0.012	1.03782							#	   1.19	   4.62	
     29	 -14.59	   5.46	 -0.115	1.03787							#	   1.32	   5.06	
     30	 -10.76	  15.12	  0.005	1.03401							#	   1.07	   4.99	
     31	  -2.25	   8.48	  0.062	1.03321							#	   1.10	   5.68	
     32	  -7.95	   7.22	 -0.107	1.02674							#	   1.22	   5.98	
     33	  -5.45	  -2.31	 -0.036	1.02592							#	   1.05	   7.70	
     34	  -4.76	   1.76	  0.009	1.02059							#	   1.32	   7.00	
     35	  -9.72	   1.14	  0.023	1.01709							#	   0.88	   8.25	
     36	  -3.01	  -5.83	  0.021	1.01416							#	   0.57	   8.80	
     37	   0.65	  -3.35	  0.012	1.01161							#	   0.37	   8.17	
     38	   3.55	  -0.15	 -0.042	1.01011							#	   0.74	   9.05	
     39	  -4.56	  -8.72	  0.005	1.00843							#	   0.98	   9.64	
     40	  -7.22	   2.82	  0.060	1.00977							#	   1.05	   7.70	
     41	   5.79	   7.96	  0.028	1.00963							#	   0.75	   7.92	
     42	   6.73	  -8.42	  0.046	1.01980							#	   1.16	   8.03	
     43	  -1.67	  -5.52	  0.087	1.05244							#	   2.06	   6.12	
     44	 -10.89	   8.12	  0.092	1.04282							#	   2.20	   6.38	
     45	  -9.21	   2.90	  0.020	1.02683							#	   0.63	   9.49	
     46	   1.65	  -1.80	  0.023	1.01798							#	   0.35	   9.97	
     47	  -1.06	  -5.83	  0.061	1.02670							#	   0.47	   8.76	
     48	 -11.00	   7.08	  0.042	1.02490							#	   0.67	   8.91	
     49	 -12.84	  -2.34	  0.024	1.01598							#	   0.53	   9.82	
     50	  -5.87	 -13.79	 -0.009	1.01141							#	   1.37	   9.09	
     51	  -1.39	   9.52	  0.024	1.01940							#	   0.78	   9.16	
     52	   2.62	   8.47	  0.010	1.03111							#	   1.44	   9.71	
     53	  -5.62	  12.15	  0.003	1.03294							#	   1.17	   8.50	
     54	  -4.27	   6.81	 -0.058	1.02791							#	   0.99	  10.04	
     55	  -0.11	   3.37	 -0.048	1.02438							#	   0.68	  11.07	
     56	   3.68	   2.97	  0.020	1.03499							#	   1.15	   9.16	
     57	   1.03	 -12.67	  0.050	1.02892							#	   0.97	   9.57	
     58	  -4.98	  19.35	 -0.013	1.02364							#	   1.91	  10.23	
     59	  -7.87	  11.23	  0.066	1.02430							#	   0.98	  10.81	
     60	 -12.45	   1.70	 -0.018	1.03116							#	   0.57	   8.98	
     61	  -8.23	  -5.04	  0.057	1.04228							#	   0.76	   7.70	
     62	  -8.40	   9.15	  0.013	1.05176							#	   1.39	   7.26	
     63	  -5.89	  18.21	  0.061	1.04586							#	   1.52	   6.34	
     64	  -4.00	  15.49	  0.016	1.04722							#	   1.28	   7.51	
     65	  -9.27	   8.76	  0.050	1.04927							#	   1.32	   6.82	
     66	 -10.82	   3.97	  0.027	1.04393							#	   0.91	   6.41	
     67	  -9.03	   2.91	  0.015	1.04977							#	   0.96	   6.52	
     68	  -6.30	   7.84	  0.075	1.02425							#	   0.68	   6.89	
     69	  -0.29	  -2.38	  0.185	1.00009							#	   0.22	  10.04	
     70	  -2.51	  15.85	  0.177	1.00050							#	   0.98	   9.60	
     71	  -5.06	  -1.80	 -0.048	1.00048							#	   0.15	   9.35	
     72	 -12.42	   4.84	 -0.171	0.99941							#	   0.49	   7.00	
     73	 -19.43	   0.97	 -0.111	0.99866							#	   1.38	   8.32	
     74	 -27.43	  10.68	  0.055	1.00077							#	   1.56	   6.78	
