      1									skipped		#	   9.99	   1.18	
      2	 -28.73	 -14.58	 -0.199	0.99722							#	   3.75	   2.23	
      3	 -36.12	   2.24	 -0.033	0.99765							#	   3.69	   2.82	
      4									skipped		#	   0.91	   1.61	
      5	 -26.21	  -1.97	  0.461	1.01221							#	   3.82	   2.12	
      6	  -6.47	  16.38	  0.324	1.00633							#	   1.33	   3.53	
      7	 -25.59	  12.12	  0.384	0.99029							#	   2.38	   2.12	
      8	 -24.81	   2.08	 -0.008	1.00161							#	   4.14	   4.55	
      9	  11.84	   1.09	  0.052	1.00074							#	   1.95	   4.70	
     10	  -4.77	   1.79	  0.142	1.00087							#	   4.55	   6.39	
     11	   2.83	   5.86	 -0.004	0.99938							#	   3.81	   4.90	
     12	  -6.34	  33.59	  0.009	1.00026							#	   6.37	   5.05	
     13	 -19.47	  10.11	 -0.515	0.99952							#	   6.54	   4.86	
     14	  -2.48	   8.79	 -0.359	0.99964							#	   7.52	   2.86	
     15	 -10.46	  23.55	 -0.569	0.99944							#	   9.04	   5.29	
     16	   5.34	 -10.23	 -0.656	1.00179							#	   2.48	   4.27	
     17	  20.84	 -16.01	 -0.747	1.00205							#	   1.34	   3.76	
     18	   2.75	   0.65	  0.009	0.99955							#	   0.94	   5.68	
     19	  -2.41	   1.06	 -0.018	1.00038							#	   1.04	   4.39	
     20	  -4.35	  21.25	  0.086	0.99566							#	   1.25	   5.17	
     21	  -1.40	   5.79	  0.080	0.99552							#	   0.69	   5.96	
     22	   8.51	   4.02	 -0.021	1.00052							#	   1.68	   3.80	
     23	  -6.20	  -1.26	  0.067	1.00221							#	   1.70	   5.17	
     24	  -4.92	  10.08	  0.128	1.00311							#	   1.16	   4.04	
     25	   4.74	  -8.57	  0.200	0.99771							#	   1.64	   6.39	
     26	   4.59	   7.47	 -0.011	0.99813							#	   1.09	   6.03	
     27	   0.04	   0.60	 -0.025	0.99978							#	   0.37	   7.68	
     28	  -0.79	   3.24	  0.030	0.99693							#	   1.07	   4.51	
     29	  -3.87	  10.16	  0.263	1.00509							#	   1.20	   5.25	
     30	  -6.20	   0.91	  0.131	1.00323							#	   1.65	   7.60	
     31	  -4.00	  -1.48	  0.344	1.00472							#	   1.18	   5.33	
     32	 -13.67	 -11.67	  0.367	1.00701							#	   4.79	   4.70	
     33	   7.21	 -16.32	  0.129	1.00265							#	   1.94	   6.43	
     34	  11.63	 -14.74	  0.108	1.00038							#	   3.88	   6.27	
     35	 -17.77	 -25.82	  0.079	1.00021							#	   3.68	   3.49	
     36	   3.86	 -26.10	 -0.396	0.99834							#	   1.97	   2.82	
     37	  18.90	 -15.52	  0.059	1.00060							#	   4.42	   4.66	
     38	  29.63	  -1.33	  0.473	0.99281							#	   3.58	   3.33	
     39	  42.40	  -1.71	  0.152	1.00043							#	   3.10	   4.62	
     40	   3.91	   4.40	  0.129	0.99757							#	   2.00	   3.68	
     41	  -0.69	  -5.82	  0.198	0.99844							#	   1.79	   4.04	
     42	   1.31	 -14.04	  0.121	0.99982							#	   2.61	   4.86	
     43	  -5.67	  -9.77	 -0.104	1.00496							#	   1.85	   2.51	
     44	  -0.02	 -12.05	 -0.383	1.00408							#	   2.01	   2.08	
     45									skipped		#	   1.93	   1.33	
     46									skipped		#	   2.97	   1.84	
     47									skipped		#	   2.02	   1.29	
     48									skipped		#	   3.31	   1.57	
     49									skipped		#	   4.15	   1.41	
     50	  -5.44	   4.14	 -0.629	1.00168							#	   1.20	   2.94	
     51	 -19.34	  -3.68	 -0.754	0.99412							#	   1.96	   3.41	
     52	   6.92	  -9.16	 -0.634	0.99610							#	   1.58	   3.17	
     53	 -23.73	  -1.48	 -0.224	0.99793							#	   4.82	   4.51	
     54	  -7.23	   3.18	 -0.315	0.99873							#	   1.64	   3.06	
     55	  -1.13	   8.50	 -0.450	0.99526							#	   1.19	   3.29	
     56									skipped		#	   3.59	   2.00	
     57									skipped		#	   3.47	   1.72	
     58	  10.37	   2.49	 -0.434	0.99600							#	   2.96	   3.25	
     59	   1.34	  -1.72	 -0.129	0.99725							#	   1.15	   5.05	
     60	   5.91	  -2.13	 -0.016	0.99298							#	   1.89	   3.45	
     61	  -0.63	   0.66	  0.220	0.99575							#	   1.81	   2.04	
     62	  -5.07	   6.35	 -0.237	0.99470							#	   1.39	   2.31	
     63	   9.84	  -0.46	 -0.320	0.99424							#	   3.54	   4.39	
     64	 -12.37	  -0.48	 -0.213	0.99527							#	   1.53	   4.08	
     65	   2.43	   0.41	 -0.114	0.99714							#	   1.70	   6.62	
     66	   8.53	  -8.38	 -0.208	0.99703							#	   2.35	   2.23	
     67	   9.06	  -2.24	 -0.128	0.99707							#	   1.27	   3.33	
     68	  11.65	  -1.96	  0.067	0.99792							#	   1.65	   4.58	
     69	  16.78	 -11.29	 -0.261	0.99788							#	   2.55	   3.72	
     70	 -14.83	   1.50	 -0.112	0.99982							#	   2.53	   4.23	
     71	  -0.70	  -0.14	 -0.085	0.99869							#	   1.22	   5.41	
     72	  15.25	  -4.15	 -0.057	0.99436							#	   8.81	   3.21	
     73	  -5.00	   1.93	 -0.009	1.00998							#	   1.88	   2.63	
     74	  11.62	   1.95	 -0.075	1.00480							#	   2.78	   3.92	
     75	   8.65	  16.32	 -0.198	1.00654							#	   1.98	   3.61	
     76	  -1.07	   3.49	 -0.298	1.00185							#	   0.71	   4.86	
     77	 -24.89	   0.11	 -0.056	1.00034							#	   3.23	   4.23	
     78	  14.92	   6.69	 -0.020	0.99718							#	   2.02	   3.68	
     79	  12.14	  -6.48	  0.033	0.99559							#	   2.96	   3.37	
     80	 -23.56	   3.26	 -0.067	1.00297							#	   2.68	   2.74	
     81	 -27.81	   2.26	  0.337	1.00174							#	   7.35	   2.59	
     82	  -2.55	   4.69	  0.422	0.99970							#	   1.23	   2.78	
     83	  -8.37	  -2.02	  0.711	1.00631							#	   1.10	   2.39	
     84	 -14.19	  13.86	  0.173	0.99953							#	   2.58	   5.25	
     85	  -6.82	   1.27	  0.018	1.00027							#	   1.12	   6.82	
     86	  -9.86	  -0.91	 -0.036	1.00097							#	   0.57	   6.66	
     87	  -7.67	   1.46	  0.056	1.00065							#	   1.41	   5.49	
     88	   1.76	   1.56	  0.003	1.00105							#	   1.20	   7.09	
     89	   0.04	   1.08	  0.015	1.00036							#	   1.03	   7.88	
     90	  -6.44	  -5.66	 -0.083	1.00448							#	   1.49	   5.84	
     91	  17.11	   0.62	  0.102	0.99897							#	   4.36	   6.00	
     92	  10.58	  -1.53	  0.126	1.00317							#	   2.35	   5.49	
     93	  19.10	   4.13	  0.366	1.00680							#	   2.83	   3.33	
     94	  16.65	   0.75	  0.183	1.00254							#	   2.97	   2.63	
     95	  40.11	  10.61	  0.375	1.00437							#	   7.51	   2.63	
     96	  11.74	  12.18	  0.208	1.00569							#	   1.05	   2.27	
     97									skipped		#	   3.86	   1.41	
     98	 -32.64	  -2.32	 -0.265	1.01197							#	   3.70	   3.21	
     99									skipped		#	   3.24	   1.96	
    100									skipped		#	   2.65	   1.06	
    101									skipped		#	   0.86	   1.14	
    102									skipped		#	   0.92	   1.68	
    103									skipped		#	   4.05	   1.72	
    104									skipped		#	   1.16	   1.18	
    105									skipped		#	   1.61	   1.29	
    106									skipped		#	   0.98	   1.57	
    107									skipped		#	   1.72	   1.61	
    108									skipped		#	   3.25	   1.21	
    109									skipped		#	   2.18	   1.18	
    110									skipped		#	   2.04	   1.06	
    111									skipped		#	   2.45	   1.53	
    112									skipped		#	   6.44	   1.29	
    113									skipped		#	   3.03	   0.78	
    114									skipped		#	   4.26	   1.21	
    115	   8.65	  -2.03	  0.461	0.99500							#	   3.01	   2.12	
    116									skipped		#	   3.44	   1.06	
    117									skipped		#	   6.06	   1.49	
    118									skipped		#	   5.20	   1.25	
    119									skipped		#	   4.46	   1.10	
    120									skipped		#	   3.86	   1.37	
    121									skipped		#	   3.23	   1.65	
    122									skipped		#	   1.05	   1.61	
    123									skipped		#	   1.95	   1.84	
    124									skipped		#	   0.85	   1.53	
