      1	   4.88	   7.60	  0.086	1.00179							#	   9.66	  40.87	
      2	   0.11	  -1.26	 -0.060	1.00049							#	   0.73	  45.73	
      3	  -3.92	   6.44	 -0.029	1.00005							#	   1.32	  45.45	
      4	  -3.67	   1.03	 -0.048	1.00023							#	   1.36	  47.61	
      5	   0.48	   4.62	 -0.102	0.99987							#	   1.03	  46.12	
      6	  -0.68	  -7.32	 -0.113	0.99980							#	   1.35	  47.96	
      7	   0.96	   6.98	 -0.106	0.99839							#	   2.27	  47.45	
      8	  19.00	  -5.83	 -0.071	0.99828							#	   9.09	  46.00	
      9	  33.15	   0.08	 -0.115	0.99785							#	   8.27	  44.08	
     10	  32.57	 -12.27	 -0.112	0.99732							#	   6.14	  43.18	
     11	  19.09	   4.49	 -0.002	0.99800							#	   3.39	  46.87	
     12	  23.31	  -1.85	 -0.008	0.99427							#	   4.66	  47.02	
     13	  23.09	   4.24	 -0.035	0.99202							#	   4.82	  43.18	
     14	  28.73	  -6.54	  0.006	0.99079							#	   6.15	  45.26	
     15	  23.01	  17.33	 -0.054	0.98517							#	   6.32	  46.20	
     16	  16.62	  -2.69	  0.001	0.98186							#	   3.76	  46.04	
     17	  20.79	   2.66	 -0.052	0.98348							#	   5.56	  45.18	
     18	  20.18	 -13.04	 -0.030	0.97470							#	   6.95	  40.91	
     19	  19.54	   2.91	 -0.071	0.97801							#	   6.35	  38.28	
     20	  22.66	  -9.92	 -0.161	0.97885							#	   8.47	  36.95	
     21	  29.17	   2.44	 -0.059	0.98451							#	   6.38	  34.68	
     22	  21.20	  -6.55	 -0.062	0.98843							#	   7.09	  36.40	
     23	  15.99	  -2.00	 -0.089	0.98890							#	   6.57	  37.70	
     24	   6.66	  -0.18	 -0.194	0.99236							#	   5.16	  41.58	
     25	  -6.68	   6.70	 -0.079	0.99753							#	   6.74	  37.62	
     26	  -6.31	  -2.12	 -0.038	0.99849							#	   4.58	  43.14	
     27	  -0.88	   3.91	 -0.094	0.99873							#	   5.09	  43.61	
     28	  -3.07	  -9.11	 -0.153	0.98944							#	   6.54	  37.34	
     29	   4.33	   0.87	 -0.386	0.97943							#	   8.31	  31.66	
     30	  18.53	  -8.13	 -0.106	0.95980							#	   8.78	  27.55	
     31	  21.69	  -9.80	 -0.181	0.94991							#	   7.95	  23.94	
     32	  16.32	  -8.94	 -0.060	0.95133							#	  10.03	  34.40	
     33	  17.56	   5.08	 -0.137	0.95858							#	   9.84	  31.70	
     34	  34.86	  -7.97	 -0.231	0.97099							#	   7.69	  31.94	
     35	  52.44	  -1.58	 -0.164	0.97751							#	   6.27	  27.12	
     36	  53.11	 -12.28	 -0.113	0.98216							#	   6.72	  25.08	
     37	  35.60	  -6.59	 -0.140	0.97934							#	   7.06	  31.94	
     38	  42.06	 -16.23	 -0.204	0.97738							#	   9.32	  33.54	
     39	  41.32	  -4.77	  0.003	0.97842							#	   7.59	  37.15	
     40	  28.24	 -13.28	  0.054	0.98251							#	   9.22	  37.11	
     41	  33.75	  -1.54	  0.132	0.98095							#	   7.94	  39.38	
     42	  33.75	 -10.27	  0.069	0.97761							#	   7.50	  42.28	
     43	  29.56	  -4.36	  0.084	0.97606							#	   8.23	  42.48	
     44	  32.70	  -5.13	 -0.006	0.97256							#	   6.98	  43.18	
     45	  21.51	   7.34	  0.051	0.97627							#	   4.23	  44.08	
     46	  18.43	  -8.79	  0.049	0.97900							#	   3.57	  43.97	
     47	   6.16	   2.12	 -0.044	0.97535							#	   1.43	  46.59	
     48	  -1.33	  -5.52	 -0.015	0.97677							#	   1.25	  48.20	
     49	  -6.37	   3.29	 -0.011	0.97202							#	   1.83	  47.22	
     50	  10.65	  -7.87	 -0.118	0.96865							#	   4.18	  47.14	
     51	  16.18	  -7.24	  0.041	0.97359							#	   4.43	  46.28	
     52	  11.12	  -9.25	 -0.058	0.96578							#	   6.84	  48.90	
     53	  35.26	 -11.98	 -0.104	0.97607							#	   7.77	  45.30	
     54	  44.08	 -17.27	 -0.194	0.97950							#	   3.91	  44.98	
     55	  31.85	  -3.08	  0.006	0.98165							#	   7.42	  44.51	
     56	  24.38	 -16.06	  0.079	0.99256							#	   5.43	  45.06	
     57	  25.35	 -18.68	 -0.027	0.99594							#	   6.22	  44.79	
     58	  24.25	 -22.70	 -0.039	0.99402							#	   6.72	  45.02	
     59	   6.39	 -26.46	 -0.007	0.99060							#	   3.10	  46.98	
     60	 -11.64	 -17.07	  0.018	0.99040							#	   2.66	  47.30	
     61	  -2.02	 -12.56	 -0.041	0.99398							#	   1.58	  49.37	
     62	 -18.43	 -16.54	 -0.038	0.99570							#	   5.19	  49.57	
     63	  -5.51	   3.49	 -0.055	0.99556							#	   0.92	  48.28	
     64	  17.86	  -8.83	 -0.079	0.99492							#	   4.70	  48.59	
     65	  25.82	   0.57	 -0.069	0.99180							#	   6.92	  45.02	
     66	  17.18	   4.02	 -0.104	0.98875							#	   4.29	  49.45	
     67	  16.21	  -4.48	 -0.094	0.98711							#	   4.06	  52.04	
     68	   5.56	  -0.12	 -0.092	0.98812							#	   1.36	  51.65	
     69	   3.02	  -0.49	 -0.020	0.99232							#	   0.80	  49.84	
     70	   1.92	 -12.85	 -0.007	0.98960							#	   0.93	  51.14	
     71	   0.91	  -7.06	 -0.046	0.99043							#	   0.76	  50.43	
     72	   9.73	 -20.44	  0.011	0.98346							#	   4.40	  49.33	
     73	   5.35	 -23.88	  0.042	0.97675							#	   3.58	  43.61	
     74	 -13.20	 -30.83	  0.107	0.97381							#	   5.69	  45.34	
     75	  -4.16	 -15.02	  0.091	0.97004							#	   3.05	  46.12	
     76	  13.42	 -20.99	 -0.001	0.97226							#	   6.37	  42.83	
     77	  22.30	  -0.10	  0.131	0.97265							#	   6.17	  43.42	
     78	  23.35	 -25.35	  0.180	0.97121							#	   6.55	  46.67	
     79	   2.66	  -4.51	  0.157	0.97860							#	   1.21	  42.44	
     80	   7.89	  -5.65	  0.198	0.97875							#	   1.96	  44.63	
     81	  -0.59	  -6.17	  0.207	0.97772							#	   0.86	  40.16	
     82	  18.38	 -20.80	  0.268	0.97865							#	   4.19	  40.36	
     83	  64.43	 -20.80	  0.210	0.97841							#	   1.23	  35.97	
     84	  20.60	 -23.89	  0.109	0.98178							#	   5.69	  37.23	
     85	   0.22	  -9.66	  0.071	0.98132							#	   0.57	  38.24	
     86	 -45.70	 -16.49	  0.054	0.98217							#	   3.76	  37.93	
     87	 -28.66	   2.45	  0.003	0.98841							#	   4.10	  39.22	
     88	 -18.95	  -8.76	 -0.058	0.99461							#	   2.67	  39.22	
     89	 -17.70	  -1.05	 -0.015	0.99930							#	   2.11	  37.42	
     90	  10.91	  -4.95	 -0.152	0.99852							#	   1.32	  39.07	
     91	 -10.83	  -0.81	 -0.059	1.00092							#	   1.11	  35.34	
     92	 -22.53	 -10.98	  0.005	1.00255							#	   4.75	  37.58	
     93	 -56.42	   0.95	 -0.016	1.00200							#	   0.51	  31.54	
     94	-117.46	 -14.04	  0.006	1.00075							#	   1.41	  26.14	
     95	-136.48	  11.93	 -0.029	1.00232							#	   1.39	  25.04	
     96	-145.85	  -7.61	  0.028	0.99863							#	   3.55	  24.18	
     97	-185.40	  13.18	  0.063	0.99692							#	   1.00	  23.08	
     98	-186.51	  -0.63	 -0.056	0.99878							#	   0.64	  27.23	
     99	-147.21	   0.11	 -0.056	0.99827							#	   4.45	  28.41	
    100	-155.71	 -11.53	 -0.031	0.99789							#	   6.33	  27.35	
    101	-175.05	  21.15	  0.010	0.99870							#	   2.53	  27.39	
    102	-138.69	  -4.96	 -0.034	0.99303							#	   1.94	  30.33	
    103	-130.22	  12.44	 -0.053	0.99498							#	   1.03	  30.64	
    104	 -89.19	  14.47	 -0.071	0.99548							#	   3.99	  27.08	
    105	 -69.61	  13.12	  0.061	0.99690							#	   1.16	  30.05	
    106	 -99.50	   4.31	  0.017	0.99885							#	   4.31	  27.55	
    107	-131.58	  17.17	 -0.018	0.99800							#	   1.09	  26.68	
    108	 -75.91	  20.27	 -0.085	0.99854							#	   1.91	  25.39	
    109	 -39.42	   2.50	 -0.100	0.99824							#	   2.85	  28.96	
    110	 -27.44	  -1.39	 -0.037	0.99912							#	   3.80	  30.76	
    111	 -32.81	  10.60	 -0.071	0.99907							#	   4.62	  30.64	
    112	  -6.47	  13.19	 -0.107	1.00102							#	   1.24	  29.74	
    113	 -51.36	  11.92	 -0.124	1.00224							#	   1.89	  27.70	
    114	   6.44	  10.05	 -0.124	1.00223							#	   1.14	  29.98	
    115	  29.00	  11.15	 -0.174	1.00377							#	   4.22	  30.60	
    116	 -49.67	   6.54	  0.002	0.99865							#	   1.58	  24.02	
    117	 -44.67	  14.65	 -0.046	1.00263							#	   3.41	  27.55	
    118	 -17.69	   2.87	 -0.076	1.00080							#	   2.07	  27.51	
    119	  21.16	  -8.02	 -0.004	1.00034							#	   2.00	  29.70	
    120	  -4.68	 -22.85	  0.026	0.99828							#	   2.74	  29.78	
    121	 -18.36	  -8.72	  0.123	0.99652							#	   2.68	  29.27	
    122	 -25.85	 -17.67	  0.016	0.99474							#	   4.16	  30.17	
    123	 -22.98	   1.99	 -0.028	0.99665							#	   2.32	  29.74	
    124	 -37.24	  -0.95	  0.066	0.99726							#	   2.80	  26.29	
    125	 -54.13	  -6.92	  0.016	0.99594							#	   0.76	  25.20	
    126	 -98.35	  -0.38	  0.072	0.99662							#	   3.18	  23.28	
    127	 -93.58	   9.29	  0.158	0.99941							#	   4.74	  22.65	
    128	 -97.77	 -15.86	  0.106	1.01181							#	   6.36	  19.83	
    129	 -56.81	   1.18	 -0.032	1.00517							#	   3.87	  16.65	
    130	 -62.74	 -16.02	  0.428	0.99854							#	   8.37	  15.44	
    131	-101.38	  -3.04	  0.062	1.00698							#	   6.87	  21.94	
    132	 -92.44	   5.12	 -0.184	1.01454							#	   5.12	  19.40	
    133	  -5.92	  17.38	 -1.697	1.00774							#	   7.03	  20.49	
    134	   4.05	   1.58	 -1.968	0.98911							#	   4.77	  23.04	
    135	  -2.19	 -13.70	 -0.037	0.96751							#	  10.40	  12.93	
    136	  -4.03	  -5.18	 -0.037	0.97779							#	  12.61	  13.79	
    137	   5.25	   0.36	  0.222	0.99889							#	  10.91	  12.58	
    138	  34.41	 -10.98	 -0.361	0.98563							#	  12.65	  11.21	
    139	  48.73	 -44.47	 -1.983	0.93011							#	   8.32	   8.42	
    140	   4.37	 -12.44	  0.672	1.00857							#	   8.09	  10.27	
    141	  11.14	  -5.13	  0.343	0.97590							#	   6.65	  13.48	
    142	 -11.80	  25.16	  1.147	1.02265							#	   7.36	  14.97	
    143	 -17.88	  20.27	  1.575	0.98682							#	   5.86	   9.68	
    144	 -30.54	  43.42	  4.163	0.98169							#	   8.59	   7.05	
    145	  62.98	  32.87	  4.582	0.97539							#	  13.88	   4.27	
    146	 255.98	  21.59	 -1.953	1.01709							#	   9.88	   7.37	
    147	 195.43	 108.41	 -6.373	0.89146							#	  11.18	   3.72	
    148	 116.56	  26.15	  0.209	1.08948							#	  11.55	  11.56	
    149	  57.85	  20.42	  0.054	1.07497							#	  11.65	  17.75	
    150	  20.24	  10.07	  0.076	1.07725							#	   6.54	  23.55	
    151	  45.61	  20.94	  0.074	1.07443							#	   8.15	  24.76	
    152	  22.65	  18.61	 -0.062	1.07330							#	  11.01	  18.77	
    153	  19.02	  19.73	  0.053	1.06267							#	   8.98	  32.45	
    154	   5.21	  17.81	  0.011	1.05424							#	   6.14	  34.48	
    155	  -5.78	  27.09	  0.080	1.05521							#	   5.47	  35.78	
    156	  -4.83	  35.49	  0.116	1.04572							#	   4.98	  34.76	
    157	  33.55	  36.07	  0.000	1.03589							#	   6.22	  35.42	
    158	  34.97	  22.03	 -0.094	1.02695							#	   7.21	  35.27	
    159	  40.17	  24.41	 -0.187	1.02368							#	   9.24	  32.05	
    160	  39.02	  15.83	  0.007	1.01742							#	   8.13	  35.42	
    161	  30.89	  31.10	 -0.041	1.02654							#	  10.46	  32.99	
    162	  21.34	  12.48	  0.361	1.01281							#	   5.19	  39.89	
    163	  17.04	  15.90	  0.289	1.01052							#	   3.84	  43.85	
    164	  30.95	  18.38	  0.416	1.00883							#	   6.60	  39.34	
    165	  35.69	  29.04	  0.352	1.01054							#	   7.87	  34.05	
    166	  40.64	   2.78	  0.276	1.00721							#	   5.29	  41.93	
    167	  32.38	  14.78	  0.145	1.01055							#	   7.40	  41.38	
    168	  31.26	  10.69	 -0.090	1.00916							#	   6.98	  44.40	
    169	  33.84	  12.94	  0.028	1.00944							#	   7.63	  45.53	
    170	  30.93	   3.52	  0.014	1.00787							#	   7.98	  47.65	
    171	  18.16	  14.80	  0.062	1.01384							#	   5.91	  44.95	
    172	  15.82	   2.54	 -0.134	1.01392							#	   4.23	  48.39	
    173	   1.60	  10.07	 -0.143	1.01856							#	   3.50	  49.26	
    174	  -3.65	  -2.48	 -0.295	1.01843							#	   2.95	  47.77	
    175	 -17.58	   6.61	 -0.249	1.01640							#	   4.27	  46.00	
    176	 -25.39	  -7.06	 -0.093	1.00830							#	   5.80	  50.31	
    177	 -23.84	   2.61	 -0.034	1.00473							#	   5.07	  46.79	
    178	 -14.53	  -0.36	 -0.050	1.00370							#	   4.54	  45.26	
    179	 -16.60	  -5.21	 -0.131	1.00602							#	   6.06	  44.36	
    180	 -19.10	   1.95	 -0.118	1.01130							#	   6.38	  43.97	
    181	 -26.45	   6.21	 -0.111	1.01057							#	   7.50	  44.36	
    182	 -21.08	  -2.31	 -0.084	1.01268							#	   5.85	  44.83	
    183	 -32.21	   2.23	 -0.164	1.00333							#	   7.52	  41.73	
    184	 -36.24	   1.26	 -0.200	1.00055							#	   8.18	  41.14	
    185	 -37.71	   6.52	 -0.168	1.00100							#	   8.20	  40.71	
    186	 -21.31	  -8.39	 -0.064	1.00094							#	   3.98	  45.81	
    187	 -25.07	  -7.12	 -0.021	1.00027							#	   5.39	  48.75	
    188	 -27.57	  -9.54	 -0.074	1.00007							#	   5.34	  47.37	
    189	 -28.21	   3.28	 -0.131	1.00016							#	   6.82	  47.77	
    190	 -23.56	 -10.64	 -0.019	0.99846							#	   4.59	  47.37	
    191	 -16.47	  -3.69	  0.071	0.99851							#	   3.53	  48.71	
    192	 -32.87	 -10.85	 -0.018	1.00863							#	   8.30	  49.10	
    193	 -14.63	   0.23	  0.061	1.01245							#	   3.22	  46.79	
    194	   3.16	 -13.69	  0.075	0.99742							#	   5.59	  50.00	
    195	   4.39	  -9.62	 -0.041	0.99652							#	   4.53	  51.14	
    196	  -5.01	  -9.54	 -0.100	0.99733							#	   3.51	  50.43	
    197	 -14.61	   1.24	 -0.026	0.99763							#	   2.81	  51.53	
    198	 -15.05	  -1.16	  0.058	0.99925							#	   3.34	  48.94	
    199	  -9.47	  -1.56	  0.078	1.00011							#	   1.94	  51.02	
    200	 -19.37	   0.33	  0.082	0.99968							#	   4.75	  50.78	
    201	 -12.47	   1.48	  0.065	0.99982							#	   3.10	  51.53	
    202	 -24.38	  -3.20	  0.032	1.00031							#	   7.14	  50.31	
    203	 -16.67	  10.58	 -0.018	0.99895							#	   3.71	  49.41	
    204	 -25.68	  -2.86	 -0.125	0.99733							#	   7.02	  46.51	
    205	 -19.27	   8.23	 -0.081	0.99744							#	   4.16	  47.22	
    206	 -17.22	  -8.20	 -0.232	0.99698							#	   5.20	  46.00	
    207	 -12.93	   4.35	 -0.119	0.99569							#	   5.03	  44.63	
    208	 -10.92	  -8.59	 -0.119	0.99527							#	   6.03	  45.49	
    209	 -12.34	   9.29	 -0.173	0.99624							#	   4.65	  44.28	
    210	  -0.66	  -7.04	 -0.162	0.99774							#	   3.06	  46.28	
    211	  -2.61	   5.13	 -0.105	0.99826							#	   2.13	  46.71	
    212	 -16.32	  -0.69	  0.001	0.99892							#	   3.40	  45.30	
    213	 -23.23	   3.38	 -0.008	1.00067							#	   6.06	  46.83	
    214	 -13.89	  -4.87	  0.033	1.00183							#	   2.23	  43.50	
    215	 -20.23	   7.00	  0.051	1.00165							#	   3.87	  43.26	
    216	 -19.21	   6.31	  0.026	1.00207							#	   4.61	  43.42	
    217	 -19.88	   7.91	  0.036	1.00103							#	   4.73	  43.73	
    218	 -14.51	  -7.20	  0.097	0.99930							#	   3.12	  44.44	
    219	  -2.91	  10.92	 -0.003	0.99849							#	   2.05	  44.47	
    220	   3.23	  -0.10	  0.004	0.99801							#	   1.94	  45.69	
    221	   5.97	  -2.75	 -0.008	0.99713							#	   2.42	  44.00	
    222	   2.70	 -13.67	  0.003	0.99772							#	   2.71	  44.51	
    223	   4.27	  -6.33	 -0.018	0.99794							#	   3.06	  44.63	
    224	   5.89	  -2.77	 -0.034	0.99771							#	   3.16	  43.50	
    225	   5.01	  -2.23	 -0.045	0.99814							#	   2.39	  44.87	
    226	   4.29	  -4.33	 -0.008	0.99885							#	   2.76	  44.12	
    227	   3.08	   2.37	 -0.042	0.99933							#	   1.75	  45.45	
    228	   1.08	   1.73	 -0.054	1.00016							#	   1.59	  47.14	
    229	   2.81	  -1.26	 -0.020	1.00073							#	   2.37	  46.16	
    230	  -5.38	  -2.02	 -0.045	1.00098							#	   1.63	  47.37	
    231	  -5.59	   4.24	 -0.076	1.00055							#	   2.10	  47.30	
    232	  -0.77	  -4.60	 -0.051	0.99972							#	   2.37	  48.28	
    233	   2.54	   2.60	 -0.096	0.99872							#	   2.23	  49.33	
    234	   0.19	 -11.03	 -0.084	0.99922							#	   2.84	  47.45	
    235	   0.84	 -13.14	 -0.042	0.99826							#	   3.09	  47.84	
    236	  -5.65	  -4.88	 -0.088	0.99886							#	   2.14	  46.98	
    237	  -2.19	 -10.19	 -0.126	0.99827							#	   3.07	  48.39	
    238	  -2.86	 -15.53	 -0.051	0.99799							#	   4.68	  46.79	
    239	  -3.50	  -1.14	  0.005	0.99754							#	   1.27	  50.16	
    240	  -2.42	  -4.84	 -0.006	0.99833							#	   1.95	  49.06	
    241	  -2.11	  14.98	  0.027	0.99851							#	   2.66	  48.35	
    242	  -5.68	   0.82	  0.011	0.99967							#	   1.42	  47.37	
    243	  -1.32	   4.18	 -0.040	0.99973							#	   2.29	  47.02	
    244	  -2.87	   3.87	 -0.044	1.00026							#	   2.79	  49.22	
    245	   3.97	   4.72	  0.002	0.99985							#	   5.20	  48.94	
    246	  -0.35	  -5.08	  0.021	0.99990							#	   2.21	  49.06	
    247	   6.31	  -1.58	 -0.089	0.99888							#	   4.76	  48.20	
    248	  11.98	  -4.18	 -0.087	0.99931							#	   4.45	  48.67	
    249	   9.88	  -2.95	 -0.092	0.99892							#	   4.79	  48.51	
    250	   9.55	 -14.91	 -0.104	0.99975							#	   6.52	  48.79	
    251	   2.93	 -12.00	 -0.022	1.00004							#	   3.53	  46.83	
    252	  -0.24	  -5.89	 -0.002	1.00045							#	   3.55	  51.96	
    253	   8.06	  -1.71	  0.014	0.99906							#	   2.98	  50.08	
    254	   0.06	 -10.05	  0.077	0.99873							#	   3.04	  49.92	
    255	   2.89	  -2.47	 -0.003	0.99666							#	   2.65	  51.41	
    256	  -0.11	  -4.67	 -0.070	0.99699							#	   3.08	  48.39	
    257	  -3.73	   7.78	 -0.023	0.99897							#	   4.09	  49.06	
    258	  -2.56	  -3.38	 -0.085	0.99843							#	   2.80	  50.31	
    259	  -5.20	   3.58	 -0.045	0.99926							#	   3.39	  49.57	
    260	  -2.01	  -2.74	 -0.028	0.99907							#	   4.32	  48.79	
    261	 -11.17	   1.99	  0.035	0.99901							#	   5.46	  47.45	
    262	  -6.28	  -5.79	  0.006	1.00011							#	   4.11	  46.75	
    263	  -9.25	  -2.56	 -0.010	0.99972							#	   3.25	  49.33	
    264	  -5.72	  -3.72	  0.022	0.99909							#	   3.14	  49.22	
    265	 -11.39	  -3.59	  0.027	0.99905							#	   2.86	  50.20	
    266	 -12.57	  -8.71	 -0.006	0.99962							#	   3.81	  49.73	
    267	 -13.70	   0.15	 -0.077	0.99997							#	   3.17	  48.32	
    268	 -23.83	  -2.27	 -0.031	0.97030							#	   8.80	  43.61	
    269	 -16.25	   7.32	  0.042	0.94325							#	   6.81	  39.18	
    270	 -16.81	  -8.12	  0.006	0.93527							#	   8.34	  40.60	
    271	 -15.25	  -0.62	  0.078	0.93923							#	   7.08	  40.48	
    272	 -25.56	   1.14	 -0.017	0.94137							#	   7.13	  36.44	
    273	 -28.01	  -1.32	 -0.101	0.95698							#	   5.06	  35.07	
    274	 -16.00	  -9.13	  0.004	0.97168							#	   5.92	  33.39	
    275	 -12.68	  -3.42	 -0.030	0.99105							#	   7.84	  35.03	
    276	 -15.56	  -3.56	  0.009	0.99710							#	   8.21	  34.76	
    277	 -31.90	  -9.72	 -0.225	0.99645							#	   8.69	  32.64	
    278	 -40.73	 -16.36	 -0.084	0.99732							#	   8.84	  30.09	
    279	 -32.11	  -9.81	 -0.027	0.99331							#	   9.77	  33.74	
    280	 -45.17	  -6.22	 -0.158	0.99592							#	   7.56	  32.99	
    281	 -46.53	   3.95	 -0.032	0.99385							#	   8.56	  30.33	
    282	 -34.44	 -12.54	 -0.026	0.99787							#	   7.87	  33.62	
    283	 -43.55	   8.74	  0.031	0.99742							#	   6.45	  31.66	
    284	 -39.74	   6.76	  0.010	0.99607							#	   6.76	  31.62	
    285	 -30.10	   7.89	  0.054	0.99291							#	   8.98	  34.21	
    286	 -45.91	  -0.25	  0.090	0.99243							#	   8.20	  31.82	
    287	 -45.82	   5.13	  0.153	0.99119							#	   9.21	  32.45	
    288	 -36.65	   2.76	  0.035	0.99320							#	   6.64	  34.33	
    289	 -34.37	   0.42	 -0.024	0.99481							#	   7.60	  36.09	
    290	 -28.49	  -8.75	 -0.056	0.99442							#	   8.90	  30.53	
    291	 -32.79	  -3.44	 -0.037	0.99737							#	  10.05	  31.03	
    292	 -39.11	 -13.36	 -0.021	0.99759							#	  10.96	  27.94	
    293	 -42.09	   1.07	  0.052	0.99780							#	  10.23	  30.68	
    294	 -30.50	  -7.36	 -0.024	0.99709							#	  10.12	  28.21	
    295	 -38.55	   6.67	 -0.025	0.99695							#	  10.92	  27.78	
    296	 -41.28	   0.16	  0.199	0.99651							#	   9.51	  29.98	
    297	 -38.69	  12.35	  0.263	0.98903							#	   8.74	  28.21	
    298	 -41.94	   1.29	  0.110	0.99073							#	   7.84	  25.82	
    299	 -49.25	  13.05	  0.077	1.00235							#	   8.20	  23.47	
    300	 -49.10	  11.29	  0.244	1.00244							#	   7.57	  20.22	
    301	 -52.47	  19.34	 -0.012	0.99765							#	   8.13	  23.59	
    302	 -20.58	  -0.84	  0.075	0.99830							#	   7.22	  24.92	
    303	 -33.14	   1.80	 -0.030	0.99461							#	   8.03	  25.67	
    304	 -25.64	   1.69	 -0.232	0.99828							#	   8.11	  26.41	
    305	 -26.41	   5.92	 -0.014	1.01646							#	  11.37	  18.06	
    306	 -37.89	  -8.01	 -0.083	1.03444							#	  10.17	  23.75	
    307	 -36.98	  14.61	 -0.117	1.03715							#	  10.11	  19.95	
    308	 -25.74	   8.82	 -0.153	1.03290							#	   9.56	  24.84	
    309	 -38.98	   6.54	  0.043	1.03023							#	   9.29	  26.80	
    310	 -31.56	   7.62	  0.124	1.02939							#	   7.57	  29.27	
    311	 -24.62	   8.95	 -0.049	1.02808							#	   5.46	  30.72	
    312	 -20.18	   3.58	  0.013	1.02192							#	   4.59	  35.85	
    313	 -37.58	  18.67	  0.002	1.02107							#	   4.64	  33.03	
    314	 -55.22	   2.62	 -0.002	1.01784							#	   5.52	  34.17	
    315	 -50.24	  14.62	 -0.051	1.02116							#	   7.46	  35.50	
    316	 -26.69	   9.61	 -0.176	1.01701							#	   6.43	  40.91	
    317	 -30.91	  21.18	 -0.113	1.01818							#	   8.17	  33.74	
    318	 -40.52	   4.42	 -0.183	1.02611							#	   6.34	  32.80	
    319	 -39.51	  11.10	  0.022	1.01920							#	   8.72	  39.07	
    320	 -36.83	   6.95	 -0.109	1.01153							#	   9.00	  41.77	
    321	 -22.85	   2.38	 -0.014	1.00014							#	  10.05	  34.13	
    322	 -28.11	  -1.72	 -0.102	0.99935							#	   7.85	  47.69	
    323	 -19.81	   3.80	 -0.074	0.99874							#	   5.50	  46.04	
    324	 -11.56	   6.38	 -0.047	1.00046							#	   4.60	  45.30	
    325	 -15.79	  17.12	 -0.147	1.00135							#	   5.39	  42.95	
    326	 -22.74	  11.51	 -0.031	1.00122							#	   6.64	  43.10	
    327	 -20.56	  15.26	 -0.086	1.00129							#	   6.77	  40.83	
    328	 -24.87	  13.21	 -0.023	1.00167							#	  10.05	  38.71	
    329	 -26.71	  23.96	 -0.034	1.00094							#	   9.61	  40.79	
    330	 -16.79	  12.40	 -0.075	1.00269							#	   8.36	  42.44	
    331	  -9.68	  21.10	 -0.038	1.00314							#	  10.27	  42.32	
    332	  -1.42	  15.11	 -0.188	1.00251							#	   7.32	  44.47	
    333	   1.05	  16.46	 -0.062	1.00156							#	   7.80	  45.10	
    334	   2.18	  -3.87	 -0.042	1.00098							#	   6.66	  45.26	
    335	   6.00	   6.55	 -0.113	1.00106							#	   6.13	  47.92	
    336	   0.09	  -5.95	 -0.164	1.00049							#	   3.42	  49.61	
    337	   8.49	  -7.20	 -0.164	0.99970							#	   4.99	  47.53	
    338	  37.42	 -24.21	 -0.294	1.00026							#	   8.36	  43.85	
    339	  51.02	 -37.33	 -0.142	1.00126							#	   6.02	  40.40	
    340	  33.34	 -30.16	 -0.041	1.00109							#	   9.62	  39.85	
    341	  25.36	 -26.07	 -0.077	1.00105							#	   9.43	  45.14	
    342	   8.15	 -24.24	 -0.158	1.00026							#	   8.56	  48.20	
    343	 -10.94	 -15.83	 -0.191	1.00100							#	   5.24	  46.94	
    344	 -35.67	 -13.72	 -0.064	1.00063							#	   8.33	  44.55	
    345	 -34.99	  -9.65	  0.077	1.00096							#	   6.59	  47.49	
    346	  -0.75	 -12.66	  0.185	1.00037							#	   3.46	  51.65	
    347	  39.98	   2.76	  0.113	1.00015							#	   4.99	  48.43	
    348	  64.10	   2.13	 -0.288	1.00091							#	   3.18	  38.21	
    349	  58.15	   9.53	 -0.478	1.00240							#	   4.54	  40.09	
