      1	  -6.98	  -7.93	  0.045	0.99986							#	  14.10	  48.20	
      2	  -3.74	   2.44	 -0.016	1.00219							#	   3.62	  55.33	
      3	   4.08	   5.19	  0.021	1.00193							#	   2.73	  54.00	
      4	   3.10	  13.29	  0.129	1.00232							#	   3.15	  53.02	
      5	   4.26	  -0.12	  0.074	1.00235							#	   2.29	  51.45	
      6	  10.01	   3.73	  0.137	1.00034							#	   2.77	  50.47	
      7	   5.61	   0.55	  0.122	0.99750							#	   3.26	  51.68	
      8	  -2.33	  13.22	  0.075	1.00001							#	   3.87	  50.90	
      9	  -9.69	   4.64	 -0.017	0.99955							#	   4.75	  49.49	
     10	 -10.17	   6.67	 -0.091	1.00053							#	   3.63	  49.69	
     11	  -0.27	   2.49	  0.035	0.99939							#	   2.53	  51.53	
     12	  -5.43	   8.42	  0.167	0.99871							#	   3.23	  52.63	
     13	 -21.01	  -0.47	  0.294	0.99293							#	   5.64	  51.53	
     14	 -23.49	   1.40	  0.225	0.97936							#	   7.37	  47.37	
     15	 -24.38	  -7.52	  0.065	0.97035							#	   5.57	  49.41	
     16	 -31.79	  -2.77	  0.144	0.97223							#	   6.85	  50.24	
     17	 -26.85	  -9.78	  0.009	0.97890							#	   6.71	  49.49	
     18	 -16.10	  -2.24	  0.147	0.98777							#	   3.79	  45.81	
     19	 -25.98	   0.31	  0.128	0.99650							#	   5.08	  42.87	
     20	 -24.42	   6.74	 -0.001	0.99874							#	   4.92	  45.45	
     21	 -22.58	  -2.28	  0.009	0.99852							#	   4.02	  46.90	
     22	 -34.85	   3.99	 -0.044	0.99836							#	   5.53	  46.24	
     23	 -37.63	   4.60	  0.046	0.99708							#	   4.84	  45.77	
     24	 -20.34	  10.05	  0.122	0.97122							#	   5.72	  44.51	
     25	 -22.66	 -22.44	  0.201	0.96209							#	   8.64	  47.37	
     26	 -21.86	   4.56	  0.021	0.97351							#	   4.55	  43.30	
     27	 -28.57	  -8.71	 -0.033	0.96885							#	   6.33	  42.52	
     28	 -19.61	  -1.02	  0.016	0.98317							#	   5.32	  40.71	
     29	 -23.62	  -8.50	  0.212	0.98689							#	   8.29	  43.50	
     30	  -2.23	  -2.91	  0.267	0.99654							#	   4.62	  42.48	
     31	  10.17	  -0.53	  0.169	0.99857							#	   5.41	  38.60	
     32	  10.12	  -1.35	  0.251	0.99693							#	   4.07	  37.89	
     33	   5.97	  -5.27	  0.107	0.99989							#	   3.88	  39.07	
     34	   2.08	   2.43	  0.097	1.00407							#	   3.73	  39.69	
     35	   3.70	  -7.04	  0.065	1.00442							#	   5.33	  40.13	
     36	  -3.52	   1.84	  0.110	1.00104							#	  10.22	  32.41	
     37	  15.50	  -7.89	 -0.030	0.99888							#	   7.71	  33.74	
     38	  14.75	  -7.80	 -0.085	0.99688							#	   7.07	  33.62	
     39	  13.80	  -8.73	 -0.003	0.99956							#	   6.62	  38.05	
     40	  -2.53	  -6.27	  0.033	0.99915							#	   6.94	  36.76	
     41	  -1.61	 -16.53	  0.042	1.00122							#	  10.04	  39.03	
     42	   4.67	 -11.49	  0.053	1.00063							#	   7.79	  39.07	
     43	  -0.21	 -11.11	  0.080	1.00024							#	   9.93	  40.71	
     44	   5.99	  -1.66	  0.014	0.99909							#	   6.49	  44.47	
     45	  16.25	  -2.21	 -0.006	1.00204							#	   4.98	  39.22	
     46	  12.20	  11.23	 -0.010	1.00354							#	   4.55	  44.47	
     47	  17.68	   4.74	  0.071	1.00486							#	   5.23	  41.03	
     48	  12.31	   5.08	 -0.049	1.00508							#	   4.59	  44.40	
     49	  22.68	  -5.42	  0.049	1.00894							#	   6.48	  40.71	
     50	  24.49	   0.65	  0.141	1.01679							#	   7.72	  41.54	
     51	   9.46	   2.30	  0.245	1.01656							#	   5.23	  43.89	
     52	   0.99	   7.20	  0.221	1.00962							#	   4.86	  45.38	
     53	  -1.76	  -6.91	  0.173	1.00871							#	   4.00	  48.32	
     54	   8.49	   5.63	  0.120	1.01114							#	   3.10	  47.41	
     55	  11.70	   3.88	  0.081	1.00935							#	   3.51	  43.42	
     56	   9.42	   7.15	 -0.048	1.00932							#	   3.79	  47.81	
     57	  20.74	  -2.48	 -0.026	1.00821							#	   5.62	  45.61	
     58	  17.11	   4.00	 -0.171	1.00648							#	   6.08	  46.47	
     59	  21.09	   7.40	 -0.123	1.00598							#	   6.84	  44.55	
     60	  34.26	  12.06	 -0.095	1.00871							#	   8.29	  41.58	
     61	  39.23	   1.31	 -0.169	1.00985							#	   5.31	  36.40	
     62	  41.75	   5.51	  0.103	1.01014							#	   5.62	  39.54	
     63	  25.64	 -10.76	  0.074	1.00823							#	   5.73	  38.48	
     64	  14.02	  -1.46	 -0.032	1.01090							#	   5.07	  40.16	
     65	  20.34	 -12.49	 -0.045	1.00952							#	   6.84	  38.87	
     66	  14.52	  -4.49	  0.202	1.00912							#	   5.31	  38.83	
     67	  15.45	  -9.19	  0.082	1.00721							#	   6.22	  37.93	
     68	   7.48	  10.05	  0.021	1.00493							#	   5.42	  37.74	
     69	   7.32	 -21.35	  0.072	1.00360							#	   6.93	  40.56	
     70	   2.59	  -3.75	  0.153	1.00757							#	   4.71	  40.48	
     71	   4.80	 -10.73	  0.048	1.00693							#	   6.18	  43.85	
     72	   8.79	  -6.48	 -0.023	1.00173							#	   4.37	  42.87	
     73	  12.00	 -20.18	  0.059	0.98834							#	   6.37	  35.82	
     74	   8.91	 -11.09	 -0.028	0.99174							#	   5.03	  38.75	
     75	   7.25	   3.76	  0.022	0.99477							#	   4.99	  41.58	
     76	  10.27	   8.97	 -0.079	0.99480							#	   5.89	  34.56	
     77	  18.93	  -2.94	 -0.113	0.99912							#	   6.09	  33.66	
     78	  14.21	   3.07	  0.067	0.99947							#	   5.52	  38.79	
     79	   4.34	  -0.26	 -0.084	1.00426							#	   5.58	  41.97	
     80	  16.70	   8.71	 -0.090	1.00255							#	   6.30	  41.73	
     81	  14.84	  -9.49	 -0.004	1.00196							#	   5.81	  41.85	
     82	  15.90	  -0.56	 -0.045	1.00280							#	   6.22	  42.44	
     83	   1.15	  -7.90	 -0.007	1.00309							#	   3.75	  44.20	
     84	 -15.37	   1.85	 -0.121	1.00377							#	   5.55	  43.46	
     85	 -10.84	  -5.61	 -0.153	1.00453							#	   4.02	  47.69	
     86	 -14.56	   4.75	 -0.179	1.00487							#	   5.03	  47.69	
     87	 -29.53	   4.10	 -0.027	1.00031							#	   8.21	  48.47	
     88	 -15.27	  10.45	 -0.094	0.99855							#	   3.64	  45.18	
     89	  -0.86	   0.11	 -0.073	0.99716							#	   2.22	  47.65	
     90	   2.75	   5.79	  0.040	1.00036							#	   2.63	  48.47	
     91	   3.13	  -4.31	  0.194	0.99841							#	   3.43	  46.04	
     92	  13.79	   0.63	  0.074	0.99617							#	   4.66	  41.38	
     93	  20.95	  -9.09	  0.219	0.98751							#	   7.29	  40.52	
     94	  12.56	  -4.23	  0.096	0.98618							#	   4.12	  43.30	
     95	   7.49	  -4.34	  0.113	0.98668							#	   4.37	  39.89	
     96	  17.48	  -3.03	 -0.018	0.99237							#	   4.86	  41.81	
     97	  20.96	 -16.20	  0.163	0.99993							#	   6.36	  40.79	
     98	  15.47	   1.93	  0.085	1.00511							#	   3.31	  42.20	
     99	  24.40	   8.07	  0.034	1.00617							#	   5.18	  38.99	
    100	  30.22	  11.25	  0.029	1.00827							#	   5.88	  40.44	
    101	  25.12	  -6.68	  0.132	1.00984							#	   5.66	  43.18	
    102	  11.43	   9.96	  0.140	1.00854							#	   2.93	  46.67	
    103	  31.71	   5.00	  0.016	1.01248							#	   5.87	  39.46	
    104	  15.81	  12.98	 -0.078	1.00962							#	   3.97	  46.08	
    105	  27.34	  -2.70	 -0.071	1.00427							#	   6.18	  44.28	
    106	  15.22	  18.23	 -0.009	1.00793							#	   4.85	  43.65	
    107	  20.84	  10.65	 -0.083	1.00893							#	   5.68	  42.28	
    108	  29.73	   5.94	  0.035	1.00944							#	   6.52	  40.36	
    109	  18.24	  -2.85	  0.132	1.01153							#	   4.58	  41.42	
    110	  21.63	   1.16	 -0.037	1.01088							#	   5.41	  43.50	
    111	  20.67	  -7.47	 -0.037	1.01573							#	   6.63	  46.16	
    112	  19.29	  -3.26	  0.153	1.02047							#	   7.50	  44.75	
    113	  12.05	  -6.37	  0.095	1.02012							#	   6.34	  44.36	
    114	  11.05	   1.35	  0.086	1.02236							#	   6.64	  46.47	
    115	  15.06	  -4.30	 -0.136	1.02050							#	   8.13	  48.98	
    116	   2.88	   3.06	 -0.164	1.02410							#	   6.87	  44.63	
    117	   5.44	 -10.07	 -0.001	1.02130							#	   9.30	  47.34	
    118	  -1.45	  -0.97	 -0.127	1.01975							#	   6.32	  48.63	
    119	   3.73	   7.10	 -0.002	1.01555							#	   5.95	  51.02	
    120	  -3.70	  10.96	 -0.054	1.01929							#	   6.99	  49.69	
    121	 -10.39	   2.40	  0.026	1.01805							#	   7.70	  47.45	
    122	 -10.87	   8.04	  0.042	1.02003							#	   7.41	  45.49	
    123	  -8.78	   4.14	  0.040	1.01683							#	   6.37	  51.29	
    124	  -5.91	  10.33	 -0.046	1.01599							#	   4.95	  52.94	
    125	  -5.15	   1.04	 -0.115	1.01780							#	   5.07	  47.57	
    126	  -6.74	   0.53	  0.057	1.01581							#	   4.86	  50.08	
    127	 -12.81	  -0.60	 -0.007	1.01911							#	   5.61	  47.57	
    128	 -10.63	   2.33	 -0.054	1.01672							#	   5.92	  50.86	
    129	  -2.59	 -15.37	 -0.054	1.01398							#	   5.34	  50.20	
    130	   3.67	   1.68	 -0.015	1.00501							#	   3.14	  52.39	
    131	   7.65	  -3.36	 -0.069	0.99617							#	   2.62	  51.41	
    132	   3.38	  -7.89	 -0.134	0.98002							#	   2.69	  49.41	
    133	  -0.74	   1.17	 -0.092	0.95626							#	   6.44	  45.96	
    134	  -9.67	  -1.32	  0.038	0.94467							#	   7.17	  43.77	
    135	 -41.61	  -8.41	  0.055	0.95481							#	   6.14	  43.85	
    136	 -32.60	   3.91	  0.070	0.95582							#	   8.84	  42.24	
    137	 -52.44	  -8.93	  0.115	0.96757							#	   3.46	  33.58	
    138	 -52.87	  -8.68	 -0.041	0.97023							#	   5.33	  33.31	
    139	 -74.34	  -6.28	  0.156	0.97104							#	   7.76	  26.25	
    140	 -99.13	  -5.73	 -0.191	0.97476							#	   4.73	  19.95	
    141	 -75.36	  -8.01	 -0.033	0.96426							#	   7.65	  18.53	
    142	 -64.19	 -10.96	  0.264	0.97425							#	   6.73	  22.96	
    143	 -36.67	 -13.08	  0.371	0.97029							#	   5.85	  23.75	
    144	 -36.36	  -1.74	  1.111	0.95128							#	   6.08	  23.79	
    145	   4.09	 -25.93	  0.285	0.94204							#	   9.89	  17.91	
    146	  -1.18	 -36.46	  0.134	0.93878							#	   9.04	  13.99	
    147	  23.10	 -34.96	 -0.744	0.93800							#	  11.95	  12.23	
    148	  11.99	 -34.06	 -0.561	0.94205							#	  10.08	  15.44	
    149	  -1.65	 -48.73	 -0.164	0.93953							#	   9.13	  19.63	
    150	   6.43	 -45.80	 -0.063	0.93377							#	   9.31	  19.47	
    151	 -22.31	 -29.40	  0.568	0.93122							#	  11.21	  21.43	
    152	 -27.47	 -35.05	  0.577	0.94544							#	   9.68	  16.26	
    153	 -23.79	 -45.64	  0.341	0.95677							#	   6.81	  15.48	
    154	 -24.56	 -31.48	 -0.091	0.96760							#	   7.33	  14.18	
    155	 -48.63	 -23.17	  0.826	0.95514							#	   6.97	  16.42	
    156	  -1.26	 -28.13	  0.368	0.98050							#	   6.14	  16.58	
    157	 -21.84	  -8.37	  0.219	0.99004							#	   6.00	  17.83	
    158	  -1.76	  15.44	 -0.472	0.99305							#	   4.23	  17.08	
    159	   5.20	   1.44	  0.030	0.97937							#	   4.62	  20.81	
    160	 -14.41	   8.19	 -0.095	0.98916							#	   5.75	  17.24	
    161	 -27.16	   0.01	 -0.064	0.99490							#	   6.00	  14.03	
    162	  -1.11	 -16.79	 -0.425	0.99435							#	   7.88	  17.55	
    163	  12.52	 -32.77	 -0.255	1.00313							#	   7.03	  16.77	
    164	  -4.85	 -29.56	 -0.261	1.00668							#	   6.94	  18.53	
    165	 -68.37	   3.80	 -0.378	1.00931							#	   4.45	  18.65	
    166	-136.98	  -7.50	 -0.159	0.99552							#	   2.68	  17.28	
    167	-155.94	   6.91	 -0.181	0.99418							#	   4.39	  10.89	
    168	-209.58	  -5.40	 -0.963	1.00210							#	   3.11	  19.12	
    169	-207.47	 -23.33	 -0.466	1.00805							#	   3.61	  23.04	
    170	-182.72	 -14.04	 -0.190	0.99965							#	   1.79	  31.43	
    171	-155.38	 -40.91	 -0.266	0.99675							#	   4.01	  35.46	
    172	-139.02	 -41.05	 -0.239	0.99250							#	   2.85	  36.21	
    173	 -81.38	 -48.98	 -0.135	0.99572							#	   3.48	  37.03	
    174	 -56.09	 -27.69	 -0.035	0.99962							#	   4.25	  43.30	
    175	 -39.05	 -23.85	 -0.068	1.00159							#	   5.71	  45.38	
    176	 -18.99	   3.61	  0.001	1.00171							#	   2.18	  45.45	
    177	 -10.88	  -8.72	  0.027	1.00273							#	   1.46	  41.58	
    178	  10.41	 -27.31	 -0.013	1.00162							#	   3.97	  44.36	
    179	 -19.68	  -4.69	 -0.147	1.00186							#	   2.31	  46.83	
    180	 -22.18	 -16.97	 -0.083	1.00171							#	   4.83	  46.08	
    181	 -16.47	 -11.71	 -0.242	1.00190							#	   2.46	  45.38	
    182	   4.18	  -4.08	 -0.200	1.00188							#	   0.31	  43.06	
    183	  -4.56	  -0.32	 -0.103	1.00187							#	   0.41	  42.63	
    184	   1.28	   2.56	 -0.063	1.00264							#	   0.21	  44.98	
    185	   0.75	  -0.10	 -0.053	1.00306							#	   0.20	  45.42	
    186	  31.52	  -5.86	  0.204	1.00293							#	   6.73	  43.69	
    187	 -15.62	 -26.15	  0.037	0.99845							#	   3.07	  42.59	
    188	 -76.93	  -2.96	  0.141	1.00091							#	   0.95	  38.56	
    189	  31.12	  -5.26	 -0.064	0.99691							#	   4.41	  40.83	
    190	   5.36	   2.98	 -0.030	0.99815							#	   0.50	  46.04	
    191	  93.32	  -5.70	  0.028	0.99748							#	   4.94	  36.29	
    192	  15.26	  14.08	  0.010	0.99456							#	   2.10	  39.85	
    193	  -1.69	  -4.75	  0.003	0.99560							#	   0.57	  40.99	
    194	 -42.38	  12.05	 -0.018	0.99960							#	   3.31	  40.40	
    195	 -52.66	 -13.76	 -0.099	1.00185							#	   1.73	  37.38	
    196	 -22.45	   2.66	 -0.008	1.00223							#	   3.60	  37.58	
    197	  -4.49	 -12.07	  0.069	1.00771							#	   1.26	  38.52	
    198	  33.40	  -3.20	  0.205	1.02427							#	   6.85	  37.26	
    199	   6.96	 -24.13	  0.123	1.04179							#	   4.21	  37.38	
    200	  25.19	  26.75	  0.005	1.06398							#	  10.70	  39.73	
    201	  14.58	   4.32	  0.046	1.05907							#	   5.53	  41.07	
    202	  32.80	  11.82	 -0.017	1.02374							#	   5.07	  42.55	
    203	  20.90	  13.13	 -0.342	1.00480							#	   4.68	  46.36	
    204	  10.32	  10.60	 -0.190	1.00134							#	   2.19	  48.94	
    205	  10.11	   7.56	 -0.108	1.00054							#	   1.62	  47.84	
    206	 -10.88	  19.19	 -0.052	0.99714							#	   2.98	  45.65	
    207	  51.43	  14.06	 -0.032	0.99507							#	   3.65	  40.83	
    208	  90.55	  53.48	 -0.218	0.99532							#	   5.27	  30.80	
    209	 209.77	  57.26	  0.035	0.99770							#	   1.95	  23.71	
    210	 230.27	  64.13	  0.078	0.99983							#	   3.84	  24.14	
    211	 210.44	  60.06	  0.347	1.00231							#	   3.34	  20.02	
    212	 197.84	  41.96	  0.095	1.00682							#	   6.52	  18.89	
    213	 130.97	  23.25	  0.385	1.00405							#	   5.38	  28.68	
    214	 129.61	  25.92	  0.786	1.00121							#	   7.34	  23.04	
    215	  71.01	  10.42	  1.644	0.97984							#	   9.48	  27.47	
    216	  62.03	  12.55	  0.776	0.98537							#	   7.14	  31.31	
    217	  52.85	  11.82	  0.408	0.99519							#	   8.24	  40.40	
    218	  26.71	  30.06	 -0.185	1.00180							#	  10.03	  31.19	
    219	   6.55	  19.76	 -0.273	1.00032							#	   6.57	  32.88	
    220	  -7.64	  11.65	 -0.124	1.00945							#	   8.77	  32.60	
    221	   5.73	 -17.60	  0.063	0.99983							#	   9.25	  29.70	
    222	  -4.30	  -8.33	  0.170	1.00344							#	   9.25	  28.53	
    223	  -3.60	 -17.46	  0.440	1.00510							#	   7.41	  26.06	
    224	  26.47	 -23.15	  0.361	1.00689							#	   7.70	  24.45	
    225	  48.12	  -5.31	  0.194	1.00735							#	   7.24	  26.41	
    226	  49.97	   1.39	  0.039	1.00291							#	   7.01	  24.92	
    227	  66.78	  -9.07	 -0.223	1.00230							#	   6.68	  20.92	
    228	 111.53	   6.12	 -0.002	0.99801							#	  11.11	  15.13	
    229	 126.32	  -3.92	  0.288	1.00661							#	   7.95	  15.95	
    230	  88.73	  24.02	  0.673	0.99135							#	  11.36	  14.89	
    231	  59.75	   6.35	  0.930	0.99974							#	   6.81	  17.28	
    232	  74.49	  17.64	  0.890	1.00291							#	   6.71	  15.13	
    233	  65.08	  -4.98	  0.803	1.01579							#	   4.84	  19.20	
    234	  67.49	   2.26	  0.267	0.99687							#	   3.46	  21.47	
    235	  90.07	  -4.32	  0.215	1.00164							#	   5.03	  18.34	
    236	  61.48	  23.75	 -0.424	1.01648							#	   4.41	  20.77	
    237	  57.90	  15.17	 -0.256	1.02268							#	   3.03	  25.94	
    238	  36.38	  27.70	  0.165	1.02221							#	   7.81	  24.69	
    239	  35.30	  15.35	  0.119	1.02138							#	   5.19	  24.61	
    240	  30.19	   7.61	  0.178	1.02127							#	   7.93	  26.41	
    241	  42.62	  -1.90	 -0.078	1.02466							#	   5.93	  23.86	
    242	  45.57	   2.92	  0.082	1.02937							#	   8.20	  20.96	
    243	  52.54	  21.45	 -0.496	1.03657							#	  10.12	  15.01	
    244	  88.25	  19.50	 -1.131	1.03090							#	   9.20	  12.19	
    245	 116.80	   5.86	 -1.451	1.01406							#	   9.82	  15.91	
    246	  69.17	  11.24	 -0.551	1.04233							#	   7.53	  18.53	
    247	  33.05	  -1.94	  0.120	1.04275							#	  11.24	  22.65	
    248	  24.69	  17.76	  0.182	1.04896							#	   8.46	  21.71	
    249	  22.88	   6.02	  0.064	1.03817							#	   9.37	  23.35	
    250	  12.40	  13.26	  0.021	1.03666							#	   5.09	  30.21	
    251	  -7.71	   5.63	  0.007	1.03849							#	   4.45	  32.99	
    252	   6.31	  12.12	 -0.061	1.02354							#	   4.10	  35.58	
    253	   2.60	   6.55	 -0.128	1.02190							#	   3.86	  37.62	
    254	  -9.68	   6.29	 -0.036	1.01741							#	   4.98	  31.78	
    255	 -12.12	  12.11	  0.011	1.01934							#	   5.77	  33.70	
    256	  -9.01	  10.07	 -0.004	1.02921							#	   8.06	  34.76	
    257	   7.12	  -4.34	 -0.060	1.03044							#	   6.79	  40.95	
    258	  -4.55	   6.96	 -0.057	1.03075							#	   4.11	  42.63	
    259	  13.07	   6.68	 -0.177	1.02751							#	   6.72	  40.32	
    260	  20.52	  13.07	 -0.195	1.02627							#	   7.92	  43.03	
    261	  34.65	   1.91	 -0.165	1.02760							#	   4.94	  45.38	
    262	  26.03	  12.76	 -0.063	1.02719							#	   8.18	  41.07	
    263	  25.69	   6.53	 -0.074	1.02321							#	   7.04	  42.95	
    264	  26.66	  12.95	 -0.038	1.01601							#	   7.60	  44.63	
    265	  15.63	 -10.56	 -0.034	1.00847							#	   6.05	  48.28	
    266	  15.81	   6.72	  0.101	1.00659							#	   5.62	  46.59	
    267	  -5.88	   8.16	  0.021	1.00756							#	   3.44	  50.43	
    268	 -29.82	  12.60	 -0.071	1.01045							#	   7.55	  49.57	
    269	 -27.15	  11.94	 -0.018	1.01096							#	   5.41	  48.98	
    270	 -24.88	  10.91	 -0.023	1.01283							#	   5.71	  47.92	
    271	 -10.98	  13.52	  0.042	1.01603							#	   3.76	  49.69	
    272	  -6.40	  18.21	 -0.048	1.01817							#	   3.79	  48.67	
    273	  -7.63	   9.36	  0.036	1.01593							#	   2.44	  49.57	
    274	  -1.30	   3.09	  0.040	1.01552							#	   2.25	  49.18	
    275	  -5.15	   2.11	 -0.054	1.01542							#	   3.26	  48.67	
    276	 -15.26	  -0.21	  0.031	1.01193							#	   5.66	  51.14	
    277	 -15.63	   2.68	  0.026	1.00920							#	   4.29	  50.94	
    278	 -11.38	  11.55	 -0.187	1.01011							#	   5.54	  51.96	
    279	 -15.62	   0.67	 -0.083	1.00887							#	   3.71	  51.06	
    280	 -19.25	   3.13	 -0.028	1.00587							#	   5.25	  49.10	
    281	 -18.75	  -6.86	 -0.059	1.00602							#	   4.90	  51.06	
    282	 -11.69	  -4.47	 -0.027	1.00067							#	   3.12	  50.78	
    283	  -6.16	 -13.83	  0.006	1.00086							#	   3.75	  50.90	
    284	 -15.03	  -6.72	 -0.035	1.00017							#	   4.35	  48.90	
    285	 -13.18	 -13.70	  0.013	0.99769							#	   5.11	  49.33	
    286	 -12.53	 -11.50	 -0.006	0.98727							#	   4.90	  46.83	
    287	  -2.15	 -15.18	  0.028	0.96497							#	   7.72	  45.45	
    288	   3.48	 -21.29	  0.048	0.95542							#	   7.71	  46.08	
    289	   3.54	 -21.08	 -0.062	0.95460							#	   6.97	  45.18	
    290	 -15.16	 -13.12	 -0.079	0.95848							#	   8.32	  42.28	
    291	 -10.26	 -19.04	  0.045	0.95681							#	   5.83	  43.03	
    292	 -15.75	  -0.20	  0.030	0.95087							#	   5.54	  43.14	
    293	 -31.03	 -16.48	 -0.078	0.94742							#	  10.02	  40.09	
    294	 -40.57	 -10.43	 -0.155	0.94209							#	   8.40	  39.26	
    295	 -53.48	 -21.10	  0.012	0.95273							#	   7.44	  37.89	
    296	 -49.35	 -11.82	 -0.008	0.95745							#	   7.59	  36.60	
    297	 -29.14	 -32.08	 -0.105	0.95251							#	  12.83	  37.46	
    298	 -31.23	 -22.86	  0.012	0.94962							#	   9.39	  32.25	
    299	 -49.60	 -23.64	 -0.047	0.95473							#	   7.18	  34.52	
    300	 -43.29	  -7.36	 -0.058	0.95779							#	   5.21	  39.11	
    301	 -57.82	 -10.75	 -0.145	0.96586							#	   2.49	  36.17	
    302	 -59.69	 -11.56	 -0.100	0.95804							#	   4.37	  34.95	
    303	 -39.60	 -16.94	 -0.064	0.96634							#	   5.08	  36.91	
    304	 -43.33	  -7.49	  0.143	0.97420							#	   4.90	  38.17	
    305	 -37.04	 -12.71	 -0.005	0.97013							#	   7.08	  37.30	
    306	 -12.21	  -4.43	 -0.150	0.97816							#	   5.19	  36.79	
    307	  -0.57	  -2.88	  0.011	0.97696							#	   4.41	  37.11	
    308	 -15.52	   3.42	  0.121	0.97476							#	   7.83	  34.37	
    309	  -9.20	  -6.41	  0.231	0.98116							#	   6.20	  33.35	
    310	  -3.78	  14.22	  0.073	0.97149							#	   9.36	  29.98	
    311	 -30.86	   6.41	 -0.018	0.97548							#	  10.04	  29.78	
    312	 -16.74	  25.64	 -0.309	0.97278							#	   8.06	  31.47	
    313	  12.38	  11.74	 -0.204	0.97095							#	   7.85	  26.49	
    314	  35.57	  13.04	 -0.038	0.97670							#	   7.95	  31.78	
    315	  48.63	 -14.01	  0.084	0.97451							#	   7.64	  31.82	
    316	  42.53	  -9.97	  0.099	0.97580							#	   7.65	  33.86	
    317	  21.34	 -21.65	  0.047	0.99044							#	   7.17	  40.01	
    318	  -2.89	 -12.08	  0.127	0.99783							#	   3.50	  42.16	
    319	 -28.51	 -19.05	  0.057	0.99474							#	   7.10	  42.83	
    320	 -37.46	  -8.29	  0.017	0.99493							#	   7.49	  40.71	
    321	 -62.74	 -18.43	  0.074	0.99567							#	   5.59	  39.58	
    322	 -20.82	   0.17	  0.057	0.99968							#	   5.79	  36.13	
    323	   6.72	   2.62	 -0.160	1.00199							#	   6.75	  38.87	
    324	  42.77	  19.89	  0.111	0.99805							#	   9.45	  35.42	
    325	  71.32	   3.17	  0.115	1.00113							#	   6.11	  36.36	
    326	  96.23	  12.82	  0.080	0.99937							#	   7.94	  33.93	
    327	  70.49	   3.31	 -0.024	0.99820							#	   2.35	  36.72	
    328	  70.29	   9.48	 -0.179	0.99774							#	   1.94	  36.60	
    329	  57.87	  -1.80	  0.102	0.99864							#	   1.41	  37.66	
    330	  36.83	  22.63	  0.405	1.00187							#	   5.76	  37.70	
    331	  36.07	   2.78	  0.359	1.00206							#	   3.84	  38.64	
    332	  53.33	   8.37	  0.103	1.00008							#	   2.22	  36.64	
    333	  43.61	  -6.63	 -0.151	0.99751							#	   3.84	  34.52	
    334	  65.06	  -1.12	 -0.191	0.99578							#	   1.38	  31.90	
    335	  58.59	  -4.56	 -0.056	0.99695							#	   1.69	  32.13	
    336	  76.69	   7.10	  0.159	0.99435							#	   3.76	  27.98	
    337	  64.70	 -18.28	  0.107	0.99255							#	   4.23	  28.72	
    338	  91.37	  -2.06	 -0.028	0.99975							#	   6.22	  28.96	
    339	  79.70	  16.37	 -0.055	0.99711							#	   6.24	  27.31	
    340	  68.88	  25.21	 -0.045	1.00294							#	   4.98	  30.02	
    341	  84.13	   0.00	 -0.030	0.99915							#	   5.32	  32.09	
    342	  67.17	  -3.19	 -0.158	0.99760							#	   2.29	  33.66	
    343	  69.84	   5.84	 -0.193	0.99723							#	   3.23	  32.60	
    344	  48.06	   8.17	  0.058	1.00228							#	   3.03	  29.39	
    345	  62.68	   6.59	 -0.119	1.00077							#	   1.51	  32.17	
    346	  54.50	   9.88	  0.020	1.00084							#	   2.03	  34.87	
    347	  36.00	  10.96	 -0.186	0.99815							#	   8.48	  36.13	
    348	  54.03	   4.41	 -0.121	0.99940							#	   1.48	  30.80	
    349	  51.82	  -1.07	 -0.155	0.99945							#	   1.92	  33.27	
    350	  33.25	   0.57	 -0.054	0.99880							#	   7.00	  32.60	
    351	  46.71	   0.05	 -0.038	0.99831							#	   4.14	  31.35	
    352	  40.47	   0.51	  0.126	1.00072							#	   4.78	  29.51	
    353	  10.16	  -2.76	  0.006	1.00063							#	   3.28	  34.72	
    354	  22.65	   3.73	  0.078	1.00429							#	   5.69	  33.70	
    355	  38.98	  -0.16	 -0.038	1.00427							#	   3.38	  34.37	
    356	  48.69	  16.50	  0.221	1.00925							#	   4.08	  29.62	
    357	  52.89	   9.58	  0.370	1.01318							#	   2.16	  29.39	
    358	  70.22	  12.81	  0.320	1.00839							#	   2.57	  28.72	
    359	  95.43	  -2.31	  0.079	1.00385							#	   4.12	  32.37	
    360	  50.29	   8.75	 -0.244	1.00068							#	   2.96	  30.13	
    361	  53.49	   0.19	 -0.289	0.99941							#	   3.54	  31.19	
    362	  79.11	   0.95	 -0.421	1.00284							#	   6.34	  24.88	
    363	  77.21	  -0.32	 -0.176	1.00286							#	   6.69	  27.43	
    364	  46.33	  -0.09	 -0.024	1.00284							#	   7.04	  30.17	
    365	  51.97	  -8.65	  0.160	1.00763							#	   3.97	  30.13	
    366	  66.24	 -20.78	  0.184	1.00577							#	   2.99	  29.27	
    367	  58.51	  -4.09	 -0.129	1.00645							#	   1.83	  31.54	
    368	  61.80	   3.19	 -0.153	1.00373							#	   1.53	  29.66	
    369	  76.37	  -6.64	 -0.036	1.00366							#	   2.00	  28.49	
    370	  47.30	  -8.34	 -0.086	0.99953							#	   4.07	  27.59	
    371	  53.98	  18.72	  0.049	1.00120							#	   3.66	  28.13	
    372	  70.99	  11.78	 -0.043	0.99900							#	   2.67	  30.21	
    373	  42.14	  10.05	  0.092	0.99759							#	   6.06	  29.39	
    374	  64.13	   4.38	 -0.067	1.00110							#	   1.07	  25.71	
    375	  73.86	   2.91	  0.126	1.00138							#	   1.68	  25.74	
    376	  74.34	  -0.89	  0.060	1.00128							#	   1.93	  27.12	
    377	  48.98	 -13.82	  0.146	1.00230							#	   7.18	  26.80	
    378	  37.42	   6.10	  0.257	1.00199							#	   5.49	  26.06	
    379	  30.47	   8.17	  0.216	1.00075							#	   6.76	  28.49	
    380	   8.52	  13.17	  0.256	1.00262							#	   4.24	  31.31	
    381	  -5.69	  -5.75	  0.094	1.00339							#	   4.15	  32.29	
    382	  -3.22	  -8.77	  0.091	1.00263							#	   1.94	  32.64	
    383	   8.71	 -11.14	 -0.096	1.00178							#	   1.86	  31.31	
    384	  -8.49	  -3.10	 -0.081	1.00221							#	   0.81	  32.25	
    385	 -20.90	   3.18	 -0.250	1.00098							#	   4.38	  32.33	
    386	 -16.02	  -1.89	 -0.216	1.00172							#	   2.47	  31.74	
    387	  23.22	  -3.36	 -0.298	0.99768							#	   6.89	  29.08	
    388	  29.26	 -22.51	 -0.201	0.99199							#	   7.47	  28.21	
    389	   7.61	 -41.69	 -0.214	0.98421							#	   2.35	  28.02	
    390	  12.58	 -41.60	 -0.118	0.97567							#	   3.56	  26.14	
    391	  -2.94	 -49.20	 -0.267	0.96833							#	   2.95	  28.33	
    392	  29.51	 -47.28	 -0.188	0.99352							#	   4.57	  28.45	
    393	 -11.39	 -24.38	 -0.165	0.99668							#	   3.47	  31.19	
    394	  -9.32	  -8.27	 -0.046	0.99838							#	   1.71	  33.07	
    395	 -32.27	   5.07	 -0.112	0.99874							#	   5.30	  30.13	
    396	  -5.97	  31.07	 -0.071	0.99825							#	   3.63	  31.11	
    397	 -25.13	  34.47	  0.062	0.99927							#	   6.71	  25.16	
    398	 -16.62	  19.06	  0.150	0.99745							#	   3.02	  27.27	
    399	 -37.35	   3.69	  0.063	1.00203							#	   3.71	  28.33	
    400	 -33.91	   8.43	  0.012	1.00116							#	   4.33	  27.23	
    401	 -75.64	   4.29	  0.103	0.99729							#	   1.97	  23.04	
    402	-120.73	  14.96	  0.070	1.00021							#	   1.91	  21.12	
    403	-123.63	   3.83	  0.122	0.99906							#	   0.92	  19.79	
    404	-153.08	  15.78	 -0.061	0.99782							#	   4.45	  23.20	
    405	-117.71	 -13.78	  0.055	0.99794							#	   1.89	  20.77	
    406	-105.37	  -1.03	 -0.001	0.99733							#	   3.05	  18.50	
    407	-112.00	  19.79	 -0.046	0.99759							#	   3.24	  23.75	
    408	-151.22	  44.11	  0.002	0.99701							#	   5.51	  21.20	
    409	-167.29	  50.11	  0.035	0.99356							#	   3.35	  24.06	
    410	 -83.30	  26.64	 -0.228	0.99167							#	   6.42	  29.00	
    411	 -32.88	  12.15	 -0.122	0.99479							#	   5.21	  32.17	
    412	  -6.65	  13.93	 -0.032	0.99544							#	   1.40	  32.17	
    413	 -20.42	   6.67	  0.047	0.99563							#	   2.84	  31.15	
    414	 -19.40	  -1.44	  0.052	0.99720							#	   2.16	  32.60	
    415	 -20.11	 -13.21	  0.075	0.99908							#	   2.68	  29.86	
    416	 -58.27	   4.56	  0.005	0.99705							#	   0.38	  30.37	
    417	 -65.74	  -1.40	 -0.081	0.99804							#	   0.45	  28.80	
    418	 -83.40	   0.86	 -0.007	0.99997							#	   3.23	  26.53	
    419	-100.34	 -22.28	 -0.087	1.00026							#	   6.99	  26.61	
    420	 -93.24	  -0.01	  0.150	1.00053							#	   3.01	  25.59	
    421	-101.40	 -11.52	  0.168	0.99834							#	   5.15	  24.57	
    422	-115.83	  -8.22	  0.108	0.99945							#	   2.48	  25.55	
    423	-159.60	   4.92	  0.128	0.99817							#	   5.14	  21.04	
    424	-175.41	  49.75	  0.062	0.99795							#	   2.40	  21.75	
    425	-206.38	  17.28	  0.266	0.99089							#	   3.56	  26.80	
    426	-177.52	  25.77	 -0.049	0.99660							#	   5.70	  29.74	
    427	-130.17	   3.81	  0.055	0.99594							#	   0.79	  33.19	
    428	-102.83	   4.72	 -0.000	0.99867							#	   3.48	  31.50	
    429	 -70.58	 -44.42	  0.021	0.99946							#	   2.54	  35.42	
    430	-113.33	 -61.24	 -0.020	1.00065							#	   1.49	  33.23	
    431	-101.42	 -42.38	 -0.197	1.00001							#	   5.26	  30.45	
    432	 -57.78	 -11.35	 -0.213	0.99336							#	   3.40	  32.52	
    433	 -14.96	 -13.38	 -0.274	0.99575							#	  12.97	  32.56	
    434	  18.11	 -15.45	 -0.038	0.99522							#	   7.86	  30.80	
    435	   7.15	  -9.87	  0.034	0.99483							#	   4.90	  29.98	
    436	 -18.29	 -12.20	 -0.290	0.99453							#	   6.49	  23.79	
    437	 -48.18	  -5.33	 -0.705	0.99741							#	   7.36	  24.76	
    438	 -47.76	  -1.76	 -0.206	0.99935							#	   6.70	  28.72	
    439	 -77.64	   4.25	  0.164	0.99806							#	   6.00	  22.77	
    440	-103.58	  26.63	  0.073	0.99426							#	   6.43	  27.78	
    441	-105.47	  11.68	  0.123	0.99762							#	   3.36	  28.13	
    442	 -89.85	   2.09	  0.209	0.99404							#	   3.64	  26.18	
    443	 -33.01	  -8.51	  0.230	0.99523							#	   4.24	  28.10	
    444	  91.18	  -8.99	  0.220	1.00366							#	   6.52	  24.61	
    445	 207.56	  -1.13	  0.222	1.00282							#	   7.96	  18.50	
    446	 233.77	 -14.03	  0.453	0.99528							#	  13.99	   8.62	
    447	 200.09	  -1.82	 -0.401	1.00215							#	   9.16	  11.87	
    448	 191.63	   2.77	 -0.040	1.00209							#	   9.82	  15.79	
    449	 203.19	 -22.79	 -0.141	1.00906							#	   3.92	  21.04	
    450	 168.85	   0.09	  0.031	1.00831							#	   0.78	  26.06	
    451	  97.54	 -15.00	 -0.024	1.00479							#	   2.32	  28.21	
    452	  59.97	   9.24	  0.123	0.99533							#	   0.76	  29.19	
    453	  15.60	   7.47	  0.005	0.99317							#	   1.99	  32.21	
    454	  -5.05	  17.44	  0.001	0.99589							#	   2.99	  29.55	
    455	 -10.48	   3.38	 -0.141	0.99775							#	   2.30	  32.09	
    456	  12.09	   7.63	 -0.193	1.00086							#	   2.08	  30.96	
    457	   6.47	 -14.47	 -0.004	0.99876							#	   2.37	  34.29	
    458	   2.75	 -18.97	 -0.003	0.99715							#	   2.81	  33.03	
    459	 -36.28	   0.46	  0.030	0.99914							#	   5.63	  31.31	
    460	  -7.12	  13.40	 -0.189	1.00144							#	   1.75	  33.50	
    461	  -9.91	  -9.86	 -0.077	1.00114							#	   1.84	  34.91	
    462	 -22.53	  -7.97	 -0.041	1.00028							#	   4.21	  33.62	
    463	   2.52	 -11.94	  0.027	0.99946							#	   1.11	  37.85	
    464	   7.44	  -4.73	 -0.026	0.99775							#	   1.11	  37.23	
    465	   2.99	 -15.88	 -0.037	0.99883							#	   3.03	  38.32	
    466	  21.07	  10.97	 -0.169	0.99658							#	   4.01	  36.05	
    467	  35.69	   4.35	  0.120	0.99576							#	   4.79	  32.05	
    468	  45.03	  23.49	  0.210	0.99943							#	   5.52	  30.60	
    469	  64.57	 -13.58	  0.076	1.00107							#	   1.27	  29.04	
    470	  47.54	   1.26	  0.197	1.00149							#	   1.70	  26.65	
    471	  14.53	   7.10	  0.182	0.99964							#	   2.40	  28.53	
    472	  21.28	  18.88	  0.010	1.00530							#	   4.11	  32.25	
    473	  47.15	   7.46	 -0.099	1.00765							#	   2.41	  31.90	
    474	  53.46	   1.93	 -0.046	1.01031							#	   1.67	  32.52	
    475	  68.97	  -0.35	 -0.288	1.00864							#	   1.35	  29.90	
    476	  60.01	   0.37	 -0.119	1.00630							#	   1.89	  27.35	
    477	  45.67	 -13.93	 -0.279	1.00436							#	   4.66	  30.56	
    478	  24.30	  -2.90	 -0.488	0.99889							#	   4.30	  35.46	
    479	  15.12	   4.03	 -0.388	0.99805							#	   2.24	  32.01	
    480	  12.94	  -4.23	 -0.174	0.99827							#	   1.64	  34.01	
    481	  -8.61	  -0.30	 -0.370	0.99749							#	   1.26	  34.68	
    482	  31.30	   8.34	 -0.617	0.99921							#	   6.37	  32.33	
