      1	  11.01	  -3.11	  0.076	0.99918							#	   1.57	  21.93	
      2	   4.80	   5.74	  0.131	1.00023							#	   1.42	  26.98	
      3	   1.51	  -2.75	  0.098	0.99947							#	   0.73	  28.75	
      4	  10.12	  -8.70	  0.203	1.00026							#	   1.31	  28.68	
      5	  -2.00	  -3.56	  0.142	1.00056							#	   0.70	  31.10	
      6	  -9.95	  -4.83	  0.046	1.00032							#	   1.26	  27.96	
      7	 -11.97	  -8.19	  0.206	1.00012							#	   1.81	  24.10	
      8	  -6.91	  -9.26	  0.192	1.00034							#	   1.34	  28.07	
      9	   0.88	  -9.01	  0.035	0.99953							#	   1.27	  29.29	
     10	  -1.42	  -4.01	 -0.036	0.99942							#	   0.60	  28.03	
     11	 -11.73	  -3.94	 -0.095	0.99949							#	   0.98	  26.73	
     12	   0.58	 -10.45	 -0.040	0.99995							#	   1.62	  26.77	
     13	  -2.20	  -3.40	 -0.119	0.99997							#	   0.75	  25.04	
     14	  -0.99	   5.22	 -0.139	0.99950							#	   1.13	  25.87	
     15	  -1.35	 -10.19	  0.087	1.00000							#	   1.74	  27.38	
     16	  -4.04	  -5.55	  0.188	1.00005							#	   0.91	  28.28	
     17	  -6.92	  -4.22	  0.052	0.99973							#	   0.62	  28.82	
     18	 -13.01	  -3.97	  0.045	0.99971							#	   0.89	  24.57	
     19	 -10.55	  -3.04	 -0.037	1.00008							#	   0.66	  27.02	
     20	   1.35	   1.76	  0.008	0.99998							#	   0.63	  32.07	
     21	  -2.38	  -4.12	 -0.041	1.00008							#	   0.73	  29.08	
     22	  -3.80	   7.89	  0.017	0.99998							#	   1.86	  29.37	
     23	 -14.21	   3.48	  0.009	0.99967							#	   2.61	  25.04	
     24	 -26.75	   7.60	  0.073	0.99970							#	   5.51	  22.66	
     25	 -26.86	   1.44	  0.084	0.99981							#	   2.97	  21.86	
     26	 -10.41	  -0.42	  0.079	1.00008							#	   1.51	  25.58	
     27	   2.06	  -4.10	 -0.102	0.99989							#	   0.47	  31.53	
     28	   9.22	  -1.25	 -0.083	1.00033							#	   0.51	  30.05	
     29	  11.82	  -4.59	  0.015	1.00027							#	   0.70	  29.98	
     30	   2.13	  -2.24	 -0.002	1.00013							#	   0.10	  33.37	
     31	   4.49	   2.70	  0.018	1.00037							#	   0.36	  30.95	
     32	  -0.44	  -2.25	 -0.001	1.00000							#	   1.01	  33.51	
     33	   2.35	  -4.75	  0.082	1.00022							#	   1.94	  31.64	
     34	  -1.63	  -3.73	 -0.014	0.99988							#	   1.74	  31.06	
     35	  -1.94	   5.77	  0.013	1.00007							#	   1.60	  29.80	
     36	  -0.06	  -0.79	  0.074	0.99980							#	   1.24	  32.86	
     37	  -1.65	  11.91	  0.008	1.00052							#	   1.76	  29.91	
     38	   6.97	  -2.54	  0.026	1.00005							#	   1.02	  28.90	
     39	  -0.43	  -0.89	 -0.072	1.00072							#	   0.64	  29.55	
     40	  10.39	   2.94	 -0.006	1.00054							#	   0.70	  26.62	
     41	   9.44	  -2.10	 -0.013	1.00016							#	   0.54	  25.14	
     42	  11.27	   6.61	  0.017	0.99979							#	   0.99	  23.30	
     43	   6.10	  -4.21	  0.011	1.00049							#	   1.44	  25.43	
     44	   8.37	   1.63	  0.062	1.00037							#	   1.27	  23.56	
     45	   5.59	 -11.89	  0.046	1.00025							#	   2.75	  24.93	
     46	   9.37	  -0.34	  0.047	1.00063							#	   0.91	  23.16	
     47	   4.45	   3.14	  0.040	1.00027							#	   2.18	  25.07	
     48	   3.61	  -0.18	  0.057	1.00071							#	   1.29	  23.74	
     49	   1.44	  -1.89	 -0.025	1.00032							#	   1.33	  27.06	
     50	   4.86	   7.76	  0.017	1.00051							#	   1.47	  22.37	
     51	  10.49	   6.91	 -0.014	0.99976							#	   0.82	  22.37	
     52	  11.43	  -7.63	 -0.007	1.00006							#	   0.86	  22.87	
     53	   9.79	  -7.73	 -0.103	0.99973							#	   1.21	  23.63	
     54	  12.38	   1.59	 -0.017	1.00010							#	   1.16	  21.97	
     55	  11.39	   2.58	 -0.036	1.00033							#	   1.96	  23.20	
     56	  14.66	   2.35	 -0.030	1.00050							#	   2.08	  21.57	
     57	   9.46	   0.37	 -0.059	1.00035							#	   3.33	  19.41	
     58	   6.66	   3.30	  0.028	1.00012							#	   2.46	  23.56	
     59	   5.25	  -3.45	  0.004	0.99994							#	   0.38	  27.78	
     60	  11.97	  -5.88	  0.089	1.00038							#	   1.07	  27.16	
     61	   9.09	  -1.98	 -0.012	0.99965							#	   0.60	  28.79	
     62	   6.82	   2.37	  0.059	1.00023							#	   0.41	  28.14	
     63	   9.27	 -10.93	  0.065	1.00000							#	   1.24	  25.94	
     64	   9.36	  -4.13	  0.031	1.00053							#	   0.84	  26.48	
     65	   2.84	   4.26	  0.010	1.00041							#	   0.38	  29.15	
     66	   2.84	   7.58	  0.045	1.00027							#	   0.79	  27.31	
     67	   1.41	  -7.67	 -0.024	1.00005							#	   0.74	  28.57	
     68	   4.19	   5.76	  0.029	0.99898							#	   0.66	  28.39	
     69	   1.76	  -5.89	  0.010	1.00018							#	   0.87	  32.11	
     70	   4.27	   9.96	  0.009	0.99943							#	   2.09	  30.95	
     71	   5.09	  -6.77	  0.020	1.00031							#	   0.93	  32.03	
     72	  10.63	  10.65	  0.013	0.99985							#	   2.99	  30.19	
     73	  10.20	  -5.89	 -0.013	1.00066							#	   1.08	  30.92	
     74	  10.54	  -2.11	  0.008	1.00027							#	   1.23	  29.22	
     75	  13.37	   2.21	 -0.019	1.00020							#	   1.66	  28.28	
     76	  11.40	  -1.11	 -0.038	1.00007							#	   1.22	  27.56	
     77	   6.74	   2.27	 -0.131	1.00096							#	   0.54	  28.97	
     78	  14.32	   5.25	 -0.008	0.99988							#	   2.29	  26.88	
     79	   3.81	  -0.27	 -0.122	1.00086							#	   0.18	  31.53	
     80	   9.51	   3.99	 -0.091	1.00009							#	   0.93	  30.52	
     81	  12.76	   3.13	 -0.051	0.99980							#	   1.46	  29.58	
     82	   8.75	   0.63	 -0.065	0.99989							#	   0.70	  31.28	
     83	   0.08	  10.51	 -0.060	1.00040							#	   1.26	  32.03	
     84	   1.75	  14.85	  0.110	1.00030							#	   2.17	  31.85	
     85	   5.22	  -8.83	 -0.018	0.99970							#	   1.00	  28.82	
     86	  14.62	   8.53	 -0.104	1.00012							#	   2.59	  28.10	
     87	  13.73	  -1.27	 -0.143	0.99985							#	   1.40	  27.06	
     88	  18.43	  -0.72	 -0.066	1.00013							#	   3.50	  27.56	
     89	  14.81	  -4.44	 -0.002	0.99985							#	   1.52	  30.88	
     90	   6.55	   6.52	  0.012	1.00032							#	   0.67	  33.73	
     91	   7.07	   0.26	 -0.068	1.00012							#	   0.55	  32.11	
     92	  13.72	  13.05	 -0.071	1.00000							#	   2.51	  30.66	
     93	  19.66	  -5.34	 -0.046	0.99987							#	   2.88	  28.79	
     94	   8.02	   7.88	 -0.040	0.99982							#	   0.73	  31.24	
     95	  13.42	  -5.25	 -0.116	0.99962							#	   2.19	  29.26	
     96	  12.93	  -1.19	 -0.053	0.99968							#	   4.60	  26.33	
     97	  13.25	  -0.80	 -0.053	0.99997							#	   2.99	  27.53	
     98	   9.38	  -3.34	 -0.088	0.99992							#	   0.69	  30.70	
     99	  10.73	  12.67	 -0.100	0.99970							#	   1.50	  31.02	
    100	   9.25	   4.82	 -0.007	0.99963							#	   0.71	  30.34	
    101	   9.44	  -6.06	 -0.024	1.00000							#	   0.83	  31.53	
    102	   8.64	   7.95	  0.051	0.99969							#	   0.94	  32.50	
    103	  10.87	  -0.35	 -0.019	1.00013							#	   2.16	  33.26	
    104	  10.57	  -4.93	 -0.017	0.99950							#	   2.25	  30.99	
    105	   8.93	  -6.06	 -0.057	1.00040							#	   1.12	  32.86	
    106	  11.00	  16.81	 -0.013	1.00046							#	   3.36	  31.96	
    107	   5.18	   0.46	 -0.015	1.00033							#	   0.22	  33.12	
    108	   7.96	   3.72	  0.011	1.00081							#	   0.71	  32.79	
    109	   9.60	  -8.93	 -0.013	0.99998							#	   1.57	  33.01	
    110	  10.61	   5.36	 -0.058	1.00029							#	   1.36	  31.75	
    111	  11.84	  -5.49	 -0.047	1.00036							#	   1.54	  32.03	
    112	  15.86	  -1.24	 -0.008	1.00003							#	   2.95	  34.45	
    113	  12.10	 -19.81	 -0.017	1.00006							#	   4.20	  31.60	
    114	  12.88	   9.22	  0.028	1.00011							#	   1.81	  29.65	
    115	  16.69	  13.27	 -0.048	1.00015							#	   2.75	  30.45	
    116	  10.91	   2.27	 -0.202	0.99964							#	   0.86	  31.24	
    117	   4.33	 -19.58	 -0.254	0.99996							#	   1.94	  30.66	
    118	 -11.21	   4.25	 -0.042	1.00038							#	   0.90	  29.58	
    119	  -6.83	   4.43	  0.039	1.00044							#	   0.88	  29.04	
    120	  -2.34	  14.67	  0.051	1.00005							#	   1.42	  32.11	
    121	   4.29	   9.37	 -0.097	1.00067							#	   0.93	  31.67	
    122	  12.65	  -0.65	  0.018	1.00008							#	   1.56	  32.90	
    123	  11.56	   1.22	 -0.004	1.00041							#	   1.44	  32.54	
    124	  14.66	  -1.30	  0.059	1.00010							#	   2.89	  32.68	
    125	   4.16	  -0.62	  0.067	1.00011							#	   0.30	  31.82	
    126	  13.99	   0.66	  0.037	1.00054							#	   2.13	  31.28	
    127	  17.18	 -10.07	 -0.061	1.00009							#	   2.86	  28.50	
    128	  21.77	   4.43	 -0.162	1.00051							#	   3.29	  29.55	
    129	   9.44	  -1.77	 -0.091	1.00016							#	   0.70	  31.96	
    130	   0.36	  14.00	  0.021	1.00019							#	   1.25	  35.50	
    131	  -5.99	  -2.65	 -0.139	1.00034							#	   0.31	  35.93	
    132	   1.24	  -1.26	 -0.132	1.00023							#	   0.37	  33.98	
    133	  -2.39	 -10.84	 -0.018	0.99966							#	   1.13	  29.04	
    134	  -9.78	  -3.43	  0.138	0.99978							#	   0.86	  31.96	
    135	  -9.67	  -2.71	  0.169	1.00029							#	   1.05	  31.96	
    136	  -7.14	  -7.88	  0.139	1.00029							#	   1.04	  31.24	
    137	   3.25	  -4.57	  0.103	1.00060							#	   0.91	  32.61	
    138	   2.85	  -6.81	  0.002	0.99982							#	   1.00	  31.75	
    139	  -0.61	  -0.16	 -0.065	1.00059							#	   0.32	  34.99	
    140	   3.14	   8.02	 -0.027	1.00061							#	   1.06	  34.63	
    141	   0.84	 -10.56	  0.023	0.99997							#	   1.48	  33.87	
    142	  -3.44	   0.99	 -0.049	1.00050							#	   0.29	  33.37	
    143	  -3.99	  13.32	  0.078	1.00058							#	   2.47	  35.17	
    144	  -8.50	 -14.23	 -0.022	1.00031							#	   1.69	  32.58	
    145	  -0.62	  -1.49	  0.074	1.00047							#	   0.27	  37.91	
    146	  -6.06	   5.77	 -0.018	1.00010							#	   0.83	  34.60	
    147	  -0.29	   0.10	  0.014	1.00078							#	   0.14	  37.30	
    148	  -2.82	   1.62	 -0.019	1.00030							#	   0.25	  35.82	
    149	  -3.50	 -12.54	  0.062	1.00024							#	   1.52	  33.84	
    150	  -6.97	   1.80	  0.003	1.00040							#	   0.52	  34.56	
    151	   1.08	  -8.02	 -0.040	1.00025							#	   0.75	  35.17	
    152	   3.03	 -13.36	 -0.146	1.00038							#	   2.24	  32.65	
    153	   6.80	  -0.51	 -0.158	0.99995							#	   0.45	  32.72	
    154	   0.92	  -4.43	 -0.041	1.00025							#	   0.36	  33.62	
    155	 -13.20	  -2.24	  0.026	1.00038							#	   1.94	  31.57	
    156	 -21.54	   5.25	  0.170	0.99957							#	   4.04	  28.35	
    157	 -13.91	  -0.89	  0.125	1.00004							#	   1.06	  31.39	
    158	  -0.37	   7.42	  0.098	0.99962							#	   0.74	  32.36	
    159	  -0.59	  -9.50	  0.018	1.00037							#	   0.87	  35.17	
    160	  -7.76	  -0.31	  0.008	0.99993							#	   0.52	  34.60	
    161	  -4.60	  -3.12	 -0.008	0.99954							#	   0.23	  33.30	
    162	  -3.55	  -6.03	  0.040	0.99983							#	   0.56	  36.15	
    163	   1.64	  -0.44	 -0.030	1.00016							#	   0.29	  37.23	
    164	   3.04	  -1.41	  0.005	0.99954							#	   0.35	  37.09	
    165	  -0.86	   2.60	  0.008	0.99997							#	   0.33	  35.50	
    166	  -2.13	  -1.30	  0.029	0.99960							#	   0.38	  36.54	
    167	   1.53	   1.56	  0.010	1.00012							#	   1.02	  34.56	
    168	  -0.86	  -1.32	 -0.069	1.00016							#	   0.88	  34.02	
    169	  -1.12	  -1.32	  0.023	0.99924							#	   0.80	  34.70	
    170	  -6.68	  -3.75	  0.066	0.99976							#	   2.16	  31.31	
    171	  -8.51	   3.61	  0.146	0.99921							#	   1.86	  29.73	
    172	  -3.69	   4.06	  0.163	1.00047							#	   0.70	  33.01	
    173	  -6.52	   2.90	  0.043	1.00002							#	   0.92	  30.92	
    174	  -8.10	   0.61	  0.032	0.99963							#	   0.85	  31.78	
    175	  -6.29	  -6.01	 -0.027	0.99977							#	   1.07	  31.71	
    176	   5.39	  -4.77	  0.030	0.99957							#	   0.86	  31.53	
    177	  16.34	  -9.72	 -0.010	1.00006							#	   6.36	  28.93	
    178	   2.61	  13.66	 -0.026	1.00043							#	   6.24	  22.22	
    179	  -7.34	  -1.91	  0.036	0.99970							#	   4.00	  23.09	
    180	   6.97	  -1.42	 -0.006	1.00015							#	   1.86	  28.79	
    181	   1.34	  -1.83	  0.014	0.99973							#	   0.10	  35.93	
    182	  -7.87	  -1.10	  0.195	0.99906							#	   0.44	  32.40	
    183	  -7.28	  -3.38	  0.014	0.98452							#	   0.60	  31.46	
    184	  -1.78	 -14.77	 -0.026	0.97407							#	   2.11	  33.01	
    185	  -8.52	 -10.84	 -0.045	0.98398							#	   1.39	  31.75	
    186	  -5.99	  -7.73	 -0.063	0.98311							#	   1.52	  28.93	
    187	 -11.43	  -0.18	  0.034	0.98340							#	   1.44	  30.30	
    188	 -10.91	  -0.47	  0.075	0.97777							#	   1.82	  29.33	
    189	  -6.22	 -16.55	 -0.012	0.97509							#	   3.65	  30.45	
    190	  -8.82	  -8.45	 -0.015	0.98438							#	   1.23	  30.63	
    191	 -14.58	   7.11	 -0.070	0.98821							#	   1.88	  28.75	
    192	 -19.15	   1.78	 -0.044	0.97963							#	   2.64	  30.23	
    193	 -13.26	  -0.83	  0.016	0.98292							#	   1.58	  29.15	
    194	 -10.39	   0.60	 -0.068	0.97659							#	   2.08	  29.80	
    195	 -14.88	  -5.40	  0.007	0.97114							#	   3.89	  26.59	
    196	 -23.55	 -14.91	  0.014	0.97513							#	   3.67	  25.51	
    197	 -26.30	 -20.08	 -0.004	0.98178							#	   4.84	  23.41	
    198	 -17.29	  -9.03	 -0.101	0.97920							#	   1.65	  21.83	
    199	 -16.22	 -10.52	 -0.022	0.98062							#	   1.25	  25.29	
    200	 -18.76	 -14.06	 -0.001	0.98402							#	   1.72	  24.82	
    201	 -26.92	 -14.27	  0.038	0.99316							#	   2.34	  23.81	
    202	 -26.08	 -11.30	 -0.015	0.99028							#	   2.09	  23.12	
    203	 -31.13	 -12.83	 -0.045	0.98327							#	   2.98	  20.67	
    204	 -25.85	 -15.59	 -0.022	0.98698							#	   2.91	  21.50	
    205	 -22.77	 -12.25	  0.019	0.96788							#	   1.84	  22.19	
    206	 -18.19	 -11.44	 -0.008	0.95184							#	   1.98	  19.55	
    207	 -23.10	  -8.83	 -0.063	0.95526							#	   2.25	  18.36	
    208	 -27.16	  -9.61	 -0.003	0.95875							#	   2.48	  20.17	
    209	 -31.04	  -4.63	  0.015	0.96837							#	   2.84	  18.72	
    210	 -32.08	 -13.05	  0.013	0.97282							#	   3.30	  19.37	
    211	 -32.00	  -8.18	 -0.056	0.96071							#	   3.20	  19.26	
    212	 -28.94	 -12.26	 -0.027	0.96673							#	   2.32	  18.07	
    213	 -22.02	 -21.94	 -0.020	0.97621							#	   2.78	  20.06	
    214	 -12.88	 -20.98	 -0.025	0.98490							#	   2.53	  20.56	
    215	  -8.74	 -13.28	 -0.022	0.98255							#	   1.03	  21.79	
    216	 -11.14	  -6.80	 -0.060	0.97696							#	   0.92	  23.23	
    217	 -11.23	 -11.72	 -0.047	0.98066							#	   1.12	  24.46	
    218	 -11.75	   8.43	 -0.015	0.95455							#	   5.23	  18.72	
    219	 -32.84	  -0.69	  0.042	0.93408							#	   4.35	  11.26	
    220	 -21.74	 -25.27	  0.096	0.95999							#	   2.38	  13.82	
    221	  -0.31	 -34.74	  0.024	0.96570							#	   3.21	  15.62	
    222	  12.31	 -31.25	  0.020	0.98258							#	   4.66	  15.87	
    223	  13.56	 -16.59	 -0.185	0.98591							#	   2.89	  15.37	
    224	  41.24	 -10.13	 -0.067	0.95984							#	   2.07	  14.21	
    225	  26.88	 -24.30	  0.041	0.95583							#	   4.15	  14.65	
    226	  -4.31	  -8.64	  0.072	0.95899							#	   1.21	  14.94	
    227	 -13.12	  10.76	  0.064	0.96989							#	   1.84	  15.01	
    228	 -31.73	   2.11	  0.053	0.97270							#	   3.39	  10.86	
    229	 -26.68	  -5.76	  0.098	0.96729							#	   2.04	  10.82	
    230	   2.81	 -17.31	  0.008	0.97017							#	   1.79	  10.89	
    231	  10.53	  -3.89	 -0.024	0.97731							#	   1.02	  12.59	
    232	   6.40	 -18.50	  0.041	0.98427							#	   1.67	  13.71	
    233	  -4.95	  -2.09	  0.085	0.99498							#	   0.20	  13.82	
    234	 -28.94	 -17.05	  0.024	0.99904							#	   3.68	  12.01	
    235	   6.68	   0.70	  0.026	1.00007							#	   0.13	  12.34	
    236	  -4.89	 -17.86	  0.019	1.00028							#	   1.72	  12.73	
    237	   0.84	 -24.17	  0.041	1.00538							#	   3.35	  12.19	
    238	  -1.61	 -14.70	  0.088	1.00765							#	   1.39	  11.65	
    239	  28.32	  -6.30	  0.063	1.00780							#	   3.09	  11.22	
    240	  11.89	   5.20	  0.096	1.00799							#	   0.84	   9.78	
    241	  17.23	  34.83	  0.169	1.01208							#	   6.09	   7.90	
    242	   2.77	  15.81	 -0.033	1.00679							#	   0.69	   8.59	
    243	   9.59	  -9.20	 -0.019	1.00121							#	   1.03	   8.08	
    244	   3.62	 -22.84	 -0.022	0.99979							#	   2.22	   8.87	
    245	   3.58	   0.56	  0.076	1.00202							#	   0.22	  10.32	
    246	 -13.05	   9.19	  0.063	1.00716							#	   1.31	  10.25	
    247	 -17.99	  16.39	  0.027	1.01202							#	   2.61	  10.46	
    248	  -5.26	  -1.78	  0.014	1.01355							#	   0.99	  10.89	
    249	  -4.17	  21.26	  0.029	1.01384							#	   2.69	  14.25	
    250	 -13.93	  -0.61	  0.059	1.01004							#	   0.81	  15.33	
    251	  -6.28	  11.20	 -0.091	1.01431							#	   1.20	  15.12	
    252	  -6.28	   6.83	 -0.047	1.01560							#	   1.07	  15.26	
    253	 -11.29	  11.03	 -0.010	1.01492							#	   1.64	  14.72	
    254	  -2.77	  12.54	  0.069	1.01125							#	   1.73	  14.72	
    255	   1.03	 -11.01	  0.077	1.00518							#	   1.48	  16.81	
    256	  -4.12	  -7.68	  0.042	1.00226							#	   1.02	  14.03	
    257	 -19.34	  -4.72	  0.153	0.99864							#	   3.53	  12.12	
    258	 -33.84	  -5.86	  0.087	1.00113							#	   3.03	  12.91	
    259	 -27.77	 -11.16	  0.076	1.00023							#	   2.74	  13.60	
    260	 -12.47	   0.79	  0.013	1.00008							#	   1.04	  14.86	
    261	   1.93	  -9.49	  0.026	1.00109							#	   0.58	  15.30	
    262	 -10.30	 -18.35	  0.037	1.00078							#	   2.33	  16.05	
    263	   5.84	   3.51	  0.014	1.00017							#	   0.32	  15.55	
    264	   8.21	   8.37	 -0.030	1.00133							#	   0.85	  14.83	
    265	   3.77	  11.33	  0.039	1.00000							#	   1.19	  14.25	
    266	   1.53	   1.51	 -0.012	1.00035							#	   1.40	  14.39	
    267	  -9.78	   6.32	 -0.084	1.00231							#	   0.91	  12.23	
    268	  -3.14	   6.96	  0.040	1.00325							#	   1.69	  14.03	
    269	  -7.81	  -1.55	 -0.022	1.00795							#	   1.68	  15.01	
    270	  -1.66	   6.32	 -0.063	1.00625							#	   1.09	  14.61	
    271	  -6.40	  12.52	  0.020	1.00660							#	   2.09	  15.19	
    272	 -10.92	   3.57	  0.017	1.00577							#	   1.21	  14.86	
    273	  -1.86	   0.56	  0.095	1.00366							#	   0.28	  15.58	
    274	  -3.77	  10.58	  0.051	1.00098							#	   1.48	  15.87	
    275	  12.32	   1.00	 -0.016	1.00175							#	   1.56	  14.54	
    276	  12.52	  -5.12	  0.029	1.00220							#	   3.23	  16.45	
    277	 -21.11	  15.34	  0.036	1.00326							#	   3.42	  11.94	
    278	 -16.95	   1.87	  0.028	1.00009							#	   1.04	  13.10	
    279	 -13.94	  -4.32	  0.076	0.99941							#	   0.81	  16.70	
    280	   7.52	   2.77	  0.062	1.00275							#	   0.44	  14.00	
    281	  18.82	  -3.57	 -0.009	1.01268							#	   2.50	  12.55	
    282	  11.87	   8.54	  0.016	1.01712							#	  26.08	  10.46	
