      1	  -6.98	  -6.09	  0.103	0.99896							#	   0.86	   3.35	
      2	   0.80	   4.77	  0.022	0.99969							#	   1.46	   4.65	
      3	  -1.45	   8.23	  0.094	0.99967							#	   3.34	   4.80	
      4	  -0.86	  13.27	  0.046	1.00125							#	   1.48	   4.87	
      5	  -6.53	   8.94	 -0.036	0.99991							#	   1.14	   5.48	
      6	  -1.15	  20.64	  0.000	1.00189							#	   4.75	   4.55	
      7	  -4.98	  16.41	 -0.057	0.99988							#	   1.22	   4.58	
      8	  -5.04	  25.08	  0.011	0.99879							#	   2.82	   6.02	
      9	  -1.94	  19.34	 -0.040	0.99949							#	   2.10	   5.19	
     10	   2.72	  13.26	 -0.045	0.99787							#	   1.15	   5.01	
     11	   6.68	  12.72	 -0.005	0.99917							#	   1.01	   3.97	
     12	   2.93	  16.29	  0.068	1.00017							#	   2.65	   4.94	
     13	  -0.73	  14.54	  0.102	0.99925							#	   0.90	   5.34	
     14	  -3.01	  30.18	  0.029	0.99950							#	   3.71	   4.58	
     15	   4.47	  24.23	  0.106	1.00003							#	   1.34	   4.47	
     16	   5.35	  30.42	  0.116	1.00044							#	   2.93	   4.83	
     17	  -1.78	  19.09	  0.078	1.00063							#	   1.21	   6.93	
     18	  -8.69	  40.13	  0.082	1.00048							#	   2.17	   5.01	
     19	  -1.37	  32.10	  0.067	0.99821							#	   2.90	   8.01	
     20	   3.61	  35.98	  0.150	0.99962							#	   2.48	   9.52	
     21	  -4.11	  23.35	  0.203	1.00075							#	   2.00	   8.30	
     22	  -6.01	  36.02	  0.195	0.99931							#	   2.46	   8.33	
     23	  -9.61	  28.90	  0.173	0.99905							#	   3.67	   8.98	
     24	  -2.41	  30.78	  0.178	1.00029							#	   1.83	   9.67	
     25	   0.20	  24.53	  0.140	1.00041							#	   1.61	  10.75	
     26	   2.53	  39.90	  0.166	1.00013							#	   1.89	  11.15	
     27	   3.73	  29.51	  0.101	1.00016							#	   2.31	  11.40	
     28	   0.57	  32.55	  0.107	1.00023							#	   2.84	  12.95	
     29	   1.22	  24.82	  0.098	0.99962							#	   2.84	  12.19	
     30	   1.73	  34.18	  0.161	1.00017							#	   3.08	  14.54	
     31	   1.70	  23.04	  0.128	0.99990							#	   1.71	  14.65	
     32	   2.13	  30.87	  0.117	1.00052							#	   3.33	  14.32	
     33	   0.49	  18.46	  0.117	0.99992							#	   1.09	  14.83	
     34	   1.95	  29.94	  0.151	1.00064							#	   3.24	  15.40	
     35	  -0.99	  26.20	  0.072	0.99957							#	   1.88	  15.84	
     36	   3.09	  17.02	  0.153	1.00040							#	   1.38	  17.86	
     37	  -4.71	  14.11	  0.049	1.00116							#	   1.28	  17.57	
     38	   1.52	  20.67	  0.108	0.99974							#	   1.99	  16.77	
     39	  -0.56	  14.54	  0.049	0.99850							#	   1.13	  17.89	
     40	   5.45	  16.60	  0.058	1.00113							#	   1.73	  16.59	
     41	   0.97	  13.29	  0.007	1.00056							#	   1.68	  17.24	
     42	  -2.59	  24.57	  0.025	0.99981							#	   4.04	  15.84	
     43	  -2.57	  14.93	  0.017	1.00002							#	   0.97	  17.78	
     44	   0.42	  16.11	 -0.015	0.99976							#	   1.67	  18.83	
     45	  -4.54	   4.45	 -0.004	0.99979							#	   0.84	  17.50	
     46	  -3.03	  18.49	  0.054	1.00017							#	   2.86	  20.02	
     47	  -4.21	   8.00	  0.091	1.00043							#	   0.71	  18.07	
     48	  -1.04	  16.06	  0.105	1.00062							#	   2.13	  17.17	
     49	  -1.32	   6.33	  0.038	0.99955							#	   0.69	  19.34	
     50	  -1.89	   9.24	  0.125	0.99995							#	   0.94	  20.31	
     51	   1.09	  11.95	  0.064	0.99996							#	   2.42	  20.13	
     52	   3.28	   8.17	  0.091	1.00060							#	   0.89	  20.24	
     53	  -2.09	   1.49	  0.054	1.00048							#	   0.39	  20.82	
     54	  -4.47	  20.59	  0.066	1.00080							#	   4.40	  19.48	
     55	   3.36	   5.90	  0.050	0.99990							#	   0.70	  19.19	
     56	  -1.42	  12.90	  0.032	0.99963							#	   1.40	  20.96	
     57	   1.51	   6.18	  0.050	1.00053							#	   0.68	  21.75	
     58	   3.94	  14.86	  0.081	0.99936							#	   2.50	  21.18	
     59	  -1.89	   1.37	  0.093	1.00050							#	   0.40	  21.79	
     60	  -0.75	   2.12	  0.017	1.00057							#	   0.51	  19.37	
     61	   3.90	   0.39	  0.083	0.99817							#	   0.79	  19.26	
     62	  -3.09	  12.30	  0.052	1.00020							#	   2.05	  20.38	
     63	  -4.18	   3.57	  0.070	0.99958							#	   0.59	  20.20	
     64	  -4.13	  11.02	  0.050	0.99991							#	   2.00	  20.60	
     65	  -8.36	   2.82	 -0.007	1.00053							#	   1.23	  17.93	
     66	  -8.02	  15.12	  0.039	1.00004							#	   5.17	  19.12	
     67	  -6.99	  -1.96	  0.114	0.99994							#	   0.78	  18.07	
     68	  25.57	  -1.16	 -0.070	1.00080							#	   4.90	  14.47	
     69	  32.98	 -10.40	 -0.156	1.00026							#	   5.31	  13.24	
     70	  28.34	   1.58	  0.091	0.99945							#	   3.57	  15.84	
     71	  -6.26	   5.92	  0.157	1.00050							#	   0.75	  18.33	
     72	  -5.08	  18.19	 -0.078	0.99983							#	   3.35	  18.76	
     73	   7.38	   1.12	 -0.084	1.00010							#	   1.00	  20.56	
     74	   4.58	   9.72	  0.025	0.99988							#	   1.39	  20.13	
     75	 -10.11	   1.43	  0.046	0.99966							#	   1.09	  20.82	
     76	   5.57	  -0.85	  0.090	1.00062							#	   1.05	  21.28	
     77	  -5.40	  -2.97	 -0.181	0.99831							#	   1.11	  17.42	
     78	 -10.93	   8.73	 -0.068	0.95390							#	  17.57	  15.44	
     79	   9.25	  -6.63	 -0.003	0.95657							#	   2.57	  16.85	
     80	   6.40	  -0.41	 -0.046	0.96185							#	   2.89	  17.03	
     81	   0.80	 -14.95	 -0.028	0.95315							#	   4.31	  15.48	
     82	   8.89	  -0.17	  0.042	0.94600							#	   4.61	  13.28	
     83	  14.55	 -14.59	  0.024	0.94967							#	   5.86	  14.50	
     84	   9.05	   2.71	 -0.072	0.96519							#	   1.88	  16.05	
     85	   3.17	  -9.03	 -0.043	0.97122							#	   2.20	  17.10	
     86	   5.68	   1.81	  0.046	0.97762							#	   1.10	  16.92	
     87	  -0.06	   1.31	 -0.006	0.98562							#	   0.78	  18.47	
     88	   4.79	  14.31	 -0.047	0.99237							#	   2.01	  18.29	
     89	   2.65	   0.94	 -0.096	0.99753							#	   1.32	  19.52	
     90	   3.40	   0.65	 -0.071	0.98757							#	   1.56	  17.93	
     91	  -1.47	  -1.62	 -0.080	0.97927							#	   2.38	  17.50	
     92	  -1.41	   0.18	 -0.045	0.96936							#	   3.47	  16.23	
     93	   1.13	  -7.43	  0.016	0.97283							#	   3.00	  16.34	
     94	   4.26	   4.47	 -0.055	0.97994							#	   1.83	  17.57	
     95	   6.51	  -6.43	 -0.062	0.98320							#	   2.17	  16.74	
     96	  23.19	  -5.01	 -0.058	0.97835							#	   4.59	  16.77	
     97	  34.05	 -19.65	 -0.088	0.96948							#	   5.45	  14.11	
     98	  45.62	 -11.90	  0.002	0.95964							#	   3.84	  14.07	
     99	  34.98	 -18.31	  0.013	0.96515							#	   6.41	  12.37	
    100	  30.58	 -18.90	 -0.030	0.96352							#	   4.62	  15.55	
    101	  15.54	 -27.67	 -0.170	0.96752							#	   5.11	  10.06	
    102	  39.99	  -9.04	  0.148	0.95780							#	   4.53	  10.17	
    103	  30.35	 -13.61	 -0.091	0.96279							#	   4.71	  14.00	
    104	  29.87	 -17.16	 -0.034	0.97063							#	   4.85	  13.56	
    105	  10.50	 -12.87	  0.018	0.97927							#	   2.36	  13.89	
    106	   2.10	   0.69	 -0.023	0.98088							#	   1.30	  16.31	
    107	 -16.76	  -0.87	 -0.087	0.98548							#	   1.85	  14.32	
    108	 -24.52	  12.06	 -0.117	0.98362							#	   3.54	  13.17	
    109	 -18.07	  -2.73	 -0.020	0.97969							#	   1.85	  14.36	
    110	   9.36	  -0.65	  0.032	0.98120							#	   1.66	  16.13	
    111	  14.35	 -13.15	 -0.020	0.98071							#	   3.00	  14.14	
    112	   8.39	 -11.41	 -0.049	0.98534							#	   1.99	  14.07	
    113	   1.48	 -16.53	 -0.046	0.98641							#	   2.09	  15.15	
    114	 -10.68	  -5.46	  0.045	0.99281							#	   1.54	  15.95	
    115	 -26.46	  -5.50	 -0.046	0.99985							#	   4.06	  13.31	
    116	 -19.65	   6.24	 -0.004	0.99950							#	   2.44	  12.84	
    117	 -13.90	  -7.21	 -0.014	1.00032							#	   2.05	  12.55	
    118	  -4.08	  11.72	  0.106	0.99935							#	   1.79	  13.38	
    119	 -29.26	  13.23	  0.045	1.00006							#	   6.98	   9.81	
    120	 -18.17	  15.24	  0.034	0.99990							#	   2.50	  11.26	
    121	 -16.71	   6.41	  0.075	0.99942							#	   1.90	  10.71	
    122	 -24.11	  18.05	  0.021	0.99926							#	   4.13	  12.30	
    123	 -21.30	  10.38	  0.010	1.00000							#	   2.68	  12.59	
    124	 -32.58	   7.30	 -0.018	1.00009							#	   3.35	  11.11	
    125	 -21.38	  -2.04	 -0.035	1.00154							#	   2.48	  12.66	
    126	 -20.39	  12.92	 -0.097	1.00021							#	   3.11	  13.53	
    127	 -17.20	   4.00	  0.006	0.99886							#	   2.06	  15.55	
    128	 -33.75	  13.72	 -0.048	1.00111							#	   4.68	  10.14	
    129	 -57.04	  15.22	  0.039	0.99792							#	   2.04	   8.37	
    130	 -68.14	  23.76	 -0.128	0.99976							#	   4.84	   8.26	
    131	 -62.17	  10.22	 -0.002	1.00042							#	   1.61	   8.66	
    132	 -31.43	   4.82	  0.076	1.00037							#	   6.52	  11.36	
    133	 -11.72	   2.10	  0.002	0.99922							#	   1.59	  15.91	
    134	 -12.56	   8.90	 -0.031	1.00074							#	   3.07	  16.85	
    135	 -15.85	  14.63	 -0.040	0.99907							#	   4.70	  14.68	
    136	  -8.04	  16.26	 -0.058	0.99988							#	   4.15	  12.66	
    137	   7.08	  23.47	  0.010	0.99812							#	   5.54	  11.04	
    138	  14.38	  24.07	 -0.055	0.99727							#	   4.43	   8.19	
    139	  30.84	  15.03	 -0.135	0.99771							#	   6.16	   8.95	
    140	  24.78	  13.92	  0.005	0.99824							#	   3.99	   9.81	
    141	  32.37	   3.08	 -0.040	0.99350							#	   4.46	  10.39	
    142	  22.32	  17.92	  0.026	1.00276							#	   3.37	  10.21	
    143	  28.62	  -8.48	 -0.033	0.99908							#	   3.97	   6.85	
    144	  45.88	 -20.52	  0.086	1.00012							#	   2.74	   7.65	
    145	  31.30	 -19.31	  0.062	1.01635							#	   4.73	   8.77	
    146	   9.32	   9.99	 -0.064	1.03868							#	   2.56	   9.99	
    147	  28.84	   7.38	 -0.084	1.02756							#	   3.60	   9.34	
    148	  12.87	  21.12	 -0.011	1.03538							#	   3.18	  10.64	
    149	  12.37	   2.95	 -0.063	1.02660							#	   2.30	  14.65	
    150	  19.44	  10.44	  0.039	1.02425							#	   2.55	  11.83	
    151	  21.08	  -3.01	  0.066	1.01164							#	   2.75	  11.98	
    152	  31.93	  -7.01	  0.065	1.01043							#	   3.92	  13.67	
    153	  14.10	  -5.29	 -0.003	1.01044							#	   1.41	  14.25	
    154	  17.96	   0.71	  0.054	1.00923							#	   2.16	  15.08	
    155	  15.92	  -9.05	 -0.012	1.01225							#	   2.39	  16.27	
    156	  18.09	   3.18	 -0.004	1.01125							#	   2.12	  16.49	
    157	  15.33	 -12.94	 -0.043	1.01529							#	   2.90	  17.89	
    158	  16.91	   3.55	 -0.007	1.01667							#	   2.20	  17.60	
    159	  12.20	  -6.31	  0.019	1.02044							#	   2.83	  16.77	
    160	   4.45	   0.21	  0.030	1.01661							#	   1.58	  17.46	
    161	   9.15	 -15.83	  0.037	1.01630							#	   3.64	  17.78	
    162	   1.99	  -3.54	 -0.016	1.02256							#	   1.57	  18.33	
    163	  -1.22	  -3.50	  0.045	1.02800							#	   2.10	  19.77	
    164	  -4.71	   5.77	  0.039	1.02649							#	   2.04	  17.53	
    165	 -13.58	  -2.77	  0.003	1.02474							#	   2.80	  18.90	
    166	  -8.97	  11.70	  0.033	1.02447							#	   3.14	  17.10	
    167	  -7.12	  16.07	  0.005	1.02420							#	   4.56	  16.38	
    168	   1.76	  23.25	  0.098	1.02555							#	   3.79	  16.74	
    169	   9.76	  10.89	  0.103	1.02826							#	   3.51	  14.57	
    170	  -2.33	  23.23	  0.027	1.02649							#	   6.62	  15.66	
    171	   1.28	  11.92	  0.002	1.02255							#	   2.03	  14.57	
    172	  -3.93	  21.17	  0.042	1.01496							#	   3.80	  16.70	
    173	  -3.45	  -8.06	  0.015	1.01151							#	   1.28	  17.24	
    174	  -3.32	   7.00	  0.055	1.01147							#	   1.07	  18.04	
    175	  -7.61	   1.75	  0.004	1.01598							#	   1.21	  17.35	
    176	  -9.28	   3.80	  0.053	1.01923							#	   2.04	  16.45	
    177	  -1.63	  -7.69	  0.021	1.01549							#	   1.69	  15.95	
    178	   5.18	  19.92	  0.057	1.00812							#	   5.39	  17.97	
    179	  -3.80	  -1.91	 -0.017	1.00239							#	   0.45	  19.16	
    180	  -1.10	  -6.41	  0.081	1.00086							#	   0.75	  19.59	
    181	  -0.37	  -5.54	  0.047	0.99992							#	   0.72	  19.59	
    182	   1.36	   2.35	  0.013	1.00008							#	   1.04	  20.56	
    183	  -4.98	   2.72	 -0.062	1.00185							#	   1.40	  17.39	
    184	  -3.34	  -7.04	 -0.006	1.00247							#	   1.77	  20.42	
    185	  -1.94	  -8.42	 -0.022	1.00043							#	   2.44	  19.41	
    186	  -5.30	   7.03	 -0.072	0.99807							#	   2.29	  17.50	
    187	  -1.21	   1.10	  0.025	0.99956							#	   1.39	  19.08	
    188	  -4.33	  11.73	 -0.041	0.99933							#	   3.71	  17.03	
