      1	   4.31	  -5.56	 -0.110	0.99862							#	   0.46	   6.52	
      2	   4.41	  -0.34	 -0.004	1.00137							#	   3.48	   8.40	
      3	   3.62	  -6.21	 -0.010	1.00025							#	   0.64	   9.43	
      4	  -1.92	   2.19	 -0.230	1.00010							#	   0.53	  14.12	
      5	   2.81	   0.59	 -0.143	0.99974							#	   0.86	  15.07	
      6	   2.03	  -0.16	 -0.061	0.99933							#	   0.67	  15.87	
      7	   1.37	  -2.72	 -0.026	1.00049							#	   0.91	  14.03	
      8	  13.20	  -0.71	 -0.080	0.99925							#	   0.97	  12.57	
      9	   8.95	   0.79	 -0.092	1.00051							#	   1.31	  13.13	
     10	   4.36	   2.72	 -0.024	0.99996							#	   1.71	  12.53	
     11	   5.25	 -11.29	 -0.045	1.00016							#	   0.75	  12.03	
     12	   7.84	   5.70	 -0.101	1.00041							#	   0.89	  11.75	
     13	   6.72	  -7.82	 -0.036	0.99918							#	   1.15	  11.82	
     14	   0.66	   9.16	 -0.127	0.99883							#	   1.74	  12.30	
     15	   2.98	 -13.58	 -0.009	0.99920							#	   1.47	  10.80	
     16	   1.66	  -2.13	 -0.069	1.00090							#	   0.32	  13.88	
     17	   5.30	  10.41	 -0.108	0.99771							#	   0.88	  11.21	
     18	   9.62	  -8.15	 -0.082	0.99770							#	   1.59	  11.11	
     19	   2.65	  -6.90	  0.009	1.00021							#	   0.91	  13.14	
     20	   4.59	  -2.68	 -0.077	1.00040							#	   1.05	  11.86	
     21	   4.11	  -5.48	 -0.124	0.99902							#	   0.57	  12.66	
     22	   2.39	  -0.81	 -0.056	0.99889							#	   0.31	  13.78	
     23	   5.01	  -6.76	 -0.079	0.99921							#	   0.45	  11.53	
     24	   2.70	  -1.79	 -0.113	1.00003							#	   0.51	  12.26	
     25	   3.31	 -11.54	  0.010	1.00082							#	   0.83	   9.12	
     26	   1.73	   5.89	 -0.088	0.99869							#	   0.62	  12.73	
     27	   6.94	 -11.73	 -0.018	0.99807							#	   1.52	  10.88	
     28	   5.37	  -0.41	 -0.110	1.00218							#	   0.54	  12.20	
     29	   2.69	   1.10	 -0.048	0.99648							#	   0.52	  13.32	
     30	   3.22	  13.40	 -0.124	0.99585							#	   0.97	  10.89	
     31	   0.78	 -13.61	 -0.138	0.99000							#	   1.96	  10.19	
     32	   1.66	  -3.15	 -0.052	0.98267							#	   0.78	  11.58	
     33	   4.20	   6.29	 -0.136	0.98624							#	   0.61	  12.33	
     34	   3.33	   4.24	 -0.126	0.98620							#	   1.68	  12.32	
     35	   0.41	 -18.62	 -0.087	0.98377							#	   2.54	  10.72	
     36	   3.00	  -1.82	 -0.024	0.98396							#	   0.34	  10.77	
     37	  -1.30	   0.42	 -0.063	0.97627							#	   1.31	   8.95	
     38	  -1.81	  -2.39	  0.033	0.96892							#	   2.63	   9.46	
     39	  -1.91	  -9.08	 -0.027	0.97500							#	   1.84	   9.14	
     40	   1.16	  -1.22	 -0.076	0.98993							#	   2.46	  11.47	
     41	   3.00	   3.59	 -0.098	0.98139							#	   0.48	  11.31	
     42	   4.66	  11.32	 -0.189	0.99261							#	   4.69	   5.10	
     43	   8.54	 -10.16	 -0.140	0.98713							#	   2.54	  11.37	
     44	   5.49	   5.03	 -0.157	0.96789							#	   0.43	  11.38	
     45	   5.23	   3.58	 -0.111	0.96661							#	   0.29	  11.10	
     46	  -5.50	   4.77	 -0.047	0.97581							#	   0.55	  11.62	
     47	  -6.01	   3.43	 -0.091	0.98148							#	   1.21	  12.41	
     48	  -2.46	  -0.78	 -0.036	0.98941							#	   1.04	  11.10	
     49	  -4.60	  -2.74	 -0.103	0.99415							#	   0.49	  12.67	
     50	  -4.20	   6.55	 -0.130	0.99814							#	   1.23	  12.91	
     51	  -0.37	  -5.51	 -0.026	0.99882							#	   2.20	  13.43	
     52	  -0.50	  -0.70	 -0.139	0.99871							#	   1.33	  12.96	
     53	   9.46	 -11.14	 -0.005	0.98254							#	   1.10	  11.14	
     54	  18.17	 -11.90	 -0.010	0.96526							#	   1.37	   8.53	
     55	  33.27	 -20.42	  0.062	0.96360							#	   3.44	   9.38	
     56	  23.04	 -13.42	 -0.004	0.97227							#	   1.77	   8.92	
     57	  13.34	   3.80	 -0.025	0.97762							#	   1.67	  10.54	
     58	  -2.74	 -12.08	 -0.044	0.98545							#	   1.38	  10.10	
     59	  -3.26	  -5.05	 -0.118	0.98822							#	   0.61	   9.88	
     60	   5.41	  10.34	 -0.075	0.98625							#	   0.82	   9.48	
     61	  11.70	 -17.10	  0.097	0.98262							#	   2.10	   9.32	
     62	   7.66	   2.65	  0.009	0.98451							#	   1.11	   9.81	
     63	   0.75	 -20.29	 -0.073	0.98165							#	   2.86	   9.56	
     64	   7.88	   6.83	 -0.007	0.98949							#	   1.03	  10.69	
     65	  -3.82	   0.82	  0.015	0.99520							#	   0.71	  12.47	
     66	 -19.29	   7.29	 -0.070	0.99843							#	   1.05	   9.23	
     67	  -6.65	  -6.93	 -0.002	0.99630							#	   0.68	  11.37	
     68	  -8.15	  10.29	  0.013	0.99393							#	   0.93	  10.17	
     69	   2.62	 -10.11	  0.107	0.99116							#	   2.02	  11.29	
     70	   7.71	 -16.25	  0.020	0.98850							#	   1.55	   9.29	
     71	  11.40	 -13.71	 -0.037	0.98380							#	   4.14	   7.43	
     72	  -4.80	  -1.74	 -0.156	0.98231							#	   1.14	   8.69	
     73	   0.46	  -8.00	 -0.166	0.98048							#	   2.68	   7.49	
     74	  17.15	  -5.20	 -0.016	0.96945							#	   1.03	   7.48	
     75	   4.08	  -2.04	 -0.008	0.98180							#	   0.83	   9.67	
     76	  -5.01	   5.88	  0.008	0.98724							#	   0.36	   9.78	
     77	   0.96	  -2.95	  0.054	0.99041							#	   0.92	   9.47	
     78	   7.55	   0.74	  0.007	0.99434							#	   0.80	  10.71	
     79	   0.58	  -3.32	 -0.001	0.99750							#	   0.75	   9.98	
     80	 -12.50	  13.02	 -0.064	0.99599							#	   2.01	   8.72	
     81	 -12.41	   5.61	 -0.026	0.99455							#	   1.24	   9.54	
     82	 -11.16	  13.02	 -0.057	0.99616							#	   1.36	   8.78	
     83	 -11.89	   3.03	  0.038	1.00055							#	   3.90	   8.80	
     84	   1.46	   6.48	  0.067	0.99697							#	   2.84	   9.23	
     85	  16.58	   3.66	  0.026	0.98998							#	   1.06	   9.78	
     86	  13.91	   3.47	  0.013	0.99039							#	   2.37	  10.35	
     87	  -0.25	   5.00	 -0.058	0.99555							#	   4.88	  11.43	
     88	  -4.15	  20.22	 -0.125	0.99839							#	   1.03	  10.38	
     89	  -2.26	  12.85	 -0.022	0.99934							#	   1.44	   9.74	
     90	  -2.54	   7.12	 -0.072	1.00051							#	   2.01	  10.53	
     91	   0.60	   8.81	 -0.102	0.99935							#	   2.33	   8.55	
     92	   9.90	   8.85	 -0.012	0.99976							#	   1.63	  10.58	
     93	  10.72	  21.05	 -0.040	0.99997							#	   3.24	   7.84	
     94	   5.07	  18.26	  0.006	0.99898							#	   3.70	  10.04	
     95	   2.55	  12.43	 -0.101	0.99946							#	   1.28	  10.54	
     96	  -0.04	  12.24	 -0.038	0.99956							#	   2.26	  12.69	
     97	  15.76	  10.40	 -0.066	1.00048							#	   1.20	  10.32	
     98	   6.01	   7.58	 -0.066	1.00083							#	   0.44	  11.28	
     99	  10.72	 -12.16	  0.010	0.99809							#	   0.95	  11.22	
    100	   4.71	   3.15	 -0.120	0.99665							#	   0.74	  12.67	
    101	  32.44	   1.41	 -0.059	0.99169							#	   1.39	  10.80	
    102	  24.10	  -8.19	 -0.032	0.99653							#	   1.33	   9.41	
    103	   7.51	 -15.08	  0.005	0.99731							#	   1.34	   9.54	
    104	  10.02	 -19.28	  0.043	0.99862							#	   3.70	   9.40	
    105	  12.89	 -19.28	  0.027	0.99638							#	   2.46	   9.73	
    106	   5.70	  -5.20	  0.066	0.99563							#	   1.20	  10.66	
    107	  -6.51	 -10.78	 -0.040	0.99058							#	   1.12	  10.66	
    108	 -13.90	  -5.52	 -0.086	0.98403							#	   2.18	  10.18	
    109	   5.42	 -23.96	  0.105	0.97596							#	   2.11	   8.29	
    110	   7.15	 -33.68	  0.091	0.96115							#	   1.63	   6.26	
    111	  27.93	 -33.03	  0.037	0.92604							#	   3.55	   5.16	
    112	   2.15	 -38.32	  0.009	0.93808							#	   1.52	   4.65	
    113	   8.09	 -17.32	  0.080	0.96131							#	   3.13	   5.32	
    114	  -4.12	   2.68	  0.015	0.97325							#	   2.49	   5.95	
    115	  -1.22	  -3.32	  0.133	0.97841							#	   3.25	   5.14	
    116	  16.58	 -25.78	  0.128	0.97640							#	   2.52	   4.30	
    117	   3.09	 -19.34	 -0.159	0.97053							#	   2.57	   3.87	
    118	  -6.43	 -19.50	  0.040	0.97227							#	   3.56	   3.58	
    119	   1.43	  -9.91	 -0.046	0.97381							#	   1.43	   3.60	
    120	 -20.04	  11.98	 -0.004	0.98279							#	   3.14	   3.44	
    121	  -3.50	  -6.76	 -0.132	0.98258							#	   0.71	   3.59	
    122	   3.67	   2.33	  0.017	0.98354							#	   2.10	   3.63	
    123	  17.02	 -23.33	  0.121	0.98322							#	   5.28	   2.33	
    124	  13.14	 -25.31	 -0.103	0.97595							#	   2.08	   2.69	
    125	  -7.49	 -10.93	 -0.010	0.97953							#	   3.52	   2.63	
    126	  -2.07	   1.29	  0.094	0.99969							#	   2.93	   2.71	
    127	  -3.44	  -0.45	  0.009	1.00030							#	   3.48	   3.04	
    128	  -3.26	  11.46	 -0.103	0.99951							#	   4.53	   3.39	
    129	   8.99	  -4.15	 -0.000	0.99919							#	   4.41	   2.77	
    130	   4.80	 -11.23	 -0.139	0.99688							#	   3.36	   2.22	
    131	  20.08	 -25.26	 -0.053	1.00176							#	   4.45	   2.01	
    132	  -7.02	  -5.99	 -0.183	0.99873							#	   2.43	   2.20	
    133	  -6.83	  -6.73	 -0.037	0.99627							#	   1.16	   2.40	
    134	 -20.07	  -1.65	 -0.106	1.00264							#	   1.35	   2.12	
    135	   0.43	 -17.98	  0.372	0.99832							#	   0.69	   1.87	
    136	  -9.83	  -4.24	 -0.096	0.99440							#	   2.86	   1.77	
    137	  19.42	  -0.82	  0.359	0.99692							#	   5.27	   2.18	
    138	  12.63	 -21.44	 -1.132	0.99620							#	   4.99	   1.48	
    139	   8.52	  -5.53	 -0.149	0.99375							#	   0.90	   2.00	
    140	  -7.18	   3.80	 -0.482	0.99483							#	   1.21	   2.13	
    141	 -13.65	   8.54	  0.089	1.00625							#	   7.64	   2.58	
    142	  -8.84	   2.42	 -0.255	1.00207							#	   4.47	   2.53	
    143	   1.34	   2.41	 -0.086	1.00236							#	   1.24	   2.79	
    144	   2.56	   6.68	 -0.276	1.00511							#	   1.39	   2.68	
    145	  10.07	 -12.55	  0.191	0.99671							#	   4.56	   2.39	
    146	   2.02	  13.47	 -0.253	1.00501							#	   5.40	   2.07	
    147	  25.01	  10.80	  0.108	1.00121							#	   6.55	   2.16	
    148	  -0.81	  43.90	 -0.098	0.99954							#	   3.51	   2.52	
    149	  -6.30	  17.82	 -0.009	0.99784							#	   1.45	   2.41	
    150	  -2.78	  -1.87	  0.072	1.00014							#	   0.81	   2.67	
    151	 -41.87	   3.56	 -0.186	1.02186							#	   4.17	   2.10	
    152	 -56.77	  -6.50	 -0.625	1.02456							#	   3.49	   1.58	
    153	  -1.41	   3.11	  0.110	1.01205							#	   0.70	   2.04	
    154	  33.01	 -21.99	 -0.195	1.01038							#	   1.73	   1.94	
    155	  24.01	  -3.61	 -0.147	1.01778							#	   2.49	   2.55	
    156	  27.17	   7.11	 -0.098	1.02284							#	   4.53	   2.43	
    157	  10.74	  19.02	  0.072	1.02781							#	   2.73	   1.64	
    158	   1.47	  22.38	  0.186	1.03826							#	   1.49	   2.20	
    159	  -7.19	  12.56	 -0.003	1.03904							#	   1.49	   3.10	
    160	 -23.89	  23.74	 -0.058	1.04286							#	   2.22	   3.16	
    161	  -8.60	  13.50	 -0.044	1.03653							#	   1.39	   3.42	
    162	  -3.80	   5.71	 -0.074	1.04022							#	   0.93	   4.16	
    163	  -6.43	   9.11	  0.035	1.02660							#	   1.18	   4.54	
    164	 -19.08	   2.62	 -0.056	1.01390							#	   3.97	   5.09	
    165	  -3.25	   2.89	  0.006	1.00024							#	   5.62	   6.18	
    166	  -2.04	  -6.25	  0.013	1.00029							#	   1.69	   6.07	
