      1	 -30.30	  13.83	  0.751	1.00137							#	  34.05	   4.72	
      2	 -14.07	  -1.37	  0.044	0.99949							#	   7.07	   4.31	
      3	   1.53	 -22.75	 -0.302	0.97286							#	   5.22	   8.33	
      4	  -7.09	  14.79	  1.892	0.97510							#	   6.17	   4.17	
      5	 -22.64	   8.40	 -1.626	0.98740							#	   8.76	   3.61	
      6	 -10.91	  12.25	 -0.955	0.98039							#	   8.72	   4.03	
      7	 -29.45	  29.80	 -4.751	0.97224							#	   3.43	   1.81	
      8	   6.14	  -1.26	  4.378	0.94092							#	   1.96	   2.08	
      9	  44.06	 -30.63	  6.438	1.01284							#	   3.83	   1.39	
     10									skipped		#	   4.07	   0.97	
     11									skipped		#	   2.85	   0.69	
     12	  38.90	  23.53	 -4.948	0.96259							#	   3.68	   1.67	
     13	 -31.44	   6.82	  0.170	0.99675							#	   4.39	   2.08	
     14	 -20.23	  -2.69	 -0.605	0.95898							#	   3.85	   4.31	
     15	 -25.02	  -7.07	 -1.293	0.96740							#	   6.27	   2.50	
     16	   9.30	   4.27	 -0.549	1.00506							#	   8.06	   1.39	
     17	   0.45	   3.74	 -0.953	0.99732							#	   4.40	   2.92	
     18	   8.07	  11.98	 -0.312	0.94634							#	   4.64	   1.94	
     19	  40.22	  23.38	 -0.432	0.93776							#	   2.36	   1.11	
     20	  -4.14	 -17.09	  1.159	1.00806							#	   4.02	   2.78	
     21	   0.92	  -0.15	  1.011	1.00632							#	   8.53	   7.50	
     22	  -0.20	  27.77	  0.081	0.96154							#	   3.51	   3.33	
     23	   0.76	 -15.45	 -1.112	0.95943							#	   8.43	   6.53	
     24	 -14.01	   7.28	  0.189	1.00499							#	   7.95	   5.42	
     25	  -4.68	  -0.87	  0.393	0.97034							#	   4.16	   6.11	
     26	  12.01	  14.40	 -0.451	1.01863							#	   4.49	   2.92	
     27	  10.94	 -12.41	 -1.084	1.00746							#	   3.74	   5.28	
     28	  12.64	 -26.06	 -1.116	0.98607							#	   4.38	   4.17	
     29	  -0.26	  58.15	 -1.139	0.99619							#	   6.34	   4.31	
     30	  12.72	 -34.44	 -2.915	0.99477							#	  10.66	   3.75	
     31	  -7.98	  -1.44	 -2.729	0.99597							#	   4.63	   2.50	
     32	   8.55	  80.27	 -2.185	0.96441							#	   5.15	   3.47	
     33	   5.33	  19.24	 -0.424	0.97264							#	   1.37	   3.47	
     34	  15.18	  -0.32	 -1.706	0.96069							#	   2.87	   4.58	
     35	  -7.92	 -59.38	 -2.888	0.93772							#	   3.36	   3.19	
     36	  22.14	 -66.86	  0.481	0.95638							#	   3.63	   2.08	
     37	  27.64	   8.79	  1.878	0.97706							#	   3.28	   1.53	
     38	  21.62	  34.46	  2.115	0.95583							#	   3.17	   1.67	
     39	   8.13	  20.10	  1.626	1.02260							#	   2.41	   3.47	
     40	  -1.42	  54.24	 -3.293	1.03842							#	   2.13	   2.36	
     41	  -5.26	  18.66	 -3.637	0.94309							#	   3.37	   1.81	
     42	  13.61	  -5.73	  0.699	1.05627							#	   2.91	   1.94	
     43	   1.15	  13.04	 -3.918	1.04404							#	   4.50	   1.25	
     44	  -3.50	 -17.82	 -0.424	1.04535							#	   3.47	   2.36	
     45	  -6.24	  18.80	 -0.418	1.02619							#	   4.31	   3.75	
     46	 -35.37	   0.21	 -1.374	1.03717							#	   4.18	   5.97	
     47	 -20.47	  -2.45	 -1.301	1.03967							#	   5.37	   4.58	
     48	 -11.18	   7.43	 -0.839	1.02843							#	   5.86	   3.33	
     49	  -2.20	 -22.33	 -1.752	1.01817							#	   4.34	   4.86	
     50	   1.97	 -14.46	 -1.285	1.02673							#	   9.70	   5.56	
     51	 -12.51	  16.89	  0.689	0.98391							#	   7.02	   1.81	
     52	  10.53	 -30.05	  1.090	0.98905							#	   2.85	   2.36	
     53									skipped		#	   4.61	   0.83	
     54	  -7.09	  15.75	 -0.876	0.99122							#	   8.06	   2.64	
     55	 -29.18	  30.33	 -0.623	1.02157							#	   6.47	   1.81	
     56	  -7.65	   2.48	 -2.379	1.02012							#	   8.90	   1.53	
     57	 -16.03	 -36.74	 -3.736	0.96139							#	   7.71	   1.81	
     58	 -10.16	 -20.62	 -1.416	0.97709							#	   7.94	   2.36	
     59	 -21.00	  17.73	 -0.056	1.03478							#	   8.86	   2.64	
     60	 -22.01	  33.17	  0.189	1.05407							#	   7.39	   2.50	
     61	 -11.97	  40.84	  0.636	1.05921							#	   8.40	   2.08	
     62	  -7.27	  31.48	  0.262	1.05133							#	   6.38	   2.64	
     63	   9.25	  -2.13	 -0.995	0.94522							#	   6.06	   2.08	
     64	  -1.66	 -16.87	 -1.182	0.98144							#	   5.42	   3.47	
     65	   5.18	  -4.98	 -1.147	0.97316							#	   4.81	   5.14	
     66	  -2.60	 -32.69	  0.046	1.01730							#	   3.56	   4.58	
     67	   0.44	  -2.05	  1.513	1.00310							#	   3.77	   4.72	
     68	   3.25	  33.29	  1.928	1.02177							#	   3.22	   3.06	
     69	   3.51	  11.20	 -0.958	1.05217							#	   3.71	   2.22	
     70	   7.04	  22.39	 -1.107	0.95030							#	   5.68	   2.50	
     71	  20.79	   5.84	  2.040	1.02189							#	   3.79	   5.00	
     72	  11.04	  17.89	  1.897	1.00990							#	   6.60	   5.42	
     73	  12.58	  38.51	  2.577	1.01982							#	   4.54	   4.03	
     74	  20.06	  16.23	 -5.104	0.98401							#	   4.62	   1.94	
     75	  -1.24	 -48.65	  1.356	0.93507							#	   7.40	   1.81	
     76	   2.70	  92.08	  0.821	1.02176							#	   5.71	   4.17	
     77	   0.77	 -18.87	  2.622	1.01469							#	  11.05	   2.36	
     78	   0.49	 150.11	  0.869	0.97139							#	   4.33	   1.11	
     79	   0.00	-192.00	  0.00	1.00							#	   5.82	   0.83	
     80	   0.33	  49.34	  2.599	0.93270							#	   7.03	   2.92	
     81	   8.58	  -3.37	 -1.704	0.96017							#	   7.54	   1.94	
     82	 -13.01	  75.73	  0.753	1.01942							#	   5.99	   3.61	
     83	  18.38	 -29.77	  0.859	0.97699							#	   1.60	   1.25	
     84									skipped		#	   1.79	   0.83	
     85									skipped		#	   1.56	   0.97	
     86									skipped		#	   1.98	   0.97	
     87	   4.12	  59.79	 -5.220	0.94004							#	   2.70	   1.25	
     88									skipped		#	   3.83	   0.56	
     89	  21.13	  27.57	  0.812	0.94830							#	   2.40	   1.25	
     90	   7.35	   2.34	 -0.839	1.01464							#	   2.30	   3.19	
     91	  18.36	  -4.71	  1.283	1.01950							#	   4.42	   1.39	
     92	   4.03	  44.96	  0.360	0.99393							#	   3.13	   4.31	
     93	 -10.11	  18.09	 -2.153	0.95104							#	   4.63	   1.67	
     94									skipped		#	   5.35	   0.83	
     95									skipped		#	   5.08	   0.56	
