      1	  20.51	 -24.13	 -0.145	1.00026							#	  15.41	  17.03	
      2	   3.04	 -14.05	 -0.010	1.00009							#	   1.05	  25.18	
      3	 -14.16	  -1.34	 -0.002	1.00264							#	   1.26	  24.35	
      4	 -15.23	  11.73	 -0.021	1.00367							#	   2.31	  24.96	
      5	 -10.35	   0.24	 -0.009	1.00612							#	   0.68	  25.14	
      6	   3.28	  -7.87	  0.067	1.00578							#	   0.57	  27.24	
      7	  -8.76	  -4.23	  0.009	1.00919							#	   1.28	  27.89	
      8	 -18.61	  -2.03	  0.061	1.00943							#	   3.74	  23.16	
      9	 -16.76	 -11.92	 -0.008	1.01070							#	   3.20	  23.95	
     10	 -12.43	  -4.22	  0.005	1.00990							#	   2.24	  22.98	
     11	 -28.29	 -10.11	  0.044	1.00853							#	   8.58	  20.74	
     12	 -31.26	   3.72	  0.066	1.00298							#	   3.95	  20.24	
     13	 -25.27	  11.95	  0.020	1.00226							#	   4.60	  25.65	
     14	 -11.67	   4.16	  0.048	1.00131							#	   2.19	  27.67	
     15	 -14.03	   9.63	  0.060	1.00109							#	   5.21	  23.70	
     16	 -24.12	  26.40	  0.032	1.00183							#	   7.09	  19.88	
     17	 -15.61	   5.97	 -0.028	1.00126							#	   1.26	  21.39	
     18	 -20.75	  15.46	  0.024	1.00086							#	   3.06	  25.04	
     19	  -4.73	  -0.57	  0.030	1.00067							#	   0.27	  30.41	
     20	  -4.45	  15.24	  0.070	1.00050							#	   1.24	  31.49	
     21	   0.65	 -11.42	  0.086	1.00061							#	   0.85	  32.03	
     22	   1.85	  -5.78	 -0.018	1.00058							#	   0.48	  31.85	
     23	  -0.23	  10.18	 -0.044	1.00055							#	   0.88	  33.98	
     24	  -4.66	  15.06	  0.006	1.00101							#	   3.20	  32.90	
     25	 -15.12	   4.25	 -0.058	1.00060							#	   2.85	  28.64	
     26	 -16.47	  -1.94	 -0.026	1.00065							#	   3.17	  29.33	
     27	 -16.48	  -0.28	 -0.062	1.00079							#	   3.35	  29.65	
     28	  -8.79	  15.49	  0.048	1.00013							#	   4.02	  30.30	
     29	   8.39	  -7.80	 -0.006	0.99985							#	   1.45	  31.78	
     30	   6.82	  -1.18	  0.008	1.00036							#	   0.90	  30.34	
     31	   5.06	  -9.00	 -0.014	1.00217							#	   1.55	  32.68	
     32	   7.76	  14.61	  0.047	1.00218							#	   2.88	  34.20	
     33	   9.49	  -1.22	  0.047	1.00189							#	   1.65	  32.11	
     34	  12.29	   2.96	  0.069	1.00043							#	   3.58	  28.72	
     35	  14.41	  10.91	  0.036	1.00008							#	   4.39	  25.04	
     36	  18.92	  19.48	  0.011	1.00008							#	   5.77	  22.22	
     37	  26.50	   4.62	  0.012	1.00025							#	   5.38	  20.89	
     38	  24.80	  -2.30	  0.058	1.00001							#	   5.13	  22.11	
     39	  10.22	  -3.58	  0.033	1.00044							#	   2.25	  21.43	
     40	   7.38	   1.50	  0.060	1.00028							#	   1.39	  21.54	
     41	   2.81	  -8.78	  0.002	1.00064							#	   1.52	  20.02	
     42	   7.91	   1.13	  0.032	1.00063							#	   1.47	  19.99	
     43	   9.13	  -7.34	 -0.035	1.00091							#	   2.18	  20.27	
     44	  -9.80	  -4.93	 -0.080	1.00000							#	   0.91	  20.09	
     45	 -15.35	  -8.14	 -0.015	1.00131							#	  16.21	  12.19	
     46	 -15.92	  -8.83	 -0.037	1.00053							#	   6.47	  14.07	
     47	  -0.26	  -9.02	  0.033	0.99988							#	   0.99	  21.65	
     48	   2.23	  -0.08	  0.003	1.00026							#	   0.55	  22.73	
     49	  -3.80	 -12.29	 -0.015	1.00091							#	   0.91	  22.58	
     50	   2.40	 -17.83	 -0.005	0.99981							#	   1.88	  20.20	
     51	   4.61	 -11.68	  0.064	0.99888							#	   1.22	  20.27	
     52	  -1.93	   9.77	  0.035	0.99805							#	   1.18	  23.85	
     53	  -8.08	  -3.49	 -0.009	0.99706							#	   1.01	  24.53	
     54	 -13.99	   5.32	 -0.004	0.99706							#	   3.54	  22.22	
     55	  -5.97	   3.83	  0.088	0.99818							#	   1.56	  25.69	
     56	  -4.42	  15.14	  0.090	0.99993							#	   4.23	  26.05	
     57	 -21.17	 -13.19	 -0.012	0.99985							#	   4.03	  22.87	
     58	  -4.99	   6.15	  0.017	0.99550							#	   1.87	  24.89	
     59	  -2.58	   4.62	 -0.010	0.99173							#	   1.52	  23.85	
     60	   2.94	  11.16	  0.014	0.98678							#	   2.49	  21.83	
     61	   5.23	  -6.91	 -0.066	0.98448							#	   2.28	  20.09	
     62	   3.72	  -9.81	 -0.082	0.98432							#	   2.31	  18.07	
     63	  15.19	  -3.87	 -0.074	0.97946							#	   4.19	  16.23	
     64	  14.55	  10.70	  0.077	0.97736							#	   4.05	  16.92	
     65	  17.88	   2.54	 -0.049	0.98041							#	   3.34	  15.76	
     66	  23.93	 -10.40	 -0.021	0.98523							#	   5.23	  13.28	
     67	  20.59	   2.53	  0.011	0.98518							#	   2.47	  12.77	
     68	  11.48	 -14.77	  0.024	0.98186							#	   2.96	  14.43	
     69	   3.91	 -35.02	  0.040	0.97472							#	   7.65	  14.14	
     70	   7.19	 -20.29	  0.044	0.97582							#	   2.27	  13.20	
     71	  24.01	  -3.02	  0.004	0.97397							#	   3.89	  14.07	
     72	   7.37	  23.93	 -0.067	0.97533							#	  13.36	  10.86	
     73	   7.41	  -1.48	 -0.006	0.97735							#	   5.50	  13.49	
     74	  -7.75	  13.17	  0.057	0.98439							#	   2.73	  14.54	
     75	  -5.42	   5.39	 -0.061	0.99090							#	   2.01	  13.17	
     76	  -3.05	  -0.71	 -0.003	0.99170							#	   1.37	  13.49	
     77	   2.10	 -25.69	  0.064	0.98730							#	   4.01	  11.51	
     78	  12.82	  -9.45	 -0.061	0.98752							#	   2.26	  12.73	
     79	  18.78	 -11.21	 -0.023	0.98616							#	   3.71	  13.13	
     80	  22.09	 -23.67	 -0.001	0.98868							#	   5.23	  12.45	
     81	  -2.09	  -9.46	 -0.001	0.99218							#	   1.34	  15.73	
     82	 -17.41	 -25.68	 -0.078	0.99178							#	   5.01	  16.49	
     83	 -26.30	  14.25	 -0.068	0.99108							#	   3.77	  18.76	
     84	 -12.36	  16.26	 -0.079	0.98781							#	   3.09	  20.53	
     85	  -8.90	  -8.29	 -0.030	0.98886							#	   1.33	  21.83	
     86	  -1.52	  -6.43	  0.051	0.98954							#	   1.10	  21.65	
     87	  12.27	  -1.69	  0.035	0.99148							#	   1.33	  22.58	
     88	  -1.06	  25.40	  0.086	0.99026							#	   3.57	  20.89	
     89	  10.15	  17.38	  0.076	0.99103							#	   2.10	  16.49	
     90	  11.80	   9.16	  0.044	0.99223							#	   1.33	  16.20	
     91	  23.24	   8.06	  0.054	0.99417							#	   3.24	  17.71	
     92	  16.12	   1.63	  0.094	0.99557							#	   1.32	  18.15	
     93	  18.18	 -10.42	  0.036	0.99785							#	   3.06	  17.06	
     94	  21.71	 -23.62	  0.084	0.99650							#	   7.77	  15.15	
     95	   9.43	   0.70	  0.014	1.00048							#	   0.45	  15.98	
     96	  10.62	   3.91	  0.043	1.00076							#	   0.91	  14.14	
     97	 -19.88	  11.91	 -0.195	1.00218							#	   3.92	  13.49	
     98	  -7.18	  -6.98	 -0.221	1.00065							#	   1.17	  10.89	
     99	  -0.62	   8.65	 -0.390	1.00029							#	   1.19	  11.58	
    100	  10.51	 -17.48	 -0.083	0.99962							#	   3.05	  12.81	
    101	 -10.00	  -1.93	 -0.065	1.00082							#	   1.75	  13.46	
    102	   1.42	 -12.68	 -0.041	1.00151							#	   1.15	  14.54	
    103	 -10.10	   7.92	 -0.205	1.00520							#	   1.88	  15.01	
    104	   5.69	  -1.34	 -0.195	1.00390							#	   0.72	  16.20	
    105	   9.03	 -13.43	 -0.060	1.00675							#	   2.84	  11.90	
    106	  -7.56	 -43.36	 -0.290	1.00253							#	   3.72	  10.89	
    107	  -0.33	 -32.22	 -0.295	1.00238							#	   5.15	  16.38	
    108	  18.59	  -6.93	 -0.080	1.00049							#	   3.23	  13.06	
    109	  30.71	  -9.03	 -0.037	1.00016							#	   5.44	  13.49	
    110	   5.13	 -12.38	 -0.025	1.00088							#	   1.50	  14.50	
    111	 -25.90	  12.60	 -0.083	1.00205							#	   5.41	  10.17	
    112	 -35.49	   9.73	  0.275	1.00193							#	  14.78	   7.25	
    113	 -15.59	  -6.06	 -0.082	1.00157							#	   7.97	   7.18	
    114	  -7.31	 -18.72	  0.069	1.00324							#	   1.41	  11.98	
    115	   0.91	 -12.45	 -0.180	1.00045							#	   0.66	  17.93	
    116	 -12.09	   9.98	 -0.111	0.99995							#	   1.54	  16.02	
    117	  -2.54	 -23.45	 -0.092	1.00068							#	   2.21	  19.88	
    118	  -0.83	   0.37	 -0.002	1.00055							#	   0.47	  24.13	
    119	   4.63	  -1.47	  0.130	0.99959							#	   1.46	  17.78	
    120	  42.60	  19.04	  0.142	1.00034							#	  16.76	   8.01	
