      1									skipped		#	   0.63	   0.31	
      2									skipped		#	   0.36	   0.32	
      3									skipped		#	   0.57	   0.38	
      4									skipped		#	   0.27	   0.29	
      5									skipped		#	   0.90	   0.38	
      6									skipped		#	   0.53	   0.52	
      7									skipped		#	   0.65	   0.34	
      8									skipped		#	   0.50	   0.33	
      9									skipped		#	   0.25	   0.53	
     10									skipped		#	   0.24	   0.46	
     11									skipped		#	   0.57	   0.41	
     12									skipped		#	   0.26	   0.28	
     13									skipped		#	   0.29	   0.32	
     14									skipped		#	   0.96	   0.42	
     15									skipped		#	   0.61	   0.61	
     16									skipped		#	   1.21	   0.46	
     17									skipped		#	   0.49	   0.73	
     18									skipped		#	   1.00	   0.46	
     19									skipped		#	   0.85	   0.55	
     20									skipped		#	   0.61	   0.65	
     21									skipped		#	   1.26	   0.61	
     22									skipped		#	   0.96	   0.65	
     23									skipped		#	   1.81	   0.66	
     24									skipped		#	   0.70	   0.64	
     25									skipped		#	   2.05	   0.39	
     26									skipped		#	   1.31	   0.53	
     27									skipped		#	   1.82	   0.66	
     28									skipped		#	   0.64	   0.48	
     29									skipped		#	   0.88	   0.73	
     30									skipped		#	   0.65	   0.52	
     31									skipped		#	   0.29	   0.81	
     32									skipped		#	   0.17	   0.82	
     33									skipped		#	   0.36	   0.72	
     34									skipped		#	   0.42	   0.72	
     35									skipped		#	   0.34	   0.69	
     36									skipped		#	   0.89	   0.74	
     37									skipped		#	   0.81	   0.75	
     38									skipped		#	   0.55	   0.75	
     39									skipped		#	   0.35	   0.89	
     40									skipped		#	   0.45	   0.87	
     41									skipped		#	   0.34	   0.86	
     42									skipped		#	   1.05	   0.96	
     43	  -1.78	  10.05	 -0.472	1.00326							#	   0.60	   1.01	
     44	  -1.88	   0.46	  0.001	1.00013							#	   0.47	   1.14	
     45	   1.26	   2.23	  0.064	0.99978							#	   0.48	   1.26	
     46									skipped		#	   0.52	   1.00	
     47	   6.15	  10.70	  0.064	1.00015							#	   1.44	   1.02	
     48	   1.78	   3.51	  0.024	0.99877							#	   0.21	   1.12	
     49	   0.26	   4.01	 -0.149	0.99795							#	   0.26	   1.22	
     50	  11.52	  -1.70	 -0.022	0.99934							#	   0.97	   1.04	
     51	  -3.47	  10.76	 -0.098	1.00000							#	   1.30	   1.28	
     52									skipped		#	   1.95	   0.84	
     53	  -5.28	  12.06	  0.007	1.00265							#	   0.85	   1.13	
     54	   3.84	  -1.87	 -0.071	0.99715							#	   0.22	   1.26	
     55	   1.05	  -2.24	 -0.011	1.00189							#	   0.33	   1.36	
     56	   3.00	  -0.59	  0.060	0.99998							#	   0.42	   1.39	
     57	  -0.61	  12.67	 -0.155	1.00110							#	   0.95	   1.46	
     58	   0.31	   6.35	 -0.021	1.00242							#	   0.31	   1.55	
     59	  -0.02	  -0.62	  0.041	1.00176							#	   0.25	   1.54	
     60	   1.06	  -3.26	  0.059	0.99896							#	   0.31	   1.36	
     61	  -0.97	   2.62	  0.042	0.99538							#	   0.25	   1.14	
     62	   3.45	   1.19	 -0.267	1.00034							#	   0.21	   1.34	
     63	  -0.16	   4.04	  0.068	1.00071							#	   0.66	   1.14	
     64	  -1.63	 -23.73	  0.081	0.99800							#	   4.55	   1.32	
     65	   4.34	  -0.42	  0.102	1.00340							#	   0.15	   1.24	
     66	   0.91	   1.24	  0.048	0.99721							#	   0.18	   1.42	
     67	   4.80	  -0.81	  0.039	0.99550							#	   0.26	   1.09	
     68	   0.69	  -5.22	  0.365	1.00061							#	   0.27	   1.26	
     69	  10.95	   0.90	  0.132	0.99827							#	   0.55	   1.33	
     70	   0.92	  11.46	 -0.043	1.00050							#	   1.11	   1.15	
     71									skipped		#	   0.43	   0.95	
     72	  -0.33	  -2.00	  0.032	0.99935							#	   0.42	   1.22	
     73	   0.68	   7.25	  0.101	1.00163							#	   0.60	   1.18	
     74	  -0.56	  -3.15	  0.066	0.99977							#	   0.35	   1.22	
     75	   0.78	  -5.37	  0.121	0.99912							#	   0.55	   1.21	
     76	   1.41	   7.57	  0.016	0.99890							#	   1.23	   1.48	
     77	   5.89	  -3.43	  0.006	0.99660							#	   0.56	   1.11	
     78	   1.14	   3.37	  0.133	1.00358							#	   0.58	   1.24	
     79	   6.47	  -4.99	 -0.016	0.99905							#	   2.09	   1.07	
     80	   0.34	   2.59	  0.059	1.00111							#	   0.95	   1.49	
     81									skipped		#	   1.21	   0.89	
     82	  -1.16	   1.13	  0.002	0.99891							#	   0.24	   1.24	
     83	  -1.02	   0.79	 -0.028	1.00039							#	   0.19	   1.43	
     84	   5.23	  -3.92	  0.047	0.99529							#	   0.27	   1.11	
     85	   1.30	   1.09	  0.054	1.00018							#	   0.25	   1.18	
     86	  -1.58	   6.73	  0.088	1.00157							#	   0.50	   1.08	
     87	  -4.54	 -11.18	 -0.015	0.99897							#	   1.66	   1.31	
     88	   4.58	  -0.63	 -0.025	0.99598							#	   0.25	   1.35	
     89	  -6.80	   9.12	  0.062	0.99500							#	   1.06	   1.09	
     90	   3.85	   3.72	 -0.081	0.99293							#	   0.45	   1.59	
     91	  -1.96	   1.65	 -0.137	0.98622							#	   0.61	   1.45	
     92	   2.26	  -4.33	  0.160	0.99071							#	   0.53	   1.34	
     93	   0.62	  -0.55	 -0.260	0.99027							#	   0.45	   1.18	
     94	  -0.75	   4.09	  0.017	0.99173							#	   0.90	   1.58	
     95	  -1.41	  -4.70	  0.032	0.99386							#	   0.79	   1.62	
     96	  -5.90	  -3.24	  0.106	0.99139							#	   0.89	   1.11	
     97	   4.60	  -1.29	 -0.054	0.98803							#	   1.25	   1.27	
     98	   3.14	   5.36	  0.091	0.99182							#	   1.13	   1.12	
     99	   3.59	   5.63	  0.175	0.99782							#	   1.16	   1.06	
    100	  -0.83	  10.13	  0.061	1.00073							#	   1.17	   1.02	
    101	   4.98	  -9.26	  0.079	0.99220							#	   1.91	   1.06	
    102	  -7.06	   1.67	 -0.150	0.99360							#	   1.88	   1.34	
    103	  -1.53	 -10.66	  0.138	0.99757							#	   2.25	   1.45	
    104	  -8.70	   5.41	 -0.120	0.99765							#	   0.88	   2.00	
    105	  -2.10	  -4.12	  0.057	0.99589							#	   2.27	   1.18	
    106	  -3.86	  -2.62	 -0.078	0.99867							#	   0.32	   1.07	
    107	  -4.61	  -6.18	  0.178	1.00282							#	   0.59	   1.02	
    108	  -4.90	  -1.47	 -0.149	1.00112							#	   0.54	   1.15	
    109	  -3.68	 -14.40	  0.001	1.00154							#	   0.76	   1.06	
    110	   1.20	   4.06	 -0.060	0.99709							#	   0.21	   1.04	
    111	  -1.53	   1.43	  0.090	1.00003							#	   0.19	   1.22	
    112	   3.74	   3.05	  0.041	0.99519							#	   0.23	   1.27	
    113	   6.08	 -11.80	 -0.128	0.99564							#	   0.73	   1.20	
    114	   0.27	   8.57	  0.016	0.99830							#	   0.46	   1.25	
    115									skipped		#	   0.38	   0.95	
    116	   1.32	  -2.18	  0.140	0.99832							#	   0.46	   1.07	
    117									skipped		#	   0.81	   0.89	
    118	   1.30	  -3.41	 -0.092	0.99655							#	   0.34	   1.13	
    119	  -2.10	  -4.03	  0.125	0.99658							#	   0.63	   1.24	
    120	   1.35	   3.90	  0.043	0.99990							#	   0.81	   1.05	
    121	  -1.00	   1.95	 -0.004	0.99740							#	   0.75	   1.18	
    122	   0.69	  -3.97	 -0.032	0.99421							#	   0.80	   1.25	
    123	   0.96	   1.55	 -0.017	0.99755							#	   0.49	   1.29	
    124	  -0.54	   3.86	 -0.064	0.99443							#	   0.68	   1.15	
    125	   2.52	   2.80	  0.062	0.98948							#	   0.64	   1.41	
    126	   8.65	   0.53	 -0.061	0.98877							#	   2.13	   1.14	
    127	   4.51	  -7.89	  0.003	0.99263							#	   4.66	   1.53	
    128	   1.64	  -0.76	  0.031	0.99255							#	   1.60	   1.74	
    129	   0.93	   4.15	 -0.188	0.99761							#	   0.11	   2.03	
    130	   4.42	  -1.16	  0.048	0.99472							#	   0.14	   1.99	
    131	   3.10	  -9.40	 -0.061	0.99610							#	   0.41	   1.73	
    132	  -0.15	   3.49	 -0.147	0.99787							#	   0.23	   1.86	
    133	  -3.76	   3.60	  0.229	0.99823							#	   0.25	   2.11	
    134	  -0.87	   4.02	  0.216	0.99447							#	   0.60	   1.98	
    135	   9.21	   0.22	 -0.111	0.99104							#	   0.53	   2.20	
    136	  -0.34	   1.65	 -0.176	0.99972							#	   0.31	   2.08	
    137	   0.11	  16.74	  0.026	0.99841							#	   3.27	   1.87	
    138	  -3.06	  -5.70	 -0.061	0.99776							#	   0.53	   1.73	
    139	  -3.58	  15.43	  0.085	0.99895							#	   1.52	   1.79	
    140	  -2.45	  -2.24	  0.021	0.99877							#	   0.21	   2.03	
    141	   2.16	   4.91	 -0.130	0.99794							#	   0.41	   1.63	
    142	   3.58	   1.11	 -0.054	0.99815							#	   0.22	   1.94	
    143	   3.65	  -2.85	 -0.021	0.99986							#	   0.25	   2.14	
    144	  -3.50	  -4.88	 -0.103	0.99782							#	   0.45	   1.93	
    145	  -5.93	   1.48	  0.029	0.99926							#	   0.56	   1.73	
    146	  -3.49	   0.85	  0.036	0.99624							#	   0.44	   2.34	
    147	  -4.46	   4.57	 -0.124	0.99488							#	   0.98	   2.32	
    148	   3.03	  16.25	  0.089	0.99283							#	   3.20	   2.19	
    149	  -2.50	  -2.42	  0.016	0.99574							#	   0.20	   2.02	
    150	  -0.76	   0.07	 -0.055	0.99710							#	   0.27	   2.25	
    151	  -1.60	  -7.88	  0.020	0.99657							#	   0.63	   1.96	
    152	   4.95	   3.76	  0.139	0.99426							#	   0.46	   2.38	
    153	  -3.52	   1.82	  0.063	0.99276							#	   0.30	   1.96	
    154	  -7.59	   9.01	 -0.098	0.99286							#	   1.45	   2.27	
    155	  12.16	  -5.41	  0.120	0.98745							#	   0.54	   2.06	
    156	   2.55	   7.00	 -0.136	0.99488							#	   0.86	   2.49	
    157	   1.12	 -10.30	 -0.142	0.99728							#	   1.65	   2.26	
    158	  -6.98	  -1.96	 -0.228	0.99601							#	   0.53	   1.93	
    159	   0.11	  -0.15	 -0.003	0.99585							#	   0.35	   3.09	
    160	   3.36	  -9.38	 -0.073	0.99456							#	   0.90	   3.16	
    161	   4.90	   5.15	  0.041	0.99478							#	   0.67	   2.89	
    162	  -0.27	   0.22	  0.052	0.99518							#	   0.30	   3.59	
    163	   5.57	  -0.84	  0.053	0.99432							#	   0.49	   3.32	
    164	   5.85	  21.79	 -0.065	0.99461							#	   4.83	   3.29	
    165	   5.99	  12.85	 -0.069	0.99428							#	   0.81	   3.27	
    166	   7.42	  -7.42	 -0.030	0.99383							#	   0.45	   2.93	
    167	  11.40	 -19.31	  0.119	0.98952							#	   1.95	   3.40	
    168	   2.42	   3.81	 -0.019	0.99117							#	   0.27	   3.16	
    169	   8.98	   2.59	  0.126	0.99116							#	   0.58	   3.03	
    170	   1.97	  -0.62	 -0.027	0.98966							#	   0.26	   3.40	
    171	   4.33	  11.92	  0.007	0.98920							#	   1.28	   3.29	
    172	   7.22	  -4.57	 -0.003	0.98601							#	   0.35	   3.05	
    173	   8.08	  16.92	  0.036	0.98243							#	   3.36	   3.00	
    174	   8.00	 -21.91	 -0.011	0.98407							#	   1.26	   3.53	
    175	  -0.90	   4.14	 -0.017	0.98409							#	   0.62	   3.12	
    176	  -3.82	   1.98	 -0.075	0.98749							#	   0.44	   3.08	
    177	   5.45	  11.55	  0.002	0.98708							#	   1.19	   3.32	
    178	   7.52	  11.60	 -0.010	0.98885							#	   1.06	   2.38	
    179	  10.54	   3.25	 -0.016	0.98612							#	   0.73	   2.43	
    180	  11.52	  13.34	  0.011	0.98615							#	   2.32	   2.95	
    181	  13.76	  15.23	  0.148	0.97742							#	   2.24	   2.91	
    182	  18.98	  -1.54	 -0.042	0.98009							#	   0.90	   2.74	
    183	  16.03	 -21.99	  0.007	0.98151							#	   1.54	   2.60	
    184	  13.26	  -8.54	  0.042	0.98465							#	   0.73	   2.78	
    185	   8.51	   2.07	 -0.046	0.98718							#	   0.56	   3.21	
    186	  11.31	   2.14	  0.098	0.98487							#	   1.00	   3.13	
    187	  11.94	  16.70	 -0.006	0.98583							#	   3.93	   2.91	
    188	  12.46	  -3.77	 -0.069	0.98717							#	   0.47	   2.60	
    189	   8.75	   9.14	  0.062	0.98636							#	   1.18	   2.32	
    190	   8.83	   2.36	  0.063	0.99017							#	   0.55	   2.85	
    191	   2.80	  11.22	 -0.033	0.98909							#	   1.28	   2.58	
    192	  11.63	   1.27	 -0.022	0.98793							#	   0.58	   2.75	
    193	   9.06	  -8.67	  0.048	0.98797							#	   0.69	   2.96	
    194	   0.68	  15.00	 -0.027	0.98739							#	   2.91	   2.72	
    195	   9.57	   0.51	 -0.017	0.98836							#	   0.47	   2.58	
    196	   8.82	   6.77	  0.003	0.99015							#	   1.29	   2.74	
    197	   0.83	  15.87	 -0.010	0.99403							#	   2.84	   2.73	
    198	  -1.09	   8.12	 -0.041	0.99422							#	   0.60	   2.60	
    199	  -1.87	 -22.43	  0.052	0.99202							#	   2.12	   3.13	
    200	  -0.92	   3.68	  0.098	0.99307							#	   0.39	   2.89	
    201	   2.39	 -13.43	 -0.019	0.99483							#	   1.28	   3.41	
    202	   0.28	   9.29	 -0.035	0.99451							#	   1.02	   3.03	
    203	   2.87	  18.62	  0.043	0.99548							#	   2.53	   2.76	
    204	   0.94	  24.00	  0.063	0.99576							#	   3.46	   2.53	
    205	  -1.45	  -2.82	  0.027	0.99440							#	   0.16	   2.31	
    206	  -4.98	 -25.01	 -0.066	0.99287							#	   2.56	   2.67	
    207	  15.23	   2.54	  0.158	0.98982							#	   0.62	   2.40	
    208	   8.17	 -25.61	 -0.085	0.98650							#	   1.83	   2.00	
    209	  13.49	  -4.65	 -0.067	0.98413							#	   0.67	   2.40	
    210	   9.68	   2.97	 -0.133	0.98139							#	   1.23	   2.42	
    211	  13.06	  -0.71	 -0.027	0.98122							#	   0.92	   2.76	
    212	  16.23	  -1.28	 -0.066	0.98031							#	   1.10	   2.69	
    213	  17.42	   7.72	  0.023	0.98410							#	   1.80	   2.73	
    214	   2.39	   6.03	 -0.008	0.99487							#	   0.54	   3.02	
    215	   2.19	   2.28	 -0.024	0.99787							#	   0.45	   2.94	
    216	  -0.35	  28.57	 -0.035	0.99979							#	   5.94	   2.61	
    217	   6.39	 -15.77	 -0.006	0.99985							#	   1.10	   2.80	
    218	  10.29	   5.68	  0.049	0.99955							#	   0.55	   2.53	
    219	   8.87	 -10.76	  0.032	0.99958							#	   0.96	   2.40	
    220	  11.04	 -14.45	  0.066	1.00013							#	   1.47	   2.68	
    221	   8.71	  -4.44	  0.047	0.99917							#	   0.42	   2.96	
    222	  15.10	  10.88	  0.082	1.00091							#	   1.76	   2.78	
    223	  11.57	  -6.67	  0.030	0.99997							#	   0.99	   3.59	
    224	   9.66	   8.45	  0.042	0.99980							#	   1.22	   3.28	
    225	   2.82	  -1.95	 -0.009	0.99985							#	   0.34	   3.60	
    226	   5.91	  11.81	  0.019	1.00036							#	   1.61	   3.13	
    227	  13.87	 -11.28	  0.074	0.99785							#	   1.81	   2.38	
    228	 -14.19	   9.29	  0.046	1.00176							#	   1.39	   2.56	
    229	 -23.20	  36.53	  0.011	0.99835							#	   6.40	   2.26	
    230	 -10.08	 -17.47	 -0.052	0.99903							#	   1.47	   2.22	
    231	   3.77	   0.09	 -0.017	1.00081							#	   0.35	   2.69	
    232	  13.56	 -13.97	  0.018	1.00059							#	   1.50	   2.75	
    233	  -1.42	  15.41	  0.084	1.00011							#	   1.44	   3.35	
    234	  -8.19	  13.95	  0.084	1.00021							#	   1.18	   2.60	
    235	   2.23	   4.46	  0.048	1.00000							#	   0.38	   2.95	
    236	  -0.43	 -19.40	 -0.051	0.99897							#	   2.95	   3.18	
    237	  -3.09	   7.05	  0.060	1.00053							#	   0.52	   3.51	
    238	 -12.84	  28.10	  0.020	0.99999							#	   4.52	   2.55	
    239	 -22.41	   1.87	  0.080	0.99902							#	   0.70	   2.33	
    240	  -5.88	  12.00	  0.043	1.00036							#	   0.75	   2.38	
    241	  -1.00	 -27.88	  0.064	1.00042							#	   3.04	   2.76	
    242	   1.57	  12.08	  0.014	0.99999							#	   0.61	   2.75	
    243	  -2.92	  -0.85	 -0.036	1.00007							#	   0.27	   3.60	
    244	  21.89	   6.47	  0.009	0.99817							#	   1.60	   2.66	
    245	  29.08	  -8.23	  0.072	0.99864							#	   2.21	   2.66	
    246	 -10.66	  20.74	  0.055	1.00190							#	   2.14	   2.63	
    247	 -37.95	  -3.34	 -0.001	1.00083							#	   2.07	   1.49	
    248	 -25.22	   7.24	  0.099	0.99939							#	   2.01	   2.06	
    249	   2.55	   7.39	 -0.058	1.00076							#	   1.16	   3.21	
    250	  15.32	   8.67	 -0.009	1.00014							#	   2.03	   3.08	
    251	  -7.55	  10.23	 -0.074	0.99879							#	   1.20	   3.14	
    252	 -24.17	   6.71	 -0.034	0.99893							#	   2.05	   2.21	
    253	 -11.94	 -10.89	  0.037	1.00158							#	   1.91	   2.99	
    254	  -3.01	  -0.95	 -0.005	0.99924							#	   1.06	   3.09	
    255	  -8.13	   1.43	 -0.043	1.00327							#	   0.82	   3.08	
    256	 -12.10	  -5.44	 -0.008	0.99888							#	   1.01	   3.00	
    257	  -8.67	   4.98	  0.039	1.00187							#	   0.67	   2.41	
    258	  14.43	  -3.01	  0.070	0.99968							#	   1.48	   2.03	
    259	   9.28	   5.77	 -0.021	1.00168							#	   1.13	   2.48	
    260	  13.85	  14.43	  0.093	1.00019							#	   5.33	   2.36	
    261	 -22.50	 -11.40	  0.003	1.00006							#	   2.07	   2.32	
    262	 -14.37	   3.55	 -0.038	0.99873							#	   0.68	   1.94	
    263	   4.33	  -7.89	 -0.030	0.99904							#	   0.69	   2.39	
    264	  -1.74	   3.39	 -0.063	0.99962							#	   0.37	   2.61	
    265	 -16.40	   6.52	 -0.055	1.00100							#	   0.78	   2.22	
    266	 -13.91	  -5.85	 -0.023	0.99918							#	   1.27	   1.87	
    267	 -11.43	   8.13	 -0.096	1.00025							#	   1.94	   1.71	
    268	 -11.62	  -5.88	 -0.030	1.00016							#	   0.86	   2.00	
    269	  -7.25	 -15.34	  0.031	0.99971							#	   2.33	   1.95	
    270	   3.92	  -3.03	  0.098	0.99832							#	   0.41	   2.20	
    271	   3.65	  -7.59	  0.088	0.99957							#	   0.78	   2.32	
    272	  -9.67	 -11.67	  0.015	1.00134							#	   1.54	   2.52	
    273	  -0.13	  -5.30	 -0.039	1.00039							#	   0.54	   2.49	
    274	   3.86	   5.98	  0.013	0.99961							#	   0.75	   2.27	
    275	  18.81	  -7.10	 -0.037	0.99962							#	   2.41	   2.12	
    276	  18.51	  15.80	  0.165	0.99973							#	   2.27	   1.66	
    277	   5.10	 -14.73	  0.093	0.99750							#	   1.62	   1.99	
    278	   2.84	  10.89	  0.030	0.99929							#	   0.73	   1.28	
    279	   3.03	 -12.31	  0.068	0.99881							#	   0.82	   1.73	
    280	  -6.88	   3.07	  0.029	0.99944							#	   0.54	   1.16	
    281									skipped		#	   1.08	   0.95	
    282	 -26.75	   5.58	 -0.023	1.00016							#	   1.68	   1.05	
    283	   2.66	   6.84	  0.016	0.99792							#	   0.83	   1.06	
    284									skipped		#	   2.81	   0.93	
    285									skipped		#	   1.01	   0.85	
    286									skipped		#	   1.09	   0.72	
    287									skipped		#	   0.41	   0.85	
    288									skipped		#	   1.15	   0.87	
    289									skipped		#	   0.43	   0.93	
    290	  -4.47	  -5.23	 -0.014	1.00199							#	   1.22	   1.15	
    291	 -11.04	   7.00	  0.068	0.99916							#	   1.15	   1.27	
    292	   0.01	   8.83	 -0.076	1.00195							#	   0.85	   1.26	
    293	 -14.32	  -5.60	  0.008	0.99852							#	   0.89	   1.27	
    294	 -20.68	  -5.85	  0.071	1.00109							#	   2.17	   1.32	
    295	 -25.54	  -1.43	  0.062	1.00151							#	   1.65	   1.13	
    296	 -35.92	   0.95	 -0.006	0.99703							#	   3.16	   1.01	
    297	 -28.77	  -1.80	 -0.071	0.99909							#	   1.72	   1.15	
    298									skipped		#	   1.80	   0.94	
    299									skipped		#	   3.10	   0.91	
    300									skipped		#	   1.89	   0.93	
    301	 -27.41	  -2.56	 -0.150	1.00190							#	   1.74	   1.12	
    302	 -23.29	  -4.61	 -0.105	0.99896							#	   1.09	   1.27	
    303	   3.13	  16.13	 -0.063	1.00048							#	   1.22	   1.51	
    304	 -22.15	 -26.94	  0.081	1.00134							#	   3.43	   1.39	
    305	 -26.50	  -2.51	 -0.031	1.00235							#	   0.90	   1.19	
    306	 -38.98	   5.54	  0.117	0.99991							#	   2.07	   1.21	
    307	 -41.26	  17.74	 -0.043	1.00186							#	   2.36	   1.27	
    308									skipped		#	   3.74	   0.96	
    309	 -18.24	  -8.52	 -0.132	1.00055							#	   0.81	   1.25	
    310									skipped		#	   0.91	   0.99	
    311									skipped		#	   1.27	   0.84	
    312									skipped		#	   2.02	   0.74	
    313									skipped		#	   1.50	   0.71	
    314									skipped		#	   2.43	   0.86	
    315									skipped		#	   1.84	   0.84	
    316									skipped		#	   1.72	   0.85	
    317									skipped		#	   1.83	   1.00	
    318	 -12.05	 -15.64	 -0.017	1.00066							#	   1.23	   1.27	
    319									skipped		#	   2.08	   0.96	
    320									skipped		#	   1.08	   0.84	
    321	  -5.65	  -2.12	  0.015	1.00330							#	   0.38	   1.14	
    322	   1.40	  14.43	 -0.010	1.00063							#	   1.27	   1.28	
    323	   3.34	  -2.88	  0.058	0.99872							#	   0.57	   1.24	
    324	  -0.07	  27.07	  0.096	0.99956							#	   3.22	   1.58	
    325	   2.25	 -27.09	  0.015	1.00017							#	   2.24	   1.31	
    326	   0.45	  10.90	  0.103	0.99949							#	   0.76	   1.35	
    327	   8.88	 -17.46	  0.147	1.00157							#	   2.19	   1.27	
    328	  -9.02	  24.49	  0.050	1.00030							#	   2.38	   1.01	
    329	  -7.70	 -25.99	  0.089	1.00076							#	   3.03	   1.31	
    330	 -13.15	 -14.69	  0.095	1.00006							#	   0.93	   1.29	
    331	 -13.87	  -3.10	 -0.036	0.99839							#	   0.40	   1.07	
    332	 -12.68	  -3.90	  0.086	0.99727							#	   0.31	   1.13	
    333	 -10.01	 -14.69	  0.006	0.99293							#	   0.86	   1.28	
    334	   1.41	 -10.14	  0.012	0.98363							#	   0.55	   1.31	
    335	   6.78	 -18.55	 -0.023	0.98437							#	   2.53	   1.65	
    336	 -10.28	 -12.77	 -0.034	0.98570							#	   0.83	   1.46	
    337	 -13.02	 -16.91	 -0.081	0.98310							#	   1.59	   1.31	
    338	  -7.58	  -5.99	 -0.027	0.98014							#	   0.68	   1.33	
    339	 -15.05	 -17.63	  0.014	0.97645							#	   1.69	   1.35	
    340	   1.31	   8.91	 -0.139	0.97459							#	   1.95	   1.15	
    341	  -2.28	 -30.29	  0.004	0.97333							#	   3.87	   1.26	
    342	  -8.71	  -6.01	 -0.069	0.97275							#	   0.56	   1.27	
    343	 -12.47	 -28.22	  0.042	0.97158							#	   2.43	   1.29	
    344	 -11.75	  -4.39	 -0.054	0.97575							#	   0.68	   1.56	
    345	  -8.10	 -16.65	 -0.001	0.97689							#	   1.01	   1.16	
    346									skipped		#	   1.61	   0.85	
    347									skipped		#	   1.68	   0.80	
    348									skipped		#	   0.88	   0.64	
    349									skipped		#	   1.68	   0.61	
    350									skipped		#	   3.04	   0.61	
    351									skipped		#	   0.97	   0.99	
    352									skipped		#	   2.71	   0.53	
    353									skipped		#	   1.71	   0.68	
    354									skipped		#	   1.34	   0.51	
    355									skipped		#	   3.19	   0.74	
    356									skipped		#	   1.72	   0.55	
    357									skipped		#	   5.00	   0.54	
    358									skipped		#	   1.19	   0.67	
    359	 -24.11	  -5.75	 -0.167	1.00009							#	   0.69	   1.02	
    360	 -28.70	  -1.94	 -0.030	0.99636							#	   0.68	   1.07	
    361									skipped		#	   0.55	   0.91	
    362									skipped		#	   0.66	   0.98	
    363									skipped		#	   6.77	   0.60	
    364									skipped		#	   1.27	   0.41	
    365									skipped		#	   7.62	   0.65	
    366									skipped		#	  10.69	   0.32	
    367									skipped		#	   4.85	   0.19	
    368									skipped		#	   4.65	   0.20	
    369									skipped		#	   4.31	   0.29	
    370									skipped		#	   2.70	   0.42	
    371									skipped		#	   2.30	   0.44	
    372									skipped		#	   2.45	   0.56	
    373									skipped		#	   2.72	   0.38	
    374									skipped		#	   2.81	   0.40	
    375									skipped		#	   6.03	   0.26	
    376									skipped		#	   3.94	   0.32	
    377									skipped		#	   3.57	   0.46	
    378									skipped		#	   0.87	   0.45	
    379									skipped		#	   1.49	   0.40	
    380									skipped		#	   4.66	   0.33	
    381									skipped		#	   4.43	   0.27	
    382									skipped		#	   6.59	   0.28	
    383									skipped		#	   8.68	   0.44	
    384									skipped		#	   6.60	   0.22	
    385									skipped		#	   7.36	   0.39	
    386									skipped		#	   5.54	   0.26	
    387									skipped		#	   3.22	   0.55	
    388									skipped		#	   1.33	   0.74	
    389									skipped		#	   0.73	   0.69	
    390									skipped		#	   1.05	   0.60	
    391									skipped		#	   1.42	   0.54	
    392									skipped		#	   3.29	   0.34	
    393									skipped		#	   3.78	   0.25	
    394									skipped		#	   3.13	   0.26	
    395									skipped		#	   3.26	   0.33	
    396									skipped		#	   2.82	   0.44	
    397									skipped		#	   0.91	   0.44	
    398									skipped		#	   0.98	   0.25	
    399									skipped		#	   0.79	   0.42	
    400									skipped		#	   0.87	   0.31	
    401									skipped		#	   1.01	   0.29	
    402									skipped		#	   1.47	   0.15	
    403									skipped		#	   1.84	   0.40	
    404									skipped		#	   1.01	   0.19	
    405									skipped		#	   1.09	   0.31	
    406									skipped		#	   2.39	   0.21	
    407									skipped		#	   2.17	   0.26	
    408									skipped		#	   2.61	   0.38	
    409									skipped		#	   0.62	   0.32	
    410									skipped		#	   0.57	   0.22	
    411									skipped		#	   0.53	   0.36	
    412									skipped		#	   0.41	   0.39	
    413									skipped		#	   0.30	   0.29	
    414									skipped		#	   0.84	   0.38	
    415									skipped		#	   0.87	   0.40	
    416									skipped		#	   0.60	   0.42	
    417									skipped		#	   0.44	   0.42	
    418									skipped		#	   1.45	   0.32	
    419									skipped		#	   0.63	   0.34	
    420									skipped		#	   1.26	   0.46	
    421									skipped		#	   0.73	   0.51	
    422									skipped		#	   0.59	   0.51	
    423									skipped		#	   1.05	   0.32	
    424									skipped		#	   1.25	   0.39	
    425									skipped		#	   1.16	   0.29	
    426									skipped		#	   0.86	   0.28	
    427									skipped		#	   0.80	   0.40	
    428									skipped		#	   1.17	   0.28	
    429									skipped		#	   1.10	   0.31	
    430									skipped		#	   0.87	   0.42	
    431									skipped		#	   0.71	   0.19	
    432									skipped		#	   0.90	   0.12	
    433									skipped		#	   0.44	   0.19	
    434									skipped		#	   0.44	   0.28	
    435									skipped		#	   0.96	   0.15	
    436									skipped		#	   0.64	   0.21	
    437									skipped		#	   0.60	   0.14	
    438									skipped		#	   1.64	   0.13	
    439									skipped		#	   0.38	   0.15	
    440									skipped		#	   1.28	   0.18	
    441									skipped		#	   0.47	   0.19	
    442									skipped		#	   1.72	   0.19	
    443									skipped		#	   1.40	   0.14	
    444									skipped		#	   0.48	   0.12	
    445									skipped		#	   0.49	   0.21	
    446									skipped		#	   0.97	   0.25	
    447									skipped		#	   2.52	   0.16	
    448									skipped		#	   1.24	   0.07	
    449									skipped		#	   0.38	   0.20	
    450									skipped		#	   0.46	   0.14	
    451									skipped		#	   0.37	   0.14	
    452									skipped		#	   0.50	   0.15	
    453									skipped		#	   0.46	   0.19	
    454									skipped		#	   0.73	   0.21	
    455									skipped		#	   1.02	   0.11	
    456									skipped		#	   0.69	   0.12	
    457									skipped		#	   0.98	   0.11	
    458									skipped		#	   1.00	   0.14	
    459									skipped		#	   0.64	   0.11	
    460									skipped		#	   0.52	   0.14	
    461									skipped		#	   0.85	   0.14	
    462									skipped		#	   1.34	   0.11	
    463									skipped		#	   0.98	   0.16	
    464									skipped		#	   2.18	   0.12	
    465									skipped		#	   0.95	   0.16	
    466									skipped		#	   0.87	   0.12	
    467									skipped		#	   1.43	   0.19	
    468									skipped		#	   0.68	   0.12	
    469									skipped		#	   1.75	   0.15	
    470									skipped		#	   1.43	   0.13	
    471									skipped		#	   1.83	   0.19	
    472									skipped		#	  12.57	   0.13	
    473									skipped		#	   3.72	   0.31	
    474									skipped		#	   3.43	   0.46	
    475									skipped		#	   3.49	   0.42	
    476									skipped		#	   4.15	   0.38	
    477									skipped		#	   3.22	   0.67	
    478									skipped		#	   1.27	   0.56	
    479									skipped		#	   0.79	   0.38	
    480									skipped		#	   0.92	   0.32	
    481									skipped		#	   2.43	   0.13	
    482									skipped		#	   5.25	   0.05	
    483									skipped		#	   0.71	   0.14	
    484									skipped		#	   0.83	   0.15	
    485									skipped		#	   1.54	   0.15	
    486									skipped		#	   1.50	   0.21	
    487									skipped		#	   1.96	   0.16	
    488									skipped		#	   7.55	   0.19	
    489									skipped		#	   5.55	   0.13	
    490									skipped		#	   5.09	   0.13	
    491									skipped		#	   5.86	   0.26	
    492									skipped		#	   5.92	   0.18	
    493									skipped		#	   1.94	   0.31	
    494									skipped		#	   1.06	   0.22	
    495									skipped		#	   1.33	   0.26	
    496									skipped		#	   1.71	   0.29	
    497									skipped		#	   2.26	   0.07	
    498									skipped		#	   4.61	   0.04	
    499									skipped		#	   1.23	   0.32	
    500									skipped		#	   2.82	   0.22	
    501									skipped		#	   4.59	   0.14	
    502									skipped		#	   2.84	   0.20	
    503									skipped		#	   1.74	   0.34	
    504									skipped		#	   0.67	   0.41	
    505									skipped		#	   0.30	   0.38	
    506									skipped		#	   0.19	   0.24	
    507									skipped		#	   0.32	   0.33	
    508									skipped		#	   0.24	   0.20	
    509									skipped		#	   1.25	   0.34	
    510									skipped		#	   0.77	   0.28	
    511									skipped		#	   1.07	   0.32	
    512									skipped		#	   3.40	   0.11	
    513									skipped		#	   1.86	   0.26	
    514									skipped		#	   1.28	   0.33	
    515									skipped		#	   0.53	   0.25	
    516									skipped		#	   0.66	   0.31	
    517									skipped		#	   0.29	   0.22	
    518									skipped		#	   0.46	   0.29	
    519									skipped		#	   1.37	   0.21	

      1	  23.01	   9.91	 -1.132	0.97715							#	   0.63	   0.79	
      2	  -4.44	   3.35	 -0.237	1.00154							#	   0.36	   0.98	
      3	  10.67	   9.44	 -0.014	0.99697							#	   0.57	   0.92	
      4	  -1.95	   7.83	 -0.175	1.00025							#	   0.27	   0.81	
      5	 -10.86	 -10.23	 -0.396	0.99973							#	   0.90	   0.84	
      6	   0.82	 -14.25	  0.286	0.99812							#	   0.53	   1.14	
      7	   6.54	  10.04	 -0.285	0.99748							#	   0.65	   0.92	
      8	  12.16	  -4.32	  0.018	0.99312							#	   0.50	   0.73	
      9	  -1.34	   1.84	 -0.029	0.99961							#	   0.25	   1.13	
     10	   2.54	  -5.10	  0.036	0.99580							#	   0.24	   1.09	
     11	   0.02	   9.82	  0.185	0.99584							#	   0.57	   0.76	
     12	   5.53	   1.13	 -0.283	0.99219							#	   0.26	   0.69	
     13	   1.74	  -1.11	  0.154	1.00134							#	   0.29	   0.88	
     14	   9.54	   5.81	  0.213	0.99972							#	   0.96	   0.89	
     15	   9.75	   1.61	  0.166	1.00334							#	   0.61	   1.22	
     16	  12.84	  -2.89	  0.257	1.00390							#	   1.21	   1.15	
     17	  10.67	  -3.68	 -0.188	0.99385							#	   0.49	   1.59	
     18	  14.77	   9.93	 -0.466	1.00599							#	   1.00	   1.08	
     19	  19.32	   4.43	 -0.050	0.99881							#	   0.85	   1.25	
     20	  14.23	  -0.39	 -0.160	0.99857							#	   0.61	   1.68	
     21	  17.67	   6.89	 -0.192	1.00763							#	   1.26	   1.36	
     22	  16.31	   3.39	 -0.501	1.00062							#	   0.96	   1.61	
     23	  24.42	   8.10	  0.127	0.99829							#	   1.81	   1.52	
     24	  18.60	   5.50	  0.034	0.99919							#	   0.70	   1.39	
     25	  26.94	  18.61	 -0.288	1.00339							#	   2.05	   0.80	
     26	  35.93	  -9.63	 -0.155	1.00058							#	   1.31	   1.08	
     27	  27.84	  14.45	  0.140	1.01017							#	   1.82	   1.28	
     28	  44.55	  -2.48	  0.237	1.00500							#	   0.64	   1.28	
     29	  20.19	  -0.88	 -0.046	1.00301							#	   0.88	   1.56	
     30	   9.21	 -12.20	  0.020	0.99835							#	   0.65	   1.41	
     31	   9.68	   4.50	 -0.261	0.99753							#	   0.29	   1.88	
     32	   3.26	  -0.61	 -0.040	0.99824							#	   0.17	   1.67	
     33	   6.49	  -0.91	 -0.045	1.00822							#	   0.36	   1.72	
     34	   4.85	   8.06	 -0.146	1.00120							#	   0.42	   1.69	
     35	   4.34	  -1.69	 -0.185	1.00169							#	   0.34	   1.66	
     36	  10.78	  -6.85	 -0.047	0.99592							#	   0.89	   1.72	
     37	  10.21	  -6.09	  0.019	0.99840							#	   0.81	   1.78	
     38	   2.73	  -0.13	 -0.026	0.99952							#	   0.55	   1.53	
     39	  -2.61	   2.13	 -0.024	1.00219							#	   0.35	   2.01	
     40	   4.80	   2.74	 -0.002	1.00375							#	   0.45	   1.94	
     41	   2.64	   0.27	  0.009	1.00270							#	   0.34	   1.92	
     42	   6.70	  -6.64	  0.015	0.99981							#	   1.05	   2.27	
     43	  -1.02	   6.78	 -0.129	1.00227							#	   0.60	   2.46	
     44	  -3.32	  -0.45	  0.082	1.00307							#	   0.47	   2.28	
     45	   2.12	   2.47	  0.026	0.99726							#	   0.48	   2.48	
     46	   4.35	   3.72	 -0.017	1.00322							#	   0.52	   2.21	
     47	   5.00	  11.92	  0.035	1.00267							#	   1.44	   2.35	
     48	   1.40	   3.12	  0.038	0.99839							#	   0.21	   2.59	
     49	  -0.47	   3.77	 -0.013	0.99945							#	   0.26	   2.54	
     50	  10.53	  -1.73	  0.128	0.99870							#	   0.97	   2.56	
     51	  -4.72	  10.84	 -0.117	1.00183							#	   1.30	   2.74	
     52	   3.02	 -16.32	  0.031	1.00450							#	   1.95	   1.94	
     53	  -5.28	  10.64	  0.056	1.00164							#	   0.85	   2.46	
     54	   1.42	  -2.14	  0.035	1.00137							#	   0.22	   2.65	
     55	   1.25	  -2.50	  0.020	1.00162							#	   0.33	   3.03	
     56	   2.94	  -0.22	  0.085	1.00014							#	   0.42	   2.89	
     57	  -1.09	  12.20	 -0.107	1.00159							#	   0.95	   3.00	
     58	   0.45	   5.71	 -0.010	1.00198							#	   0.31	   2.81	
     59	   2.50	  -0.36	 -0.067	0.99916							#	   0.25	   3.31	
     60	   1.71	  -2.33	 -0.082	0.99901							#	   0.31	   2.73	
     61	  -2.00	   2.21	  0.077	0.99800							#	   0.25	   2.72	
     62	   1.66	   0.47	 -0.061	0.99955							#	   0.21	   2.87	
     63	  -0.88	   5.07	 -0.009	1.00179							#	   0.66	   2.52	
     64	  -1.62	 -22.77	 -0.012	0.99852							#	   4.55	   2.65	
     65	   4.86	  -0.02	  0.050	1.00301							#	   0.15	   2.61	
     66	   0.06	   1.67	  0.011	0.99939							#	   0.18	   2.82	
     67	   2.79	  -1.07	  0.092	0.99923							#	   0.26	   2.68	
     68	   3.16	  -3.07	  0.052	0.99862							#	   0.27	   2.73	
     69	  10.83	   1.62	  0.072	0.99940							#	   0.55	   2.58	
     70	   0.21	  11.44	 -0.034	1.00135							#	   1.11	   2.48	
     71	  -1.00	   3.20	  0.088	0.99915							#	   0.43	   1.94	
     72	  -0.81	  -2.17	  0.052	0.99924							#	   0.42	   2.41	
     73	   0.84	   5.27	  0.173	0.99954							#	   0.60	   2.42	
     74	  -0.80	  -2.18	 -0.010	1.00108							#	   0.35	   2.40	
     75	   0.14	  -5.46	  0.126	1.00093							#	   0.55	   2.34	
     76	   0.88	   7.69	 -0.022	1.00087							#	   1.23	   2.73	
     77	   5.16	  -3.38	  0.008	0.99846							#	   0.56	   2.48	
     78	   1.09	   2.32	  0.181	1.00220							#	   0.58	   2.65	
     79	   5.81	  -4.23	 -0.032	0.99910							#	   2.09	   2.52	
     80	   0.53	   2.78	  0.057	1.00064							#	   0.95	   3.06	
     81	  -0.01	 -11.81	  0.120	0.99943							#	   1.21	   2.23	
     82	  -1.87	   1.73	 -0.072	1.00061							#	   0.24	   2.60	
     83	  -0.83	  -0.10	 -0.047	0.99980							#	   0.19	   2.68	
     84	   4.62	  -2.29	 -0.033	0.99840							#	   0.27	   2.26	
     85	   1.03	   1.87	  0.035	1.00161							#	   0.25	   2.54	
     86	  -2.21	   7.06	  0.071	1.00095							#	   0.50	   2.53	
     87	  -4.26	 -11.08	  0.043	1.00098							#	   1.66	   2.68	
     88	   5.11	  -1.30	  0.074	0.99366							#	   0.25	   3.01	
     89	  -7.48	   9.36	  0.026	0.99695							#	   1.06	   2.63	
     90	   3.26	   4.05	 -0.099	0.99477							#	   0.45	   3.33	
     91	  -2.11	   2.36	 -0.082	0.98705							#	   0.61	   3.39	
     92	   3.14	  -4.00	  0.116	0.98983							#	   0.53	   3.01	
     93	  -0.50	  -0.59	 -0.074	0.99065							#	   0.45	   2.53	
     94	  -0.94	   4.49	 -0.020	0.99402							#	   0.90	   3.20	
     95	  -1.43	  -4.99	  0.082	0.99485							#	   0.79	   3.22	
     96	  -5.63	  -3.32	  0.091	0.99179							#	   0.89	   2.34	
     97	   4.87	  -2.93	  0.083	0.98780							#	   1.25	   2.68	
     98	   4.05	   6.26	  0.024	0.99194							#	   1.13	   2.25	
     99	   4.80	   6.01	 -0.044	0.99509							#	   1.16	   2.31	
    100	   0.19	  10.18	 -0.044	1.00032							#	   1.17	   2.05	
    101	   4.80	  -8.42	  0.068	0.99303							#	   1.91	   2.14	
    102	  -7.30	   1.96	 -0.133	0.99449							#	   1.88	   3.35	
    103	  -0.99	  -9.09	 -0.120	0.99643							#	   2.25	   3.56	
    104	  -8.30	   5.63	 -0.227	0.99633							#	   0.88	   4.18	
    105	  -1.55	  -3.04	 -0.018	0.99702							#	   2.27	   3.07	
    106	  -4.17	  -2.05	 -0.072	0.99887							#	   0.32	   2.33	
    107	  -2.43	  -5.70	  0.110	1.00161							#	   0.59	   2.20	
    108	  -4.24	  -0.22	 -0.182	1.00134							#	   0.54	   2.36	
    109	  -3.02	 -13.71	  0.001	1.00023							#	   0.76	   2.02	
    110	   2.37	   5.23	 -0.063	0.99850							#	   0.21	   2.11	
    111	  -1.11	   0.50	  0.009	0.99849							#	   0.19	   2.39	
    112	   3.86	   3.31	 -0.148	0.99462							#	   0.23	   2.67	
    113	   5.17	 -12.05	 -0.071	0.99570							#	   0.73	   2.42	
    114	   0.89	   9.72	 -0.122	0.99853							#	   0.46	   2.46	
    115	   1.78	   4.65	 -0.020	0.99936							#	   0.38	   1.81	
    116	   1.88	  -1.23	  0.046	0.99812							#	   0.46	   2.16	
    117	  -1.28	  -7.55	  0.072	1.00061							#	   0.81	   1.79	
    118	   0.71	  -2.80	 -0.035	0.99791							#	   0.34	   2.28	
    119	  -2.00	  -4.33	  0.152	0.99810							#	   0.63	   2.34	
    120	   1.28	   2.99	  0.124	0.99787							#	   0.81	   2.09	
    121	  -0.94	   1.85	  0.054	0.99775							#	   0.75	   2.23	
    122	   0.61	  -3.49	  0.032	0.99217							#	   0.80	   2.40	
    123	   0.90	   1.20	 -0.030	0.99588							#	   0.49	   2.62	
    124	  -1.53	   4.29	 -0.126	0.99520							#	   0.68	   2.63	
    125	   2.32	   3.03	  0.085	0.99066							#	   0.64	   2.76	
    126	   7.92	   0.28	  0.080	0.98708							#	   2.13	   2.62	
    127	   4.49	  -8.00	  0.001	0.99121							#	   4.66	   3.07	
    128	   2.11	  -0.41	 -0.021	0.99219							#	   1.60	   3.18	
    129	   0.30	   3.07	 -0.044	0.99735							#	   0.11	   3.83	
    130	   5.10	  -0.40	  0.001	0.99251							#	   0.14	   3.95	
    131	   3.05	  -9.50	  0.028	0.99642							#	   0.41	   3.96	
    132	  -1.45	   3.21	 -0.072	0.99804							#	   0.23	   3.95	
    133	  -3.05	   4.29	  0.109	0.99809							#	   0.25	   4.03	
    134	  -0.17	   4.22	  0.144	0.99373							#	   0.60	   3.98	
    135	   8.07	   0.48	 -0.032	0.99322							#	   0.53	   4.27	
    136	   0.14	   1.18	 -0.128	0.99838							#	   0.31	   4.30	
    137	  -0.16	  17.14	 -0.016	0.99874							#	   3.27	   3.54	
    138	  -2.95	  -5.36	 -0.051	0.99935							#	   0.53	   3.60	
    139	  -2.36	  15.61	  0.010	0.99897							#	   1.52	   3.62	
    140	  -2.93	  -1.72	  0.058	1.00005							#	   0.21	   4.01	
    141	   1.64	   5.15	 -0.155	0.99833							#	   0.41	   3.63	
    142	   3.46	   1.37	 -0.042	0.99746							#	   0.22	   4.05	
    143	   3.32	  -3.32	  0.014	0.99921							#	   0.25	   4.09	
    144	  -3.68	  -5.57	 -0.025	0.99761							#	   0.45	   3.88	
    145	  -6.17	   1.22	  0.046	0.99822							#	   0.56	   3.63	
    146	  -3.28	   1.12	  0.067	0.99697							#	   0.44	   4.53	
    147	  -4.74	   3.49	 -0.071	0.99470							#	   0.98	   4.22	
    148	   3.30	  16.41	  0.043	0.99377							#	   3.20	   4.35	
    149	  -2.30	  -2.03	  0.007	0.99609							#	   0.20	   3.95	
    150	  -1.55	  -0.24	  0.007	0.99709							#	   0.27	   4.34	
    151	  -1.13	  -8.61	  0.018	0.99549							#	   0.63	   4.22	
    152	   4.76	   3.56	  0.132	0.99410							#	   0.46	   4.28	
    153	  -3.76	   1.76	  0.058	0.99420							#	   0.30	   4.26	
    154	  -7.88	   8.41	 -0.063	0.99211							#	   1.45	   4.43	
    155	  11.43	  -3.61	  0.068	0.99031							#	   0.54	   4.25	
    156	   2.21	   7.18	 -0.135	0.99459							#	   0.86	   4.53	
    157	   0.77	 -11.17	 -0.056	0.99723							#	   1.65	   4.67	
    158	  -6.65	  -2.50	 -0.192	0.99569							#	   0.53	   4.01	
    159	  -0.04	   0.55	 -0.011	0.99646							#	   0.35	   5.55	
    160	   3.68	  -8.83	 -0.072	0.99457							#	   0.90	   5.75	
    161	   5.48	   5.13	 -0.005	0.99446							#	   0.67	   5.41	
    162	   0.09	   0.30	  0.045	0.99537							#	   0.30	   6.57	
    163	   5.25	  -0.14	  0.046	0.99589							#	   0.49	   6.63	
    164	   5.17	  21.50	 -0.037	0.99537							#	   4.83	   6.09	
    165	   4.53	  12.79	  0.001	0.99475							#	   0.81	   6.57	
    166	   6.91	  -7.27	  0.015	0.99354							#	   0.45	   6.16	
    167	  11.63	 -19.05	  0.118	0.98924							#	   1.95	   6.49	
    168	   2.52	   2.75	  0.009	0.99081							#	   0.27	   6.13	
    169	   9.46	   2.53	  0.077	0.99064							#	   0.58	   5.89	
    170	   2.18	  -0.09	 -0.089	0.99056							#	   0.26	   6.42	
    171	   3.87	  13.02	  0.000	0.99143							#	   1.28	   5.99	
    172	   7.05	  -3.03	 -0.025	0.98808							#	   0.35	   5.93	
    173	   7.93	  18.30	  0.006	0.98490							#	   3.36	   5.87	
    174	   7.59	 -21.38	 -0.006	0.98499							#	   1.26	   6.33	
    175	  -1.01	   4.68	  0.014	0.98566							#	   0.62	   5.88	
    176	  -3.78	   1.87	 -0.036	0.98740							#	   0.44	   5.94	
    177	   5.46	  11.80	 -0.001	0.98730							#	   1.19	   6.59	
    178	   7.76	  10.74	 -0.064	0.98832							#	   1.06	   5.43	
    179	   9.89	   4.16	 -0.018	0.98753							#	   0.73	   5.68	
    180	  11.24	  13.05	  0.053	0.98596							#	   2.32	   5.75	
    181	  13.83	  15.88	  0.082	0.97779							#	   2.24	   5.36	
    182	  18.84	  -1.53	 -0.005	0.97947							#	   0.90	   5.62	
    183	  16.01	 -20.61	 -0.006	0.98229							#	   1.54	   5.14	
    184	  13.60	  -7.92	  0.047	0.98498							#	   0.73	   5.53	
    185	   8.59	   2.06	 -0.049	0.98763							#	   0.56	   6.36	
    186	  11.65	   2.47	  0.050	0.98524							#	   1.00	   6.48	
    187	  11.77	  17.24	 -0.003	0.98634							#	   3.93	   6.07	
    188	  11.94	  -4.01	 -0.011	0.98720							#	   0.47	   5.19	
    189	   9.18	  10.10	 -0.022	0.98765							#	   1.18	   5.02	
    190	   8.62	   2.41	  0.098	0.99002							#	   0.55	   5.55	
    191	   2.13	  11.14	  0.063	0.98969							#	   1.28	   5.15	
    192	  11.34	   1.40	 -0.016	0.98914							#	   0.58	   5.18	
    193	   9.37	  -8.35	  0.026	0.98777							#	   0.69	   5.53	
    194	   0.30	  15.18	  0.032	0.98775							#	   2.91	   5.07	
    195	   9.31	   0.92	 -0.027	0.98781							#	   0.47	   4.88	
    196	   8.06	   7.02	  0.004	0.99126							#	   1.29	   4.80	
    197	   1.67	  15.84	 -0.050	0.99422							#	   2.84	   4.80	
    198	  -1.02	   8.28	 -0.005	0.99460							#	   0.60	   4.35	
    199	  -1.66	 -21.89	  0.046	0.99281							#	   2.12	   5.30	
    200	  -0.53	   3.62	  0.074	0.99344							#	   0.39	   5.21	
    201	   2.17	 -13.29	  0.013	0.99419							#	   1.28	   5.79	
    202	   0.19	   9.52	 -0.043	0.99487							#	   1.02	   5.23	
    203	   2.87	  18.60	  0.030	0.99567							#	   2.53	   5.12	
    204	   1.69	  24.36	  0.011	0.99598							#	   3.46	   4.62	
    205	  -0.68	  -2.85	  0.049	0.99506							#	   0.16	   4.50	
    206	  -4.50	 -24.43	 -0.107	0.99305							#	   2.56	   4.66	
    207	  14.65	   2.24	  0.146	0.99127							#	   0.62	   5.07	
    208	   7.80	 -24.26	 -0.080	0.98689							#	   1.83	   4.47	
    209	  13.30	  -4.73	 -0.026	0.98482							#	   0.67	   4.66	
    210	   9.03	   3.26	 -0.080	0.98123							#	   1.23	   4.78	
    211	  12.88	  -0.65	 -0.018	0.98113							#	   0.92	   4.94	
    212	  15.87	  -1.53	 -0.036	0.98025							#	   1.10	   4.80	
    213	  17.85	   7.99	 -0.016	0.98433							#	   1.80	   4.98	
    214	   2.70	   5.58	 -0.025	0.99446							#	   0.54	   5.34	
    215	   1.91	   2.20	  0.024	0.99832							#	   0.45	   5.33	
    216	  -0.41	  27.89	 -0.020	0.99936							#	   5.94	   4.74	
    217	   5.67	 -15.66	  0.029	0.99977							#	   1.10	   5.30	
    218	   9.58	   5.63	  0.085	0.99921							#	   0.55	   4.48	
    219	   9.01	 -10.57	  0.039	0.99933							#	   0.96	   4.42	
    220	  10.41	 -14.14	  0.083	1.00030							#	   1.47	   5.03	
    221	   8.26	  -4.18	  0.091	1.00021							#	   0.42	   5.49	
    222	  14.69	  10.13	  0.122	0.99975							#	   1.76	   5.61	
    223	  10.95	  -6.43	  0.067	0.99974							#	   0.99	   6.18	
    224	   8.90	   8.43	  0.088	0.99982							#	   1.22	   5.72	
    225	   2.60	  -1.30	  0.014	0.99970							#	   0.34	   6.36	
    226	   5.58	  12.07	  0.051	1.00013							#	   1.61	   5.72	
    227	  13.60	 -10.96	  0.084	0.99897							#	   1.81	   5.48	
    228	 -14.04	   9.26	  0.069	1.00099							#	   1.39	   5.33	
    229	 -22.57	  36.41	  0.003	0.99941							#	   6.40	   4.62	
    230	  -9.93	 -16.92	 -0.034	1.00056							#	   1.47	   4.78	
    231	   3.76	   0.04	 -0.005	1.00049							#	   0.35	   5.20	
    232	  12.41	 -13.86	  0.089	0.99957							#	   1.50	   5.28	
    233	  -0.90	  15.20	  0.086	1.00019							#	   1.44	   6.03	
    234	  -8.14	  14.08	  0.103	1.00032							#	   1.18	   5.08	
    235	   2.32	   4.45	  0.070	1.00047							#	   0.38	   5.43	
    236	  -0.47	 -19.14	 -0.048	0.99918							#	   2.95	   5.62	
    237	  -2.62	   7.17	  0.064	1.00101							#	   0.52	   6.05	
    238	 -13.49	  28.07	  0.016	0.99959							#	   4.52	   5.21	
    239	 -22.34	   1.94	  0.043	1.00027							#	   0.70	   4.82	
    240	  -4.80	  11.92	  0.005	1.00051							#	   0.75	   4.88	
    241	  -0.56	 -27.26	  0.070	1.00115							#	   3.04	   5.38	
    242	   1.62	  12.27	  0.050	1.00016							#	   0.61	   5.58	
    243	  -3.38	  -0.29	 -0.012	1.00011							#	   0.27	   6.89	
    244	  21.85	   6.56	  0.045	0.99846							#	   1.60	   5.12	
    245	  30.60	  -7.75	  0.058	0.99902							#	   2.21	   5.60	
    246	 -10.14	  20.48	  0.049	1.00016							#	   2.14	   5.45	
    247	 -37.13	  -2.98	 -0.025	1.00047							#	   2.07	   3.63	
    248	 -24.33	   7.72	  0.105	1.00040							#	   2.01	   4.87	
    249	   1.47	   7.10	  0.024	1.00018							#	   1.16	   5.96	
    250	  16.10	   8.98	 -0.035	1.00063							#	   2.03	   5.61	
    251	  -8.03	  10.12	 -0.023	0.99902							#	   1.20	   5.74	
    252	 -24.58	   7.45	 -0.006	0.99990							#	   2.05	   4.81	
    253	 -11.60	 -11.25	  0.069	1.00005							#	   1.91	   6.15	
    254	  -3.77	  -0.51	  0.045	0.99982							#	   1.06	   5.93	
    255	  -8.28	   1.52	 -0.039	1.00318							#	   0.82	   6.08	
    256	 -11.60	  -4.55	  0.011	1.00036							#	   1.01	   5.79	
    257	  -7.95	   5.01	  0.025	1.00186							#	   0.67	   4.65	
    258	  14.56	  -3.50	  0.035	0.99959							#	   1.48	   4.25	
    259	   8.38	   5.12	 -0.044	1.00045							#	   1.13	   4.67	
    260	  13.98	  14.69	  0.118	0.99984							#	   5.33	   4.82	
    261	 -22.87	 -11.22	  0.010	0.99950							#	   2.07	   4.22	
    262	 -14.43	   3.79	 -0.027	0.99986							#	   0.68	   3.98	
    263	   4.29	  -7.53	 -0.050	0.99879							#	   0.69	   4.55	
    264	  -1.64	   3.89	 -0.064	1.00071							#	   0.37	   4.81	
    265	 -15.28	   6.33	 -0.062	1.00058							#	   0.78	   4.42	
    266	 -13.33	  -5.13	 -0.003	1.00056							#	   1.27	   3.81	
    267	 -11.35	   8.24	 -0.071	0.99992							#	   1.94	   3.53	
    268	 -11.64	  -5.72	 -0.007	1.00063							#	   0.86	   3.73	
    269	  -6.64	 -15.00	  0.011	1.00007							#	   2.33	   3.56	
    270	   3.80	  -2.78	  0.064	0.99879							#	   0.41	   4.01	
    271	   3.21	  -6.49	  0.084	1.00018							#	   0.78	   4.20	
    272	  -9.24	 -11.25	  0.040	1.00100							#	   1.54	   4.53	
    273	  -1.07	  -4.93	  0.018	1.00034							#	   0.54	   4.50	
    274	   3.17	   5.87	  0.061	0.99926							#	   0.75	   4.32	
    275	  19.17	  -6.85	 -0.033	0.99974							#	   2.41	   3.87	
    276	  17.91	  16.09	  0.135	0.99907							#	   2.27	   3.01	
    277	   4.65	 -14.03	  0.103	0.99841							#	   1.62	   3.41	
    278	   3.42	  10.49	  0.003	0.99997							#	   0.73	   2.62	
    279	   2.94	 -12.12	  0.089	0.99864							#	   0.82	   2.91	
    280	  -7.00	   1.86	  0.040	0.99850							#	   0.54	   2.27	
    281	 -20.38	   6.66	  0.034	1.00120							#	   1.08	   1.93	
    282	 -25.35	   5.63	 -0.059	0.99958							#	   1.68	   2.01	
    283	   1.61	   7.20	 -0.018	1.00034							#	   0.83	   2.22	
    284	  -6.53	 -17.34	  0.005	0.99987							#	   2.81	   1.89	
    285	 -27.64	  -1.17	  0.025	0.99933							#	   1.01	   1.60	
    286	 -22.58	   1.68	 -0.114	1.00142							#	   1.09	   1.33	
    287	  -1.10	  -3.74	  0.014	0.99983							#	   0.41	   1.46	
    288	   2.09	 -16.44	 -0.018	0.99928							#	   1.15	   1.63	
    289	   0.91	   2.10	  0.030	0.99982							#	   0.43	   1.85	
    290	  -4.56	  -4.94	 -0.075	1.00196							#	   1.22	   2.01	
    291	 -10.84	   6.55	  0.049	0.99789							#	   1.15	   2.47	
    292	  -0.96	   8.38	  0.021	1.00014							#	   0.85	   2.29	
    293	 -13.93	  -4.61	  0.037	0.99975							#	   0.89	   2.32	
    294	 -21.02	  -5.63	  0.091	1.00028							#	   2.17	   2.72	
    295	 -25.61	  -1.73	  0.068	1.00151							#	   1.65	   2.09	
    296	 -35.77	   0.27	 -0.016	0.99769							#	   3.16	   2.25	
    297	 -29.69	  -0.71	  0.015	1.00165							#	   1.72	   2.23	
    298	 -29.20	  -7.08	  0.059	0.99975							#	   1.80	   1.95	
    299	 -34.52	 -10.24	 -0.116	1.00259							#	   3.10	   1.82	
    300	 -36.69	   4.19	  0.018	1.00023							#	   1.89	   2.00	
    301	 -28.56	  -2.48	 -0.159	1.00054							#	   1.74	   2.45	
    302	 -23.79	  -3.55	 -0.063	1.00022							#	   1.09	   2.35	
    303	   2.03	  15.21	  0.001	1.00017							#	   1.22	   2.93	
    304	 -21.25	 -26.08	  0.072	1.00153							#	   3.43	   2.73	
    305	 -23.61	  -3.05	 -0.066	1.00081							#	   0.90	   2.72	
    306	 -37.47	   6.19	  0.002	0.99990							#	   2.07	   2.38	
    307	 -41.02	  16.82	 -0.043	1.00152							#	   2.36	   2.47	
    308	 -34.18	  28.45	  0.014	0.99822							#	   3.74	   1.85	
    309	 -18.59	  -8.63	 -0.095	1.00060							#	   0.81	   2.54	
    310	 -26.31	  -2.34	 -0.018	1.00232							#	   0.91	   2.36	
    311	 -45.28	   0.22	 -0.030	1.00049							#	   1.27	   1.72	
    312	 -38.28	  17.49	 -0.061	1.00209							#	   2.02	   1.76	
    313	 -47.70	 -13.68	 -0.092	0.99882							#	   1.50	   1.73	
    314	 -39.56	 -11.64	  0.095	0.99919							#	   2.43	   1.95	
    315	 -36.03	   5.14	  0.123	0.99894							#	   1.84	   2.02	
    316	 -37.50	  -3.26	  0.148	0.99877							#	   1.72	   1.87	
    317	 -38.27	   4.20	  0.019	0.99791							#	   1.83	   1.93	
    318	 -12.00	 -15.40	 -0.012	1.00076							#	   1.23	   2.32	
    319	 -36.58	  -0.72	  0.026	0.99973							#	   2.08	   1.98	
    320	 -27.61	   2.07	  0.085	1.00207							#	   1.08	   1.86	
    321	  -6.03	  -2.41	  0.049	1.00203							#	   0.38	   2.28	
    322	   0.81	  13.64	  0.075	0.99977							#	   1.27	   2.42	
    323	   4.09	  -3.00	  0.083	0.99885							#	   0.57	   2.28	
    324	   0.11	  27.08	  0.084	1.00034							#	   3.22	   2.59	
    325	   1.79	 -26.88	  0.043	1.00072							#	   2.24	   2.49	
    326	   1.01	  10.68	  0.116	0.99959							#	   0.76	   2.65	
    327	   8.94	 -18.00	  0.198	0.99980							#	   2.19	   2.49	
    328	  -8.61	  23.97	  0.043	0.99976							#	   2.38	   2.16	
    329	  -7.69	 -26.36	  0.089	0.99994							#	   3.03	   2.39	
    330	 -12.60	 -13.55	  0.070	1.00039							#	   0.93	   2.42	
    331	 -13.45	  -3.60	  0.017	0.99815							#	   0.40	   2.36	
    332	 -12.29	  -4.75	  0.138	0.99647							#	   0.31	   2.31	
    333	  -9.20	 -14.84	  0.012	0.99323							#	   0.86	   2.47	
    334	   0.29	  -9.84	  0.069	0.98422							#	   0.55	   2.71	
    335	   6.88	 -17.49	  0.010	0.98542							#	   2.53	   3.21	
    336	 -10.73	 -12.94	  0.008	0.98572							#	   0.83	   2.96	
    337	 -13.34	 -16.12	 -0.038	0.98508							#	   1.59	   2.88	
    338	  -8.56	  -5.85	  0.042	0.97982							#	   0.68	   2.43	
    339	 -14.22	 -17.07	  0.041	0.97623							#	   1.69	   2.68	
    340	  -0.79	   8.70	  0.022	0.97554							#	   1.95	   2.39	
    341	  -1.74	 -29.80	  0.012	0.97383							#	   3.87	   2.38	
    342	  -8.78	  -6.85	 -0.026	0.97187							#	   0.56	   2.42	
    343	 -11.38	 -27.62	  0.016	0.97262							#	   2.43	   2.48	
    344	 -11.77	  -4.66	 -0.045	0.97643							#	   0.68	   2.67	
    345	  -7.03	 -16.17	 -0.009	0.97756							#	   1.01	   2.25	
    346	  -9.00	  10.25	  0.064	0.98075							#	   1.61	   1.49	
    347	  -6.41	 -15.63	  0.055	0.99772							#	   1.68	   1.73	
    348	  13.25	  -3.13	 -0.055	0.99580							#	   0.88	   1.48	
    349	  13.27	  -8.94	 -0.028	1.00141							#	   1.68	   1.63	
    350	  15.90	 -15.24	 -0.182	1.00456							#	   3.04	   1.66	
    351	  -1.05	  -7.17	  0.057	0.98843							#	   0.97	   1.58	
    352	   6.05	 -17.62	 -0.076	1.00048							#	   2.71	   1.36	
    353	  -0.75	 -10.30	  0.470	1.00179							#	   1.71	   1.45	
    354	 -18.92	   6.83	  0.717	1.00034							#	   1.34	   1.62	
    355	 -15.65	 -20.39	  0.176	0.99988							#	   3.19	   1.80	

    355	 -15.65	 -20.39	  0.176	0.99988							#	   3.19	   1.80	
    356	 -28.98	  15.46	  0.357	1.01873							#	   1.72	   1.19	
    357	 -43.25	 -16.96	  0.430	1.01506							#	   5.00	   1.19	
    358	 -37.76	 -10.50	 -0.063	0.99845							#	   1.19	   1.78	
    359	 -23.90	  -5.87	 -0.074	0.99963							#	   0.69	   2.09	
    360	 -28.16	  -1.68	  0.023	0.99856							#	   0.68	   2.14	
    361	 -23.57	   4.62	 -0.062	0.99874							#	   0.55	   1.94	
    362	 -11.25	   1.16	  0.074	0.99852							#	   0.66	   2.01	
    363	   8.67	  36.25	  0.165	1.02374							#	   6.77	   1.55	
    364	  14.67	 -14.20	  0.278	1.02188							#	   1.27	   1.25	
    365	  -3.18	  27.35	  0.345	1.02547							#	   7.62	   1.55	
    366	   2.65	  13.79	  0.775	1.02854							#	  10.69	   0.92	
