      1	   8.53	  -6.38	  0.069	1.00053							#	   1.65	  20.14	
      2	  -3.01	  12.49	 -0.003	1.00036							#	   3.50	  21.05	
      3	  -2.35	  -0.13	 -0.077	1.00021							#	   0.22	  19.40	
      4	  -3.20	   2.25	 -0.012	0.99989							#	   0.36	  20.19	
      5	  -3.16	   1.92	  0.037	1.00060							#	   0.41	  19.54	
      6	  -4.24	  -0.88	  0.020	1.00011							#	   0.47	  20.01	
      7	   0.80	   2.23	  0.054	1.00093							#	   0.26	  20.13	
      8	  -5.86	   3.77	 -0.083	1.00122							#	   1.63	  18.83	
      9	  11.28	  -8.27	  0.109	0.99946							#	   3.44	  18.10	
     10	  -2.31	   6.61	 -0.088	0.99979							#	   0.88	  18.98	
     11	   1.75	  -3.87	  0.069	0.99959							#	   0.68	  20.13	
     12	  -4.96	  -0.87	  0.007	0.99985							#	   0.59	  19.50	
     13	  -3.48	   1.72	  0.027	0.99991							#	   0.37	  20.05	
     14	  -2.78	   0.29	 -0.013	0.99985							#	   0.28	  20.52	
     15	  -5.00	   0.38	 -0.092	0.99969							#	   0.62	  20.96	
     16	   0.37	  -1.98	 -0.005	0.99932							#	   0.60	  20.39	
     17	  -8.19	  -8.37	 -0.116	0.99957							#	   4.51	  20.72	
     18	  -6.18	   3.65	 -0.037	1.00028							#	   0.61	  20.16	
     19	  -2.62	  -7.87	 -0.083	0.99986							#	   1.49	  21.23	
     20	  -0.73	   8.29	 -0.073	1.00019							#	   1.50	  21.26	
     21	   4.52	  10.38	  0.050	0.99982							#	   2.41	  20.11	
     22	  -1.54	   6.18	 -0.032	1.00049							#	   0.78	  18.55	
     23	   1.59	  -0.41	 -0.023	1.00020							#	   0.39	  18.53	
     24	   1.21	   5.59	  0.011	1.00081							#	   0.97	  17.88	
     25	  -2.48	   6.08	  0.010	0.99994							#	   1.70	  17.55	
     26	  -2.90	  14.02	  0.034	1.00009							#	   4.67	  16.99	
     27	   3.20	   6.52	  0.052	1.00047							#	   0.58	  17.10	
     28	  -3.50	  15.64	 -0.027	1.00093							#	   3.02	  17.02	
     29	   1.34	   4.40	  0.113	0.99995							#	   0.44	  17.76	
     30	  -2.59	   6.76	  0.069	1.00039							#	   1.00	  17.97	
     31	   0.31	   4.44	  0.039	1.00008							#	   0.62	  18.11	
     32	   2.75	  32.43	  0.011	1.00024							#	  11.11	  15.91	
     33	   1.43	 -25.31	  0.075	0.99965							#	   3.13	  16.73	
     34	  -1.05	  15.45	  0.034	0.99956							#	   1.73	  16.75	
     35	  -8.17	  11.83	 -0.009	1.00001							#	   1.44	  15.07	
     36	  -4.20	  -7.93	  0.004	0.99945							#	   0.69	  15.92	
     37	   0.81	  24.09	 -0.018	0.99957							#	   3.65	  14.44	
     38	   0.72	   0.48	  0.090	0.99953							#	   0.17	  14.04	
     39	   1.29	  22.14	 -0.053	0.99997							#	   4.29	  12.81	
     40	  13.14	  -4.06	  0.085	0.99993							#	   1.05	  13.31	
     41	  11.33	  18.68	  0.106	0.99975							#	   3.78	  12.07	
     42	  10.93	  10.52	  0.170	0.99926							#	   1.30	  12.19	
     43	   3.47	   8.16	  0.040	0.99974							#	   0.75	  11.33	
     44	  -0.31	  14.29	  0.033	0.99903							#	   1.76	  11.50	
     45	  -1.01	  17.17	  0.008	0.99957							#	   2.66	  10.82	
     46	  -5.59	 -10.78	  0.031	0.99967							#	   1.41	  11.78	
     47	 -13.60	  11.57	 -0.078	0.99904							#	   2.90	  12.55	
     48	  -0.10	   0.69	 -0.009	0.99929							#	   0.22	  13.59	
     49	  -2.39	   8.87	 -0.017	0.99940							#	   1.32	  13.31	
     50	  -4.14	   2.99	  0.023	0.99963							#	   0.43	  12.39	
     51	   1.28	  -6.45	  0.098	1.00002							#	   0.76	  12.93	
     52	   0.96	  11.02	 -0.042	0.99947							#	   1.72	  12.62	
     53	   3.43	  -3.30	 -0.008	0.99947							#	   0.47	  13.26	
     54	   0.58	   8.09	  0.046	0.99913							#	   1.44	  12.09	
     55	   0.97	   3.97	  0.052	0.99929							#	   0.60	  11.76	
     56	  -3.42	   0.59	 -0.016	0.99985							#	   2.03	  10.95	
     57	  -1.15	  12.57	  0.020	0.99952							#	   3.31	  10.53	
     58	  -1.87	  17.39	  0.046	0.99932							#	   2.64	   9.82	
     59	  -6.00	  14.33	  0.097	0.99952							#	   2.69	   9.42	
     60	   0.94	   0.90	  0.122	0.99883							#	   0.38	   9.66	
     61	   9.28	   8.72	  0.003	0.99964							#	   2.01	   9.16	
     62	   0.17	   6.97	 -0.028	0.99948							#	   0.82	  10.20	
     63	  -1.02	  -8.85	  0.016	0.99919							#	   1.19	   9.91	
     64	  -3.32	  20.29	  0.016	0.99910							#	   5.16	  10.18	
     65	   0.82	  -8.38	 -0.017	0.99978							#	   0.97	  10.22	
     66	   1.78	   5.73	  0.012	0.99972							#	   0.86	  10.15	
     67	   1.08	 -12.04	  0.049	1.00027							#	   1.84	  10.34	
     68	  -3.25	   9.20	  0.018	1.00050							#	   1.37	  10.22	
     69	   2.52	   3.59	  0.010	1.00043							#	   1.26	   9.39	
     70	   0.62	   9.52	 -0.003	1.00019							#	   1.95	   9.08	
     71	  -3.74	  -1.75	 -0.005	1.00065							#	   0.83	   9.98	
     72	   1.13	   2.37	  0.027	1.00065							#	   1.05	  10.45	
     73	   4.83	  -0.77	  0.021	1.00029							#	   1.15	   9.51	
     74	   4.78	  -1.04	 -0.014	1.00030							#	   1.10	  10.28	
     75	   8.12	   6.41	 -0.006	0.99965							#	   1.93	  11.30	
     76	   7.54	  14.29	  0.050	0.99970							#	   3.53	  10.54	
     77	   4.16	 -14.64	 -0.037	0.99971							#	   2.04	  11.54	
     78	   0.19	   1.87	 -0.029	0.99993							#	   0.20	  12.05	
     79	   0.20	 -14.23	  0.016	1.00056							#	   2.45	  12.38	
     80	  -3.12	   6.07	 -0.026	1.00067							#	   0.51	  11.58	
     81	   3.17	   6.93	 -0.014	1.00088							#	   0.80	  11.84	
     82	   3.57	  -3.37	  0.006	1.00071							#	   0.48	  12.44	
     83	  -5.76	   2.51	 -0.043	1.00065							#	   0.62	  11.80	
     84	 -16.73	   5.55	 -0.161	1.00027							#	   3.40	  10.93	
     85	  -2.42	  -6.39	 -0.042	1.00081							#	   0.65	  11.74	
     86	   9.85	   1.54	  0.134	1.00149							#	   1.04	  11.43	
     87	   7.21	  -3.04	 -0.014	1.00143							#	   0.82	  12.14	
     88	  -0.35	  -3.85	 -0.021	1.00053							#	   0.81	  12.54	
     89	  -5.24	   5.24	 -0.040	1.00055							#	   1.41	  12.43	
     90	 -15.09	  16.60	  0.029	0.99979							#	   6.52	  11.64	
     91	 -23.08	   6.39	 -0.020	0.99983							#	   2.93	  11.13	
     92	 -16.44	  -5.49	  0.087	0.99976							#	   2.51	  11.40	
     93	  -3.72	   2.61	  0.053	1.00006							#	   0.59	  12.05	
     94	  -2.59	  12.56	  0.010	1.00014							#	   1.86	  12.54	
     95	  -6.47	   9.12	 -0.049	0.99924							#	   1.70	  11.72	
     96	  -2.47	  -2.08	 -0.020	0.99973							#	   0.62	  11.45	
     97	   9.44	   3.81	  0.055	1.00004							#	   1.22	  11.22	
     98	  18.05	   0.62	  0.005	0.99995							#	   3.02	  11.04	
     99	  14.41	  10.17	  0.080	0.99949							#	   2.53	  11.43	
    100	   2.87	   0.72	 -0.047	0.99940							#	   0.83	  10.71	
    101	  -0.04	  -5.23	  0.072	0.99980							#	   1.67	  12.10	
    102	  -6.96	  -6.36	  0.021	1.00009							#	   2.20	  12.71	
    103	  -7.63	   2.20	 -0.033	1.00051							#	   1.31	  13.09	
    104	   4.09	  -6.27	  0.059	0.99950							#	   1.44	  13.04	
    105	  10.62	  -0.52	 -0.039	1.00026							#	   1.58	  11.54	
    106	   4.51	   0.84	  0.032	1.00017							#	   0.54	  12.18	
    107	  -3.35	   1.93	 -0.010	1.00011							#	   0.86	  12.07	
    108	  -4.77	  -1.40	 -0.022	1.00030							#	   1.18	  11.57	
    109	  -6.42	   2.78	 -0.012	0.99999							#	   1.63	  11.82	
    110	  -0.66	   5.63	  0.046	1.00028							#	   1.50	  11.15	
    111	  -4.25	   7.51	 -0.036	1.00046							#	   2.86	  11.26	
    112	  -3.17	  -2.71	  0.023	1.00019							#	   0.72	  11.43	
    113	  -2.03	  -4.74	  0.073	0.99993							#	   1.00	  10.81	
    114	  -9.62	   1.95	  0.004	0.99970							#	   1.77	  11.63	
    115	   0.74	   0.16	 -0.047	1.00017							#	   0.56	  12.24	
    116	   2.49	  -2.58	  0.037	1.00036							#	   0.92	  12.32	
    117	   2.86	  -0.13	  0.046	1.00060							#	   0.78	  12.29	
    118	   9.86	  -5.46	  0.080	1.00041							#	   2.90	  12.65	
    119	  -0.99	   4.98	 -0.090	1.00027							#	   0.83	  12.77	
    120	   8.17	  -7.11	 -0.067	1.00004							#	   1.93	  12.29	
    121	   0.33	  -0.04	 -0.043	0.99997							#	   0.39	  12.18	
    122	  -2.00	   2.20	 -0.032	0.99925							#	   0.45	  11.90	
    123	  -8.10	  -4.56	 -0.023	0.99946							#	   1.41	  11.28	
    124	  -7.77	  -5.10	  0.009	0.99944							#	   1.32	  11.41	
    125	  -2.39	   7.24	  0.019	0.99921							#	   1.48	  11.82	
    126	  -2.59	   2.33	 -0.010	0.99977							#	   0.74	  11.49	
    127	   1.81	   4.26	  0.035	0.99888							#	   1.13	  10.63	
    128	  -5.95	   7.01	  0.010	0.99919							#	   1.95	  10.29	
    129	   4.75	   1.14	  0.166	0.99883							#	   0.68	   9.82	
    130	   7.68	   3.34	  0.078	0.99868							#	   1.57	   9.72	
    131	   4.84	 -10.32	 -0.035	0.96841							#	   5.23	   9.15	
    132	   1.53	   2.32	 -0.130	0.98399							#	   1.70	   9.06	
    133	   4.02	   7.48	 -0.042	0.98288							#	   3.65	   8.08	
    134	   4.34	  -1.79	 -0.079	0.96506							#	   4.89	   7.27	
    135	   4.18	 -11.52	 -0.153	0.95304							#	   3.37	   6.25	
    136	   9.46	 -12.27	 -0.100	0.95085							#	   5.07	   5.83	
    137	  10.57	   3.56	 -0.063	0.95702							#	   3.09	   5.61	
    138	  10.99	 -18.14	  0.063	0.97608							#	   1.88	   5.88	
    139	   5.92	  -9.42	 -0.038	0.97939							#	   0.87	   6.65	
    140	  11.47	  -9.62	 -0.037	0.97022							#	   1.27	   6.67	
    141	  22.29	  -2.37	 -0.078	0.96631							#	   2.13	   5.86	
    142	  27.73	 -11.23	  0.029	0.96349							#	   2.93	   5.61	
    143	  29.27	 -26.99	 -0.082	0.96313							#	   5.25	   5.58	
    144	  33.32	 -20.79	 -0.038	0.96822							#	   3.41	   5.12	
    145	  36.31	 -14.08	 -0.046	0.96774							#	   4.51	   5.97	
    146	  17.63	 -21.29	 -0.070	0.97512							#	   2.72	   6.29	
    147	  15.80	   6.57	 -0.094	0.98280							#	   1.55	   6.67	
    148	  11.30	 -36.38	 -0.049	0.98253							#	   4.11	   7.24	
    149	   5.27	 -11.60	 -0.043	0.98300							#	   0.81	   8.25	
    150	  -1.39	  -6.08	 -0.038	0.98746							#	   0.53	   7.60	
    151	  10.55	 -14.32	  0.010	0.98243							#	   1.53	   7.63	
    152	  24.10	 -15.52	 -0.033	0.98486							#	   3.36	   6.56	
    153	  30.31	  -4.58	  0.060	0.98844							#	   3.45	   6.41	
    154	  21.02	  -8.64	 -0.068	0.98968							#	   2.30	   7.00	
    155	  17.84	  -2.92	 -0.069	0.98766							#	   1.54	   6.71	
    156	  21.44	  -6.32	 -0.022	0.98834							#	   1.90	   7.28	
    157	  19.15	 -11.44	  0.001	0.98859							#	   1.86	   7.19	
    158	  14.32	  -4.43	  0.006	0.99203							#	   0.97	   6.67	
    159	  21.66	  -3.36	  0.071	0.99245							#	   2.74	   6.81	
    160	  15.66	  15.36	  0.025	0.99400							#	   2.34	   5.79	
    161	  17.67	 -24.88	 -0.013	0.99245							#	   5.50	   4.97	
    162	  20.70	  -6.18	  0.011	0.99256							#	   1.76	   5.37	
    163	  25.22	  -5.30	  0.045	0.99143							#	   2.41	   6.49	
    164	  14.92	  -4.88	  0.042	0.99248							#	   0.87	   7.02	
    165	  24.86	  -1.40	  0.092	0.99442							#	   2.00	   6.57	
    166	  11.91	  -5.25	  0.053	0.99554							#	   0.68	   8.09	
    167	   6.94	  -2.67	  0.054	0.99343							#	   0.36	   7.83	
    168	   7.59	  -6.78	  0.056	0.99172							#	   0.54	   7.99	
    169	   6.57	 -14.31	  0.018	0.99016							#	   1.16	   6.93	
    170	   2.78	  24.41	  0.002	0.99161							#	   3.96	   7.74	
    171	   7.04	 -16.57	 -0.039	0.99391							#	   1.05	   7.81	
    172	   7.65	 -10.40	 -0.048	0.99309							#	   0.71	   8.02	
    173	  13.83	  -9.37	 -0.015	0.98863							#	   0.86	   7.09	
    174	  14.95	  -5.90	 -0.016	0.99113							#	   0.89	   7.09	
    175	  22.95	 -11.43	  0.030	0.99301							#	   2.79	   7.63	
    176	  12.42	  -7.84	 -0.005	0.99151							#	   0.91	   7.59	
    177	  -1.68	  -4.64	  0.064	0.99165							#	   0.44	   9.40	
    178	 -17.68	   7.09	  0.017	0.99334							#	   2.08	   8.65	
    179	 -14.86	   9.63	 -0.019	0.99462							#	   1.68	   7.95	
    180	  -2.91	  -9.74	  0.076	0.99229							#	   1.03	   9.34	
    181	  -4.47	  27.80	 -0.004	0.99122							#	   5.23	   7.81	
    182	   5.71	 -10.23	  0.060	0.99131							#	   0.74	   7.75	
    183	   1.70	  13.05	  0.064	0.99247							#	   1.18	   7.15	
    184	  -0.91	  -1.34	  0.047	0.99291							#	   0.40	   7.39	
    185	 -17.06	   5.10	  0.012	0.99320							#	   1.17	   6.60	
    186	 -12.05	  10.92	  0.049	0.99146							#	   0.75	   6.13	
    187	  -3.68	   5.63	  0.241	0.98930							#	   1.20	   6.58	
    188	 -17.82	  -5.21	  0.055	0.98236							#	   3.71	   7.66	
    189	 -10.29	   4.50	  0.063	0.97890							#	   1.96	   8.44	
    190	 -10.51	  16.27	  0.001	0.97667							#	   3.40	   8.34	
    191	  -2.53	 -12.12	  0.060	0.98228							#	   1.96	   7.66	
    192	 -16.32	   3.94	 -0.011	0.98681							#	   2.74	   7.89	
    193	 -12.72	  -1.46	  0.011	0.99142							#	   2.48	   7.58	
    194	   1.90	  -5.83	  0.065	0.99308							#	   2.33	   7.53	
    195	  -8.10	  -2.40	  0.089	0.99551							#	   2.66	   8.33	
    196	   0.34	  -0.36	  0.056	0.99710							#	   1.94	   8.62	
    197	  -6.23	  26.50	  0.035	0.99544							#	   5.68	   8.11	
    198	 -12.33	  -9.17	 -0.001	0.99282							#	   1.32	   6.34	
    199	 -28.14	   2.67	 -0.111	0.99547							#	   2.66	   5.63	
    200	 -30.11	   8.85	 -0.189	0.99698							#	   2.31	   5.48	
    201	  -9.46	   1.77	 -0.168	0.99601							#	   1.69	   6.02	
    202	  -5.78	  -7.07	 -0.132	0.99164							#	   1.28	   6.31	
    203	  18.79	 -18.84	  0.053	0.98917							#	   2.11	   5.34	
    204	  19.48	  -0.94	  0.035	0.99150							#	   2.00	   5.35	
    205	  11.23	  -1.63	  0.072	0.99664							#	   1.70	   6.11	
    206	  10.54	   3.46	  0.119	0.99975							#	   2.30	   5.34	
    207	   5.08	 -13.57	 -0.001	0.99920							#	   2.68	   4.15	
    208	  30.88	 -13.27	  0.841	1.00619							#	   4.64	   3.37	
    209	   5.55	   2.42	  0.785	1.01378							#	   3.16	   3.22	
    210	   7.94	 -28.26	  0.917	1.01264							#	   4.22	   3.67	
    211	 -28.57	  -2.88	  1.260	1.00634							#	   2.76	   2.58	
    212	 -69.57	  -1.08	  0.864	1.00894							#	   1.85	   2.39	
    213	 -69.82	   9.42	  1.001	1.01250							#	   2.30	   1.91	
    214	 -46.32	  -3.27	  1.452	1.01249							#	   2.41	   1.75	
    215	 -29.45	  39.01	  0.241	1.04147							#	   4.02	   1.33	
    216	   0.28	  -3.24	 -0.031	1.05381							#	   3.88	   1.44	
    217	   2.82	  49.09	 -0.569	1.06363							#	   4.92	   1.40	
    218	 -11.12	   9.71	 -0.223	1.07569							#	   4.78	   1.09	
    219	 -22.47	  12.22	 -0.770	1.08554							#	   5.12	   1.05	
    220	   9.03	 -34.42	  1.079	0.99874							#	   6.17	   2.61	
    221	 -31.05	  -9.11	 -0.535	1.06654							#	   5.88	   1.34	
    222	 -25.35	   7.61	 -0.875	1.05864							#	   4.46	   2.17	
    223	 -23.82	  -4.69	 -1.516	1.05743							#	   4.70	   1.60	
    224	 -18.50	  24.11	 -1.071	1.04501							#	   3.24	   2.84	
    225	 -47.54	  22.10	 -0.775	1.03076							#	   2.18	   3.28	
    226	 -59.43	  25.44	 -0.567	1.02444							#	   1.23	   3.63	
    227	 -26.82	  21.85	 -0.622	1.02064							#	   2.86	   5.30	
    228	 -23.94	   7.22	 -0.504	1.01601							#	   2.21	   5.93	
    229	 -31.94	  21.29	 -0.385	1.01348							#	   3.31	   6.57	
    230	 -27.91	  19.37	 -0.153	1.00987							#	   3.77	   6.36	
    231	 -55.50	  22.44	  0.019	1.00297							#	   2.13	   6.14	
    232	 -83.12	  16.31	  0.117	0.99873							#	   2.48	   5.88	
    233	 -75.13	  31.81	 -0.049	0.99984							#	   4.50	   6.44	
    234	 -63.14	  29.06	 -0.076	0.99939							#	   3.24	   7.06	
    235	 -34.95	  15.82	 -0.015	1.00066							#	   3.67	  10.17	
    236	 -24.71	   3.21	  0.009	1.00075							#	   2.60	  11.49	
    237	 -15.59	   2.00	 -0.043	0.99988							#	   1.28	  14.11	
    238	  -0.07	  17.74	 -0.045	1.00068							#	   1.89	  14.63	
    239	  -3.78	   6.12	 -0.069	1.00062							#	   1.00	  15.88	
    240	 -10.17	   6.29	  0.021	1.00038							#	   1.32	  17.14	
    241	  -1.72	   2.05	  0.067	1.00035							#	   0.39	  18.89	
    242	 -17.00	   8.60	  0.045	0.99955							#	   2.85	  17.11	
    243	 -25.82	   3.77	  0.074	0.99950							#	   3.40	  15.75	
    244	 -28.16	   2.79	  0.172	1.00114							#	   3.18	  13.80	
    245	 -32.60	  22.20	  0.021	1.00048							#	   5.84	  14.75	
    246	 -19.93	  -8.01	  0.024	1.00013							#	   1.42	  16.66	
    247	  -6.92	  13.95	  0.068	1.00029							#	   1.38	  17.83	
    248	 -13.54	   6.18	 -0.027	0.99929							#	   1.15	  16.93	
    249	  -8.76	  11.27	 -0.075	0.99904							#	   1.11	  16.09	
    250	 -20.72	   7.91	 -0.033	0.99868							#	   2.12	  14.51	
    251	 -27.85	   3.47	  0.039	0.99889							#	   3.66	  12.38	
    252	 -43.93	  16.23	 -0.009	0.99923							#	   2.47	  11.46	
    253	 -41.95	  -2.26	 -0.046	0.99869							#	   1.94	  11.80	
    254	 -20.67	  23.15	  0.001	0.99917							#	   4.94	  15.96	
    255	 -22.76	   8.65	  0.026	0.99901							#	   2.35	  14.36	
    256	 -26.34	  13.96	 -0.009	0.99814							#	   3.81	  14.66	
    257	 -40.54	 -14.47	  0.005	0.99919							#	   2.44	   8.67	
    258	 -73.80	  42.59	 -0.026	0.99963							#	   2.04	   9.13	
    259	 -60.14	  10.12	 -0.075	0.99931							#	   0.62	  10.62	
    260	 -52.64	  12.56	  0.054	0.99887							#	   1.10	  10.13	
    261	 -80.59	  40.58	 -0.032	0.99846							#	   2.86	  10.10	
    262	 -51.05	 -13.89	  0.004	1.00052							#	   1.28	  10.27	
    263	 -38.08	  18.24	  0.006	1.00073							#	   3.45	  13.30	
    264	 -36.87	   3.73	  0.036	1.00089							#	   1.94	  16.22	
    265	 -55.43	  11.02	  0.073	0.99975							#	   1.40	   6.47	
    266	 -99.43	  30.82	  0.041	1.00256							#	   7.86	   7.16	
    267	-119.37	  30.27	 -0.076	1.00201							#	   2.98	   4.56	
    268	-119.22	  11.64	  0.147	0.99825							#	   1.24	   5.15	
    269	-106.24	  17.36	  0.005	1.00321							#	   2.03	   2.50	
    270	-159.28	  28.38	  0.035	1.00137							#	   3.95	   3.53	
    271	-145.75	  30.56	 -0.024	1.00221							#	   3.03	   1.96	
    272	-145.30	  14.08	  0.256	0.99713							#	   2.27	   2.45	
    273	-133.54	  32.74	  0.036	1.00020							#	   3.16	   2.01	
    274	-118.04	  36.05	  0.171	1.00186							#	   2.02	   2.53	
    275	 -97.92	  18.76	  0.077	0.99840							#	   3.57	   2.45	
    276	 -71.35	   6.87	  0.118	1.00220							#	   2.61	   2.23	
    277	 -48.10	  -2.60	  0.092	0.99922							#	   1.63	   3.45	
    278	 -26.99	  -3.61	  0.106	0.99921							#	   2.22	   3.95	
    279	  -6.35	   5.50	 -0.058	1.00032							#	   2.25	   4.73	
    280	 -16.21	  -3.12	  0.032	1.00208							#	   2.72	   5.25	
    281	 -25.17	   7.39	 -0.038	1.00422							#	   3.17	   3.87	
    282	 -26.07	  10.82	  0.050	1.00742							#	   2.20	   3.93	
    283	 -33.51	  15.38	 -0.034	1.03519							#	   2.68	   3.27	
    284	 -27.01	  11.23	 -0.034	1.04135							#	   3.97	   3.54	
    285	 -18.60	  11.33	  0.042	1.01407							#	   3.04	   4.98	
    286	  -9.65	  21.06	  0.076	1.00290							#	   3.04	   4.62	
    287	 -24.98	  -1.99	 -0.085	1.00869							#	   3.00	   5.28	
    288	  -8.65	  14.74	 -0.014	1.00606							#	   1.97	   5.27	
    289	  -5.78	  23.14	 -0.003	1.00844							#	   3.50	   5.14	
    290	  -7.91	 -19.62	 -0.059	1.00899							#	   1.82	   6.25	
    291	  -6.25	  -0.16	  0.111	1.00638							#	   1.45	   6.90	
    292	  -5.70	  -9.46	 -0.011	1.00839							#	   2.81	   5.93	
    293	 -10.22	   4.59	 -0.033	1.00682							#	   4.65	   6.91	
    294	  -2.08	   6.99	 -0.088	1.01026							#	   2.72	   6.55	
    295	 -13.20	   4.24	  0.019	1.00938							#	   2.43	   7.36	
    296	 -13.97	   4.27	  0.065	1.01418							#	   1.62	   7.45	
    297	 -11.31	   7.62	  0.006	1.01948							#	   1.48	   7.84	
    298	  -8.59	  36.06	  0.041	1.01206							#	   4.25	   6.52	
    299	   6.59	 -20.77	  0.068	1.00952							#	   2.15	   6.88	
    300	  -8.13	  -1.68	 -0.026	1.01713							#	   1.50	   6.49	
    301	 -13.38	  34.02	 -0.075	1.02180							#	   6.32	   5.57	
    302	 -17.79	 -20.35	  0.096	1.02613							#	   2.81	   5.75	
    303	  -2.99	  10.61	  0.210	1.03262							#	   1.59	   5.33	
    304	   7.69	   5.99	  0.038	1.03534							#	   2.40	   4.72	
    305	   0.85	   2.56	 -0.014	1.03707							#	   2.31	   4.22	
    306	  -7.18	  13.72	  0.090	1.03933							#	   2.68	   4.81	
    307	  -2.35	  31.84	  0.013	1.03473							#	   5.96	   4.86	
    308	   2.97	  -9.41	  0.091	1.03178							#	   1.92	   5.58	
    309	   5.74	  11.20	  0.067	1.03130							#	   2.03	   6.18	
    310	  -1.78	  10.55	 -0.031	1.02217							#	   1.37	   6.23	
    311	  -8.06	  -2.24	 -0.058	1.02418							#	   1.20	   6.31	
    312	  -7.76	   4.76	 -0.055	1.02443							#	   1.21	   6.58	
    313	  -0.47	  23.33	 -0.082	1.02740							#	   3.97	   7.68	
    314	 -10.49	  -3.11	 -0.041	1.02379							#	   1.90	   7.59	
    315	   1.08	   1.67	  0.013	1.01731							#	   0.92	   8.47	
    316	   2.23	  20.78	 -0.079	1.02145							#	   2.60	   7.98	
    317	   3.75	  -1.61	 -0.057	1.02078							#	   1.72	   8.71	
    318	  -5.60	  -0.92	  0.026	1.01542							#	   1.53	   9.02	
    319	  -3.66	  -0.79	  0.014	1.01436							#	   1.44	  10.34	
    320	  -2.19	  15.99	  0.025	1.01376							#	   2.79	  10.18	
    321	  -3.62	 -15.69	 -0.013	1.01419							#	   4.29	  11.24	
    322	  -3.79	   0.60	  0.014	1.01631							#	   0.84	  11.69	
    323	   0.18	   2.73	 -0.038	1.01870							#	   1.14	  11.74	
    324	   2.32	  -9.33	  0.037	1.02052							#	   2.67	  10.56	
    325	   3.02	  14.45	  0.034	1.01916							#	   1.71	   9.98	
    326	   0.78	   8.99	 -0.006	1.02140							#	   1.38	  11.23	
    327	  -5.70	  -2.37	  0.021	1.02419							#	   2.36	  11.34	
    328	   2.38	   0.53	  0.053	1.01634							#	   0.95	  12.12	
    329	  -2.55	  12.43	 -0.031	1.01859							#	   1.87	  12.57	
    330	  -1.11	   6.68	 -0.026	1.01867							#	   1.23	  13.43	
    331	   0.68	  -1.32	 -0.014	1.01877							#	   1.50	  13.21	
    332	   2.94	  17.40	  0.010	1.01854							#	   3.84	  13.55	
    333	   4.78	  10.59	 -0.005	1.01592							#	   1.33	  13.67	
    334	   3.40	   3.14	  0.038	1.01148							#	   0.83	  14.27	
    335	   3.62	   0.43	  0.014	1.00802							#	   0.63	  15.11	
    336	  -0.63	 -11.58	  0.005	1.00802							#	   2.10	  16.08	
    337	  -1.58	  19.24	 -0.012	1.00654							#	   3.63	  16.05	
    338	  -1.14	 -14.51	 -0.028	1.01132							#	   2.60	  15.70	
    339	  -3.98	   1.91	  0.026	1.01408							#	   1.06	  15.28	
    340	  -0.46	  -1.56	  0.049	1.00210							#	   0.52	  16.82	
    341	   4.69	   5.72	 -0.042	0.99999							#	   1.12	  16.49	
    342	   5.75	   5.05	  0.044	1.00005							#	   1.15	  16.53	
    343	   3.63	  -2.16	  0.061	1.00004							#	   0.51	  17.03	
    344	   9.66	   7.15	  0.073	0.99978							#	   7.26	  16.69	
    345	   6.95	  11.37	  0.002	1.00049							#	   3.31	  15.72	
    346	   6.92	   1.14	  0.031	1.00075							#	   0.80	  15.77	
    347	   5.77	  -5.45	  0.050	1.00037							#	   1.06	  15.07	
    348	   2.05	  -9.28	 -0.004	1.00055							#	   1.29	  16.32	
    349	   3.89	   3.18	 -0.003	1.00036							#	   1.27	  16.31	
    350	  11.37	   3.78	 -0.011	1.00084							#	   2.03	  15.71	
    351	  12.87	   0.55	 -0.041	1.00040							#	   3.16	  14.93	
    352	  17.24	   4.45	  0.069	1.00030							#	   4.66	  14.51	
    353	   2.12	  -8.75	 -0.033	0.99981							#	   1.29	  15.41	
    354	  -0.90	   3.55	 -0.054	1.00005							#	   1.15	  15.76	
    355	  -8.76	   2.11	 -0.031	0.99924							#	   1.45	  15.81	
    356	  -6.29	  -0.57	  0.045	0.99904							#	   0.98	  16.21	
    357	   6.85	   5.30	 -0.037	1.00003							#	   1.83	  14.77	
    358	  16.11	   4.17	  0.046	1.00066							#	   5.16	  13.82	
    359	  10.39	  14.37	  0.011	0.99942							#	   4.42	  13.85	
    360	   8.33	  12.04	  0.033	0.99942							#	   4.00	  13.96	
    361	  14.19	  12.66	 -0.128	1.00029							#	   4.82	  12.77	
    362	  30.77	  31.21	 -0.008	0.99988							#	  10.43	  10.65	
    363	  26.39	   0.07	  0.034	1.00073							#	   2.80	  10.60	
    364	  27.02	  21.62	  0.048	1.00007							#	   5.62	   9.27	
    365	  21.90	   9.63	  0.108	0.99975							#	   4.11	   8.97	
    366	  22.09	   3.60	  0.062	0.99991							#	   3.04	   8.90	
    367	  18.64	   2.52	  0.019	0.99964							#	   2.71	   8.70	
    368	  21.31	  25.19	 -0.070	0.99983							#	   6.94	   8.22	
    369	  22.51	  -3.33	  0.076	0.99993							#	   3.64	   8.64	
    370	  21.04	  -9.02	 -0.008	0.99999							#	   4.07	   7.96	
    371	  24.90	   8.76	  0.003	0.99919							#	   3.90	   7.94	
    372	  27.58	  -0.54	 -0.026	1.00009							#	   3.92	   7.26	
    373	  31.02	  11.77	 -0.011	1.00027							#	   3.86	   7.22	
    374	  17.53	 -25.91	 -0.050	0.99965							#	   5.77	   7.23	
    375	  30.15	  -7.13	 -0.060	0.99808							#	   4.26	   7.21	
    376	  28.19	 -16.36	 -0.043	0.99928							#	   4.73	   8.92	
    377	  21.66	  -7.85	  0.041	0.99942							#	   3.24	   9.34	
    378	  21.99	  -4.66	  0.008	0.99990							#	   2.65	   9.18	
    379	  15.67	 -10.86	  0.062	1.00048							#	   2.51	  10.06	
    380	   3.48	  15.38	 -0.032	1.00010							#	   2.71	  10.76	
    381	   5.06	 -11.45	 -0.072	1.00081							#	   1.29	  11.32	
    382	   5.38	  10.43	  0.025	1.00086							#	   1.86	   9.71	
    383	   9.35	 -24.82	  0.053	1.00054							#	   5.72	   9.90	
    384	  13.33	 -11.31	 -0.010	1.00006							#	   1.74	  10.81	
    385	  14.41	  13.14	 -0.055	1.00028							#	   3.14	   9.78	
    386	   4.53	 -15.37	 -0.038	1.00007							#	   2.19	   9.93	
    387	  17.50	 -17.14	 -0.047	1.00062							#	   3.14	  10.36	
    388	   7.91	 -24.41	 -0.038	1.00143							#	   4.78	  11.27	
    389	   1.71	  19.07	 -0.080	1.00054							#	   3.14	  11.45	
    390	   0.70	 -19.90	  0.034	0.99975							#	   3.60	  10.93	
    391	  12.09	  -4.68	 -0.045	1.00032							#	   1.64	   9.88	
    392	  17.78	  -4.76	 -0.023	1.00021							#	   2.88	   9.67	
    393	  20.05	 -10.26	 -0.029	0.99953							#	   3.98	   9.02	
    394	  25.87	  -0.76	 -0.106	1.00053							#	   3.88	   9.42	
    395	   3.76	  -1.82	 -0.116	1.00033							#	   0.81	  10.57	
    396	   3.12	   5.61	  0.016	1.00021							#	   1.90	  11.53	
    397	   1.08	   8.22	  0.037	1.00020							#	   3.25	  10.47	
    398	  -3.13	   9.26	  0.018	0.99930							#	   4.54	  10.37	
    399	   4.23	  -8.65	  0.011	0.99988							#	   3.46	  10.00	
    400	   5.90	   2.73	 -0.051	1.00087							#	   5.31	   9.81	
    401	  -3.80	   2.03	 -0.054	1.00038							#	   3.93	   9.91	
    402	  -6.40	  -0.56	  0.024	0.99995							#	   3.49	  10.53	
    403	  -5.55	  -1.26	 -0.006	1.00000							#	   3.36	  10.68	
    404	  -4.04	   1.32	 -0.028	0.99947							#	   2.46	  11.45	
    405	  -7.33	  -2.87	  0.008	1.00034							#	   2.31	  10.35	
    406	 -11.46	   3.85	 -0.080	1.00028							#	   2.74	  11.10	
    407	  -4.19	  25.21	 -0.025	1.00004							#	   4.98	  10.35	
    408	   0.03	 -14.49	 -0.024	0.99346							#	   2.67	  10.01	
    409	  -2.55	   3.57	 -0.009	0.98850							#	   1.60	   9.14	
    410	  -1.21	   7.17	 -0.055	0.97917							#	   3.09	   8.85	
    411	  -0.53	   4.37	 -0.001	0.96916							#	   3.42	   8.30	
    412	   1.32	  -6.17	 -0.019	0.95603							#	   5.88	   7.23	
    413	   7.09	  23.44	 -0.049	0.94582							#	   4.95	   6.19	
    414	   8.94	  -3.14	 -0.040	0.92461							#	   8.53	   6.62	
    415	   6.64	  29.27	 -0.047	0.95964							#	   2.47	   6.88	
    416	  -1.36	   9.02	 -0.053	0.98301							#	   0.59	   8.98	
    417	  -3.42	  24.44	  0.051	0.98537							#	   1.88	   8.34	
    418	  -5.21	  -2.24	 -0.022	0.98405							#	   0.92	   8.07	
    419	  -3.95	  -0.87	 -0.078	0.97964							#	   1.07	   7.67	
    420	  -1.55	   6.08	 -0.083	0.97838							#	   0.88	   6.36	
    421	   2.53	  16.57	 -0.027	0.97348							#	   2.90	   6.40	
    422	   6.24	   8.10	 -0.102	0.96608							#	   2.41	   5.37	
    423	   0.71	   4.63	 -0.055	0.95612							#	   3.29	   4.84	
    424	   2.51	   2.04	  0.015	0.94695							#	   3.71	   4.84	
    425	  -6.60	  11.06	  0.014	0.94915							#	   3.56	   4.70	
    426	 -14.37	  12.39	 -0.097	0.96380							#	   2.35	   4.31	
    427	 -16.62	   9.06	 -0.115	0.96257							#	   3.79	   4.03	
    428	   0.04	  25.38	 -0.008	0.96675							#	   4.34	   4.16	
    429	  -5.51	  14.45	 -0.067	0.97413							#	   3.17	   3.76	
    430	  -0.75	  42.97	 -0.052	0.98575							#	   3.35	   4.34	
    431	 -11.06	  10.21	 -0.148	0.99042							#	   3.25	   3.53	
    432	  -4.89	  17.08	 -0.027	0.99404							#	   5.83	   3.60	
    433	  -4.37	  50.13	 -0.098	0.99355							#	   2.39	   4.56	
    434	  -1.10	   0.02	  0.057	0.99389							#	   1.59	   5.39	
    435	   1.71	  -3.01	 -0.060	0.99041							#	   2.23	   5.46	
    436	   1.24	   8.99	  0.008	0.98797							#	   2.37	   5.69	
    437	   1.82	  13.03	 -0.066	0.98534							#	   1.84	   5.57	
    438	  -0.51	 -10.86	  0.017	0.97800							#	   3.09	   5.75	
    439	   2.41	  -7.88	 -0.060	0.96106							#	   4.93	   4.69	
    440	  12.00	   9.85	 -0.061	0.96035							#	   4.84	   3.77	
    441	  17.04	 -19.30	 -0.063	0.96422							#	   4.90	   5.04	
    442	  27.91	   8.52	 -0.034	0.96771							#	   2.61	   4.81	
    443	  -0.96	  30.39	 -0.062	0.97331							#	   3.95	   5.37	
    444	   2.95	  13.00	 -0.063	0.97569							#	   1.85	   4.74	
    445	  25.11	  22.91	 -0.125	0.97954							#	   4.06	   4.17	
    446	  28.98	  29.88	  0.051	0.97999							#	   5.39	   4.70	
    447	   7.18	   4.61	  0.027	0.98211							#	   0.94	   4.48	
    448	  -8.04	   6.52	  0.050	0.98676							#	   0.72	   4.80	
    449	 -20.93	   2.61	  0.015	0.98628							#	   1.19	   4.65	
    450	  -9.24	   3.48	  0.005	0.98690							#	   0.94	   4.57	
    451	  15.78	  20.07	  0.035	0.98294							#	   3.30	   3.99	
    452	  11.98	  16.71	  0.023	0.98666							#	   2.05	   4.72	
    453	  14.01	  22.10	  0.007	0.98288							#	   5.14	   4.08	
    454	   3.10	 -14.72	  0.014	0.98352							#	   2.01	   4.86	
    455	   9.72	   9.83	  0.065	0.98657							#	   1.89	   5.82	
    456	   2.77	 -11.23	  0.036	0.98779							#	   1.74	   5.32	
    457	   5.45	  -9.62	  0.042	0.99104							#	   1.23	   5.45	
    458	   8.71	   6.03	  0.025	0.98798							#	   0.82	   5.31	
    459	  13.59	  15.61	  0.023	0.98790							#	   2.90	   5.09	
    460	  20.73	  -3.10	 -0.014	0.98630							#	   3.34	   4.62	
    461	   7.09	  -5.41	  0.066	0.98710							#	   1.76	   4.43	
    462	   1.41	  -7.07	  0.025	0.98843							#	   1.45	   4.65	
    463	  -3.52	  -1.69	 -0.007	0.98931							#	   2.50	   4.51	
    464	  -6.84	 -19.20	 -0.073	0.99008							#	   7.02	   4.01	
    465	 -10.24	 -15.65	 -0.050	0.98650							#	   2.02	   4.81	
    466	   3.25	  -8.84	  0.036	0.98571							#	   2.13	   4.43	
    467	   2.86	 -20.43	  0.023	0.98857							#	   3.30	   4.34	
    468	 -13.14	 -12.50	  0.019	0.98639							#	   2.95	   4.22	
    469	  -0.03	 -12.26	  0.072	0.98731							#	   2.38	   3.82	
    470	   7.25	 -34.28	  0.099	0.98922							#	   3.68	   3.42	
    471	  -2.27	 -52.01	 -0.100	1.00200							#	   1.65	   2.93	
    472	  -4.86	 -42.80	 -0.053	1.00022							#	   2.30	   2.27	
    473	  -6.63	 -65.73	 -0.044	1.00033							#	   0.32	   1.57	
    474									skipped		#	   0.49	   0.64	
    475									skipped		#	   4.14	   0.71	
    476									skipped		#	   1.63	   0.69	
    477	  96.43	   1.72	 -0.412	1.00067							#	   1.44	   1.16	
    478	 128.34	 -23.29	 -0.211	1.00310							#	   2.98	   1.04	
    479	 162.98	 -30.68	 -0.707	1.01060							#	   3.40	   1.06	
    480	 194.06	 -46.24	 -0.136	1.00012							#	   1.43	   1.46	
    481	 170.52	 -34.31	  0.133	1.00410							#	   3.61	   1.90	
    482	 189.51	 -49.79	  0.497	1.00012							#	   1.08	   1.46	
    483									skipped		#	   1.72	   0.91	
    484	 259.73	 -49.74	  0.223	1.00441							#	   0.76	   1.15	
    485									skipped		#	   1.52	   0.71	
    486	 140.47	 -64.87	  0.255	0.99740							#	   0.42	   1.44	
    487	 138.86	-101.79	 -1.999	1.00231							#	   1.22	   1.14	
    488									skipped		#	   1.69	   0.49	
    489									skipped		#	   1.71	   0.32	
    490									skipped		#	   0.42	   0.27	
    491									skipped		#	   1.12	   0.06	
    492									skipped		#	   1.10	   0.08	
    493									skipped		#	   1.29	   0.17	
    494									skipped		#	   1.89	   0.41	
    495									skipped		#	   2.38	   0.61	
    496									skipped		#	   1.84	   0.80	
    497									skipped		#	   2.57	   0.87	
    498									skipped		#	   1.00	   0.99	
    499	  67.01	 -72.90	  0.694	1.02568							#	   1.74	   1.03	
    500	  29.19	 -79.74	  0.013	1.00048							#	   5.00	   1.57	
    501	  61.06	 -66.77	 -0.111	0.99737							#	   0.94	   1.08	
    502	  25.67	 -53.69	 -0.339	0.99341							#	   3.30	   1.18	
    503									skipped		#	   2.23	   0.68	
    504									skipped		#	   3.44	   0.54	
    505									skipped		#	   1.52	   0.19	
    506									skipped		#	   1.42	   0.36	
    507									skipped		#	   1.54	   0.18	
    508									skipped		#	   3.16	   0.43	
    509	 -35.22	-120.63	  0.135	1.00082							#	   3.29	   1.06	
    510	 -55.25	 -52.93	 -0.337	1.00455							#	   1.08	   2.25	
    511	 -42.65	 -15.21	 -0.675	1.00469							#	   3.33	   2.62	
    512	 -28.56	  -4.24	 -0.163	1.00005							#	   2.88	   2.93	
    513	 -54.51	 -17.05	 -0.648	1.00270							#	   2.21	   2.70	
    514	   0.06	  -2.27	 -0.646	0.99717							#	   1.13	   3.38	
    515	 -22.21	 -11.76	 -0.870	0.99769							#	   3.17	   3.30	
    516	 -22.55	  -9.00	 -0.783	0.99731							#	   1.65	   3.83	
    517	 -35.16	 -13.01	 -0.906	0.99951							#	   1.45	   3.06	
    518	  -9.95	 -33.75	 -1.586	1.00470							#	   1.79	   3.74	
    519	   3.78	   2.05	 -1.709	0.99556							#	   1.27	   4.72	
    520	   8.11	 -25.59	 -0.394	1.00016							#	   1.86	   5.02	
    521	  11.22	  -8.89	 -0.229	1.00071							#	   0.74	   6.24	
    522	  -4.64	  -2.13	  0.030	1.00226							#	   0.42	   6.92	
    523	  -2.38	  -0.37	  0.077	1.00407							#	   0.29	   6.35	
    524	   9.64	  14.51	  0.267	1.00470							#	   1.04	   6.27	
    525	   4.06	   0.28	  0.203	1.00205							#	   0.14	   7.44	
    526	  -4.97	   0.47	  0.278	1.00091							#	   0.19	   8.13	
    527	  -7.67	  11.14	  0.336	1.00234							#	   0.82	   3.25	
    528	 -25.22	  14.87	  0.275	1.00416							#	   2.41	   1.93	
