      1	 -31.31	  18.14	  0.215	0.99604							#	  11.39	   8.51	
      2	 -42.11	  16.97	 -0.071	1.00099							#	   4.66	   9.14	
      3	  -9.87	   6.25	  0.096	0.99629							#	   2.27	   6.66	
      4	 -21.66	   2.79	  0.046	1.00111							#	   2.31	   8.51	
      5	 -13.49	  -2.49	  0.204	1.00341							#	   2.66	   9.09	
      6	 -16.20	  -5.91	  0.158	1.00095							#	   3.24	  11.40	
      7	 -16.83	  -8.33	 -0.019	0.99853							#	   4.24	   8.04	
      8	 -21.16	 -20.88	  0.133	1.00103							#	   4.30	   6.42	
      9	  12.05	 -17.41	  0.067	0.99855							#	   5.48	   6.02	
     10	   8.75	 -31.21	  0.194	0.99433							#	   1.92	   7.12	
     11	   3.77	 -24.00	  0.134	0.99965							#	   2.41	   6.77	
     12	 -11.56	  -4.42	  0.166	0.99820							#	   2.25	   9.09	
     13	 -14.31	   5.87	 -0.157	0.99317							#	   2.58	   6.71	
     14	 -12.75	   8.62	 -0.122	0.99714							#	   2.32	   6.25	
     15	 -13.03	  -0.90	  0.037	0.99525							#	   3.06	   5.61	
     16	   7.06	 -13.69	 -0.228	0.99431							#	   6.65	   6.13	
     17	   8.42	  -9.34	  0.152	0.99254							#	   2.38	   5.03	
     18	  -0.88	 -13.25	  0.038	0.99791							#	   3.29	   5.96	
     19	  11.11	 -13.13	 -0.052	0.99479							#	   3.83	   3.70	
     20									skipped		#	   2.58	   1.91	
     21	  24.16	   3.60	 -0.022	0.97996							#	   1.32	   2.60	
     22	  19.22	  -4.45	 -0.495	0.97861							#	   1.88	   2.89	
     23	   5.35	   7.40	 -0.316	0.96885							#	   1.11	   2.49	
     24	  -3.07	  -0.15	  0.732	0.96356							#	   1.45	   2.26	
     25	 -10.15	  -4.56	  0.567	0.97650							#	   3.00	   2.37	
     26	 -15.80	  -6.43	 -0.037	1.00807							#	   3.45	   4.11	
     27	  -9.24	   0.29	 -0.064	0.99609							#	   2.71	   4.69	
     28	  -4.30	  -3.80	 -0.103	0.99556							#	   2.43	   6.08	
     29	  -6.26	   5.66	  0.470	1.01228							#	   3.39	   5.90	
     30	   0.01	   9.41	  0.107	1.00421							#	   3.37	   6.77	
     31	   0.76	   7.96	  0.170	1.00285							#	   3.28	   8.16	
     32	 -12.42	   2.56	  0.303	1.00830							#	   2.33	   8.28	
     33	 -12.62	   6.16	  0.310	1.00848							#	   2.89	   7.29	
     34	 -13.55	   2.18	  0.287	1.01001							#	   2.56	   7.87	
     35	   7.98	  -2.67	  0.254	1.00329							#	   3.06	   8.10	
     36	   5.05	  -2.29	 -0.121	1.00415							#	   2.82	   7.81	
     37	   1.12	  -1.47	 -0.009	1.00083							#	   2.66	  11.57	
     38	   2.20	  -2.65	  0.046	0.99782							#	   2.89	   9.32	
     39	  -6.12	  -1.24	 -0.150	0.99456							#	   3.75	   8.33	
     40	  -9.15	  -4.04	  0.544	1.00364							#	   3.22	   7.58	
     41	  -4.66	   8.98	 -0.049	1.00061							#	   4.82	   9.26	
     42	   2.34	  -7.35	 -0.009	1.00153							#	   3.36	   6.37	
     43	  -3.32	  -0.45	 -0.075	1.00142							#	   1.78	   7.23	
     44	  -3.10	  -0.68	 -0.299	1.00663							#	   2.11	   7.41	
     45	   0.44	  15.47	 -0.163	1.00783							#	   4.58	   7.18	
     46	  -8.84	  -2.10	  0.032	1.00430							#	   2.56	   7.00	
     47	   2.66	   3.11	 -0.069	1.00285							#	   2.20	   9.14	
     48	  -2.08	   1.34	  0.022	1.00213							#	   1.61	   9.03	
     49	 -14.58	  12.72	 -0.116	1.00363							#	   4.35	   7.99	
     50	  -1.13	   7.85	 -0.203	1.00602							#	   2.27	   6.89	
     51	   0.17	  10.11	 -0.249	1.00181							#	   2.85	   6.83	
     52	   5.87	   2.85	 -0.314	1.00492							#	   2.07	   6.42	
     53	   7.41	   6.42	 -0.350	0.99923							#	   2.14	   5.38	
     54	  -6.82	  11.74	 -0.043	0.99728							#	   3.80	   6.77	
     55	  -1.19	   1.83	  0.225	1.00458							#	   2.17	   7.70	
     56	 -10.93	   2.48	  0.007	1.00030							#	   2.87	   8.97	
     57	  -9.21	   3.64	  0.262	0.99915							#	   2.77	   7.64	
     58	 -11.37	  -3.51	  0.082	1.00019							#	   4.61	   8.85	
     59	 -17.74	  -1.44	  0.210	1.00175							#	   3.28	   8.45	
     60	 -11.37	  -3.37	  0.184	1.00533							#	   3.32	  11.92	
     61	  -3.67	 -15.31	 -0.206	0.99918							#	   6.51	  10.19	
     62	  -5.90	 -13.52	 -0.145	0.99636							#	   5.25	   9.49	
     63	 -18.06	  -6.12	  0.095	0.99929							#	   3.02	  10.42	
     64	 -10.81	  -1.67	  0.050	1.00055							#	   2.48	  11.98	
     65	  -3.84	  -5.17	  0.015	0.99762							#	   2.86	  13.66	
     66	  -0.86	  -0.74	  0.009	1.00077							#	   1.52	  17.07	
     67	   1.29	 -10.25	 -0.007	0.99972							#	   4.11	  12.67	
     68	 -12.18	  -2.66	  0.122	0.99766							#	   2.10	  11.92	
     69	  -8.13	  -6.01	  0.009	0.99538							#	   3.59	  12.44	
     70	 -13.35	  -3.63	  0.046	0.99841							#	   3.31	  12.38	
     71	  -5.59	  -1.09	 -0.059	0.99666							#	   2.21	  13.48	
     72	  -2.73	  -4.10	  0.002	1.00004							#	   2.58	  13.14	
     73	 -11.85	   2.26	  0.043	0.99935							#	   3.04	  12.67	
     74	 -14.38	  -4.17	 -0.045	1.00123							#	   3.85	  11.46	
     75	  -4.90	   5.11	 -0.128	0.99901							#	   2.52	  12.96	
     76	  -5.78	  -3.65	 -0.138	1.00023							#	   3.13	  10.42	
     77	  -5.86	  -3.27	 -0.033	1.00426							#	   2.89	  11.63	
     78	  -2.89	  -7.65	  0.044	0.99987							#	   3.41	  16.03	
     79	  -0.89	  -9.03	 -0.026	0.99797							#	   4.01	  12.73	
     80	  -6.21	   3.22	 -0.006	1.00108							#	   2.05	  13.43	
     81	 -12.38	   1.80	 -0.065	0.99753							#	   2.32	   8.80	
     82	 -15.79	  -4.57	 -0.202	1.00309							#	   3.76	   9.26	
     83	  -3.38	   4.58	 -0.042	0.99988							#	   2.83	  11.46	
     84	 -17.53	   7.37	  0.158	0.99871							#	   3.16	  11.92	
     85	 -12.85	   0.73	  0.023	1.00004							#	   2.48	  12.91	
     86	  -5.36	   0.11	  0.064	1.00000							#	   2.17	  14.00	
     87	  -6.72	   9.25	  0.071	0.99675							#	   4.39	  14.35	
