      1	  -1.63	 -11.72	  0.096	0.98256							#	  13.17	   5.21	
      2	 -11.08	 -14.97	 -0.028	0.99758							#	   5.39	   9.14	
      3	  -4.59	  -7.48	  0.057	0.99767							#	   3.11	   8.28	
      4	  -5.08	 -10.76	  0.087	0.99796							#	   3.23	  10.59	
      5	  -1.65	  -2.76	 -0.059	0.99976							#	   1.72	  10.30	
      6	  10.43	   3.64	  0.027	0.99828							#	   2.02	  10.65	
      7	   0.59	  11.99	 -0.030	0.99735							#	   3.14	   8.74	
      8	  -0.64	   1.79	  0.117	1.00175							#	   2.53	  10.65	
      9	   2.73	  -0.15	  0.048	0.99577							#	   2.24	  12.04	
     10	  -7.91	   7.52	  0.123	1.00097							#	   4.09	  11.28	
     11	   8.33	  -4.83	  0.148	0.99837							#	   3.44	  11.00	
     12	  21.96	   0.50	  0.307	0.99788							#	   4.08	   7.00	
     13	   6.51	   1.02	  0.477	1.00568							#	   3.14	   7.29	
     14	   4.81	  -6.04	  0.277	1.00085							#	   4.72	   9.20	
     15	   1.58	   1.32	  0.022	0.99916							#	   2.14	  10.42	
     16	 -13.33	   1.78	  0.104	0.99268							#	   3.75	   9.26	
     17	  -0.81	  -3.94	  0.078	1.00044							#	   2.62	  11.69	
     18	   0.09	   8.04	  0.079	0.99996							#	   3.15	   9.95	
     19	   9.24	  -9.71	  0.104	1.00257							#	   5.12	  10.01	
     20	  -2.85	  -0.06	  0.066	0.99847							#	   2.06	  10.88	
     21	  10.24	 -11.11	 -0.026	1.00062							#	   4.63	   9.26	
     22	  -4.23	   5.63	 -0.055	1.00008							#	   1.82	  11.05	
     23	 -17.99	  -2.25	 -0.079	1.00197							#	   3.31	   9.03	
     24	   1.41	  -2.85	 -0.110	0.99898							#	   1.66	  11.57	
     25	   6.05	  -6.92	 -0.293	0.99946							#	   2.59	  10.59	
     26	   8.20	  -0.79	 -0.113	0.99474							#	   2.09	  11.75	
     27	  13.95	 -12.14	 -0.043	0.99581							#	   7.06	  11.05	
     28	  41.27	 -14.71	 -0.210	0.99231							#	   3.33	   7.00	
     29	  63.84	 -31.56	 -0.351	0.99800							#	   1.72	   5.67	
     30	  46.40	 -18.79	 -0.073	1.00091							#	   3.24	   8.33	
     31	  16.63	   9.64	  0.062	0.99284							#	   2.65	  10.65	
     32	 -35.32	   5.18	  0.132	0.99128							#	   1.73	  11.05	
     33	 -20.29	   3.53	 -0.055	0.99071							#	   3.41	  11.75	
     34	 -17.28	   9.59	  0.091	0.99162							#	   3.97	  13.02	
     35	   1.31	   1.07	 -0.114	0.99643							#	   1.82	  13.95	
     36	  -6.82	  12.46	  0.084	0.99831							#	   3.70	  12.09	
     37	  -8.26	   1.03	 -0.040	1.00010							#	   2.13	  12.85	
     38	 -22.68	   7.69	 -0.102	0.99726							#	   3.55	  12.62	
     39	 -13.54	   5.77	 -0.054	0.99528							#	   3.24	  13.95	
     40	 -11.73	  18.10	 -0.173	0.99691							#	   6.81	  10.94	
     41	 -22.25	   9.14	  0.127	0.99640							#	   2.68	   8.33	
     42	 -21.70	  21.13	  0.466	0.99462							#	   4.30	   8.68	
     43	 -31.76	  17.27	  0.497	1.00072							#	   4.97	   8.85	
     44	 -27.78	   8.84	 -0.068	0.99250							#	   3.50	  12.56	
     45	 -21.14	   4.33	 -0.029	0.99443							#	   3.40	  13.95	
     46	  -9.95	  10.02	  0.014	0.99110							#	   5.77	  14.00	
     47	 -16.71	   8.84	 -0.163	0.99338							#	   4.01	  11.52	
     48	 -15.57	  20.40	  0.024	1.00081							#	   8.16	  13.08	
     49	  -7.88	   7.84	  0.076	0.99628							#	   2.69	  11.75	
     50	  -3.46	  13.67	  0.100	0.99846							#	   4.99	  11.28	
     51	  -4.12	   9.08	 -0.007	0.99877							#	   4.04	  10.94	
     52	  -9.66	  15.11	  0.001	0.99618							#	   6.34	   8.68	
     53	  -0.69	   4.65	  0.123	1.00052							#	   1.88	  11.23	
     54	  -3.58	 -11.02	 -0.007	0.99725							#	   4.62	  10.13	
     55	  -9.58	  -7.62	 -0.001	0.99406							#	   3.95	   9.61	
     56	 -10.39	 -10.01	 -0.005	1.00041							#	   5.20	  10.01	
     57	 -14.16	 -42.12	 -0.106	0.99624							#	   4.20	   7.06	
     58	   3.22	 -16.83	  0.104	0.99384							#	   3.60	   7.99	
     59	   1.96	 -25.43	  0.000	0.99542							#	   2.14	  11.75	
     60	  19.52	  -1.88	  0.154	0.99648							#	   3.40	   9.72	
     61	   6.49	  -5.49	  0.032	0.99416							#	   2.50	  12.56	
     62	   0.06	   4.98	 -0.060	0.99835							#	   1.89	  14.00	
     63	   7.90	  -1.68	  0.192	1.00238							#	   3.03	   9.66	
     64	  -9.15	   6.85	 -0.061	0.99645							#	   4.01	   9.49	
     65	 -12.73	   0.03	 -0.006	0.99006							#	   3.90	  10.71	
     66	  -6.35	  -2.68	  0.031	0.99801							#	   3.60	  10.82	
     67	  -2.98	   4.83	 -0.001	0.99779							#	   3.50	   9.38	
     68	  -9.32	   1.19	  0.065	0.99746							#	   4.59	   9.95	
     69	 -17.53	   8.80	 -0.141	1.00330							#	   3.57	   9.20	
     70	   1.33	  -3.61	 -0.163	0.99359							#	   3.62	   9.20	
     71	   2.57	   3.14	 -0.085	0.99615							#	   2.05	  13.77	
     72	  26.44	 -11.30	 -0.099	0.99865							#	   5.12	  13.37	
     73	  27.22	 -10.68	 -0.058	0.99683							#	   3.37	  11.34	
     74	   4.05	   4.83	  0.051	0.99296							#	   1.89	  14.18	
     75	   9.60	  -3.35	 -0.074	0.99801							#	   2.50	  11.17	
     76	  -2.00	  -0.38	  0.017	0.99720							#	   1.93	  14.06	
     77	   4.73	 -14.50	 -0.029	0.99929							#	   5.02	  10.59	
     78	   0.37	  -6.72	  0.076	0.99847							#	   2.85	  12.27	
     79	  -2.55	 -13.17	  0.126	0.99896							#	   5.05	  12.85	
     80	   3.97	 -10.61	 -0.026	0.99593							#	   3.52	  10.42	
     81	   1.78	 -14.22	  0.007	0.99428							#	   4.40	  12.44	
     82	  11.30	  -9.16	 -0.006	0.99865							#	   3.76	  13.66	
     83	   3.68	   6.51	 -0.112	0.99949							#	   2.14	  12.38	
     84	  -2.03	   5.99	 -0.042	1.00012							#	   2.20	  13.95	
     85	   3.40	   3.57	 -0.002	0.99499							#	   2.29	  15.16	
     86	   7.66	   0.47	  0.025	0.99477							#	   1.92	  12.56	
     87	   1.63	   5.05	 -0.179	0.99612							#	   1.97	  14.64	
     88	   0.94	   5.65	  0.030	0.99689							#	   2.64	  15.91	
     89	   1.52	   7.92	 -0.071	0.99745							#	   3.06	  17.13	
     90	  -5.24	   2.54	 -0.134	0.99370							#	   3.30	  14.70	
     91	  14.74	   4.38	 -0.288	0.99136							#	   3.85	  10.71	
     92	  10.15	  -5.13	  0.061	0.99760							#	   3.96	  13.08	
     93	   1.63	  -1.78	  0.042	0.99876							#	   1.77	  15.80	
     94	   8.03	   5.96	  0.144	0.99792							#	   2.49	  10.24	
     95	  -5.31	  27.56	  0.036	1.00436							#	   2.95	  11.05	
     96	  -7.84	  19.87	  0.174	1.00254							#	   5.74	   8.62	
     97	   8.02	  18.56	  0.383	1.00095							#	   4.53	   8.97	
     98	   6.64	  13.99	  0.480	1.00362							#	   3.43	   6.83	
     99	   5.70	  10.90	  0.624	0.99993							#	   3.54	   8.22	
    100	  -9.77	  -5.88	  0.896	0.99726							#	   3.54	   8.45	
    101	  -9.08	  10.01	  0.051	0.99683							#	   4.07	  10.13	
    102	 -13.59	 -15.41	  0.184	0.99479							#	   6.53	   7.64	
    103	  -8.27	   5.62	  0.128	0.99061							#	   2.35	   8.91	
    104	 -15.66	   5.67	  0.461	0.99346							#	   3.42	  10.65	
    105	   2.08	  -2.07	 -0.049	0.99589							#	   1.83	   9.84	
