      1	   1.26	  -8.69	  0.072	0.99983							#	   2.77	  36.25	
      2	  -0.91	   2.33	  0.031	1.00003							#	   1.38	  39.77	
      3	   1.88	   0.69	 -0.017	1.00010							#	   0.65	  42.30	
      4	  -0.99	   0.81	 -0.018	0.99993							#	   0.79	  44.17	
      5	  -3.18	  -1.69	  0.030	1.00028							#	   0.77	  45.38	
      6	   3.28	   2.65	  0.026	1.00023							#	   0.93	  39.08	
      7	   2.27	  -3.87	  0.014	0.99973							#	   1.50	  43.11	
      8	  -0.40	   6.37	  0.072	0.99990							#	   1.83	  40.95	
      9	  -5.01	   7.96	  0.028	0.99980							#	   2.80	  40.51	
     10	   1.40	  -8.17	 -0.011	0.99999							#	   1.84	  39.74	
     11	   3.24	  -5.87	  0.036	0.99980							#	   1.81	  39.66	
     12	  10.00	  -2.57	  0.030	1.00020							#	   1.60	  38.97	
     13	   9.56	   3.98	  0.011	0.99958							#	   1.72	  38.64	
     14	  -5.00	  -4.94	  0.047	1.00001							#	   1.42	  37.28	
     15	  -3.00	   9.42	  0.050	1.00033							#	   1.54	  39.74	
     16	  -1.80	   0.12	  0.036	1.00011							#	   0.69	  41.24	
     17	   0.92	   3.26	  0.014	0.99962							#	   0.74	  42.27	
     18	  -3.27	   3.99	 -0.031	0.99992							#	   0.97	  42.16	
     19	  -3.95	  -2.13	 -0.030	1.00041							#	   0.75	  42.56	
     20	   3.42	   9.69	 -0.083	1.00015							#	   1.48	  41.20	
     21	   1.36	  -6.25	 -0.038	0.99961							#	   0.79	  41.53	
     22	   1.85	  -0.53	 -0.055	1.00003							#	   0.33	  44.21	
     23	   3.06	  -1.10	 -0.020	0.99985							#	   0.51	  44.28	
     24	  -2.72	   6.68	  0.062	0.99996							#	   0.91	  42.71	
     25	   0.91	  -1.07	  0.085	0.99972							#	   0.57	  44.46	
     26	  -5.87	 -10.40	  0.052	1.00011							#	   2.46	  40.10	
     27	  -6.64	  -6.87	  0.043	1.00015							#	   0.76	  37.61	
     28	  -7.07	  -4.98	  0.004	0.99974							#	   0.93	  38.82	
     29	 -15.77	  -5.88	  0.037	0.99957							#	   2.10	  38.09	
     30	 -12.13	  -1.77	  0.039	1.00018							#	   0.91	  41.24	
     31	  -0.47	  -7.73	  0.045	1.00010							#	   0.83	  41.53	
     32	  -5.71	  -2.33	  0.040	1.00017							#	   0.34	  41.09	
     33	  -4.71	   5.55	  0.066	1.00021							#	   0.55	  42.71	
     34	  -2.50	   0.56	  0.050	0.99999							#	   0.20	  46.30	
     35	   1.48	  -3.86	 -0.005	1.00009							#	   0.34	  46.22	
     36	  -0.70	   4.66	  0.006	0.99988							#	   0.44	  46.55	
     37	  -0.28	   4.53	  0.098	1.00001							#	   0.56	  46.04	
     38	  -1.42	  -4.02	  0.038	0.99997							#	   0.71	  47.32	
     39	  -5.88	  -2.95	 -0.027	1.00028							#	   1.09	  45.20	
     40	  -2.33	  -4.99	  0.017	1.00010							#	   0.67	  46.33	
     41	   0.56	   5.18	  0.026	1.00032							#	   0.85	  46.92	
     42	   3.40	  -2.66	  0.022	0.99956							#	   0.59	  44.79	
     43	   0.59	   9.75	  0.010	1.00021							#	   2.26	  44.98	
     44	   2.35	  -1.05	 -0.024	1.00012							#	   0.30	  46.30	
     45	   1.61	   4.23	 -0.070	1.00030							#	   0.73	  43.40	
     46	  -0.45	  -8.04	 -0.026	0.99985							#	   1.39	  45.89	
     47	   5.22	  -5.81	  0.076	1.00022							#	   0.87	  39.59	
     48	   5.60	  -3.06	  0.040	0.99977							#	   0.81	  42.16	
     49	   0.96	   2.81	 -0.058	0.99979							#	   0.63	  44.06	
     50	   1.65	  -5.69	 -0.124	0.99954							#	   0.78	  43.77	
     51	   2.31	  -7.01	 -0.048	1.00019							#	   0.93	  45.34	
     52	   3.53	   5.54	  0.061	0.99966							#	   0.82	  43.15	
     53	  -1.19	  -6.38	  0.091	1.00028							#	   1.04	  45.38	
     54	   6.69	   5.48	  0.026	0.99991							#	   1.17	  42.41	
     55	   4.29	  -5.23	 -0.016	1.00025							#	   0.76	  42.78	
     56	  -3.71	   5.05	 -0.002	1.00019							#	   0.74	  42.60	
     57	  -4.65	   1.08	  0.022	1.00024							#	   0.49	  44.13	
     58	  -8.79	  -0.48	  0.013	1.00007							#	   1.19	  42.82	
     59	  -3.51	   2.60	  0.006	1.00061							#	   0.46	  43.77	
     60	  -0.73	  -5.83	 -0.002	0.99981							#	   0.76	  46.26	
     61	  -0.11	   0.69	  0.015	1.00009							#	   0.36	  46.11	
     62	   2.49	   4.08	  0.003	0.99977							#	   0.56	  43.77	
     63	  -0.82	   0.06	 -0.004	0.99977							#	   0.22	  44.72	
     64	   2.47	  -5.46	 -0.043	1.00009							#	   0.91	  44.02	
     65	   2.41	   3.87	 -0.029	0.99991							#	   0.64	  44.76	
     66	   3.84	  -7.80	  0.030	0.99959							#	   1.88	  43.37	
     67	  -1.32	   3.02	  0.027	1.00015							#	   0.30	  43.51	
     68	   3.65	  -3.95	 -0.057	1.00022							#	   0.55	  40.07	
     69	  -0.52	  -0.51	  0.023	0.99993							#	   0.24	  45.16	
     70	  -2.66	  -2.58	  0.096	1.00017							#	   0.44	  45.45	
     71	   0.09	   8.30	 -0.002	0.99980							#	   1.05	  43.07	
     72	  -5.27	  -6.92	  0.003	1.00062							#	   1.12	  44.28	
     73	   1.30	   1.42	 -0.073	0.99981							#	   0.42	  43.26	
     74	  -0.57	   4.52	 -0.064	1.00000							#	   0.80	  41.28	
     75	  -0.26	  -5.72	 -0.047	1.00024							#	   1.14	  42.45	
     76	  -0.24	   5.93	  0.012	0.99989							#	   0.76	  44.02	
     77	   0.10	  -3.54	  0.008	1.00033							#	   0.79	  43.48	
     78	  -1.73	  -1.99	 -0.003	1.00023							#	   1.03	  44.43	
     79	  -4.97	  -2.09	 -0.012	1.00043							#	   1.10	  42.63	
     80	  -3.69	   7.14	  0.000	1.00012							#	   1.44	  43.04	
     81	  -3.33	   1.56	 -0.042	1.00014							#	   0.44	  45.42	
     82	   1.26	  -3.81	 -0.018	0.99987							#	   0.50	  45.60	
     83	  -4.32	   6.82	 -0.021	0.99998							#	   0.98	  41.90	
     84	   2.33	  -3.70	 -0.018	0.99990							#	   0.34	  45.89	
     85	   4.51	   3.04	  0.006	0.99985							#	   0.51	  44.79	
     86	   3.48	  -0.98	  0.043	1.00012							#	   0.29	  47.18	
     87	   5.36	  -0.34	 -0.039	0.99988							#	   0.58	  47.14	
     88	   2.23	  -1.88	 -0.025	1.00003							#	   0.34	  45.38	
     89	   0.72	  -3.29	 -0.044	0.99991							#	   0.92	  46.99	
     90	   0.41	  -0.41	 -0.012	0.99992							#	   0.41	  48.02	
     91	  -6.47	   3.45	 -0.004	1.00000							#	   1.13	  43.88	
     92	  -2.60	   2.11	  0.047	1.00003							#	   0.37	  44.06	
     93	  -8.79	   7.53	 -0.033	1.00026							#	   2.72	  41.75	
     94	   2.97	   2.97	 -0.030	0.99975							#	   0.36	  44.76	
     95	   0.73	   4.67	 -0.016	0.99960							#	   0.65	  44.13	
     96	   3.02	  -7.67	 -0.024	0.99978							#	   0.90	  45.16	
     97	  -1.18	  -0.44	 -0.016	1.00034							#	   0.37	  45.09	
     98	  -1.47	   4.35	 -0.088	1.00030							#	   0.60	  43.70	
     99	   7.24	 -12.60	  0.089	0.99955							#	   3.10	  41.24	
    100	   4.78	   3.67	 -0.103	0.99997							#	   0.45	  39.08	
