      1	   1.05	   4.29	  0.123	1.00029							#	   2.18	  25.54	
      2	   5.65	  10.90	  0.158	0.99806							#	   1.39	  27.74	
      3	   7.65	   6.71	  0.049	0.99439							#	   1.00	  28.28	
      4	  14.77	  -6.14	  0.071	0.99701							#	   2.05	  24.35	
      5	  20.60	  -0.60	 -0.009	0.99925							#	   2.55	  23.16	
      6	  18.39	   3.83	  0.065	1.00029							#	   1.89	  22.26	
      7	   7.89	   7.88	  0.110	1.00048							#	   0.75	  22.62	
      8	 -11.95	  10.13	 -0.024	1.00059							#	   1.42	  23.41	
      9	  -1.09	   8.57	 -0.014	0.99991							#	   0.52	  21.46	
     10	  15.12	   9.68	 -0.003	1.00034							#	   1.86	  17.14	
     11	  20.54	   8.64	 -0.037	1.00011							#	   2.50	  17.60	
     12	  36.64	   1.74	  0.009	0.99921							#	   3.82	  20.42	
     13	  21.00	  -1.49	  0.056	1.00001							#	   1.85	  22.76	
     14	  22.30	   2.64	  0.142	0.99981							#	   2.52	  26.12	
     15	  15.82	  -2.74	  0.093	1.00019							#	   1.46	  30.30	
     16	   9.78	   1.68	 -0.019	1.00006							#	   0.83	  32.97	
     17	  20.98	  -0.04	  0.016	0.99997							#	   2.19	  30.70	
     18	   5.11	   1.89	 -0.006	1.00093							#	   0.30	  29.29	
     19	   0.70	   6.58	 -0.013	1.00021							#	   0.26	  29.91	
     20	   6.11	   3.94	 -0.030	1.00038							#	   0.33	  28.32	
     21	   9.62	  -1.38	  0.020	0.99975							#	   0.65	  29.04	
     22	  14.66	   6.05	  0.093	1.00050							#	   1.43	  28.97	
     23	   9.14	   1.84	 -0.020	1.00043							#	   0.63	  34.92	
     24	   5.79	  -1.56	 -0.067	1.00092							#	   0.51	  34.96	
     25	   9.48	   3.42	  0.092	1.00068							#	   0.93	  31.96	
     26	   4.47	   7.45	  0.037	1.00058							#	   0.92	  28.17	
     27	   7.33	   3.32	  0.100	1.00053							#	   0.66	  28.25	
     28	   3.13	  -4.32	  0.083	1.00010							#	   0.45	  30.74	
     29	   2.53	  -0.98	  0.086	1.00011							#	   0.23	  32.47	
     30	  -0.00	   1.54	  0.035	1.00005							#	   0.11	  36.15	
     31	   3.43	  -3.36	  0.098	1.00033							#	   0.43	  39.00	
     32	  -7.91	  -5.75	 -0.004	1.00056							#	   1.67	  36.51	
     33	  -2.78	 -10.55	  0.107	1.00056							#	   1.06	  34.60	
     34	  -4.88	  -1.62	  0.041	1.00055							#	   0.54	  30.56	
     35	 -10.65	   4.84	 -0.002	1.00063							#	   1.89	  26.33	
     36	 -10.16	  -4.55	  0.010	0.99969							#	   0.95	  28.43	
     37	 -11.57	  -3.44	 -0.004	1.00044							#	   1.64	  30.84	
     38	  -9.57	   5.97	  0.085	1.00020							#	   1.37	  31.85	
     39	  -5.54	   0.95	  0.122	1.00003							#	   0.41	  36.08	
     40	  -4.32	  -6.75	  0.068	1.00054							#	   0.66	  36.80	
     41	  -1.50	  -3.56	 -0.033	1.00072							#	   0.24	  32.97	
     42	   2.45	   2.75	  0.047	1.00077							#	   0.24	  27.60	
     43	  -0.58	   6.19	  0.000	1.00022							#	   0.47	  27.89	
     44	  -0.70	  -1.58	 -0.039	1.00036							#	   0.19	  30.34	
     45	   9.05	  -9.23	  0.076	1.00045							#	   2.95	  29.76	
     46	   7.02	  -0.99	 -0.037	1.00010							#	   0.61	  31.93	
     47	   4.57	   7.48	  0.007	1.00029							#	   0.98	  35.43	
     48	 -11.86	  -4.33	  0.015	1.00096							#	   1.87	  32.72	
     49	  -7.46	   1.26	  0.009	1.00075							#	   1.32	  30.19	
     50	   1.84	   2.83	 -0.049	1.00065							#	   0.50	  29.33	
     51	  13.96	  -3.66	  0.025	1.00032							#	   2.45	  28.43	
     52	   8.65	  -9.84	  0.017	0.99903							#	   1.11	  27.78	
     53	   7.98	 -10.69	  0.086	1.00130							#	   1.87	  28.68	
     54	   5.99	   4.07	 -0.018	1.00045							#	   0.78	  32.29	
     55	  10.77	   4.12	  0.005	1.00057							#	   0.97	  33.30	
     56	   0.68	  -0.62	 -0.032	1.00052							#	   0.11	  35.68	
     57	  16.79	  -1.88	  0.043	1.00015							#	   2.62	  30.30	
     58	  18.47	   4.09	 -0.008	1.00056							#	   1.87	  26.48	
     59	   7.41	   3.07	 -0.029	0.99999							#	   0.53	  27.81	
     60	  -1.18	  -0.10	 -0.044	1.00032							#	   0.50	  31.02	
     61	  -8.03	  -1.34	 -0.060	0.99994							#	   0.72	  31.10	
     62	   1.60	  -5.07	  0.023	0.99972							#	   0.57	  31.53	
     63	  -3.88	   6.60	 -0.052	0.99986							#	   0.90	  35.75	
     64	   0.69	  -7.81	 -0.041	0.99953							#	   0.91	  31.60	
     65	   2.56	  -3.89	 -0.041	0.99962							#	   0.86	  33.44	
     66	  -9.84	  -9.44	  0.007	0.99947							#	   3.51	  27.74	
     67	 -10.17	  -9.85	  0.005	1.00001							#	   1.97	  26.12	
     68	 -14.25	  -9.20	 -0.007	0.99983							#	   2.87	  25.51	
     69	  -1.37	 -13.73	 -0.035	0.99922							#	   1.63	  30.48	
     70	  -3.60	   6.65	 -0.057	0.99961							#	   0.77	  31.78	
     71	 -12.40	  -8.39	 -0.046	0.99917							#	   1.42	  30.84	
     72	  -7.67	 -12.18	 -0.036	0.99989							#	   1.45	  32.61	
     73	  -5.50	 -16.00	 -0.079	0.99962							#	   2.13	  31.75	
     74	  -8.84	  -2.33	 -0.051	1.00007							#	   0.74	  30.23	
     75	  -7.35	  15.46	 -0.003	0.99951							#	   2.08	  28.90	
     76	  -2.51	  10.61	 -0.118	0.99956							#	   0.74	  29.47	
     77	   9.73	  10.22	 -0.012	0.99920							#	   1.45	  27.63	
     78	  16.47	   9.66	  0.049	0.99941							#	   2.43	  28.17	
     79	  15.00	  21.04	  0.055	0.99928							#	   3.70	  30.05	
     80	  13.74	  15.27	  0.061	0.99954							#	   1.75	  27.60	
     81	  27.87	  10.05	  0.099	0.99921							#	   4.33	  23.67	
     82	  44.52	  17.14	  0.062	0.99942							#	   2.65	  19.66	
     83	  39.22	  18.68	  0.024	0.99957							#	   4.50	  18.61	
     84	  37.94	   8.55	 -0.013	0.99927							#	   2.64	  19.59	
     85	  40.56	  -3.51	  0.019	1.00067							#	   2.48	  21.86	
     86	  38.37	  -0.18	  0.024	1.00033							#	   2.67	  22.19	
     87	  26.07	   5.39	  0.091	1.00109							#	   3.46	  25.22	
     88	  35.13	  -4.11	  0.148	1.00049							#	   3.34	  24.96	
     89	  33.03	  -6.92	  0.134	1.00099							#	   3.96	  26.48	
     90	  32.39	   2.94	  0.126	1.00080							#	   4.16	  24.24	
     91	  27.58	   7.03	  0.121	1.00109							#	   3.28	  21.97	
     92	  24.50	   2.56	  0.109	1.00113							#	   2.51	  22.51	
     93	  26.66	   1.33	  0.175	1.00092							#	   2.85	  23.23	
     94	  30.46	  -5.44	  0.194	1.00110							#	   3.77	  24.86	
     95	  24.14	   6.21	  0.051	1.00062							#	   2.27	  26.41	
     96	  20.79	  -0.58	  0.108	1.00113							#	   1.89	  31.13	
     97	  12.57	  -4.15	  0.055	1.00109							#	   0.83	  32.22	
     98	   9.36	  -2.14	  0.056	1.00051							#	   0.47	  33.62	
     99	  10.11	   1.12	  0.057	1.00086							#	   0.53	  28.90	
    100	   5.09	  -3.83	  0.030	1.00068							#	   0.34	  27.27	
    101	   7.09	  -6.22	  0.004	1.00068							#	   0.72	  27.38	
    102	   7.38	  -3.16	  0.006	1.00044							#	   0.78	  30.45	
    103	   0.16	  10.49	 -0.010	1.00091							#	   1.52	  32.07	
    104	   5.57	  -0.29	  0.023	1.00069							#	   0.44	  30.23	
    105	  15.92	   3.84	  0.072	1.00094							#	   2.98	  29.87	
    106	  12.97	  -1.81	  0.082	1.00079							#	   1.22	  30.59	
    107	   6.43	   2.47	  0.051	1.00089							#	   0.60	  29.80	
    108	   3.00	   3.07	  0.073	1.00068							#	   0.32	  27.45	
    109	  16.63	  -2.18	  0.082	1.00053							#	   2.09	  25.25	
    110	  12.36	   8.01	  0.063	0.99996							#	   1.20	  25.40	
    111	  18.76	   6.65	  0.025	0.99985							#	   3.01	  27.27	
    112	  11.53	   5.75	 -0.025	0.99960							#	   1.04	  28.25	
    113	   9.63	  -3.33	  0.006	0.99999							#	   0.83	  32.47	
    114	   1.00	   6.59	 -0.047	1.00019							#	   0.68	  30.05	
    115	 -10.60	  12.94	 -0.049	1.00006							#	   2.85	  26.30	
    116	   3.24	   3.60	  0.029	1.00027							#	   0.49	  26.52	
    117	  -0.54	  -6.23	  0.061	0.99994							#	   0.61	  27.45	
    118	  -4.43	   0.74	 -0.063	1.00017							#	   0.45	  27.63	
    119	  -4.24	  -3.18	  0.032	1.00012							#	   0.36	  28.43	
    120	  -8.47	   3.74	 -0.043	1.00005							#	   0.66	  28.28	
    121	  -5.49	  -0.36	 -0.066	0.99993							#	   0.82	  29.83	
    122	 -13.67	   5.31	 -0.053	0.99976							#	   3.06	  29.98	
    123	 -15.12	  -4.01	 -0.074	0.99963							#	   1.68	  27.45	
    124	  -7.85	  -2.57	 -0.086	0.99997							#	   0.78	  27.71	
    125	 -10.85	  -2.90	 -0.066	0.99987							#	   1.22	  27.31	
    126	  -6.95	  -4.74	  0.006	1.00005							#	   0.78	  26.91	
    127	  -8.49	   2.19	  0.050	0.99958							#	   0.77	  28.32	
    128	 -11.71	  -1.46	  0.006	0.99948							#	   1.23	  27.13	
    129	 -17.18	  -9.24	  0.102	0.99885							#	   3.36	  26.73	
    130	 -22.88	  -2.87	  0.034	0.99976							#	   2.91	  29.00	
    131	 -11.15	   3.22	 -0.054	0.99967							#	   0.80	  30.05	
    132	   1.98	   2.58	 -0.019	0.99976							#	   0.12	  29.51	
    133	   0.25	  -0.91	 -0.052	0.99970							#	   0.07	  30.95	
    134	  16.20	  -2.39	 -0.016	0.99980							#	   1.65	  25.22	
    135	  10.04	  -1.51	  0.008	0.99947							#	   0.64	  25.69	
    136	   5.75	   3.56	 -0.029	0.99930							#	   0.48	  26.73	
    137	  -0.11	  -3.22	  0.057	0.99954							#	   0.28	  29.40	
    138	   5.44	   2.70	  0.057	0.99943							#	   0.49	  28.79	
    139	   0.97	   3.83	  0.083	0.99938							#	   0.53	  30.74	
    140	   2.55	  -1.38	 -0.010	0.99964							#	   0.70	  30.56	
    141	   5.46	 -10.71	  0.024	0.99943							#	   3.05	  27.92	
    142	  -4.08	  -5.09	  0.004	0.99964							#	   0.52	  23.85	
    143	  -2.27	  -7.93	  0.000	0.99918							#	   0.90	  26.98	
    144	  -6.53	  -8.18	 -0.089	0.99925							#	   1.09	  27.56	
    145	  -4.59	  -9.17	 -0.079	0.99942							#	   1.33	  28.97	
    146	  -9.69	  -6.64	 -0.036	0.99941							#	   1.40	  27.63	
    147	  -5.95	  -6.32	 -0.061	0.99972							#	   1.02	  28.97	
    148	  -1.84	  -6.64	 -0.089	1.00005							#	   0.76	  29.94	
    149	  -0.89	  -3.24	 -0.065	0.99973							#	   0.34	  29.11	
    150	  -0.72	  -2.52	 -0.034	0.99981							#	   0.23	  29.76	
    151	   2.00	   2.30	 -0.041	0.99954							#	   0.25	  27.92	
    152	  18.63	  -1.08	 -0.053	0.99919							#	   4.39	  25.47	
    153	   8.94	  -7.67	 -0.065	0.99957							#	   0.87	  27.53	
    154	  -0.36	  -0.09	  0.015	0.99953							#	   0.15	  29.29	
    155	 -13.66	   4.16	  0.010	0.99958							#	   1.45	  28.57	
    156	 -11.14	   1.91	  0.028	0.99937							#	   1.03	  28.72	
    157	 -12.50	  -3.41	  0.027	0.99993							#	   1.22	  30.16	
    158	 -19.53	  -2.38	  0.002	0.99976							#	   3.39	  29.29	
    159	 -14.03	   2.90	  0.023	1.00000							#	   1.38	  27.42	
    160	 -23.61	  -2.87	  0.073	0.99944							#	   3.77	  26.08	
    161	 -21.02	  -1.62	  0.087	0.99997							#	   2.09	  24.75	
    162	 -23.16	   4.74	  0.023	0.99968							#	   3.30	  22.66	
    163	 -30.92	   1.26	  0.037	0.99994							#	   4.59	  21.03	
    164	 -38.51	  -3.43	  0.079	0.99944							#	   2.99	  21.10	
    165	 -41.77	  -1.79	 -0.006	0.99979							#	   2.91	  19.70	
    166	 -41.02	   3.37	 -0.153	0.99956							#	   3.36	  18.87	
    167	 -26.08	   8.04	 -0.069	0.99995							#	   3.01	  20.56	
    168	 -30.76	   6.05	 -0.067	1.00011							#	   4.25	  21.21	
    169	 -17.56	  -3.52	 -0.034	1.00000							#	   2.64	  23.30	
    170	 -12.31	  -0.37	  0.004	1.00029							#	  11.00	  22.08	
    171	 -20.04	   3.33	 -0.037	1.00004							#	   5.48	  21.14	
    172	 -21.41	  -1.99	 -0.054	0.99992							#	   1.19	  24.06	
    173	 -16.95	  -4.50	  0.001	0.99970							#	   0.92	  26.05	
    174	 -11.88	   0.40	  0.049	0.99954							#	   0.53	  28.57	
    175	  -7.63	   6.45	 -0.065	1.00043							#	   0.55	  28.72	
    176	   0.29	  -3.66	  0.027	1.00018							#	   0.77	  27.99	
    177	   5.60	  -0.81	  0.022	1.00015							#	   1.40	  25.32	
    178	   5.52	  -0.83	  0.003	1.00008							#	   0.42	  27.67	
    179	  -6.31	   4.84	 -0.056	0.99972							#	   0.67	  29.55	
    180	  -0.40	   1.17	 -0.072	0.99988							#	   0.18	  30.95	
    181	  -1.09	  -1.59	 -0.054	0.99970							#	   0.16	  33.95	
    182	   2.77	  -3.59	  0.027	0.99971							#	   0.45	  34.52	
    183	  -7.92	   4.35	 -0.023	0.99982							#	   1.46	  34.81	
    184	   0.80	  -2.57	  0.025	0.99976							#	   0.55	  33.98	
    185	   1.03	  -0.80	  0.131	1.00038							#	   0.72	  33.55	
    186	   4.73	   5.32	  0.194	0.99995							#	   1.85	  31.67	
