      1	  -8.73	  -4.10	 -0.050	0.99930							#	   7.89	  29.05	
      2	  -5.43	   4.64	  0.083	0.99992							#	   1.08	  30.60	
      3	   2.87	   0.09	  0.072	0.99912							#	   0.66	  31.71	
      4	   8.46	 -16.59	  0.065	1.00082							#	   2.97	  32.98	
      5	   5.72	  -0.82	 -0.068	1.00024							#	   0.99	  34.17	
      6	  -4.09	  -4.86	 -0.061	0.99970							#	   0.72	  34.72	
      7	  -1.98	  10.38	  0.038	1.00083							#	   1.38	  34.37	
      8	  -2.69	  -6.98	  0.012	1.00002							#	   0.93	  34.13	
      9	   1.36	   1.49	  0.016	0.99941							#	   0.39	  34.88	
     10	   6.63	   0.85	  0.041	0.99959							#	   1.92	  34.25	
     11	   7.03	   5.26	 -0.040	0.99962							#	   2.90	  32.42	
     12	  12.13	  -4.29	  0.034	1.00032							#	   5.25	  33.17	
     13	  13.88	   0.88	 -0.028	0.99988							#	   3.95	  30.12	
     14	  16.52	  -5.33	  0.061	0.99963							#	   3.82	  30.79	
     15	  17.30	   7.51	  0.007	0.99899							#	   5.03	  30.16	
     16	  18.91	  -6.55	 -0.032	0.99980							#	   7.25	  29.68	
     17	  17.63	  -2.29	  0.008	0.99985							#	   3.71	  30.32	
     18	  10.33	   9.56	  0.002	1.00005							#	   1.62	  31.15	
     19	   2.33	   2.88	 -0.099	0.99930							#	   0.16	  34.09	
     20	  11.38	  -1.40	 -0.091	1.00055							#	   1.79	  32.30	
     21	  25.01	  -6.32	 -0.045	0.99974							#	   9.56	  28.02	
     22	  20.80	   2.03	 -0.025	1.00016							#	   3.04	  25.40	
     23	  14.41	  -2.61	  0.009	0.99931							#	   1.54	  32.26	
     24	  15.28	  -0.02	 -0.026	1.00007							#	   2.95	  31.67	
     25	  27.20	  -0.84	 -0.016	0.99995							#	   7.48	  30.12	
     26	  22.67	   0.90	 -0.043	1.00030							#	   2.70	  31.59	
     27	  15.39	   9.63	 -0.051	0.99751							#	   3.52	  31.94	
     28	   6.12	  -0.87	 -0.036	1.00283							#	   0.73	  30.08	
     29	   7.91	   4.98	 -0.087	0.99942							#	   1.02	  32.18	
     30	  13.36	   1.84	 -0.085	0.99949							#	   1.97	  32.10	
     31	  12.21	  -3.37	 -0.078	0.99976							#	   2.45	  31.75	
     32	   7.35	  -3.74	  0.001	0.99987							#	   1.75	  33.41	
     33	  11.94	  -0.36	  0.033	0.99990							#	   3.44	  33.93	
     34	   5.27	   2.20	 -0.046	1.00026							#	   0.81	  34.25	
     35	   4.58	   0.30	 -0.112	0.99941							#	   0.66	  35.79	
     36	  16.64	  -6.82	 -0.036	1.00036							#	   6.92	  31.19	
     37	  24.76	  -2.07	 -0.112	1.00063							#	   4.54	  29.01	
     38	  19.74	   1.29	 -0.065	0.99991							#	   5.46	  28.85	
     39	  14.84	   1.55	 -0.057	0.99980							#	   3.27	  31.11	
     40	  18.80	   2.96	  0.032	0.99992							#	   4.57	  29.44	
     41	  20.11	  -0.71	 -0.054	0.99981							#	   4.76	  29.88	
     42	  20.31	   2.92	 -0.077	1.00017							#	   5.61	  30.00	
     43	  20.92	   5.33	 -0.058	1.00002							#	   4.77	  30.79	
     44	  13.83	  -2.77	 -0.099	0.99988							#	   2.47	  32.10	
     45	   8.93	   2.31	 -0.109	1.00018							#	   1.59	  32.66	
     46	  15.49	  17.50	 -0.066	1.00045							#	   5.55	  31.35	
     47	  21.42	  -3.92	  0.029	0.99941							#	   4.93	  27.26	
     48	  19.92	  -7.40	  0.008	0.99960							#	   4.50	  27.14	
     49	  10.40	   3.87	 -0.061	0.99985							#	   1.95	  30.08	
     50	  17.03	   2.38	  0.038	1.00007							#	   3.87	  30.12	
     51	  21.32	   4.29	 -0.064	1.00081							#	   4.92	  28.97	
     52	  23.83	  -2.43	 -0.084	0.99962							#	   6.52	  27.34	
     53	  21.71	   7.93	 -0.042	0.99983							#	   5.28	  27.06	
     54	  14.08	  11.14	 -0.013	1.00021							#	   3.20	  28.33	
     55	  11.82	  17.48	 -0.082	1.00054							#	   3.42	  27.62	
     56	  17.33	   4.67	  0.041	0.99962							#	   3.69	  27.18	
     57	   7.22	   7.67	  0.015	0.99979							#	   1.05	  27.78	
     58	   7.19	   0.40	  0.037	0.99963							#	   0.87	  30.63	
     59	   2.23	  14.56	 -0.014	0.99986							#	   1.95	  31.35	
     60	   3.68	  -0.51	  0.012	0.99957							#	   0.42	  30.40	
     61	   7.18	   6.80	 -0.004	1.00031							#	   1.25	  29.01	
     62	  15.86	  14.55	  0.019	1.00023							#	   6.92	  27.86	
     63	  12.81	   0.19	 -0.004	1.00091							#	   1.96	  29.05	
     64	  13.38	   7.79	 -0.038	0.99964							#	   4.20	  27.26	
     65	  11.60	   1.86	  0.002	0.99985							#	   3.14	  27.46	
     66	  14.36	   1.02	 -0.045	1.00022							#	   3.57	  26.19	
     67	  14.36	   5.90	 -0.096	0.99981							#	   2.91	  25.08	
     68	  21.28	  -4.19	 -0.063	0.99937							#	   7.08	  24.72	
     69	  21.69	   6.06	 -0.090	0.99981							#	   4.73	  24.13	
     70	  26.96	   7.18	 -0.026	0.99969							#	   6.99	  25.28	
     71	  19.11	   6.82	 -0.046	1.00074							#	   3.50	  26.07	
     72	  18.53	   5.84	  0.043	1.00004							#	   4.24	  26.39	
     73	  22.93	  -0.61	  0.021	0.99910							#	   4.88	  24.96	
     74	  21.28	   3.29	  0.024	0.99981							#	   4.49	  24.88	
     75	  18.32	   5.86	 -0.035	0.99971							#	   4.29	  24.13	
     76	   7.29	   4.40	  0.004	0.99977							#	   0.88	  29.80	
     77	   4.91	   5.75	  0.026	0.99957							#	   0.69	  29.52	
     78	   3.24	   8.98	 -0.029	1.00008							#	   0.87	  29.92	
     79	  16.18	   6.23	  0.016	1.00053							#	   3.53	  25.95	
     80	  20.87	  -2.66	  0.021	0.99964							#	   4.92	  25.75	
     81	  11.26	  11.42	  0.016	0.99933							#	   2.32	  25.71	
     82	  13.66	   1.63	  0.009	0.99946							#	   2.15	  24.96	
     83	  21.13	   4.30	 -0.009	1.00010							#	   4.68	  25.04	
     84	  16.43	  -2.82	 -0.019	1.00009							#	   2.81	  24.72	
     85	  14.98	   5.79	  0.132	0.99957							#	   3.00	  26.35	
     86	  13.80	   7.32	  0.098	0.99995							#	   2.46	  24.84	
     87	  21.34	   6.34	  0.020	1.00009							#	   4.86	  21.94	
     88	  26.89	   1.95	 -0.080	0.99976							#	   6.04	  20.71	
     89	  29.31	  11.53	  0.028	1.00013							#	   5.57	  18.29	
     90	  28.31	   9.96	  0.017	1.00011							#	   5.51	  19.25	
     91	  31.69	   9.95	  0.022	1.00001							#	   6.65	  19.09	
     92	  29.31	   0.49	 -0.053	1.00060							#	   4.70	  19.80	
     93	  32.93	  11.46	 -0.002	0.99989							#	   6.07	  18.97	
     94	  28.84	   8.01	 -0.017	1.00070							#	   4.09	  18.65	
     95	  22.64	   5.54	 -0.034	1.00057							#	   3.31	  19.44	
     96	  20.80	  -0.78	 -0.072	1.00053							#	   2.79	  20.48	
     97	  19.27	   6.61	  0.000	0.99991							#	   2.41	  21.35	
     98	  18.55	  11.11	  0.008	0.99984							#	   2.98	  21.15	
     99	   7.44	   9.14	 -0.115	0.99954							#	   1.09	  21.15	
    100	  13.75	  -0.92	  0.096	1.00035							#	   2.06	  24.09	
    101	  12.95	   5.10	  0.042	0.99980							#	   1.78	  23.81	
    102	   3.34	  10.55	 -0.049	0.99950							#	   1.31	  24.44	
    103	  -3.50	   9.98	 -0.030	1.00022							#	   1.19	  24.29	
    104	   5.27	  -1.34	 -0.055	0.99976							#	   0.72	  24.96	
    105	   0.24	   5.32	 -0.051	0.99802							#	   0.88	  24.21	
    106	  -0.00	   6.87	 -0.012	0.98209							#	   4.17	  21.87	
    107	  -0.18	   4.91	 -0.015	0.96552							#	   5.77	  22.94	
    108	   3.46	  -2.03	 -0.051	0.96168							#	   4.15	  20.87	
    109	   4.61	   4.85	 -0.003	0.94770							#	  10.56	  20.44	
    110	   1.94	   2.66	 -0.008	0.93633							#	   6.89	  19.96	
    111	   7.16	   2.88	 -0.049	0.94468							#	   6.95	  19.76	
    112	   7.91	   5.02	 -0.098	0.95126							#	   4.17	  17.34	
    113	  38.78	  11.49	 -0.063	0.94988							#	   5.46	  14.01	
    114	  50.77	  -8.06	  0.008	0.94301							#	   4.58	  13.33	
    115	  31.11	  12.47	  0.051	0.94930							#	   5.92	  11.90	
    116	  11.30	   7.97	  0.013	0.95255							#	   4.86	  15.40	
    117	   4.27	  20.27	 -0.020	0.95162							#	   5.12	  18.77	
    118	  12.99	  20.21	 -0.072	0.95723							#	   4.92	  18.69	
    119	  30.04	  10.74	 -0.047	0.96717							#	   3.51	  16.90	
    120	  22.22	  14.45	  0.078	0.96767							#	   3.06	  15.71	
    121	  19.24	  10.68	  0.088	0.97042							#	   3.01	  16.47	
    122	   8.82	  16.29	  0.032	0.98089							#	   2.23	  17.10	
    123	   0.45	  18.62	 -0.011	0.98372							#	   2.37	  18.21	
    124	   9.15	  20.38	 -0.032	0.98518							#	   2.96	  17.26	
    125	  15.53	   7.67	  0.018	0.98496							#	   2.67	  17.98	
    126	   1.11	  14.75	  0.008	0.98759							#	   2.20	  17.62	
    127	   6.22	  19.95	  0.068	0.98519							#	   3.81	  18.13	
    128	  16.28	   6.78	  0.011	0.98236							#	   2.61	  18.17	
    129	  19.41	  12.36	  0.047	0.97878							#	   5.04	  15.16	
    130	  11.78	  17.37	  0.030	0.97535							#	   4.03	  15.20	
    131	  11.23	  13.28	  0.094	0.97467							#	   3.40	  16.90	
    132	   8.59	   2.55	  0.046	0.97893							#	   1.85	  16.98	
    133	  25.82	  11.31	  0.009	0.98350							#	   6.09	  15.44	
    134	  30.47	  17.67	 -0.052	0.98478							#	   4.76	  13.53	
    135	  35.79	   4.87	 -0.009	0.98387							#	   5.68	  12.66	
    136	  22.64	   5.96	  0.020	0.98351							#	   3.69	  13.89	
    137	  16.77	   3.90	 -0.003	0.98573							#	   2.07	  14.13	
    138	  14.31	   2.89	 -0.010	0.98553							#	   1.85	  14.25	
    139	  -0.88	   3.66	 -0.013	0.98737							#	   0.75	  13.77	
    140	   7.97	  -2.28	  0.035	0.98369							#	   0.91	  14.17	
    141	   8.55	  -1.73	 -0.005	0.98537							#	   1.14	  14.09	
    142	   7.97	   6.39	 -0.011	0.98274							#	   2.95	  14.84	
    143	  19.09	   0.85	 -0.003	0.98263							#	   4.92	  13.21	
    144	  25.57	  -7.05	 -0.027	0.98246							#	   4.19	  13.61	
    145	  19.36	   3.15	 -0.010	0.97950							#	   3.97	  11.35	
    146	  24.71	   4.71	 -0.078	0.97596							#	   5.66	  11.27	
    147	  26.18	  -4.60	  0.023	0.97108							#	   5.29	  10.24	
    148	  28.78	  -9.07	 -0.029	0.97624							#	   5.16	  10.91	
    149	  22.57	   2.08	 -0.023	0.98039							#	   5.82	  12.70	
    150	  17.00	  -2.98	  0.014	0.98411							#	   3.57	  11.90	
    151	  18.24	   7.31	 -0.037	0.98420							#	   3.49	  12.22	
    152	  13.58	  -8.40	  0.061	0.98342							#	   2.27	  11.55	
    153	  22.81	   1.20	  0.008	0.98390							#	   4.42	  11.83	
    154	  17.71	   5.28	 -0.015	0.98730							#	   2.90	  11.23	
    155	   4.71	  -0.50	  0.024	0.98963							#	   0.84	  14.52	
    156	  -0.01	  -6.76	  0.041	0.98863							#	   0.95	  14.09	
    157	  15.04	   4.53	 -0.001	0.98515							#	   2.48	  11.59	
    158	  21.25	   2.09	  0.004	0.98697							#	   4.02	  10.48	
    159	   3.14	   2.93	 -0.001	0.98805							#	   1.51	  12.46	
    160	 -12.07	  -3.17	  0.028	0.98974							#	   3.26	  11.94	
    161	  -3.26	   3.99	  0.093	0.98779							#	   2.29	  10.95	
    162	  15.04	  -4.64	  0.029	0.98756							#	   3.03	   9.60	
    163	  20.86	  -6.21	  0.048	0.98685							#	   5.76	   8.85	
    164	  22.90	  -7.98	  0.023	0.99278							#	   3.34	   7.62	
    165	  16.78	   8.98	 -0.013	0.99908							#	   4.82	   8.49	
    166	   7.38	   5.34	 -0.063	1.00035							#	   4.15	   8.41	
    167	   8.15	  -0.34	 -0.024	0.99859							#	   4.51	   8.57	
    168	  23.05	  -9.03	  0.028	0.99842							#	   5.73	   7.06	
    169	  11.20	 -14.70	  0.084	1.00016							#	   4.93	   6.43	
    170	 -12.58	  -0.09	  0.039	0.99883							#	   5.73	   7.94	
    171	  13.18	  -8.36	  0.044	1.00041							#	   3.86	   7.94	
    172	   7.43	  -2.61	 -0.050	1.00194							#	   3.90	   8.45	
    173	  10.68	   6.45	  0.074	0.99796							#	   4.02	   8.85	
    174	  10.65	   2.02	 -0.032	0.99918							#	   4.08	   9.21	
    175	  12.71	  12.39	 -0.048	1.00007							#	   4.29	   7.82	
    176	   2.66	   8.34	 -0.035	0.99961							#	   4.76	   8.69	
    177	   7.73	   4.38	 -0.017	0.99891							#	   4.63	   9.13	
    178	   3.96	  10.31	 -0.046	0.99929							#	   5.19	   9.25	
    179	  13.31	  -3.94	 -0.026	0.99953							#	   4.06	   8.45	
    180	   5.78	  -6.62	 -0.008	0.99996							#	   3.56	   9.21	
    181	   8.75	  -0.64	  0.033	0.99914							#	   3.32	  10.71	
    182	  -0.27	  -0.74	 -0.081	1.00117							#	   4.09	  10.63	
    183	   5.11	  -3.59	  0.088	0.99909							#	   3.74	   9.29	
    184	  20.98	  -4.67	  0.034	1.00015							#	   5.42	   9.09	
    185	  10.68	   6.84	 -0.090	0.99877							#	   3.93	  10.71	
    186	  12.37	  16.77	  0.001	0.99933							#	   5.44	   8.53	
    187	  -5.17	  21.28	 -0.027	1.00020							#	   6.29	  10.00	
    188	  14.92	  -3.56	  0.031	0.99999							#	   4.30	   9.68	
    189	  11.19	  -7.32	 -0.052	0.99963							#	   2.95	   8.37	
    190	  38.05	  -7.97	  0.049	0.99961							#	   6.47	   8.13	
    191	  13.36	   8.25	  0.001	0.99914							#	   2.37	   9.01	
    192	  15.24	  -7.88	  0.030	1.00008							#	   2.86	  11.11	
    193	  12.93	   1.34	  0.070	1.00015							#	   2.61	   9.13	
    194	  18.17	  -0.90	  0.132	0.99983							#	   2.50	   8.77	
    195	  10.71	  -4.53	  0.023	0.99962							#	   1.45	   7.90	
    196	  30.58	  -9.54	  0.035	1.00091							#	   7.73	   8.85	
    197	  17.65	  -5.05	 -0.059	1.00007							#	   1.76	   8.41	
    198	  32.73	  -5.21	 -0.007	0.99896							#	   6.65	  10.32	
    199	   6.10	   8.15	  0.000	1.00049							#	   0.90	  11.07	
    200	  13.02	  -2.98	 -0.003	1.00094							#	   1.52	   9.96	
    201	   4.49	  -0.71	 -0.003	1.00007							#	   0.47	  10.67	
    202	   3.10	  -4.35	 -0.026	0.99939							#	   0.51	  10.24	
    203	   6.69	   0.46	  0.020	1.00017							#	   0.52	  10.56	
    204	  36.30	  -4.39	 -0.019	0.99937							#	  10.45	   3.29	
