      1	  -4.26	   3.66	 -0.012	1.00030							#	   0.55	  61.23	
      2	   0.30	  -0.70	  0.016	0.99994							#	   0.22	  60.82	
      3	  -0.39	  -3.86	  0.009	0.99977							#	   1.07	  60.82	
      4	  -1.75	  -4.81	 -0.021	1.00054							#	   1.37	  61.34	
      5	   4.11	   4.41	 -0.017	0.99996							#	   1.29	  59.66	
      6	  -6.59	  -6.00	 -0.028	1.00018							#	   2.48	  60.19	
      7	  -2.69	  -4.38	 -0.007	1.00027							#	   0.76	  58.97	
      8	  -8.25	   9.12	 -0.046	0.99892							#	   3.47	  60.19	
      9	  -5.47	  -2.08	 -0.101	1.00041							#	   0.51	  60.59	
     10	   1.70	   0.88	 -0.035	0.99994							#	   0.19	  62.15	
     11	  -6.35	  -2.01	 -0.018	0.99998							#	   0.62	  62.38	
     12	   0.27	   5.45	 -0.041	1.00122							#	   0.86	  61.34	
     13	  -0.95	   3.81	 -0.015	0.99364							#	   0.82	  60.71	
     14	   1.63	  -0.27	 -0.021	0.96729							#	   6.26	  57.29	
     15	   5.38	  -2.09	 -0.055	0.96457							#	   3.07	  45.08	
     16	   9.11	   5.03	  0.036	0.94567							#	   6.80	  41.78	
     17	   9.32	  -4.95	 -0.064	0.94230							#	   3.62	  49.94	
     18	  17.59	  -3.90	 -0.048	0.94853							#	   3.67	  52.03	
     19	  18.11	  -6.15	 -0.023	0.95695							#	   2.58	  52.84	
     20	  11.86	  -3.98	  0.019	0.96681							#	   2.47	  56.48	
     21	   9.90	   3.08	 -0.006	0.97785							#	   1.93	  59.66	
     22	   6.96	   1.54	  0.027	0.98300							#	   1.12	  60.36	
     23	  -2.09	  -5.14	 -0.005	0.98334							#	   0.97	  62.85	
     24	  -1.81	  -2.77	 -0.002	0.97670							#	   1.47	  60.82	
     25	  21.90	  -7.04	 -0.034	0.95819							#	   4.14	  41.96	
     26	  21.41	 -12.93	  0.076	0.94176							#	   4.57	  44.44	
     27	   9.27	  -6.30	  0.147	0.94564							#	   4.36	  51.45	
     28	   9.16	   5.42	  0.140	0.95153							#	   4.38	  52.37	
     29	   9.90	  -4.68	  0.040	0.95569							#	   3.71	  53.88	
     30	  19.14	   0.39	  0.049	0.95236							#	   3.51	  55.50	
     31	  17.49	  -2.55	  0.020	0.94967							#	   3.65	  52.95	
     32	  20.52	   5.19	 -0.056	0.94672							#	   4.70	  43.69	
     33	  34.38	  -9.96	  0.074	0.92945							#	   5.02	  37.50	
     34	  36.94	 -14.00	  0.062	0.92197							#	   5.72	  35.71	
     35	  36.52	 -18.21	  0.110	0.92435							#	   6.03	  31.31	
     36	  16.50	  -3.29	  0.004	0.93427							#	   3.78	  33.51	
     37	   2.93	  -4.27	 -0.050	0.94718							#	   3.31	  35.30	
     38	  -1.06	  -0.49	 -0.028	0.94428							#	   4.19	  39.53	
     39	   4.05	  -7.74	 -0.085	0.93834							#	   5.28	  38.54	
     40	  11.70	  -4.62	  0.016	0.93618							#	   4.92	  34.78	
     41	   1.34	  -3.21	  0.012	0.94791							#	   4.35	  37.67	
     42	  11.50	   5.83	  0.046	0.97642							#	   2.91	  40.10	
     43	 -14.28	  14.39	  0.043	1.00032							#	   5.28	  36.69	
     44	  -0.21	  19.55	  0.033	0.99932							#	   2.75	  37.79	
     45	  13.49	   9.08	 -0.062	1.00018							#	   2.97	  42.13	
     46	   5.34	   4.96	 -0.057	1.00005							#	   0.95	  46.06	
     47	   6.15	  -3.40	 -0.020	0.99917							#	   0.60	  46.59	
     48	  15.68	  -4.28	  0.030	1.00004							#	   1.69	  44.33	
     49	  16.83	   0.06	 -0.037	0.99924							#	   1.65	  43.81	
     50	  10.94	   4.46	 -0.013	1.00016							#	   1.73	  44.62	
     51	   6.28	  -3.11	  0.029	0.99962							#	   1.21	  47.57	
     52	  12.89	   2.63	  0.010	0.99969							#	   2.69	  46.30	
     53	  21.29	   2.26	  0.041	0.99974							#	   1.52	  29.92	
     54	  45.20	  -0.24	  0.017	0.99937							#	   2.50	  19.16	
     55	  50.55	   1.64	  0.012	0.99861							#	   2.63	  18.92	
     56	  43.27	   5.68	  0.006	0.99877							#	   3.82	  24.88	
     57	  41.58	  -0.64	  0.001	0.99895							#	   1.05	  22.57	
     58	  51.04	  -8.96	 -0.021	0.99876							#	   5.72	  20.14	
     59	  46.91	  -4.52	  0.024	0.99887							#	   2.22	  22.80	
     60	  42.40	  -0.27	 -0.018	0.99967							#	   1.22	  21.47	
     61	  53.37	  -7.30	 -0.071	0.99831							#	   4.20	  16.84	
     62	  52.48	   5.32	 -0.075	1.00055							#	   2.70	  16.49	
     63	  47.78	   2.22	  0.016	1.00001							#	   3.11	  19.27	
     64	  45.89	   7.08	  0.027	0.99889							#	   4.61	  18.06	
     65	  24.73	  -3.28	  0.036	0.99917							#	   1.03	  20.20	
     66	  27.27	   3.22	  0.002	0.99971							#	   0.93	  25.41	
     67	  31.25	   1.51	  0.003	0.99964							#	   0.35	  20.43	
     68	  41.47	   6.41	 -0.008	1.00025							#	   3.02	  12.09	
     69	  53.31	  -6.50	 -0.091	0.99919							#	   3.17	  14.87	
     70	  35.42	  -8.09	 -0.027	0.99785							#	   3.18	  16.44	
     71	  15.36	  -8.74	 -0.014	1.00021							#	   7.61	  30.21	
     72	 -12.01	   3.19	 -0.035	0.99999							#	   1.70	  38.43	
     73	  -1.84	  -0.56	  0.066	1.00023							#	   0.29	  35.65	
     74	   2.56	   2.80	 -0.008	0.99986							#	   0.65	  28.99	
     75	  29.30	  -7.89	  0.070	0.99874							#	   2.98	  18.23	
     76	  36.53	   4.62	 -0.110	0.99838							#	   1.52	  17.25	
     77	  26.51	   8.18	 -0.039	0.99918							#	   4.38	  18.11	
     78	   9.33	   6.87	  0.063	0.99913							#	   2.47	  16.55	
     79	 -14.67	  25.30	  0.117	1.00005							#	   4.50	  25.06	
