      1	   3.03	  -5.04	  0.071	1.00010							#	   1.39	  30.17	
      2	   6.49	   3.12	  0.060	0.99954							#	   1.70	  29.83	
      3	   4.58	   5.48	  0.018	0.99949							#	   1.20	  24.76	
      4	   3.39	  -1.52	  0.010	1.00025							#	   0.61	  24.97	
      5	   1.94	 -19.63	 -0.024	0.99818							#	   8.72	  20.59	
      6	   0.62	   2.96	 -0.115	1.00183							#	   0.47	  17.22	
      7	  -3.50	  -5.07	 -0.003	0.99104							#	   0.84	  13.47	
      8	   0.06	   4.44	 -0.048	1.00825							#	   0.45	  14.06	
      9	  -3.47	  -7.48	 -0.002	0.99940							#	   0.39	  14.69	
     10	   3.75	   5.26	 -0.018	1.00030							#	   0.60	  12.33	
     11	   1.46	 -42.43	  0.162	0.99977							#	   9.03	   6.98	
     12	  -1.19	  63.20	 -0.016	0.99787							#	   1.83	  21.18	
     13	   3.32	  -5.70	 -0.015	1.00426							#	   2.41	  24.41	
     14	  -0.99	  13.54	 -0.015	0.99954							#	   1.81	  27.71	
     15	   1.48	   2.65	  0.049	0.99900							#	   0.14	  30.07	
     16	  -5.65	  -2.02	 -0.092	1.00002							#	   0.66	  31.53	
     17	   3.24	  20.33	  0.055	0.99961							#	   4.23	  26.67	
     18	  -2.44	  -3.35	 -0.015	1.00038							#	   0.23	  24.93	
     19	  -0.23	   6.45	 -0.016	1.00053							#	   0.49	  33.19	
     20	  -4.35	   1.21	 -0.034	0.99728							#	   0.72	  26.67	
     21	  -3.08	  45.22	 -0.022	1.00206							#	   5.65	  22.78	
     22	   1.77	   4.28	 -0.056	0.99920							#	   0.17	  26.91	
     23	   0.51	  -8.50	 -0.043	1.00033							#	   0.44	  25.31	
     24	   4.57	 -10.79	  0.034	0.99971							#	   0.69	  26.25	
     25	   6.92	 -14.33	 -0.041	0.99944							#	   2.56	  30.24	
     26	  10.42	   4.40	  0.010	1.00009							#	   1.60	  31.49	
     27	  13.50	   4.94	  0.016	1.00015							#	   3.68	  31.25	
     28	  12.22	  36.20	 -0.052	1.00157							#	   6.65	  25.76	
     29	  13.88	  51.76	 -0.008	0.99843							#	   4.27	  19.34	
     30	  12.96	  21.93	 -0.045	0.99988							#	   4.71	  19.24	
     31	  14.24	-106.42	  0.014	1.00002							#	   7.86	  21.60	
     32	  10.78	  22.43	 -0.075	1.00009							#	   1.70	  22.26	
     33	  15.13	 -17.41	  0.021	1.00045							#	   3.72	  17.53	
     34	  10.84	 -20.45	 -0.036	1.00029							#	   3.44	  20.56	
     35	  15.11	  16.91	  0.040	0.99964							#	   3.13	  27.05	
     36	   9.71	  13.03	 -0.033	0.99997							#	   1.40	  23.06	
     37	  12.62	 -18.53	 -0.040	0.99994							#	   5.10	  23.75	
     38	  14.45	  -8.98	  0.033	0.99960							#	   2.92	  27.71	
     39	  14.72	   5.16	 -0.006	0.99989							#	   3.36	  30.80	
     40	  12.27	  -8.79	 -0.206	0.99981							#	   2.96	  33.99	
     41	  20.90	   9.05	  0.017	1.00012							#	   5.47	  32.40	
     42	  18.28	  -8.53	 -0.039	0.99957							#	   4.49	  31.42	
     43	  20.62	  -3.28	  0.083	0.99988							#	   5.80	  31.49	
     44	  17.27	  -6.43	 -0.020	1.00002							#	   3.79	  33.68	
     45	  22.99	   4.33	 -0.085	1.00001							#	   6.33	  32.40	
     46	  22.22	  -3.06	 -0.038	0.99880							#	   5.78	  27.74	
     47	  19.90	  15.08	 -0.016	1.00069							#	   4.25	  25.00	
     48	  20.09	  -7.71	 -0.101	1.00040							#	   8.35	  13.09	
     49	  19.32	  -3.30	 -0.161	0.99917							#	   4.33	  12.22	
     50	  27.32	   0.86	 -0.045	1.00042							#	   7.02	  19.79	
     51	  21.00	   8.78	 -0.111	0.99987							#	   3.69	  22.67	
     52	  22.40	  -4.97	 -0.059	0.99992							#	   5.58	  28.06	
     53	  14.52	  -3.61	 -0.094	1.00045							#	   1.97	  29.20	
     54	  19.77	  11.95	 -0.081	0.99870							#	   3.93	  30.31	
     55	   7.17	 -14.99	 -0.231	1.00132							#	   1.81	  30.97	
     56	  20.59	  21.70	  0.007	0.99909							#	   6.26	  27.95	
     57	  11.74	  -6.96	 -0.055	1.00080							#	   1.54	  28.78	
     58	  11.20	  -0.16	 -0.041	1.00016							#	   1.45	  30.69	
     59	  11.00	   5.32	 -0.044	0.99915							#	   1.31	  25.76	
     60	  13.05	  -1.84	  0.005	1.00058							#	   2.30	  23.82	
     61	   2.43	  -7.67	 -0.141	1.00036							#	   1.54	  17.47	
     62	  12.70	  15.61	  0.066	0.99993							#	   6.85	  16.46	
     63	   7.68	  27.81	 -0.055	1.00033							#	   3.18	  20.97	
     64	   4.68	  -5.60	 -0.092	0.99990							#	   0.61	  23.19	
     65	   7.10	  43.49	 -0.112	0.99968							#	   5.25	  18.19	
     66	   5.81	 -60.28	  0.001	0.99990							#	   1.23	  18.09	
     67	   5.36	  24.67	  0.001	0.99913							#	   3.11	  17.67	
     68	   0.48	   0.45	  0.031	0.99664							#	   0.14	  21.46	
     69	   0.48	  -3.38	 -0.087	0.99169							#	   0.42	  21.42	
     70	  -0.57	  -2.51	 -0.083	0.98696							#	   0.78	  26.15	
     71	   5.01	   3.46	 -0.016	0.97797							#	   3.62	  24.65	
     72	   6.16	  -1.75	  0.047	0.97090							#	   5.21	  25.24	
     73	   7.28	 -13.41	 -0.080	0.96473							#	   6.99	  27.71	
     74	  21.53	  19.86	  0.008	0.96441							#	   9.14	  27.22	
     75	  14.27	   4.85	 -0.031	0.96395							#	   4.61	  27.33	
     76	  10.93	  11.95	 -0.127	0.96514							#	   4.59	  27.05	
     77	  14.00	   1.12	 -0.094	0.96861							#	   4.86	  28.09	
     78	  21.92	  26.44	 -0.203	0.97309							#	   6.15	  20.35	
     79	  31.02	  -5.43	 -0.083	0.98241							#	   6.36	  18.47	
     80	  33.86	  -7.74	 -0.153	0.98118							#	   5.75	  23.40	
     81	  34.56	  18.12	 -0.159	0.97973							#	   6.90	  23.23	
     82	  31.64	  12.65	 -0.185	0.97965							#	   6.77	  21.60	
     83	  39.24	   7.77	 -0.039	0.97863							#	   3.86	  15.59	
     84	  28.70	   6.45	 -0.185	0.98278							#	   8.64	  15.03	
     85	  33.75	  17.46	  0.056	0.98090							#	   4.79	  22.43	
     86	  26.76	  19.27	 -0.092	0.98017							#	   8.80	  23.19	
     87	  40.77	  18.67	 -0.066	0.97672							#	   2.96	  16.84	
     88	  38.22	 -13.82	  0.103	0.97630							#	   3.10	  17.78	
     89	  20.60	  -6.22	 -0.049	0.97696							#	   6.45	  23.61	
     90	  17.26	  21.35	  0.065	0.97731							#	   5.18	  24.48	
     91	  17.05	  -6.33	 -0.019	0.98028							#	   4.61	  23.96	
     92	  12.46	  12.71	  0.081	0.97997							#	   4.71	  24.69	
     93	   3.63	 -10.29	 -0.059	0.98018							#	   2.37	  22.50	
     94	  13.04	  16.76	  0.075	0.97934							#	   5.37	  20.31	
     95	   9.82	 -12.93	  0.112	0.98016							#	   4.15	  15.83	
     96	  11.54	   4.80	  0.128	0.97741							#	   5.43	  15.31	
     97	  -0.14	 -10.39	  0.110	0.97645							#	   2.51	  20.56	
     98	  -8.99	   2.96	 -0.028	0.97442							#	   2.20	  21.35	
     99	  11.14	  -0.75	  0.105	0.97519							#	   4.85	  20.83	
    100	   3.82	   8.70	  0.006	0.97711							#	   2.64	  22.12	
    101	  13.23	   4.32	  0.092	0.97742							#	   5.78	  16.98	
    102	   5.32	   8.69	  0.150	0.97358							#	   3.86	  16.49	
    103	   8.15	   7.40	  0.003	0.97698							#	   3.64	  21.01	
    104	  21.16	  -3.49	  0.080	0.97655							#	  11.21	  19.06	
    105	  17.61	 -10.92	  0.023	0.97936							#	   5.41	  18.99	
    106	  29.68	  -3.39	  0.053	0.98249							#	  10.94	  18.06	
    107	   7.19	  -7.83	  0.047	0.98262							#	   1.51	  19.17	
    108	  25.65	   9.52	  0.005	0.98040							#	   7.02	  20.21	
    109	   5.80	  -7.18	  0.094	0.97859							#	   1.84	  21.11	
    110	  13.46	   6.09	 -0.064	0.97924							#	   3.89	  19.27	
    111	   7.93	  23.60	 -0.063	0.98289							#	   3.04	  15.56	
    112	   9.17	 -10.61	 -0.022	0.98585							#	   2.26	  15.56	
    113	  17.22	  33.24	  0.011	0.98639							#	   8.31	  15.49	
    114	  -1.67	  14.30	 -0.117	0.98876							#	   1.33	  16.08	
    115	  18.35	  26.46	  0.008	0.99034							#	   8.08	  17.57	
    116	   3.23	   3.90	 -0.036	0.99012							#	   0.51	  16.98	
    117	   6.32	   9.64	  0.088	0.99085							#	   1.47	  17.60	
    118	  -5.78	  84.36	 -0.138	0.99233							#	   2.59	  13.23	
    119	  -4.16	 -73.22	  0.224	0.99683							#	   1.80	  11.60	
    120	  12.65	   8.32	 -0.031	1.00215							#	   2.44	  11.32	
    121	  30.07	   0.89	  0.025	0.99703							#	  19.63	  13.23	
    122	  -2.77	   5.55	  0.063	1.00217							#	   0.46	  11.98	
    123	  -0.41	  23.35	  0.009	0.99951							#	   2.83	  15.90	
    124	  -2.39	  36.56	 -0.012	0.99981							#	   3.35	  16.08	
    125	   9.46	  56.45	  0.058	1.00051							#	   1.92	  15.00	
    126	   7.38	  33.14	 -0.003	0.99872							#	   3.97	  14.44	
    127	  15.24	  44.56	 -0.072	0.99950							#	   5.69	  14.83	
    128	   9.53	  31.70	 -0.013	0.99953							#	   5.47	  14.83	
    129	  27.14	  31.57	  0.008	0.99936							#	  14.85	  13.33	
    130	  14.96	   8.77	 -0.014	0.99990							#	   2.94	  10.69	
    131	  10.99	  41.79	  0.044	1.00022							#	   3.26	  14.24	
    132	   0.71	  15.41	  0.025	1.00078							#	   1.07	  10.31	
    133	 -14.28	   7.87	 -0.025	0.99891							#	   4.03	  10.49	
    134	  -0.13	   5.52	  0.091	0.99926							#	   0.49	   8.13	
    135	  -9.46	  -7.87	  0.117	1.00020							#	   2.51	   7.36	
    136	 -16.05	 -22.82	 -0.108	0.99696							#	   7.78	   5.38	
    137	  -3.25	 -12.19	  0.359	1.00447							#	   0.70	   4.44	
    138	  -1.65	 -25.40	  0.095	0.99982							#	   3.94	  13.58	
    139	  -0.17	 -35.97	  0.000	0.99992							#	   2.97	   9.44	
    140	  -5.77	 -37.30	  0.130	0.99881							#	   5.17	  10.90	
    141	  -9.85	 -47.96	  0.042	1.00024							#	   2.98	  14.97	
    142	  -2.96	 -34.74	 -0.022	1.00043							#	   5.64	  14.27	
    143	  -9.27	 -22.62	  0.048	0.99927							#	   4.08	  16.56	
    144	  -0.24	 -31.04	 -0.047	1.00061							#	   6.72	  17.50	
    145	   1.82	 -33.52	  0.018	0.99979							#	   4.64	  15.21	
    146	  -5.19	 -25.43	  0.016	1.00007							#	   3.97	  16.67	
    147	  -8.32	 -19.43	  0.137	0.99921							#	   4.12	  17.43	
    148	 -19.11	 -14.32	 -0.042	1.00015							#	   7.14	  18.06	
    149	  -5.18	  21.53	 -0.049	1.00126							#	   1.66	  13.47	
    150	  17.67	 -45.26	  0.027	1.00004							#	   8.19	  13.96	
    151	  -3.09	 -12.24	 -0.044	0.99906							#	   1.14	  14.97	
    152	 -14.83	 -28.66	 -0.036	0.99961							#	   6.54	  16.15	
    153	  -6.25	 -15.97	 -0.014	1.00005							#	   1.57	  16.94	
    154	 -12.87	 -20.89	 -0.033	1.00109							#	   4.20	  18.26	
    155	   2.64	  26.26	  0.268	0.99980							#	   3.42	  18.51	
