      1	  -3.96	  -3.83	  0.054	1.00040							#	   1.48	  46.24	
      2	  -3.89	  -3.24	  0.054	1.00023							#	   1.57	  42.20	
      3	  -1.24	  -2.04	  0.058	1.00018							#	   2.32	  47.58	
      4	  -6.73	  -2.60	  0.006	0.99935							#	   1.80	  41.53	
      5	   0.48	   1.34	  0.044	0.99930							#	   0.53	  42.07	
      6	  -2.22	  -3.00	  0.105	0.99875							#	   1.11	  40.32	
      7	  -4.28	   5.85	  0.005	0.99910							#	   2.47	  36.02	
      8	  -5.99	  -2.71	  0.029	0.99986							#	   1.75	  43.82	
      9	  -1.65	   6.46	  0.033	0.99911							#	   2.96	  43.68	
     10	  -3.21	   3.05	 -0.014	0.99937							#	   0.96	  45.03	
     11	  -4.83	   2.34	 -0.003	0.99937							#	   1.90	  43.68	
     12	  -8.36	  -2.34	 -0.102	1.00141							#	   2.75	  39.38	
     13	  -0.43	   1.43	  0.020	0.99954							#	   0.41	  41.40	
     14	  -2.26	   0.66	  0.027	1.00125							#	   0.31	  40.86	
     15	  -2.84	   2.74	 -0.131	1.00046							#	   0.78	  42.61	
     16	  -3.43	  -2.14	  0.065	0.99909							#	   0.64	  41.94	
     17	  -0.14	   4.04	 -0.127	0.99932							#	   1.56	  39.52	
     18	  -0.03	  -1.32	  0.127	1.00025							#	   1.13	  49.06	
     19	   0.15	  -0.97	 -0.087	1.00063							#	   0.85	  45.97	
     20	  -8.23	  -3.80	 -0.019	1.00061							#	   3.29	  40.86	
     21	  -1.37	   6.93	 -0.115	1.00037							#	   1.35	  37.37	
     22	  -0.91	  -3.28	  0.023	1.00072							#	   0.61	  38.04	
     23	  -2.42	   2.52	 -0.018	0.99955							#	   0.63	  40.73	
     24	  -7.32	  -4.38	 -0.022	0.99980							#	   2.06	  40.73	
     25	  -1.32	   3.30	  0.010	0.99845							#	   0.94	  46.10	
     26	  -4.17	  -0.68	 -0.017	1.00036							#	   1.16	  47.72	
     27	  -2.19	   1.40	 -0.122	0.99900							#	   0.86	  51.75	
     28	  -6.84	  -1.12	 -0.066	0.99996							#	   2.71	  43.82	
     29	  -6.17	  -0.84	 -0.103	1.00046							#	   1.44	  42.34	
     30	  -5.46	   0.78	 -0.037	1.00021							#	   1.85	  40.73	
     31	  -8.26	   0.49	 -0.039	1.00075							#	   3.44	  42.34	
     32	  -6.76	  -1.14	  0.009	1.00012							#	   1.78	  42.47	
     33	   0.57	   3.16	 -0.027	0.99993							#	   0.87	  43.55	
     34	   3.62	  -2.60	  0.077	1.00039							#	   1.83	  47.04	
     35	  -1.04	   2.10	 -0.027	0.99999							#	   1.11	  49.19	
     36	  -2.67	  -7.96	  0.034	0.99990							#	   3.10	  44.49	
     37	  -1.60	   5.33	 -0.097	1.00138							#	   1.65	  44.22	
     38	   2.24	  -4.00	  0.120	0.99990							#	   1.31	  41.40	
     39	   0.10	   0.06	 -0.060	0.99963							#	   0.29	  44.22	
     40	  -0.29	   0.24	  0.046	0.99952							#	   0.40	  44.62	
     41	   3.66	  -0.37	  0.010	0.99937							#	   0.69	  46.91	
     42	   3.15	  -1.14	  0.041	1.00029							#	   0.88	  47.45	
     43	   1.44	  -0.25	 -0.020	0.99955							#	   1.48	  51.75	
     44	   1.73	  -5.10	  0.065	0.99977							#	   2.17	  47.72	
     45	   4.05	   1.24	  0.044	1.00010							#	   2.58	  49.33	
     46	   2.20	   0.26	 -0.033	0.99776							#	   0.71	  42.07	
     47	   0.32	  -5.65	  0.086	1.00461							#	   2.01	  40.59	
     48	  -3.47	   0.34	 -0.005	0.99982							#	   0.73	  44.22	
     49	   0.23	   0.46	  0.010	0.99999							#	   0.22	  44.35	
     50	  -1.71	  -0.57	 -0.065	0.99916							#	   0.36	  43.01	
     51	   2.89	   0.78	 -0.043	0.99953							#	   2.04	  49.46	
     52	  -1.38	  -7.20	  0.010	0.99922							#	   2.79	  46.24	
     53	   2.90	   4.26	  0.071	0.99966							#	   2.73	  43.95	
     54	   3.25	   2.13	  0.053	0.99839							#	   0.99	  46.37	
     55	  -0.54	   5.05	 -0.040	0.99942							#	   1.05	  39.92	
     56	  -3.05	  -3.39	 -0.070	1.00065							#	   0.79	  43.28	
     57	   2.60	   7.60	 -0.047	1.00024							#	   2.07	  39.52	
     58	   1.82	  -0.00	  0.019	1.00066							#	   0.53	  47.58	
     59	   0.08	   0.28	 -0.096	0.99996							#	   1.29	  42.74	
     60	  -1.92	  -1.56	  0.033	1.00017							#	   2.03	  47.58	
     61	   1.64	   1.61	  0.042	0.99966							#	   1.02	  47.45	
     62	   1.07	   1.96	 -0.022	1.00061							#	   1.75	  46.77	
     63	   0.77	   3.67	 -0.005	1.00036							#	   1.42	  40.46	
     64	  -6.12	  -4.29	 -0.025	1.00032							#	   2.73	  37.23	
     65	  -0.62	   7.32	  0.012	1.00061							#	   1.99	  38.58	
     66	   1.80	   2.29	  0.039	0.99926							#	   0.76	  44.49	
     67	   1.85	  -3.23	 -0.034	1.00035							#	   1.04	  38.04	
     68	  -2.22	   0.89	  0.099	0.99948							#	   1.22	  43.28	
     69	   0.85	   1.16	 -0.069	0.99891							#	   1.61	  49.33	
     70	   3.05	  -0.08	 -0.065	0.99849							#	   1.46	  48.79	
     71	   4.58	  -0.39	  0.017	0.99945							#	   2.33	  43.95	
     72	  -1.70	  -6.31	 -0.014	1.00008							#	   2.03	  36.56	
     73	   6.54	   9.65	  0.041	0.99976							#	   4.71	  39.65	
     74	   2.42	   1.32	 -0.005	0.99932							#	   0.29	  47.58	
     75	   4.94	  -4.88	  0.124	0.99947							#	   1.83	  46.77	
     76	  -0.87	  -1.06	  0.070	1.00040							#	   0.31	  52.69	
     77	   0.27	   1.78	  0.007	0.99985							#	   1.32	  50.94	
     78	   1.96	  -1.21	  0.096	0.99961							#	   0.70	  56.05	
     79	  -2.05	   0.51	 -0.038	0.99989							#	   1.91	  50.94	
     80	  -8.95	  -4.85	 -0.110	1.00099							#	   2.83	  42.20	
     81	  -1.67	   5.98	 -0.040	1.00037							#	   1.48	  43.95	
     82	   3.08	   3.27	 -0.048	1.00021							#	   1.19	  44.76	
     83	  -2.97	  -0.95	 -0.101	1.00043							#	   0.96	  45.83	
     84	  -4.43	  -3.67	 -0.058	1.00040							#	   1.13	  42.61	
     85	  -1.15	   3.26	 -0.049	1.00025							#	   1.95	  42.74	
     86	  -3.48	   1.42	 -0.113	0.99981							#	   3.39	  47.04	
     87	   0.35	  -0.27	  0.025	0.99925							#	   1.77	  55.65	
     88	  -1.31	  -1.94	 -0.013	1.00001							#	   0.36	  46.64	
     89	   4.48	   5.32	  0.208	0.99918							#	   1.58	  40.32	
     90	   0.06	  -3.83	  0.106	1.00086							#	   0.77	  45.03	
     91	  -2.33	  -2.70	  0.235	1.00004							#	   0.55	  44.22	
     92	  -7.17	   2.80	  0.176	1.00009							#	   2.46	  43.82	
     93	  -7.23	 -14.99	 -0.005	1.00066							#	   6.84	  38.17	
     94	  -4.85	  -3.35	 -0.059	0.99969							#	   1.38	  45.83	
     95	   2.97	   0.86	  0.023	1.00071							#	   0.39	  51.34	
     96	  -0.56	  -9.64	 -0.020	0.99993							#	   2.66	  45.56	
     97	   3.78	  -9.10	  0.011	0.99984							#	   1.96	  44.49	
     98	   0.76	  -2.46	 -0.022	1.00030							#	   0.30	  44.49	
     99	   4.47	   5.27	  0.019	0.99844							#	   1.11	  41.13	
    100	  -2.90	 -11.51	  0.029	1.00099							#	   3.25	  41.40	
    101	   2.13	   5.80	 -0.017	1.00003							#	   0.87	  41.67	
    102	  -2.68	 -10.67	  0.025	0.99966							#	   3.33	  43.68	
    103	  -1.89	   3.78	 -0.030	0.99946							#	   1.93	  47.31	
    104	  -0.95	   8.70	 -0.337	0.99968							#	   2.80	  48.25	
    105	  14.32	   5.44	 -0.075	0.99879							#	   4.97	  41.13	
    106	  11.42	  -0.59	  0.113	0.99944							#	   2.07	  42.34	
    107	   0.21	  -8.04	  0.087	0.99891							#	   2.29	  35.62	
    108	 -14.48	  -2.68	  0.061	1.00061							#	   8.37	  24.06	
    109	  -8.27	  13.05	  0.062	0.99806							#	   5.53	  33.47	
    110	   5.84	   2.67	  0.031	0.99992							#	   0.68	  45.43	
    111	   8.26	   1.42	 -0.047	0.99977							#	   1.57	  48.25	
    112	  -0.99	  -3.04	 -0.037	1.00015							#	   0.76	  51.61	
    113	   5.05	  -7.69	  0.094	1.00022							#	   2.49	  47.85	
    114	   6.59	  -1.49	  0.057	1.00004							#	   0.79	  44.62	
    115	   7.44	   6.65	 -0.168	0.99940							#	   1.72	  40.32	
    116	  -2.26	  -0.35	 -0.144	0.99764							#	   0.35	  45.16	
    117	  -2.98	   2.66	 -0.009	1.00087							#	   0.55	  39.11	
    118	  -8.20	  -3.61	  0.008	1.00017							#	   1.49	  41.94	
    119	  -8.41	   7.33	 -0.078	1.00015							#	   3.87	  39.38	
    120	 -12.31	   0.68	 -0.036	0.99290							#	   5.21	  44.62	
    121	  -3.81	   2.47	  0.010	0.97875							#	   2.00	  47.85	
    122	  -0.13	  -0.88	 -0.028	0.96601							#	   2.71	  42.34	
    123	   3.65	   3.44	 -0.068	0.96551							#	   2.58	  37.37	
    124	  -0.07	   3.02	 -0.012	0.97163							#	   1.93	  34.14	
    125	   4.09	  -0.61	  0.132	0.97613							#	   1.16	  39.25	
    126	  -0.54	   7.30	  0.075	0.98071							#	   2.80	  36.42	
    127	   4.34	  -1.06	  0.133	0.98466							#	   1.02	  35.89	
    128	   4.01	  -6.28	 -0.014	0.98775							#	   1.70	  40.59	
    129	   6.90	   3.94	  0.063	0.98751							#	   4.13	  42.61	
    130	   4.39	  -4.73	  0.085	0.98708							#	   2.21	  43.28	
    131	  -5.71	  -8.95	  0.068	0.97912							#	   2.16	  35.89	
    132	 -12.80	  -6.77	  0.030	0.97111							#	   3.70	  32.53	
    133	   0.21	   3.13	  0.028	0.97000							#	   2.53	  29.84	
    134	   3.86	  -9.09	  0.026	0.96943							#	   2.23	  30.38	
    135	   3.08	   6.22	  0.003	0.96263							#	   5.00	  26.21	
    136	  -9.80	 -15.22	  0.049	0.96385							#	   2.53	  24.19	
    137	  -7.89	 -25.84	  0.295	0.97215							#	   5.10	  25.40	
    138	 -20.91	 -21.36	  0.171	0.98551							#	   3.76	  25.54	
    139	 -18.39	 -26.91	  0.112	0.99650							#	   3.43	  25.94	
    140	 -15.83	 -27.39	 -0.031	0.99353							#	   3.69	  23.79	
    141	  -9.82	 -22.23	 -0.008	0.98463							#	   5.51	  22.04	
    142	 -13.51	 -29.96	  0.065	0.98804							#	   3.20	  23.25	
