      1	 -15.15	 -29.36	  0.087	0.99976							#	  12.16	  55.78	
      2	 -16.53	  -5.64	 -0.073	0.99972							#	   3.89	  50.13	
      3	  -8.47	  -4.96	  0.119	0.99988							#	   2.23	  47.85	
      4	 -19.13	   0.75	  0.049	0.99859							#	   2.61	  42.61	
      5	 -22.24	   0.21	  0.000	1.00012							#	   1.78	  49.33	
      6	 -12.93	   2.68	  0.021	0.99701							#	   2.53	  31.18	
      7	  -1.29	  -2.14	  0.017	1.00103							#	   0.62	  40.99	
      8	  -5.05	  -3.23	  0.038	1.00123							#	   1.25	  28.76	
      9	  -3.57	 -20.14	  0.008	1.00035							#	   2.61	  37.63	
     10	 -13.13	 -31.99	  0.088	0.99983							#	   3.86	  27.02	
     11	 -27.59	 -13.84	  0.055	0.99951							#	   3.20	  24.46	
     12	  -7.18	 -10.33	  0.067	1.00074							#	   3.83	  38.44	
     13	  24.31	 -26.52	  0.086	1.00047							#	   1.76	  38.98	
     14	  21.38	  -8.48	  0.051	0.99968							#	   4.89	  43.41	
     15	 -16.23	  -4.57	  0.071	0.99971							#	   4.19	  55.51	
     16	 -15.25	  -8.29	  0.003	1.00042							#	   5.86	  58.60	
     17	 -16.94	  10.75	 -0.003	1.00006							#	   4.81	  40.05	
     18	  -3.44	  21.67	 -0.073	0.99917							#	   2.23	  25.13	
     19	  -1.91	  30.16	 -0.086	0.99919							#	   0.61	  30.38	
     20	  -3.41	  13.57	 -0.122	0.99956							#	   2.82	  36.16	
     21	 -14.99	   6.81	 -0.033	0.99922							#	   3.99	  47.85	
     22	  -0.21	  11.17	 -0.016	0.99981							#	   2.20	  53.63	
     23	  -7.98	  14.06	  0.035	1.00009							#	   4.07	  52.55	
     24	   1.31	   2.18	  0.015	0.99789							#	   0.68	  38.98	
     25	   0.10	  -7.59	  0.018	0.99999							#	   1.27	  50.27	
     26	  -0.87	  -7.85	 -0.031	1.00035							#	   1.49	  46.51	
     27	  -3.84	 -12.06	 -0.052	0.99965							#	   3.46	  43.95	
     28	  -6.16	   0.56	 -0.029	0.99944							#	   0.95	  38.31	
     29	 -13.04	  25.60	 -0.120	0.99811							#	   6.27	  24.87	
     30	  -1.00	  15.18	 -0.043	0.99964							#	   2.75	  40.86	
     31	  -8.60	  15.20	 -0.034	0.99954							#	   4.65	  44.22	
     32	   0.09	  16.11	 -0.009	0.99944							#	   3.36	  59.95	
     33	  -3.21	   2.83	 -0.023	0.99812							#	   0.69	  45.83	
     34	  -4.56	  17.70	 -0.076	0.99880							#	   3.35	  45.70	
     35	   5.60	   4.52	  0.094	0.99918							#	   1.75	  48.39	
     36	  -1.24	  -2.80	  0.008	1.00125							#	   0.65	  50.81	
     37	   1.12	 -12.45	  0.118	0.99974							#	   3.23	  55.51	
     38	   0.81	  -3.06	  0.140	1.00114							#	   0.61	  55.11	
     39	   0.13	   0.17	  0.019	1.00028							#	   0.20	  70.43	
     40	   7.05	  -0.08	  0.051	0.99964							#	   1.78	  63.44	
     41	  14.67	 -18.17	  0.080	1.00028							#	   8.50	  46.91	
     42	  13.13	 -14.04	  0.001	1.00064							#	   3.63	  41.40	
     43	  79.35	 -14.25	  0.071	1.00027							#	   5.66	  22.04	
     44	 -12.79	 -40.48	  0.100	1.00106							#	   4.40	  21.37	
     45	  40.40	 -25.96	  0.046	1.00064							#	   2.21	  16.40	
     46	  58.72	 -11.46	 -0.021	1.00011							#	   2.77	  31.32	
     47	  13.21	 -21.68	  0.138	1.00068							#	   4.22	  39.11	
     48	 -45.44	 -29.76	  0.077	0.99975							#	   3.52	  23.52	
     49	 -62.28	  -8.01	 -0.024	1.00071							#	   1.94	  25.54	
     50	 -66.44	  15.09	 -0.049	0.99997							#	   4.26	  14.78	
     51	 -32.34	  17.42	 -0.106	0.99988							#	   2.62	  27.82	
     52	  22.68	   7.14	 -0.054	0.99948							#	   2.56	  32.93	
     53	  73.58	  -0.36	  0.046	1.00012							#	   2.74	  34.01	
     54	   0.30	   7.89	 -0.001	0.99991							#	   1.46	  49.06	
     55	 -33.28	  23.89	 -0.076	0.99982							#	   1.22	  36.29	
     56	  17.16	  15.65	  0.009	1.00027							#	   7.11	  51.75	
     57	  -3.87	  16.74	 -0.073	1.00056							#	   2.27	  39.52	
     58	 -29.20	  24.45	  0.013	0.99995							#	   0.82	  27.02	
     59	  -2.28	  -0.05	 -0.006	1.00083							#	   0.56	  55.65	
     60	  -0.40	   6.28	 -0.047	1.00097							#	   0.72	  59.68	
     61	   1.41	  -2.86	  0.055	1.00207							#	   0.42	  60.22	
     62	   6.95	   0.37	  0.045	0.99973							#	   1.46	  67.74	
     63	  31.60	   1.66	  0.022	0.99840							#	   0.41	  59.41	
     64	  45.18	   8.27	  0.065	1.00021							#	   9.12	  43.68	
     65	  34.79	   6.41	 -0.015	1.00009							#	   1.13	  29.84	
     66	  68.17	   6.09	  0.029	0.99868							#	   3.23	  24.46	
     67	  82.09	  -0.30	  0.047	1.00035							#	   2.99	  29.17	
     68	  65.59	  12.74	  0.068	0.99972							#	   3.42	  49.06	
     69	  66.66	   6.40	 -0.007	0.99926							#	   2.05	  37.10	
     70	  76.68	  12.23	  0.095	1.00088							#	   5.87	  37.10	
     71	  72.58	   4.51	 -0.001	1.00064							#	   2.79	  33.33	
     72	  62.00	  14.54	  0.031	1.00084							#	   4.49	  48.39	
     73	  58.21	  14.18	  0.070	1.00130							#	   4.40	  54.70	
     74	  54.88	  22.88	  0.064	1.00070							#	   3.97	  43.28	
     75	  67.83	   7.27	  0.107	1.00031							#	   2.44	  41.13	
     76	  77.83	  14.36	  0.010	0.99851							#	   8.97	  28.23	
     77	  73.23	   0.41	  0.006	0.99869							#	   1.80	  21.91	
     78	  34.43	  16.19	  0.062	0.99970							#	   3.64	  33.74	
     79	  37.60	  18.44	  0.037	0.99926							#	   2.58	  25.81	
     80	  44.90	  24.34	  0.200	1.00460							#	   1.90	  18.28	
     81	  23.50	  25.33	  0.081	1.00086							#	   4.48	  21.37	
     82	   6.61	  15.09	  0.138	1.00155							#	   2.87	  54.17	
     83	 -10.21	   0.21	  0.068	1.00034							#	   6.47	  63.98	
     84	  16.96	  -0.73	  0.087	1.00098							#	   4.34	  55.65	
     85	  27.18	  -3.71	  0.053	1.00119							#	   3.13	  52.55	
     86	  16.54	   4.01	  0.103	0.99874							#	   4.29	  56.59	
     87	  10.37	  -5.65	  0.215	1.00072							#	   2.39	  62.23	
     88	  15.04	  -0.04	  0.080	1.00032							#	   3.99	  69.35	
     89	  -3.23	   0.05	 -0.037	1.00179							#	   2.18	  67.74	
     90	  -8.61	   1.14	 -0.016	1.00018							#	   4.13	  64.25	
     91	  -5.00	  -4.37	  0.011	1.00022							#	   1.85	  66.40	
     92	   8.09	  -1.57	  0.055	0.99983							#	   1.72	  65.59	
     93	  14.93	 -14.11	  0.047	1.00019							#	   7.31	  69.76	
     94	   3.37	  -7.77	  0.081	1.00121							#	   1.01	  67.34	
     95	  -1.55	  -8.80	  0.028	1.00064							#	   2.10	  71.37	
     96	  -1.89	   4.22	 -0.050	0.99921							#	   0.71	  68.68	
     97	   6.08	   2.74	  0.129	1.00277							#	   1.34	  66.53	
     98	   5.93	   8.87	  0.124	1.00967							#	   1.71	  58.47	
     99	   2.88	   2.59	  0.116	1.02053							#	   1.32	  58.33	
    100	 -19.07	  11.94	  0.083	1.02126							#	   6.76	  43.95	
    101	 -28.19	   2.43	  0.005	1.01177							#	   0.89	  44.49	
    102	 -18.98	  -0.51	 -0.000	1.00244							#	   3.31	  61.83	
    103	  -4.89	   0.88	  0.030	1.00079							#	   3.95	  64.38	
    104	   1.13	  -2.39	  0.037	1.00462							#	   1.22	  65.32	
    105	 -24.97	   1.89	 -0.025	0.99908							#	   1.81	  56.99	
    106	 -20.89	  14.24	 -0.034	1.00019							#	   6.61	  61.83	
    107	   1.69	   3.06	  0.018	0.99938							#	   0.98	  63.04	
    108	  10.69	   7.62	  0.016	1.00027							#	   4.82	  64.78	
    109	   0.89	  -0.59	  0.058	1.00371							#	   0.89	  68.55	
    110	  12.02	   2.68	  0.181	1.03050							#	   2.70	  43.28	
    111	  -3.82	   4.38	  0.048	1.04527							#	   6.45	  42.47	
    112	 -19.76	  -4.69	 -0.040	1.04670							#	   3.39	  34.01	
    113	 -18.55	  -7.85	  0.034	1.04451							#	   5.98	  33.06	
    114	 -26.30	   6.36	  0.118	1.04568							#	   3.64	  38.17	
    115	 -12.33	  -8.16	  0.137	1.05109							#	   8.39	  39.38	
    116	 -11.49	  -8.29	  0.032	1.04987							#	   6.60	  38.04	
    117	 -15.10	  -6.44	  0.061	1.06792							#	   7.01	  28.23	
    118	  -8.41	  10.49	  0.043	1.06527							#	   8.25	  28.49	
    119	  -4.85	   8.60	 -0.050	1.06403							#	   6.41	  31.72	
    120	 -12.55	   4.00	 -0.030	1.05542							#	   6.83	  36.42	
    121	 -21.91	   1.47	  0.025	1.05397							#	   4.17	  35.62	
    122	 -11.89	   6.07	 -0.021	1.05722							#	   6.09	  37.50	
    123	   3.88	   1.90	 -0.034	1.06465							#	   5.30	  31.45	
    124	  10.51	   5.56	 -0.066	1.06427							#	   5.14	  36.29	
    125	   4.37	  -3.39	 -0.089	1.04931							#	   3.81	  47.72	
    126	   4.47	   4.56	  0.033	1.02337							#	   1.43	  57.39	
    127	  -1.93	  -1.44	  0.064	1.00644							#	   0.80	  74.19	
    128	  -1.42	  -5.59	  0.009	1.00341							#	   1.06	  71.37	
    129	 -12.62	 -11.30	 -0.094	1.00852							#	   7.41	  66.26	
    130	  -2.85	  -0.43	 -0.050	1.01521							#	   1.03	  62.37	
    131	  -3.41	  -7.20	 -0.052	1.02805							#	   3.74	  61.16	
    132	  -2.40	   0.28	 -0.037	1.03038							#	   2.24	  62.23	
    133	 -10.35	  -4.67	 -0.071	1.03997							#	   6.16	  57.80	
    134	  -0.56	   1.58	 -0.076	1.03260							#	   1.63	  62.50	
    135	  -0.72	  -1.49	 -0.073	1.02573							#	   1.74	  67.74	
    136	   2.66	  -2.88	 -0.013	1.01259							#	   0.86	  77.28	
    137	  -5.14	  -8.46	 -0.042	1.00369							#	   2.57	  86.16	
    138	   2.54	  -0.33	  0.019	1.00016							#	   0.24	  90.73	
    139	   5.33	  -1.51	  0.006	1.00047							#	   1.43	  87.90	
    140	   2.57	   1.41	  0.106	0.99976							#	   0.50	  91.53	
    141	  -7.06	  -0.10	  0.004	0.99985							#	   1.98	  93.28	
    142	  -0.39	  -3.68	  0.030	1.00075							#	   0.76	  92.74	
    143	   1.83	  -2.54	  0.062	1.00109							#	   0.86	  91.26	
    144	   3.20	   0.20	  0.066	0.99889							#	   0.76	  90.19	
    145	  -4.65	  -6.09	  0.045	1.00042							#	   3.78	  89.25	
    146	   1.81	   1.00	  0.126	0.99999							#	   0.26	  91.94	
    147	   5.80	   0.49	  0.022	0.99924							#	   2.14	  90.59	
    148	   9.53	   0.47	  0.006	1.00101							#	   4.24	  89.25	
    149	   0.32	   1.46	 -0.049	0.99947							#	   0.19	  89.92	
    150	  -6.95	   8.57	 -0.033	0.99896							#	   6.26	  88.84	
    151	   0.77	  -4.78	  0.139	0.99966							#	   0.87	  88.44	
    152	   7.75	  -6.04	  0.130	1.00006							#	   3.63	  89.25	
    153	   4.10	   0.08	  0.076	0.99980							#	   0.51	  90.46	
    154	  12.21	  -3.64	  0.019	1.00022							#	   4.60	  88.31	
    155	   5.30	  -2.43	 -0.077	1.00164							#	   0.98	  86.83	
    156	   0.38	  -4.73	 -0.037	0.99989							#	   0.87	  87.37	
    157	 -18.74	  -5.57	 -0.035	0.99882							#	   6.17	  85.08	
    158	 -14.42	   1.99	 -0.063	0.99914							#	   4.45	  87.77	
    159	 -15.51	   0.65	 -0.077	0.99938							#	   5.85	  89.38	
    160	 -10.76	  -0.84	 -0.051	0.99965							#	   3.25	  85.62	
    161	  -8.66	  -2.18	  0.048	1.00067							#	   2.69	  87.50	
    162	   1.19	   2.50	  0.150	0.99960							#	   0.31	  88.98	
    163	   0.97	  -0.60	  0.014	0.99980							#	   0.15	  90.19	
    164	   2.93	  -1.26	 -0.049	1.00020							#	   0.32	  89.78	
    165	  -3.71	   0.71	 -0.073	0.99976							#	   0.96	  90.99	
    166	   3.35	   7.49	  0.011	1.00019							#	   2.27	  91.26	
    167	   4.21	   1.14	  0.094	0.99970							#	   0.97	  88.71	
    168	   3.01	  -0.03	  0.057	0.99979							#	   0.63	  91.26	
    169	  -4.08	  -2.45	 -0.084	1.00263							#	   1.81	  90.73	
    170	  -1.03	   1.57	 -0.009	0.99875							#	   0.64	  90.86	
    171	   5.05	  -0.40	 -0.003	0.99919							#	   1.40	  90.73	
    172	  -0.49	  -0.25	  0.033	1.00045							#	   0.39	  92.61	
    173	  -9.55	  -1.06	  0.016	1.00002							#	   7.14	  89.65	
    174	  -2.69	   2.42	  0.035	0.99940							#	   0.58	  88.84	
    175	   6.03	   2.68	  0.045	0.99981							#	   1.68	  88.98	
    176	   3.73	  -1.18	  0.017	1.00000							#	   0.72	  90.19	
    177	  -6.02	  -3.52	 -0.017	1.00079							#	   1.97	  87.10	
    178	   6.86	   2.04	  0.030	0.99871							#	   1.90	  88.84	
    179	   8.56	  -1.91	 -0.061	1.00180							#	   3.29	  88.71	
    180	   1.14	   1.85	  0.013	0.99832							#	   0.40	  89.38	
    181	  -3.36	  -0.10	 -0.007	0.99956							#	   0.90	  90.05	
    182	   3.09	   2.03	  0.131	0.99975							#	   0.99	  89.52	
    183	   1.06	   1.83	  0.088	0.99924							#	   0.48	  89.38	
    184	   0.63	  -1.95	  0.016	1.00009							#	   0.49	  88.98	
    185	  -4.79	  -1.35	 -0.025	1.00074							#	   2.76	  87.50	
    186	  -1.25	   2.32	 -0.032	0.99904							#	   0.87	  86.83	
    187	   6.06	   3.50	  0.003	0.99940							#	   3.26	  86.42	
    188	   2.77	   2.33	 -0.013	1.00049							#	   0.69	  86.69	
    189	  -8.49	   3.89	 -0.066	0.99953							#	   6.66	  81.45	
    190	   0.43	   1.15	  0.111	0.99900							#	   0.16	  90.05	
    191	  -0.60	  -3.49	  0.042	1.00019							#	   0.74	  87.10	
    192	  -8.80	  -2.13	 -0.089	1.00181							#	   3.72	  87.23	
    193	  -2.87	   0.64	 -0.014	0.99943							#	   0.62	  88.31	
    194	   9.88	   0.01	  0.036	0.99935							#	   3.18	  89.38	
    195	  12.44	   3.49	  0.018	0.99957							#	   4.06	  88.71	
    196	 -10.95	  -0.04	 -0.066	1.00059							#	   4.36	  89.78	
