      1	  -7.51	   0.55	  0.199	1.00028							#	   3.34	  15.45	
      2	 -14.94	  -0.19	  0.048	0.99919							#	   0.93	  17.36	
      3	 -10.95	  -5.23	  0.067	1.00015							#	   1.12	  14.83	
      4	  -0.06	  -3.86	  0.039	1.00020							#	   0.24	  18.58	
      5	   0.94	   5.67	  0.042	1.00047							#	   0.33	  17.12	
      6	  -0.65	  -2.16	  0.037	1.00037							#	   0.15	  18.33	
      7	  -2.59	   2.18	  0.040	0.99987							#	   0.21	  17.19	
      8	  -3.19	   4.88	  0.065	1.00029							#	   0.42	  17.64	
      9	   0.66	   0.39	  0.006	1.00039							#	   0.43	  17.85	
     10	  -0.06	   1.71	  0.040	0.99995							#	   0.39	  18.99	
     11	  -6.20	  -4.83	  0.033	0.99933							#	   1.96	  16.94	
     12	  -0.01	  -7.73	  0.108	1.00005							#	   0.96	  18.30	
     13	  -2.38	  -0.08	  0.124	0.99966							#	   0.45	  17.81	
     14	 -13.52	  -1.67	  0.010	0.99966							#	   2.26	  15.42	
     15	 -13.00	   1.50	  0.060	0.99966							#	   0.96	  15.87	
     16	   0.46	   6.42	 -0.106	0.98351							#	   0.99	  15.73	
     17	  -1.41	   5.89	  0.055	0.97508							#	   1.76	  14.58	
     18	   5.49	   4.41	  0.046	0.97333							#	   1.68	  16.18	
     19	  -4.64	   2.88	  0.365	0.97621							#	   1.63	  15.66	
     20	  -9.95	  -3.87	  0.316	0.98332							#	   2.24	  17.92	
     21	   1.41	  -5.46	  0.160	0.97741							#	   1.82	  16.94	
     22	   1.52	  -5.75	  0.070	0.97536							#	   2.03	  17.40	
     23	  -2.01	   4.89	  0.068	0.97420							#	   2.17	  17.22	
     24	  -4.02	   0.81	 -0.046	0.97534							#	   2.16	  16.56	
     25	  -4.94	  -1.92	 -0.070	0.97639							#	   2.20	  18.54	
     26	   0.32	  -1.04	 -0.083	0.97585							#	   1.92	  18.06	
     27	  11.46	 -17.98	 -0.046	0.97056							#	   9.08	  17.08	
     28	  12.40	  -9.13	 -0.019	0.96219							#	   2.52	  18.23	
     29	   7.37	  -9.75	 -0.016	0.95995							#	   4.82	  17.43	
     30	   0.23	  -9.84	 -0.039	0.95351							#	   4.55	  19.24	
     31	  -3.69	  -5.43	 -0.045	0.95429							#	   4.29	  18.72	
     32	   4.83	 -18.84	  0.022	0.95134							#	   9.66	  19.93	
     33	  15.37	 -13.34	 -0.061	0.94947							#	   4.47	  19.34	
     34	  15.45	 -18.27	  0.010	0.94296							#	   7.74	  18.78	
     35	  -1.38	 -19.36	 -0.051	0.94798							#	   5.84	  15.00	
     36	   0.16	 -30.64	 -0.145	0.95697							#	   5.30	  19.41	
     37	  15.70	 -12.00	 -0.012	0.96223							#	   6.61	  17.36	
     38	  22.24	 -13.06	 -0.035	0.96902							#	   5.68	  18.26	
     39	  12.35	 -15.88	  0.010	0.96955							#	   5.71	  23.13	
     40	  -3.87	 -11.62	 -0.016	0.96766							#	   3.25	  22.81	
     41	  -4.65	  -7.27	 -0.027	0.97252							#	   2.26	  23.99	
     42	 -20.61	  -7.22	 -0.081	0.97122							#	   5.42	  21.88	
     43	 -12.60	 -15.25	 -0.029	0.97085							#	   4.19	  22.08	
     44	   7.14	 -14.04	 -0.005	0.97392							#	   3.57	  20.24	
     45	  -9.31	  -7.88	 -0.022	0.97519							#	   3.99	  18.61	
     46	 -20.55	   3.65	  0.008	0.97301							#	   6.86	  21.42	
     47	 -22.34	  -2.71	 -0.003	0.97585							#	   5.34	  22.15	
     48	  45.94	 -24.44	  0.044	0.99661							#	   8.09	  14.03	
     49	  34.87	   0.01	  0.144	0.99998							#	   8.05	  16.42	
     50	   0.09	  26.86	  0.111	0.99956							#	   3.08	  17.57	
     51	 -16.72	  72.21	  0.087	1.00041							#	   3.13	  16.04	
     52	  -6.22	  61.63	  0.117	1.00023							#	   0.55	  17.15	
     53	  -6.82	  70.94	  0.049	1.00031							#	   0.71	  17.47	
     54	   1.83	  28.27	  0.014	0.99976							#	   3.40	  22.81	
     55	  -3.14	  58.62	  0.049	0.99900							#	   0.37	  19.79	
     56	 -25.08	  42.76	 -0.094	0.99948							#	  11.07	  21.88	
     57	  -7.31	  39.10	  0.036	0.99931							#	   2.58	  23.75	
     58	   9.85	  37.78	 -0.094	1.00107							#	   3.97	  19.79	
     59	  20.81	  33.30	 -0.003	0.99875							#	   7.72	  22.36	
     60	   6.36	  33.83	 -0.082	0.99953							#	   3.39	  22.85	
     61	   7.17	  17.99	 -0.053	0.99922							#	   2.09	  25.14	
     62	   2.00	  16.57	 -0.019	0.99885							#	   1.42	  27.81	
     63	 -10.93	  26.91	 -0.058	0.99924							#	   4.40	  23.85	
     64	  -5.83	  13.88	  0.034	0.99966							#	   1.23	  20.42	
     65	  -2.82	  34.62	 -0.010	1.00034							#	   5.29	  21.94	
     66	  10.37	  30.53	 -0.045	0.99938							#	   5.75	  22.92	
     67	   9.98	  21.12	 -0.105	1.00062							#	   3.29	  21.70	
     68	  20.29	   2.77	 -0.148	1.00010							#	   3.97	  23.06	
     69	  25.41	 -15.47	 -0.118	0.99934							#	   6.47	  22.64	
     70	  13.99	   0.00	  0.077	0.99942							#	   1.85	  23.96	
     71	  -7.69	   8.97	  0.042	0.99988							#	   1.19	  25.49	
     72	  -0.48	   5.89	 -0.005	1.00008							#	   0.36	  27.74	
     73	  -4.41	   6.27	 -0.003	0.99946							#	   0.63	  25.69	
     74	  -4.34	 -12.03	 -0.036	1.00029							#	   1.28	  23.85	
     75	   2.15	  -5.75	 -0.013	0.99950							#	   0.50	  28.16	
     76	   4.05	   4.29	 -0.042	0.99982							#	   0.86	  26.11	
     77	 -10.29	  10.99	  0.006	0.99928							#	   3.91	  23.82	
     78	 -18.89	  15.83	  0.129	0.99961							#	   6.22	  22.08	
