      1	  -3.93	   1.67	 -0.157	1.00010							#	   3.98	  71.91	
      2	  -1.18	   5.38	 -0.080	0.99953							#	   1.53	  68.95	
      3	   4.81	  -7.54	 -0.118	0.99950							#	   2.69	  67.61	
      4	   2.39	  10.80	 -0.039	0.99972							#	   3.14	  64.38	
      5	   4.88	  -0.71	  0.126	0.99915							#	   1.40	  63.58	
      6	  -7.63	  -4.30	  0.026	1.00007							#	   2.62	  59.01	
      7	  -6.32	   2.09	  0.074	0.99977							#	   6.73	  60.35	
      8	  -1.63	  -3.62	  0.055	0.99883							#	   1.52	  62.23	
      9	  -2.34	  -1.89	 -0.143	1.00070							#	   1.42	  60.48	
     10	  -1.50	   2.28	 -0.069	0.99911							#	   1.22	  61.29	
     11	   9.77	  -4.81	 -0.058	0.99918							#	   3.48	  57.26	
     12	   2.46	  -0.68	 -0.055	0.99942							#	   1.33	  60.35	
     13	  -4.58	   3.01	 -0.020	1.00010							#	   2.27	  60.48	
     14	 -10.51	  -1.61	 -0.011	0.99899							#	   5.68	  58.60	
     15	  -7.72	  -0.93	  0.020	0.99914							#	   2.37	  60.35	
     16	  -8.86	   0.65	 -0.118	0.99939							#	   3.24	  62.63	
     17	  -0.13	  -0.60	 -0.030	0.99971							#	   0.67	  62.77	
     18	   3.88	  -6.35	  0.010	1.00020							#	   1.44	  64.11	
     19	   1.60	  -3.50	  0.004	1.00033							#	   0.62	  71.91	
     20	   6.16	  -3.91	  0.022	0.99953							#	   1.96	  65.32	
     21	   6.65	  -7.48	  0.001	0.99990							#	   3.44	  67.07	
     22	  -6.01	  -1.23	 -0.035	1.00066							#	   2.37	  65.86	
     23	  -5.30	  -4.67	 -0.085	1.00076							#	   3.92	  63.98	
     24	   1.59	  -0.74	 -0.042	0.99882							#	   1.04	  63.84	
     25	  -3.18	  -4.54	 -0.080	0.99165							#	   2.24	  60.62	
     26	  -6.81	  -5.17	 -0.026	0.97992							#	   3.84	  62.63	
     27	  -1.09	  -1.93	  0.062	0.96351							#	   3.05	  62.77	
     28	  -2.48	  -5.21	  0.033	0.95662							#	   4.56	  61.02	
     29	  -6.22	   4.78	  0.082	0.96132							#	   5.16	  61.56	
     30	  -5.79	 -14.25	  0.099	0.97550							#	   6.07	  63.58	
     31	  -2.46	   2.74	  0.030	0.99297							#	   1.07	  63.98	
     32	   0.79	  -3.32	 -0.006	1.00046							#	   1.05	  65.86	
     33	  -0.78	  -3.58	 -0.034	1.00036							#	   0.93	  64.92	
     34	   1.84	  -3.11	  0.033	1.00014							#	   0.81	  65.32	
     35	   4.87	   1.95	 -0.055	0.99991							#	   1.00	  65.86	
     36	  -7.11	   1.20	  0.117	0.99987							#	   4.24	  68.95	
     37	  -3.53	   0.36	 -0.065	1.00241							#	   2.62	  66.94	
     38	   2.06	  -3.63	  0.038	1.02293							#	   2.54	  59.95	
     39	   7.10	   7.26	 -0.005	1.03838							#	   5.34	  57.93	
     40	  -5.12	  11.17	 -0.117	1.04389							#	   4.70	  56.59	
     41	   9.69	   3.74	  0.026	1.03709							#	   3.98	  61.69	
     42	   5.66	   0.63	 -0.031	1.02138							#	   2.15	  63.04	
     43	   8.88	   4.71	 -0.028	1.01296							#	   4.62	  61.96	
     44	   2.89	   2.64	 -0.026	1.00543							#	   2.93	  62.23	
     45	   5.76	   0.10	 -0.023	1.00238							#	   3.52	  58.06	
     46	  -4.32	   1.02	 -0.015	1.00091							#	   2.76	  56.59	
     47	  -6.36	   0.95	 -0.039	1.00014							#	   3.38	  54.70	
     48	  -5.37	  -3.88	 -0.033	0.99963							#	   3.79	  53.76	
     49	  -9.88	   3.28	  0.080	0.99900							#	   3.62	  47.58	
     50	  -9.50	  -5.73	  0.074	1.00010							#	   4.50	  51.08	
     51	   1.57	  -0.74	  0.037	1.00055							#	   3.93	  55.51	
     52	  -4.25	  -0.46	 -0.072	1.00014							#	   2.59	  49.46	
     53	  -1.81	   0.93	 -0.065	0.99925							#	   2.19	  51.88	
     54	  -2.72	 -10.93	 -0.040	0.99995							#	   4.36	  48.66	
     55	   0.17	  -9.71	 -0.049	1.00031							#	   3.79	  49.19	
     56	  -9.77	  -2.93	 -0.038	1.00042							#	   3.34	  48.66	
     57	  -6.10	  -6.39	 -0.004	0.99880							#	   3.44	  50.67	
     58	  -2.93	  16.81	  0.008	1.00223							#	   6.36	  46.51	
     59	  -5.04	  10.54	 -0.007	1.00064							#	   4.18	  45.16	
     60	  -1.94	  -0.05	 -0.064	1.00047							#	   1.69	  46.51	
     61	   0.72	   4.46	 -0.016	1.00055							#	   1.75	  48.92	
     62	  -2.73	  -1.99	  0.009	0.99983							#	   1.84	  48.66	
     63	   2.72	   1.78	  0.004	0.99960							#	   2.07	  52.28	
     64	   2.82	   3.97	  0.034	1.00037							#	   2.04	  52.55	
     65	  -4.60	 -18.42	  0.006	1.00109							#	   9.26	  57.93	
     66	  -8.49	   6.66	  0.011	1.00034							#	   3.51	  53.49	
     67	  -0.23	  -2.11	 -0.027	1.00110							#	   0.88	  56.18	
     68	  -3.59	  11.83	  0.032	1.00023							#	   2.48	  56.18	
     69	  -7.72	   8.02	  0.084	1.00010							#	   1.84	  55.65	
     70	  -3.35	  -0.67	  0.073	0.99947							#	   0.58	  62.37	
     71	   1.98	   2.97	 -0.010	0.99997							#	   0.70	  63.58	
     72	  -6.90	   3.80	 -0.030	1.00112							#	   3.56	  55.91	
     73	  -2.55	   4.04	 -0.014	1.00059							#	   2.73	  54.44	
     74	  -4.96	  -1.03	 -0.019	1.00061							#	   2.74	  56.18	
     75	  -1.57	   0.18	 -0.057	1.00079							#	   2.36	  59.41	
     76	  -4.34	   0.30	 -0.060	1.00056							#	   2.19	  59.81	
     77	  -0.81	   4.67	  0.002	1.00013							#	   3.41	  59.41	
     78	  -4.27	   0.30	  0.018	1.00033							#	   2.08	  57.39	
     79	   1.05	   2.84	  0.065	1.00043							#	   4.51	  60.75	
     80	   7.33	   1.19	 -0.032	0.99986							#	   3.94	  60.35	
     81	   7.09	   5.40	  0.012	0.99989							#	   3.99	  56.59	
     82	   0.62	  -1.47	  0.006	1.00022							#	   1.01	  61.02	
     83	   4.00	   0.17	 -0.110	1.00016							#	   1.43	  55.51	
     84	  -4.29	  -0.43	 -0.038	1.00037							#	   1.64	  60.75	
     85	  -6.11	  -1.57	 -0.006	1.00086							#	   2.12	  60.08	
     86	   0.27	  -9.51	 -0.067	0.99972							#	   3.56	  59.54	
     87	   7.53	 -14.50	 -0.006	1.00023							#	   8.87	  65.46	
     88	  -6.06	  16.91	  0.036	0.99992							#	   4.76	  57.26	
     89	  -4.46	  -5.23	  0.042	1.00015							#	   2.35	  56.05	
     90	   0.21	   6.03	 -0.030	0.99995							#	   2.12	  56.18	
     91	   3.10	   2.23	 -0.052	1.00020							#	   1.22	  58.60	
     92	   0.06	   1.50	 -0.012	0.99941							#	   0.92	  57.93	
     93	  -4.92	  -1.56	 -0.066	1.00107							#	   1.14	  61.42	
     94	  -4.11	  -8.90	 -0.078	1.00006							#	   5.63	  59.41	
     95	  -9.66	  -0.97	 -0.130	1.00032							#	   2.67	  60.08	
     96	 -16.46	  -3.07	 -0.110	0.99971							#	   5.22	  54.03	
     97	 -17.65	  -7.98	 -0.047	0.97812							#	   5.56	  52.96	
     98	   0.79	  -7.35	  0.077	0.95242							#	   3.17	  47.45	
     99	  35.80	 -17.63	  0.170	0.93938							#	   6.32	  34.01	
    100	  39.87	 -12.84	  0.188	0.93027							#	   5.54	  38.71	
    101	  33.91	 -27.55	  0.205	0.94792							#	   4.28	  45.83	
    102	  14.43	 -13.68	  0.077	0.97863							#	   7.59	  38.17	
    103	  -2.50	 -11.71	  0.056	0.99593							#	   2.51	  54.97	
    104	  -3.43	 -11.39	  0.030	1.00011							#	   3.68	  52.96	
    105	   7.17	  -8.60	 -0.052	1.00001							#	   4.01	  54.44	
    106	   4.25	  -2.43	 -0.063	1.00041							#	   2.34	  60.22	
    107	   3.89	  -1.55	 -0.044	0.99969							#	   2.17	  63.17	
    108	   0.95	  -5.00	 -0.042	1.00021							#	   2.77	  65.73	
    109	   0.74	  -0.16	 -0.088	1.00051							#	   2.62	  68.01	
    110	   2.99	   4.75	 -0.015	0.99837							#	   2.85	  57.39	
    111	   5.17	  -0.57	 -0.029	0.98169							#	   2.79	  62.63	
    112	   7.10	  -4.56	 -0.029	0.97432							#	   3.90	  60.75	
    113	   2.62	  -2.89	 -0.011	0.97553							#	   2.53	  61.29	
    114	 -16.46	  -8.80	 -0.019	0.98035							#	   7.80	  64.11	
    115	 -10.35	  -4.78	  0.018	0.98247							#	   2.88	  60.08	
    116	   1.89	  -6.58	 -0.062	0.99061							#	   4.06	  63.71	
    117	   9.67	  -1.04	  0.025	0.99534							#	   5.49	  59.95	
    118	   7.47	   2.24	 -0.026	0.99768							#	   2.39	  55.38	
    119	  14.96	   2.15	 -0.083	1.00026							#	   5.29	  53.76	
    120	   6.31	   5.69	 -0.049	0.99893							#	   2.80	  43.28	
    121	   6.42	   5.01	  0.005	0.99964							#	   3.94	  48.66	
    122	   0.30	   2.53	 -0.028	1.00035							#	   3.58	  47.18	
    123	   4.79	   2.47	 -0.014	1.00027							#	   4.30	  55.24	
    124	  -8.37	  11.54	 -0.032	0.99959							#	   6.88	  54.44	
    125	  -1.91	  20.80	 -0.086	1.00018							#	   4.30	  47.45	
    126	 -12.60	  30.33	 -0.065	0.99460							#	   4.39	  22.85	
    127	 -20.90	  40.56	 -0.035	0.97975							#	   4.69	  19.76	
    128	   3.42	  25.06	 -0.061	0.97456							#	   4.80	  24.06	
    129	   9.89	  -4.96	 -0.014	0.97443							#	   7.08	  33.87	
    130	 -20.91	  -9.46	  0.077	0.99294							#	   6.38	  37.63	
    131	  -1.16	 -27.94	  0.091	1.00015							#	   2.10	  45.16	
    132	   0.11	  -6.18	  0.138	1.00030							#	   2.41	  52.55	
    133	  -5.41	 -16.39	 -0.003	0.99803							#	   5.38	  18.41	
    134	 -85.30	  -2.42	  0.200	0.99559							#	   2.09	  11.02	
    135	 -10.48	  17.11	  0.118	1.00036							#	   4.92	  16.94	
    136	 -16.49	  -2.44	  0.125	1.00072							#	   1.81	  17.61	
    137	 -68.12	  57.56	 -0.680	0.99409							#	   1.51	   6.85	
    138	  15.85	  42.79	 -0.429	1.01466							#	   4.39	   9.41	
    139	 -74.71	  12.40	 -0.624	0.98229							#	   5.73	   8.47	
    140	 -41.75	  20.65	  0.072	0.99335							#	   2.37	   5.65	
    141	  42.09	  14.59	 -0.163	0.99908							#	   2.92	  18.41	
    142	  35.06	 -37.68	 -0.219	1.00157							#	   1.65	  13.31	
    143	  -2.62	 -42.21	  0.233	0.99439							#	   2.84	   9.27	
    144	 -16.07	 -17.94	 -0.155	0.99809							#	   5.70	  33.60	
    145	  -7.53	 -13.59	 -0.229	0.98487							#	   3.41	  46.77	
    146	  -0.65	   1.83	 -0.127	0.97351							#	   3.65	  51.48	
    147	   2.13	  21.67	 -0.138	0.97435							#	   4.92	  32.39	
    148	  34.15	  13.01	 -0.291	0.98712							#	   4.13	  19.22	
    149	  33.07	  -3.38	 -0.187	0.99497							#	   1.95	  27.96	
    150	  38.82	  -6.89	 -0.218	0.99923							#	   2.58	  27.02	
    151	  24.80	   1.77	 -0.393	1.00062							#	   2.74	  27.69	
    152	  21.35	   1.24	 -0.242	0.99902							#	   4.05	  27.42	
    153	  25.24	  -7.48	 -0.102	0.99864							#	   6.36	  27.96	
    154	   6.46	  -3.79	 -0.110	0.99834							#	   2.17	  31.85	
    155	  11.12	  -3.94	 -0.330	1.00014							#	   2.64	  32.39	
    156	  22.14	  -6.68	 -0.284	0.99996							#	   3.83	  33.74	
    157	  22.85	 -27.72	  0.092	0.99829							#	   3.04	  34.95	
    158	 -12.07	 -18.01	  0.088	0.99947							#	   6.31	  27.02	
    159	 -16.87	   5.80	  0.245	1.00093							#	   4.56	  30.51	
    160	  -9.18	   0.63	  0.178	0.99881							#	   4.61	  42.88	
    161	  -1.39	  -3.26	  0.053	0.99747							#	   4.87	  44.76	
    162	  -7.32	 -16.77	  0.025	1.00013							#	   8.93	  43.28	
    163	 -10.32	 -14.62	  0.013	0.99908							#	   4.51	  41.80	
    164	  -9.55	 -12.09	  0.100	1.00086							#	   5.03	  43.68	
    165	  -8.69	 -15.48	  0.049	1.00030							#	   4.71	  49.06	
    166	  -4.73	  -0.73	 -0.051	1.00109							#	   1.85	  52.82	
    167	  10.93	 -11.04	 -0.081	0.99938							#	   5.69	  47.72	
    168	  14.08	  20.42	 -0.092	1.00039							#	   5.74	  51.21	
    169	   1.40	  11.66	  0.022	0.99961							#	   5.04	  51.08	
    170	   5.55	 -10.75	  0.154	0.99977							#	   3.43	  40.73	
    171	   2.07	 -20.07	  0.255	1.00029							#	   3.65	  41.26	
    172	  12.67	 -23.46	  0.181	1.00112							#	   4.65	  39.65	
    173	  18.94	 -18.41	  0.090	1.00111							#	   6.05	  45.16	
    174	   1.62	 -18.82	  0.040	1.00059							#	   4.24	  57.12	
    175	  22.78	   8.49	 -0.113	1.00127							#	   5.03	  44.89	
    176	  23.14	  10.96	 -0.113	1.00166							#	   5.89	  50.81	
    177	  15.82	   1.39	 -0.199	0.99998							#	   6.67	  59.14	
    178	  12.32	   6.69	 -0.208	1.00049							#	   4.09	  50.67	
    179	   0.55	  13.69	 -0.176	0.99996							#	   4.72	  61.16	
    180	   4.15	   1.67	 -0.074	0.99948							#	   0.80	  63.98	
    181	  -6.19	   0.43	 -0.219	1.00114							#	   1.16	  59.27	
    182	  -3.54	  25.16	 -0.283	1.00143							#	   2.46	  33.87	
    183	   4.52	  51.83	 -0.094	0.99817							#	   5.23	  22.58	
    184	   3.08	  52.60	  0.073	0.99944							#	   4.87	  23.92	
    185	   5.23	   4.77	  0.262	1.03936							#	   6.34	  31.45	
    186	 -24.85	   1.75	  0.069	1.10707							#	   9.31	  19.89	
    187	 -29.76	  -6.50	  0.096	1.12242							#	   6.12	  15.59	
    188	   8.22	   2.30	  0.020	1.11058							#	   6.44	  27.02	
    189	  14.17	 -16.90	  0.005	1.09397							#	   5.86	  40.19	
    190	   3.70	 -12.75	 -0.016	1.06677							#	   4.03	  52.96	
    191	   6.23	   1.82	  0.067	1.03611							#	   1.94	  62.63	
    192	   0.26	  -6.62	  0.091	1.01234							#	   1.16	  65.73	
    193	  -4.90	  29.66	  0.059	1.00206							#	   0.65	  61.29	
    194	  -3.02	 -10.50	  0.031	1.00261							#	   1.49	  61.56	
    195	  -4.26	  -2.85	  0.035	1.00232							#	   0.72	  60.22	
    196	  -9.76	   3.12	 -0.058	1.00197							#	   2.96	  59.41	
    197	  -4.91	 -34.68	 -0.006	1.00171							#	   1.26	  65.19	
    198	  -0.92	   7.23	  0.007	1.00151							#	   2.26	  67.07	
    199	   0.44	   0.47	 -0.008	1.00047							#	   0.91	  68.15	
    200	  -2.85	  13.82	 -0.027	1.00071							#	   5.66	  63.58	
    201	  -4.69	  -2.41	  0.053	1.00066							#	   0.67	  60.75	
    202	 -12.58	  -7.58	 -0.001	0.99985							#	   3.24	  56.72	
    203	  -3.10	   8.37	  0.043	1.00050							#	   1.77	  61.29	
    204	  -2.02	  18.10	 -0.031	1.00029							#	   3.94	  59.01	
    205	   3.98	   9.66	 -0.070	0.99933							#	   2.40	  54.70	
    206	  -2.97	  -4.03	 -0.038	1.00011							#	   2.97	  58.47	
    207	  -5.55	  -6.28	 -0.004	1.00050							#	   4.23	  57.12	
    208	  -4.04	  -5.00	 -0.055	0.99981							#	   2.23	  54.30	
    209	  -0.57	   1.25	  0.035	1.00123							#	   1.10	  61.69	
    210	  -1.95	  11.44	  0.000	0.99972							#	   2.36	  57.53	
    211	  -2.59	   2.71	 -0.084	1.00007							#	   2.33	  60.62	
    212	  -0.92	 -11.46	 -0.081	0.99993							#	   5.28	  60.62	
    213	   2.80	  19.66	  0.005	1.00015							#	   3.56	  62.90	
    214	  -2.32	  -6.72	  0.039	0.99956							#	   2.78	  64.65	
    215	   0.04	  10.46	  0.021	0.99977							#	   3.50	  63.71	
    216	   0.79	  -1.55	  0.001	1.00042							#	   0.83	  62.50	
    217	  -1.79	   3.53	 -0.000	0.99991							#	   1.40	  61.83	
    218	   4.26	  -4.30	  0.065	0.99905							#	   1.87	  59.01	
    219	  16.37	  -3.22	  0.082	1.00007							#	   5.34	  59.41	
    220	  11.68	  -2.12	  0.037	0.99979							#	   2.02	  62.50	
    221	   5.99	   1.59	  0.102	0.99927							#	   3.39	  63.71	
    222	  -0.56	  -2.78	  0.054	0.99993							#	   1.99	  70.43	
    223	   3.54	   3.21	  0.070	0.99437							#	   0.98	  63.84	
    224	   0.93	   5.14	 -0.050	0.95883							#	   3.22	  57.12	
    225	 -13.88	  10.54	 -0.142	0.93539							#	   5.96	  48.39	
    226	 -16.39	   4.16	 -0.098	0.91425							#	   5.82	  45.70	
    227	 -10.24	   6.24	 -0.044	0.90743							#	   5.15	  37.10	
    228	 -22.26	  15.89	 -0.243	0.91150							#	   6.97	  36.83	
    229	   0.24	  15.10	 -0.028	0.87387							#	   7.38	  32.66	
    230	 -10.41	  14.94	  0.110	0.91396							#	   4.54	  30.11	
    231	 -32.79	  19.73	  0.238	0.95331							#	   1.48	  27.42	
    232	 -18.00	  24.53	  0.084	0.95780							#	   2.26	  26.48	
    233	   9.48	  32.63	  0.058	0.98470							#	   0.85	  24.60	
    234	  17.71	  34.74	  0.114	0.99920							#	   2.27	  20.30	
    235	  24.77	  28.35	  0.381	0.99872							#	   1.46	  22.45	
    236	   6.64	  37.49	 -0.071	0.99813							#	   3.31	  22.58	
    237	  -1.43	  21.24	  0.052	0.99749							#	   3.06	  31.18	
    238	 -19.01	  14.56	  0.062	0.99894							#	   6.10	  29.84	
    239	 -15.60	   7.04	  0.007	0.99683							#	   4.06	  26.21	
    240	 -20.18	   5.32	  0.092	1.00049							#	   3.48	  31.72	
    241	 -29.89	   8.90	  0.054	0.99741							#	   3.01	  30.11	
    242	 -11.55	  -0.61	 -0.078	1.00000							#	   4.47	  36.02	
    243	  41.72	   1.98	 -0.004	1.04103							#	   3.81	  13.04	
    244	  42.41	  -9.29	  0.041	1.07025							#	   7.42	  10.62	
    245	   8.53	  -1.12	  0.054	1.09208							#	   5.61	  20.83	
    246	   6.24	   5.13	 -0.173	1.09758							#	   5.11	  20.83	
    247	  21.04	   0.56	 -0.223	1.08830							#	   6.24	  23.52	
    248	   2.97	  13.49	 -0.164	1.06631							#	   4.15	  22.45	
    249	 -15.38	   7.02	 -0.016	1.03426							#	   4.67	  28.63	
    250	 -23.97	   4.64	  0.011	1.01487							#	   1.61	  30.51	
    251	   2.69	   1.23	  0.063	1.00721							#	   1.08	  35.89	
    252	  11.85	   2.58	  0.035	1.01628							#	   4.58	  33.06	
    253	  11.04	  -5.96	  0.189	1.02473							#	   4.53	  30.51	
    254	  26.48	 -14.15	  0.314	1.04854							#	   7.29	  28.36	
    255	  21.58	 -12.04	  0.159	1.04784							#	   6.03	  27.82	
    256	  20.24	  -7.05	 -0.061	1.04569							#	   5.77	  28.49	
    257	  68.81	 -17.86	  0.245	1.09740							#	   6.66	  17.07	
    258	  26.04	 -11.02	  0.032	1.05317							#	   5.04	  30.91	
    259	   6.99	  -4.25	 -0.088	1.05376							#	   3.27	  43.28	
    260	  11.36	 -13.52	  0.039	1.04056							#	   4.56	  46.24	
    261	  16.38	 -18.79	 -0.081	1.01171							#	   4.47	  48.12	
    262	   8.46	 -16.40	 -0.116	0.99900							#	   3.85	  52.69	
    263	  -8.49	   6.72	 -0.072	0.99990							#	   2.36	  51.75	
    264	 -13.21	 -34.91	  0.075	0.99972							#	   3.02	  56.05	
    265	 -13.07	  16.22	 -0.094	0.99964							#	   6.54	  55.91	
    266	 -16.71	 -11.23	 -0.244	1.00010							#	   5.25	  56.99	
    267	 -24.90	  -1.45	 -0.164	1.00093							#	   1.39	  55.38	
    268	 -12.05	   8.47	 -0.061	0.99985							#	   3.29	  56.85	
    269	 -12.28	  14.41	  0.070	1.00012							#	   5.69	  55.91	
    270	  -0.08	  10.90	 -0.094	1.00054							#	   2.53	  57.80	
    271	   8.77	  -4.01	 -0.033	0.99914							#	   2.20	  56.72	
    272	   9.23	  -1.81	  0.035	1.00006							#	   2.33	  56.59	
    273	   9.32	  -7.54	 -0.006	0.99904							#	   3.28	  54.70	
    274	  12.79	 -28.50	  0.056	0.99860							#	   3.72	  57.66	
    275	   1.72	   3.60	  0.032	1.00013							#	   1.86	  65.19	
    276	   1.89	  15.12	  0.040	1.00007							#	   3.98	  59.01	
    277	  -1.32	  -2.92	  0.084	0.99956							#	   0.40	  61.42	
    278	  -2.73	  15.53	  0.049	1.00086							#	   4.45	  61.56	
    279	  -5.74	  -1.34	  0.095	1.00056							#	   0.86	  62.77	
    280	   0.92	  -1.00	  0.088	1.00041							#	   0.55	  65.86	
    281	   6.28	  -8.80	  0.075	1.00020							#	   3.21	  62.63	
    282	   2.05	  -8.84	  0.058	1.00001							#	   1.99	  64.52	
    283	  -7.24	 -11.35	  0.056	0.99947							#	   5.18	  62.77	
    284	  -7.51	  -5.00	  0.046	0.99992							#	   1.39	  55.24	
    285	  -4.41	  -2.42	  0.050	1.00059							#	   0.77	  62.63	
    286	   4.78	  -1.23	  0.062	0.99928							#	   1.44	  68.01	
    287	   0.50	   0.56	  0.020	0.99928							#	   0.37	  70.83	
    288	   4.01	   2.79	  0.043	0.99883							#	   1.25	  68.82	
    289	  -6.36	  -0.35	 -0.002	0.99985							#	   3.28	  66.80	
    290	   4.46	   2.03	  0.085	0.99842							#	   1.78	  70.56	
    291	  -1.71	   2.42	  0.008	0.99943							#	   2.42	  69.76	
    292	  -9.61	   3.81	  0.006	0.99928							#	   3.05	  64.78	
    293	  -9.48	   0.40	  0.030	0.99986							#	   2.40	  64.38	
    294	   2.10	   3.23	  0.021	0.99888							#	   2.04	  70.70	
    295	  -4.22	   3.66	  0.020	0.99982							#	   1.79	  66.53	
    296	  -2.82	   3.92	 -0.092	0.99951							#	   1.29	  63.31	
    297	  -5.77	   0.66	 -0.165	0.99932							#	   4.80	  70.16	
    298	  -2.45	  -3.21	  0.083	0.99957							#	   1.98	  70.03	
    299	  -3.03	   1.43	  0.126	0.99995							#	   1.26	  69.35	
