      1	 -17.22	  22.98	  0.098	0.99976							#	  15.17	  51.61	
      2	 -21.24	   2.66	 -0.010	0.99934							#	   5.47	  54.84	
      3	 -20.26	   5.68	 -0.034	0.99764							#	   2.75	  56.18	
      4	  -4.89	   0.18	 -0.097	0.99991							#	   3.04	  69.09	
      5	 -14.31	   5.97	 -0.025	1.00118							#	   2.54	  56.59	
      6	 -10.07	   1.95	 -0.041	1.00009							#	   1.96	  65.46	
      7	 -11.59	  -3.93	 -0.011	0.99987							#	   1.40	  59.95	
      8	 -16.34	   1.59	  0.018	0.99994							#	   2.38	  57.66	
      9	 -17.89	  -0.78	  0.013	1.00068							#	   3.00	  59.68	
     10	 -10.53	   0.91	 -0.080	0.99918							#	   1.61	  65.99	
     11	  -7.02	  -1.14	 -0.045	0.99978							#	   1.32	  65.99	
     12	 -22.34	  -2.94	  0.021	1.00088							#	   7.57	  43.68	
     13	 -31.25	  -3.70	 -0.006	1.00020							#	   1.74	  46.51	
     14	 -12.70	  -5.04	 -0.063	0.99956							#	   4.59	  64.92	
     15	 -23.00	  -3.83	 -0.070	1.00005							#	   2.28	  58.06	
     16	 -13.87	 -11.95	 -0.093	0.99974							#	   4.08	  56.85	
     17	  -9.28	  -1.77	 -0.056	0.99944							#	   1.12	  69.09	
     18	  -9.88	   0.68	 -0.094	0.99927							#	   1.62	  65.05	
     19	 -15.26	  -6.94	 -0.164	0.99903							#	   3.54	  55.91	
     20	  -8.86	   0.78	  0.020	0.99968							#	   1.46	  59.81	
     21	 -12.45	   5.62	 -0.023	0.99923							#	   3.57	  61.02	
     22	 -15.36	  -2.72	  0.127	1.00026							#	   3.05	  57.26	
     23	 -14.16	  -4.39	  0.080	1.00063							#	   2.54	  56.59	
     24	  -3.03	  -7.45	  0.035	0.99907							#	   2.67	  60.22	
     25	 -20.52	   4.21	  0.076	0.99987							#	   3.18	  50.27	
     26	 -33.50	  -5.12	  0.159	0.99958							#	   2.22	  47.31	
     27	 -30.00	   8.19	 -0.045	1.00025							#	   2.86	  50.27	
     28	 -17.05	   2.97	  0.070	0.99861							#	   3.58	  40.46	
     29	 -22.38	   2.50	 -0.114	1.00090							#	   9.68	  46.37	
     30	 -15.68	   2.08	 -0.027	0.99543							#	   1.80	  54.30	
     31	 -14.11	  -2.04	  0.172	1.00239							#	   1.59	  53.36	
     32	 -23.98	 -12.28	  0.037	1.00066							#	   3.64	  35.22	
     33	 -25.33	  18.11	 -0.165	0.99894							#	   5.01	  43.15	
     34	  -8.85	   6.17	  0.036	1.00062							#	   1.64	  59.68	
     35	 -14.93	   5.87	  0.007	0.99777							#	   2.77	  55.78	
     36	 -12.90	   9.83	 -0.097	0.99793							#	   2.04	  53.63	
     37	 -25.27	   7.64	 -0.068	0.99852							#	   4.28	  57.26	
     38	 -17.52	   4.82	  0.053	1.00052							#	   1.98	  46.51	
     39	 -15.04	   1.09	 -0.077	0.99837							#	   1.90	  53.76	
     40	  -5.94	   6.75	 -0.088	1.00083							#	   1.55	  59.14	
     41	 -12.51	   8.36	 -0.012	0.99934							#	   2.34	  51.08	
     42	 -28.22	   8.66	 -0.057	1.00004							#	   3.34	  48.79	
     43	 -25.83	   3.54	  0.068	0.99836							#	   2.38	  45.30	
     44	  -9.52	   9.99	 -0.120	1.00079							#	   2.87	  50.81	
     45	  -0.99	   6.11	 -0.217	1.00029							#	   2.33	  65.73	
     46	  -5.55	   6.71	 -0.049	1.00006							#	   2.03	  66.53	
     47	 -13.31	   8.31	 -0.069	0.99950							#	   4.10	  61.83	
     48	  -7.20	   1.75	 -0.007	0.99940							#	   0.76	  57.93	
     49	 -16.07	  -5.82	 -0.048	1.00016							#	   2.34	  57.26	
     50	 -12.40	  16.38	 -0.065	0.99983							#	   5.26	  60.89	
     51	 -10.29	   3.43	 -0.056	1.00046							#	   1.06	  59.54	
     52	 -16.75	   4.53	  0.019	0.99922							#	   1.66	  53.76	
     53	 -14.16	   7.93	 -0.083	0.99773							#	   3.00	  59.27	
     54	   1.38	   4.54	 -0.015	1.00239							#	   3.85	  61.69	
     55	  -4.69	   6.32	 -0.069	0.99991							#	   4.05	  68.28	
     56	  -8.96	  -1.37	 -0.029	0.99941							#	   1.92	  59.27	
     57	 -12.39	 -28.34	 -0.036	0.99906							#	   1.38	  52.15	
     58	   0.75	  14.55	 -0.001	1.00016							#	   5.85	  59.14	
     59	 -15.55	   4.29	 -0.082	1.00083							#	   1.18	  48.66	
     60	 -26.65	  -4.60	  0.075	1.00551							#	   1.84	  41.53	
     61	 -27.23	  -2.99	  0.173	1.00121							#	   1.50	  33.33	
     62	 -37.10	 -11.50	  0.036	0.99905							#	   5.02	  27.96	
     63	 -32.85	 -13.04	 -0.039	0.99886							#	   3.45	  37.23	
     64	 -22.51	  -7.69	 -0.076	0.99868							#	   3.54	  45.03	
     65	 -24.45	 -14.08	  0.123	0.99616							#	   4.41	  30.91	
     66	 -30.08	  -6.06	 -0.060	0.99875							#	   3.07	  29.57	
     67	 -19.76	   2.46	 -0.112	0.99963							#	   2.62	  45.83	
     68	 -16.46	 -21.98	  0.052	0.99945							#	   4.02	  48.92	
     69	 -25.23	   1.91	  0.040	0.99973							#	   2.35	  46.91	
     70	 -23.96	 -22.52	 -0.072	0.99911							#	   3.75	  42.74	
     71	 -23.38	  25.37	 -0.034	0.99976							#	   4.87	  47.85	
     72	 -31.33	  -3.34	  0.005	0.99824							#	   1.80	  46.64	
     73	 -15.75	  -0.89	 -0.096	0.99973							#	   1.99	  48.12	
     74	 -12.18	   6.89	 -0.121	0.99941							#	   1.87	  52.69	
     75	 -18.58	  -0.54	 -0.077	1.00006							#	   2.78	  61.96	
     76	 -15.07	  -6.89	 -0.066	0.99910							#	   2.91	  56.99	
     77	  -7.99	  -6.31	  0.002	0.99913							#	   2.05	  56.32	
     78	  -2.29	  -7.38	  0.052	0.99808							#	   1.66	  59.95	
     79	  -5.21	 -11.17	 -0.017	0.99419							#	   4.72	  60.08	
     80	  -4.34	 -13.94	  0.056	0.99322							#	   3.45	  59.27	
     81	 -12.89	 -18.21	  0.017	0.99740							#	   6.94	  51.48	
     82	  -2.19	 -17.27	  0.103	1.00109							#	   2.98	  50.00	
     83	 -10.31	 -18.60	  0.075	1.00017							#	   4.22	  55.91	
     84	  -7.29	  -8.92	  0.079	1.00029							#	   2.13	  59.27	
     85	   7.98	  -6.97	  0.068	1.00041							#	   2.43	  60.62	
     86	   8.27	  -2.05	  0.016	1.00372							#	   1.04	  53.63	
     87	 -14.66	  -5.40	  0.012	1.02164							#	   2.75	  56.05	
     88	 -26.17	   3.56	 -0.094	1.03707							#	   4.40	  39.78	
     89	 -31.30	   1.35	 -0.025	1.04473							#	   3.61	  46.64	
     90	 -29.46	   5.89	 -0.112	1.04195							#	   3.08	  43.15	
     91	 -27.72	  -1.38	 -0.008	1.03721							#	   2.25	  43.82	
     92	 -20.44	   2.60	  0.101	1.02709							#	   3.91	  44.22	
     93	 -24.98	   2.55	 -0.036	1.02190							#	   1.80	  49.87	
     94	 -23.97	   0.60	 -0.025	1.00755							#	   1.55	  46.91	
     95	 -25.73	  -5.28	  0.066	1.00024							#	   2.09	  45.56	
     96	 -18.04	  -1.61	 -0.058	1.00018							#	   6.65	  56.59	
     97	 -19.52	  -1.63	  0.023	1.00022							#	   2.76	  60.22	
     98	 -17.37	   0.41	 -0.037	0.99996							#	   3.84	  54.97	
     99	 -21.40	  -4.64	  0.007	0.99861							#	   2.92	  49.46	
    100	  -9.78	   1.26	  0.034	1.00160							#	   1.63	  52.55	
    101	 -18.50	   0.19	 -0.008	0.99989							#	   4.03	  55.11	
    102	 -29.38	  -0.38	  0.021	0.99740							#	   1.22	  47.04	
    103	 -14.43	  -3.74	 -0.020	0.99160							#	   2.67	  54.17	
    104	  -2.65	   1.24	 -0.051	0.98675							#	   2.06	  63.04	
    105	  -5.47	   8.84	  0.093	0.98151							#	   4.48	  65.73	
    106	  -0.17	   0.61	  0.008	0.98281							#	   3.66	  64.92	
    107	   4.14	  -7.27	  0.020	0.98496							#	   3.35	  64.78	
    108	  13.19	 -16.30	 -0.086	0.98403							#	   7.59	  61.56	
    109	   0.47	  -1.03	 -0.088	0.99436							#	   0.94	  67.61	
    110	 -11.19	  -1.89	 -0.038	0.99917							#	   1.92	  64.11	
    111	  -3.12	  -3.42	 -0.092	1.00062							#	   0.99	  65.32	
    112	  -3.95	  -0.61	 -0.103	0.99915							#	   1.25	  58.74	
    113	 -15.23	  -2.30	 -0.033	1.00088							#	   5.86	  52.69	
    114	 -11.67	  -1.76	 -0.057	1.00074							#	   2.34	  58.06	
    115	 -14.47	  -2.10	 -0.073	0.99938							#	   3.86	  54.70	
    116	 -18.67	  -0.53	  0.026	0.99803							#	   4.28	  53.90	
    117	 -14.92	   0.18	 -0.007	0.99794							#	   3.73	  52.82	
    118	 -14.68	  -1.05	 -0.076	0.99909							#	   2.93	  50.81	
    119	 -11.71	  -8.04	 -0.054	0.99781							#	   3.55	  58.60	
    120	  -8.69	 -15.42	  0.006	0.99832							#	   5.93	  55.51	
    121	  -9.85	   2.96	 -0.050	0.99958							#	   2.61	  64.52	
    122	 -16.61	 -10.41	  0.024	0.99970							#	   6.86	  53.09	
    123	 -32.95	  12.77	 -0.037	0.99863							#	   3.62	  43.82	
    124	 -18.92	 -23.13	 -0.037	0.99792							#	   4.32	  48.39	
    125	 -22.91	  -4.67	 -0.017	0.99238							#	   3.08	  58.20	
    126	 -21.97	  -0.86	 -0.053	0.98323							#	   4.38	  43.82	
    127	 -25.33	   1.22	 -0.038	0.98889							#	   3.19	  44.62	
    128	  -2.39	 -15.08	  0.143	1.00007							#	   3.46	  47.72	
    129	  -9.95	 -16.35	 -0.053	1.00619							#	   4.78	  42.20	
    130	 -30.52	   7.52	  0.020	1.00947							#	   5.35	  49.19	
    131	 -29.49	   0.73	  0.031	1.00572							#	   2.70	  52.42	
    132	 -23.61	 -14.38	  0.085	0.99888							#	   5.44	  45.16	
    133	 -39.20	  -2.93	  0.182	0.99421							#	   1.49	  44.22	
    134	 -39.64	  12.13	  0.031	0.98094							#	   5.83	  48.39	
    135	 -17.02	   1.98	 -0.104	0.98129							#	   2.93	  50.00	
    136	 -17.85	  -5.86	  0.029	0.97321							#	   4.05	  53.49	
    137	 -19.05	  -3.41	  0.139	0.95577							#	   5.44	  55.65	
    138	 -12.17	 -16.91	  0.024	0.96164							#	   6.47	  55.78	
    139	  -5.62	  -9.14	 -0.063	0.97727							#	   3.78	  63.98	
    140	  -2.55	  -9.57	  0.044	0.98297							#	   4.56	  62.23	
    141	 -23.29	 -13.78	  0.082	0.99010							#	   5.70	  48.66	
    142	 -29.32	  -5.89	  0.051	0.98844							#	   1.75	  47.18	
    143	 -32.47	   0.87	  0.029	0.98796							#	   1.73	  51.75	
    144	 -16.33	   2.20	 -0.040	0.98907							#	   4.91	  52.02	
    145	 -12.49	  -9.67	 -0.079	0.98894							#	   2.69	  56.05	
    146	 -10.78	   5.29	 -0.089	0.98653							#	   4.55	  53.49	
    147	 -12.27	 -13.29	 -0.083	0.98101							#	   6.71	  55.91	
    148	  -8.99	  -8.52	 -0.108	0.98865							#	   4.60	  57.93	
    149	 -18.07	 -15.36	 -0.028	0.99202							#	   7.28	  56.18	
    150	 -25.24	  -7.51	 -0.131	0.99390							#	   2.68	  52.55	
    151	 -19.44	  -8.43	 -0.089	0.99343							#	   5.24	  52.15	
    152	 -16.17	  -7.96	  0.038	0.99658							#	   3.46	  61.42	
    153	 -20.29	   0.56	  0.156	0.99875							#	   3.17	  61.16	
    154	  -6.90	  -5.43	  0.108	1.00012							#	   1.33	  64.38	
    155	  -8.57	   0.87	  0.063	0.99932							#	   1.54	  66.67	
    156	  -1.25	  -5.74	  0.073	0.99977							#	   1.42	  66.67	
    157	   2.26	  -8.14	  0.072	1.00092							#	   3.55	  68.01	
    158	 -10.12	  -3.09	 -0.051	1.00236							#	   2.93	  60.75	
    159	 -14.81	  -8.18	  0.048	1.00481							#	   6.79	  51.75	
    160	 -23.24	   7.12	 -0.049	1.02506							#	   5.24	  43.41	
    161	 -28.93	   1.15	 -0.099	1.04795							#	   5.61	  48.79	
    162	  -5.47	   7.04	  0.027	1.05755							#	   5.71	  53.76	
    163	   3.17	  -3.54	 -0.050	1.05794							#	   4.61	  59.95	
    164	   0.95	   2.50	 -0.032	1.05672							#	   6.49	  61.42	
    165	  -7.23	   2.46	 -0.104	1.05744							#	   4.45	  61.29	
    166	  -9.71	   2.75	 -0.154	1.05875							#	   4.58	  59.54	
    167	  -0.72	  22.92	 -0.072	1.07095							#	   6.40	  54.03	
    168	   6.48	   5.59	 -0.036	1.07139							#	   4.53	  56.85	
    169	   3.85	   6.02	 -0.088	1.06109							#	   4.27	  57.66	
    170	   0.42	   3.42	 -0.015	1.02730							#	   1.04	  68.82	
    171	  -8.14	  -3.55	  0.031	1.00784							#	   1.57	  73.92	
    172	 -15.58	  -3.98	  0.049	1.00008							#	   3.12	  65.86	
    173	 -24.25	  -4.08	  0.112	0.99932							#	   3.65	  68.55	
    174	  -9.33	  -4.23	  0.007	1.00039							#	   2.70	  71.64	
    175	 -15.19	  -4.47	 -0.101	0.99958							#	   4.72	  66.40	
    176	  -4.58	  -1.89	 -0.090	1.00053							#	   0.78	  72.45	
    177	  -7.56	   1.08	  0.051	1.00266							#	   1.71	  73.12	
    178	  -6.14	  -1.62	 -0.043	1.00710							#	   1.06	  78.23	
    179	 -13.94	  -2.92	  0.001	1.00617							#	   4.32	  70.03	
    180	  -8.21	   0.69	 -0.018	1.00187							#	   2.60	  69.89	
    181	 -11.11	  -0.69	  0.007	1.00068							#	   4.74	  75.00	
    182	 -13.94	   0.63	 -0.038	0.99972							#	   8.01	  74.87	
    183	 -13.79	   0.56	  0.055	0.99994							#	   2.96	  73.79	
    184	   0.32	  -2.56	  0.023	1.00090							#	   0.65	  76.48	
    185	  -8.66	  -3.73	 -0.108	1.00015							#	   1.65	  72.98	
    186	  -4.76	  -8.82	 -0.015	0.99594							#	   2.20	  72.85	
    187	  -8.83	 -11.10	  0.106	0.99233							#	   3.28	  75.54	
    188	  -9.35	  -8.95	  0.141	0.99055							#	   2.75	  72.45	
    189	 -12.32	-134.64	  0.095	0.98669							#	   5.57	  68.82	
    190	  -9.23	 126.31	 -0.020	0.98805							#	   2.74	  67.88	
    191	  -0.72	  -5.29	  0.036	0.98898							#	   2.60	  80.24	
    192	  -0.02	 -13.28	  0.070	0.98825							#	   6.64	  75.13	
    193	 -11.22	  -1.81	  0.038	0.98534							#	   2.00	  73.66	
    194	 -13.78	  -2.89	 -0.076	0.98838							#	   4.28	  73.52	
    195	 -12.38	  -3.01	  0.046	0.98719							#	   2.42	  75.54	
    196	  -8.18	 -10.18	  0.023	0.98566							#	   3.91	  77.28	
    197	  -9.65	  -2.37	 -0.077	0.98922							#	   1.82	  73.12	
    198	  -9.06	  -0.06	  0.016	0.98675							#	   2.70	  72.18	
    199	 -14.72	  -6.84	 -0.040	0.98976							#	   8.50	  73.39	
    200	 -15.62	 -16.06	 -0.012	0.99110							#	   7.84	  72.98	
    201	 -23.51	  -7.47	  0.001	0.99497							#	   2.90	  73.52	
    202	 -18.63	  17.28	  0.033	0.99498							#	   5.66	  74.06	
    203	 -27.72	  -3.19	 -0.007	0.99128							#	   2.05	  65.99	
    204	 -12.28	  -1.60	 -0.095	0.99186							#	   2.52	  67.74	
    205	 -19.49	   1.82	 -0.042	0.98954							#	   3.21	  70.30	
    206	 -13.86	  -1.04	 -0.092	0.99049							#	   2.74	  70.30	
    207	 -12.46	   0.77	 -0.066	0.99183							#	   3.51	  77.42	
    208	  -9.64	  -0.53	 -0.049	0.99037							#	   3.60	  77.02	
    209	 -10.63	  -7.65	 -0.060	0.98700							#	   7.65	  76.75	
    210	  -2.30	   5.87	 -0.056	0.99579							#	   2.94	  76.61	
    211	  -1.16	  -8.37	 -0.087	0.99989							#	   3.63	  80.24	
    212	 -10.61	   1.65	  0.002	0.99858							#	   3.64	  77.82	
    213	  -6.76	 -10.75	  0.070	0.99785							#	   4.26	  76.08	
    214	  -1.00	  -4.66	 -0.031	0.99769							#	   1.16	  79.97	
    215	  -7.42	  -1.17	  0.086	0.98416							#	   2.61	  76.48	
    216	  -8.23	  -1.18	  0.048	0.96954							#	   6.93	  77.28	
    217	 -17.87	  -0.23	  0.066	0.93526							#	   9.65	  69.09	
    218	 -23.13	  -2.87	  0.022	0.91222							#	   7.48	  57.93	
    219	 -26.06	 -10.18	 -0.052	0.89270							#	   9.02	  55.38	
    220	 -24.45	 -16.68	  0.104	0.89890							#	   9.63	  46.10	
    221	  -3.08	 -34.62	  0.209	0.93536							#	   5.75	  50.94	
    222	 -12.47	 -24.59	 -0.026	0.98195							#	   3.22	  65.86	
    223	   2.39	 -10.02	 -0.113	0.99614							#	   2.77	  77.42	
    224	  14.90	   9.79	 -0.093	1.00000							#	   4.05	  76.48	
    225	  -8.06	  19.41	  0.136	0.99961							#	   4.27	  70.97	
    226	 -11.78	   7.78	  0.029	1.00074							#	   6.14	  72.72	
    227	  -9.65	   7.60	 -0.009	1.02782							#	   7.83	  71.37	
    228	 -18.28	  13.30	 -0.124	1.04890							#	   7.66	  61.16	
    229	 -17.35	  11.76	 -0.132	1.03815							#	   7.87	  63.71	
    230	 -20.72	  -5.04	 -0.112	1.01526							#	   5.75	  66.53	
    231	  -9.69	  -2.23	 -0.033	1.00272							#	   2.41	  69.35	
    232	 -26.45	  -2.33	  0.058	0.99976							#	   2.06	  53.63	
    233	 -29.35	  -4.29	 -0.049	0.99907							#	   2.91	  51.08	
    234	 -16.90	  -0.33	 -0.065	0.99981							#	   4.33	  74.60	
    235	  -2.47	  -7.60	 -0.066	1.00053							#	   4.97	  75.94	
    236	  -1.26	   1.25	 -0.018	1.00157							#	   3.87	  76.61	
    237	  -8.14	   2.74	  0.005	1.00215							#	   3.74	  74.06	
    238	 -11.79	   4.57	  0.027	1.00064							#	   4.32	  74.06	
    239	 -20.16	  -4.61	  0.039	0.99912							#	   5.30	  73.52	
    240	 -10.50	  -6.11	  0.041	0.99996							#	   2.78	  70.43	
    241	 -11.92	  -8.61	  0.050	1.00240							#	   3.60	  74.73	
    242	 -19.92	  -3.81	  0.061	1.00189							#	   5.13	  69.62	
    243	 -20.07	  -7.12	  0.130	1.00179							#	   5.99	  71.51	
    244	 -13.15	   1.29	  0.048	1.00498							#	   4.11	  71.64	
    245	 -13.42	   8.69	 -0.028	1.00598							#	   5.34	  70.83	
    246	 -12.30	   6.52	  0.025	1.00481							#	   4.32	  70.97	
    247	 -12.25	   4.28	  0.023	1.00785							#	   3.82	  78.09	
    248	 -12.60	   3.11	  0.035	1.01187							#	   3.19	  76.75	
    249	 -11.38	  10.16	 -0.037	1.00904							#	   4.80	  73.25	
    250	  -5.40	   8.22	  0.007	1.01128							#	   2.23	  77.69	
    251	  -9.34	   5.75	 -0.026	1.01343							#	   3.05	  79.03	
    252	  -9.97	   2.70	  0.071	1.00719							#	   2.39	  77.82	
    253	 -23.56	  -2.91	  0.105	1.00214							#	   2.67	  74.06	
    254	 -15.30	   0.24	  0.032	1.00316							#	   3.11	  74.87	
    255	 -12.90	   1.17	  0.007	1.00720							#	   3.62	  76.61	
    256	 -13.10	   4.09	  0.127	1.00417							#	   4.19	  79.97	
    257	 -13.14	 -14.43	  0.044	1.00751							#	   6.79	  77.96	
    258	  -4.66	   8.88	  0.092	1.00490							#	   2.10	  76.34	
    259	  -6.39	   8.83	  0.080	1.00717							#	   3.21	  81.59	
    260	  -8.55	  -4.61	  0.130	1.00316							#	   3.16	  79.17	
    261	 -18.53	  16.08	  0.143	1.00547							#	   7.54	  79.03	
    262	  -9.98	  -0.34	  0.068	1.00751							#	   1.64	  78.90	
    263	 -15.86	   5.85	  0.059	1.00438							#	   3.74	  74.19	
    264	  -6.58	   3.45	  0.067	1.00291							#	   1.15	  77.02	
    265	  -1.41	  -3.33	 -0.025	1.00590							#	   0.84	  84.68	
    266	   7.81	   2.77	  0.037	1.00101							#	   1.04	  80.91	
    267	   2.70	  -2.65	  0.154	1.00051							#	   0.44	  79.57	
    268	   3.65	   6.61	  0.086	1.00042							#	   1.82	  77.96	
    269	  11.08	 -17.68	  0.035	1.00049							#	   9.65	  81.45	
    270	  14.85	 -28.37	 -0.049	1.00074							#	   3.75	  81.32	
    271	  -4.88	  -4.87	  0.016	1.00170							#	   0.92	  82.93	
    272	  -7.52	  16.80	  0.089	1.00421							#	   3.87	  81.85	
    273	  -9.97	  -3.15	  0.070	1.00176							#	   1.99	  80.91	
    274	  -1.73	  -4.34	  0.007	1.00089							#	   0.59	  84.14	
    275	   0.19	  -1.92	 -0.075	1.00012							#	   0.19	  84.14	
    276	   6.83	 -14.56	 -0.087	0.99988							#	   4.48	  81.85	
    277	  -3.05	  -9.94	 -0.027	1.00057							#	   2.31	  83.33	
    278	   1.12	 -11.48	 -0.080	1.00023							#	   3.25	  89.65	
    279	  -0.95	  -4.44	 -0.033	1.00016							#	   1.56	  89.25	
    280	   0.20	  18.69	  0.097	1.00011							#	   3.77	  86.29	
    281	  15.01	   1.94	  0.018	1.00779							#	   4.02	  82.12	
    282	  17.43	  -0.14	 -0.082	1.02315							#	   5.36	  81.85	
    283	 -11.04	 -12.64	 -0.036	1.00521							#	   4.41	  84.27	
    284	  -2.16	 -12.93	  0.030	0.96046							#	   4.15	  82.53	
    285	   4.84	   8.42	 -0.139	0.91513							#	   9.18	  50.27	
    286	  50.58	 -22.76	 -0.196	0.88411							#	   5.75	  33.06	
    287	  66.87	 -28.35	 -0.034	0.89741							#	   5.61	  38.04	
    288	  31.24	 -32.99	  0.266	0.93470							#	   7.13	   9.81	
    289	 -19.44	 -56.53	 -0.075	0.91822							#	   5.50	  17.61	
    290	 -28.44	 -45.72	 -0.063	0.91623							#	   6.27	  47.58	
    291	 -48.04	 -31.75	  0.055	0.94642							#	   3.72	  28.90	
    292	 -30.53	  -9.73	 -0.026	0.97011							#	   1.79	  40.19	
    293	 -20.56	   5.55	 -0.055	0.99937							#	   1.74	  63.58	
    294	   1.96	  13.42	 -0.054	1.00040							#	   2.33	  69.49	
    295	 -15.03	  11.41	 -0.057	0.99854							#	   4.70	  69.62	
    296	  -3.68	  13.05	 -0.020	1.00037							#	   2.51	  70.16	
    297	  15.57	  33.41	  0.044	1.00080							#	   3.34	  44.62	
    298	  14.13	  38.24	  0.172	1.00050							#	   2.48	  47.58	
    299	  -3.33	  24.71	 -0.025	1.00048							#	   1.02	  74.06	
    300	   7.11	  15.34	 -0.048	1.00069							#	   3.60	  74.73	
    301	  28.67	  -7.46	  0.043	1.02843							#	   2.36	  76.61	
    302	  10.97	   4.98	 -0.041	1.06991							#	   5.93	  58.60	
    303	  23.01	   1.85	 -0.019	1.09350							#	   6.53	  56.18	
    304	  11.10	  15.43	 -0.161	1.07008							#	   5.85	  66.40	
    305	 -11.70	  14.55	 -0.088	1.04794							#	   5.36	  73.66	
    306	 -11.93	  31.88	 -0.070	1.04563							#	   3.55	  69.49	
    307	  -8.40	  17.26	 -0.057	1.03143							#	   3.51	  77.02	
    308	  -9.93	  11.57	 -0.019	1.01721							#	   2.77	  79.84	
    309	 -19.89	  17.56	  0.023	1.01137							#	   4.32	  78.90	
    310	 -15.19	  22.54	 -0.158	1.01155							#	   4.17	  69.62	
    311	 -30.65	  18.42	  0.029	1.01552							#	   2.81	  59.14	
    312	 -26.50	  12.64	  0.066	1.01639							#	   3.39	  57.80	
    313	 -18.39	   2.50	  0.071	1.00538							#	   3.73	  81.59	
    314	 -34.47	   1.40	 -0.011	0.99953							#	   0.82	  77.96	
    315	 -17.30	   6.96	 -0.051	0.99949							#	   4.25	  82.53	
    316	  -7.67	   0.95	 -0.028	0.99932							#	   1.09	  87.90	
    317	 -15.70	   5.63	  0.075	0.99977							#	   5.19	  85.89	
    318	 -11.27	   0.09	  0.091	1.01357							#	   2.19	  84.01	
    319	  26.33	   7.23	  0.036	1.04081							#	   4.19	  60.35	
    320	  47.10	   7.07	  0.109	1.07338							#	   7.31	  57.93	
    321	  25.28	  12.93	  0.073	1.09414							#	   7.29	  55.65	
    322	   5.58	  12.97	 -0.072	1.08450							#	   7.65	  64.52	
    323	  -4.69	   5.41	 -0.063	1.05846							#	   4.51	  73.79	
    324	  11.99	   9.65	 -0.035	1.03966							#	   3.68	  63.17	
    325	  29.98	  14.23	 -0.029	1.03321							#	   3.25	  66.80	
    326	  17.09	  10.56	 -0.001	1.03394							#	   4.27	  75.40	
    327	  12.45	   6.05	  0.007	1.03244							#	   2.73	  74.46	
    328	  14.59	   8.14	 -0.008	1.02866							#	   3.97	  74.33	
    329	   1.30	   7.95	 -0.032	1.02227							#	   1.56	  75.54	
    330	   0.85	   4.11	  0.113	1.01170							#	   1.01	  77.55	
    331	  -0.50	 -11.95	  0.088	1.01227							#	   4.07	  80.78	
    332	   9.21	   8.52	  0.070	1.00989							#	   3.59	  76.75	
    333	   2.49	  12.13	 -0.018	1.00570							#	   3.46	  75.00	
    334	   9.45	  -1.34	  0.103	1.00159							#	   1.96	  75.81	
    335	   3.58	  -4.25	  0.042	0.99915							#	   0.99	  74.73	
    336	   7.63	   2.09	  0.028	1.00006							#	   1.35	  74.60	
    337	  -0.07	  -1.70	  0.096	0.99957							#	   0.34	  75.67	
    338	   0.20	   0.34	 -0.041	0.99990							#	   0.19	  75.94	
    339	   0.57	  -3.03	  0.003	1.00036							#	   2.27	  76.75	
    340	  -5.12	  -6.19	  0.035	1.00012							#	   4.20	  79.17	
    341	  -5.33	  -7.69	  0.019	1.00048							#	   3.61	  77.15	
    342	  -0.33	  15.48	  0.039	0.99980							#	   5.76	  77.28	
    343	   1.81	   5.04	  0.061	0.99955							#	   0.86	  75.81	
    344	   3.28	  -3.31	  0.030	1.00014							#	   0.64	  80.65	
    345	  -3.87	   0.64	  0.080	1.00057							#	   0.46	  78.23	
    346	  -5.70	  -3.55	  0.056	1.00005							#	   1.10	  75.27	
    347	  -7.55	  -6.10	  0.054	1.00007							#	   2.26	  71.37	
    348	  -0.46	  -4.64	  0.055	1.00075							#	   1.60	  78.09	
    349	  -9.90	  -2.66	 -0.033	1.00007							#	   4.02	  78.36	
    350	  -3.63	  -2.14	 -0.075	0.99997							#	   1.62	  78.63	
    351	   5.32	  -4.04	 -0.027	1.00062							#	   1.73	  74.60	
    352	  22.21	  -4.72	  0.078	1.00046							#	   3.93	  65.05	
    353	  30.54	  -1.75	 -0.013	1.00063							#	   0.97	  63.17	
    354	  23.15	   3.71	 -0.082	1.00042							#	   4.05	  61.96	
    355	  30.16	  -0.39	  0.076	1.00063							#	   0.98	  56.45	
    356	  28.82	   1.55	 -0.039	1.00080							#	   1.70	  58.47	
    357	  14.81	   3.99	  0.013	1.00061							#	   8.12	  63.31	
    358	   9.18	  -3.53	 -0.011	1.00013							#	   2.31	  72.18	
    359	   3.99	   1.51	 -0.063	0.99990							#	   2.12	  72.98	
    360	  13.42	   5.46	 -0.084	1.00062							#	   4.56	  69.35	
    361	  13.37	   4.82	  0.003	0.99970							#	   3.77	  68.55	
    362	   1.15	   1.73	 -0.106	0.99998							#	   0.81	  74.73	
    363	  -1.01	  -1.69	 -0.074	1.00005							#	   1.03	  73.92	
    364	   4.80	  -0.99	 -0.031	1.00003							#	   1.43	  72.45	
    365	  -1.45	   1.48	 -0.007	0.99964							#	   1.33	  74.06	
    366	  -6.10	   0.51	 -0.041	0.99990							#	   2.30	  74.87	
    367	  -1.70	   0.56	 -0.054	1.00042							#	   1.92	  73.39	
    368	  -0.41	   3.88	 -0.020	1.00001							#	   2.80	  75.13	
    369	  -0.22	   1.91	 -0.012	1.00005							#	   0.82	  76.34	
    370	   7.45	   4.44	 -0.092	0.99977							#	   3.87	  73.25	
    371	   5.03	  -3.13	  0.038	0.99954							#	   1.63	  74.33	
    372	   7.49	   0.49	  0.064	1.00024							#	   2.10	  71.91	
    373	   7.55	   1.62	  0.018	1.00015							#	   1.85	  69.49	
    374	   5.84	   0.20	  0.019	0.99966							#	   1.58	  73.25	
    375	   1.43	  -1.74	 -0.050	1.00049							#	   3.62	  75.13	
    376	   4.16	   3.57	  0.004	0.99968							#	   2.38	  76.88	
    377	   6.68	   4.49	 -0.065	0.99959							#	   3.99	  74.46	
    378	  16.64	   5.63	  0.040	1.00032							#	   5.98	  70.97	
    379	   9.44	  -0.47	  0.057	1.00003							#	   2.26	  72.31	
    380	   4.83	   1.18	  0.104	0.99959							#	   0.96	  78.49	
    381	  13.64	   1.77	  0.039	0.99999							#	   3.80	  74.46	
    382	  13.44	   0.80	  0.027	1.00069							#	   3.57	  76.34	
    383	  10.62	   2.05	  0.068	0.99983							#	   3.01	  75.00	
    384	  -0.62	   6.64	 -0.005	0.99984							#	   3.90	  78.09	
    385	  -7.96	   2.35	  0.112	1.00037							#	   4.18	  75.40	
    386	  12.72	  10.94	  0.049	1.00052							#	   8.25	  68.55	
    387	  10.62	  14.26	  0.003	1.00019							#	   4.98	  66.67	
    388	  14.38	   6.83	  0.050	0.99879							#	   6.10	  67.47	
    389	  11.54	   9.57	  0.006	0.99964							#	   4.97	  67.07	
    390	  12.48	   5.00	  0.070	1.00113							#	   4.22	  65.46	
    391	  15.17	  -2.76	 -0.011	1.00018							#	   4.03	  63.58	
    392	  18.39	  -6.70	  0.034	1.00052							#	   6.67	  64.11	
    393	  24.27	  -7.20	 -0.032	0.99983							#	   5.33	  58.47	
    394	  29.03	  -1.55	  0.015	1.00088							#	   2.83	  62.90	
    395	  16.45	  -8.43	  0.059	1.00033							#	   9.49	  66.26	
    396	  26.15	  -4.78	  0.109	1.00037							#	   2.91	  59.54	
    397	  25.00	 -10.80	  0.055	1.00031							#	   7.52	  62.37	
    398	  18.88	   2.64	  0.038	0.99956							#	   4.79	  71.10	
    399	   9.26	  -3.24	  0.092	1.00060							#	   2.40	  71.64	
    400	  16.05	   2.01	 -0.004	1.00038							#	   3.75	  72.31	
    401	   8.35	  -4.54	 -0.045	0.99998							#	   2.30	  70.70	
    402	   9.52	   3.61	  0.026	1.00010							#	   2.29	  73.52	
    403	   7.02	   0.36	  0.003	1.00026							#	   2.39	  75.94	
    404	   9.24	   4.78	  0.041	0.99991							#	   4.47	  73.25	
    405	   9.38	   3.60	 -0.031	0.99984							#	   2.41	  73.79	
    406	  11.01	  -1.44	 -0.095	1.00034							#	   2.99	  71.10	
