      1	  -7.74	  -2.82	 -0.004	0.99977							#	   0.18	  17.34	
      2	  -4.33	  -6.90	  0.030	0.99986							#	   2.71	  19.21	
      3	  -0.06	  -2.78	  0.069	0.99929							#	   0.17	  21.88	
      4	  -0.92	  -0.74	  0.022	0.99943							#	   0.31	  25.07	
      5	  -4.59	   0.53	  0.070	1.00029							#	   0.38	  24.27	
      6	  -1.19	  -2.94	  0.038	1.00041							#	   0.18	  23.28	
      7	   0.17	  -8.79	 -0.037	1.00028							#	   0.63	  21.41	
      8	  -3.10	  -4.13	 -0.079	1.00023							#	   0.50	  20.45	
      9	  -9.24	  -6.27	  0.002	1.00017							#	   2.43	  19.54	
     10	  -8.55	  -4.77	  0.046	1.00003							#	   0.92	  18.07	
     11	  -0.98	 -16.46	  0.024	0.99966							#	   1.78	  19.90	
     12	  -4.28	  -8.82	 -0.008	0.99946							#	   0.73	  20.75	
     13	  -2.90	  -7.50	 -0.050	0.99957							#	   0.64	  18.48	
     14	  -5.17	  -9.89	 -0.055	0.99795							#	   1.25	  18.88	
     15	  -5.52	  -0.64	 -0.041	1.00132							#	   0.51	  21.19	
     16	  -5.34	  -5.37	 -0.067	1.00014							#	   0.71	  19.10	
     17	  -2.49	 -23.49	 -0.054	1.00020							#	   3.51	  18.44	
     18	  -5.60	 -13.23	 -0.039	0.99930							#	   0.85	  19.57	
     19	  -4.94	 -17.43	 -0.079	1.00092							#	   1.91	  17.74	
     20	  -6.01	 -13.03	 -0.161	0.99924							#	   1.07	  17.71	
     21	  -4.84	 -15.60	 -0.189	1.00052							#	   1.29	  17.41	
     22	  -3.51	  -7.34	 -0.059	0.99933							#	   0.44	  18.84	
     23	  -4.10	 -13.30	 -0.121	1.00076							#	   1.06	  16.53	
     24	  -2.82	 -20.44	 -0.103	0.99920							#	   1.98	  17.34	
     25	   0.11	 -18.49	 -0.116	1.00010							#	   1.00	  16.97	
     26	  -6.36	  -8.57	 -0.055	0.99887							#	   0.91	  16.83	
     27	  -3.48	 -15.49	 -0.045	0.99870							#	   1.25	  17.78	
     28	  -2.46	 -16.05	 -0.065	0.99793							#	   1.16	  17.52	
     29	   2.34	 -23.31	 -0.074	0.99723							#	   2.00	  14.30	
     30	  -0.76	 -11.00	 -0.051	0.99948							#	   0.43	  14.99	
     31	  -7.69	 -15.95	 -0.067	0.99980							#	   1.67	  16.20	
     32	  -3.81	 -22.87	 -0.101	0.99984							#	   1.91	  14.63	
     33	  -0.46	  -9.84	 -0.081	0.99944							#	   0.38	  15.03	
     34	   3.68	 -10.27	 -0.143	0.99958							#	   0.44	  15.07	
     35	   0.68	 -11.11	 -0.089	0.99916							#	   0.52	  14.52	
     36	  -0.48	  -4.51	 -0.060	0.99977							#	   0.14	  14.70	
     37	  -0.44	  -7.90	 -0.034	0.99977							#	   0.27	  14.08	
     38	   5.21	 -13.19	  0.024	0.99513							#	   2.11	  14.41	
     39	   2.85	  -8.02	  0.053	0.99177							#	   0.73	  13.49	
     40	  -4.56	  -9.97	 -0.011	0.98919							#	   1.11	  13.82	
     41	  -5.72	  -9.50	 -0.014	0.98599							#	   1.49	  13.31	
     42	  -5.87	 -16.02	 -0.051	0.98870							#	   2.20	  12.24	
     43	  -3.55	 -20.11	 -0.034	0.99092							#	   1.88	  10.78	
     44	  -8.70	  -6.80	 -0.014	0.99490							#	   0.82	   9.27	
     45	   4.21	  -9.76	  0.050	0.99091							#	   1.12	   9.57	
     46	  -1.07	 -15.57	 -0.085	0.98609							#	   1.91	   8.76	
     47	 -11.33	   0.69	 -0.080	0.98865							#	   0.87	  10.59	
     48	   0.87	 -15.66	  0.003	0.97644							#	   3.46	  10.30	
     49	   5.10	 -14.12	 -0.040	0.97325							#	   2.55	   9.20	
     50	   9.27	 -11.91	  0.036	0.97243							#	   2.89	   7.51	
     51	  11.31	 -14.25	 -0.051	0.97310							#	   3.77	   6.96	
     52	  10.65	 -10.97	 -0.019	0.97323							#	   2.70	   7.51	
     53	   3.82	  -6.99	 -0.074	0.97594							#	   1.78	   6.49	
     54	   2.91	  -2.50	 -0.076	0.97101							#	   2.04	   6.20	
     55	   8.13	 -11.90	 -0.061	0.97244							#	   2.83	   4.91	
     56	  11.70	 -18.55	 -0.069	0.97510							#	   3.31	   4.99	
     57	   4.87	   0.32	 -0.079	0.97675							#	   1.31	   4.11	
     58	   1.33	  -7.54	 -0.011	0.97667							#	   1.56	   3.96	
     59	   3.75	  -6.03	  0.001	0.97684							#	   1.19	   4.18	
     60	   4.22	  -4.69	 -0.111	0.97917							#	   1.01	   4.51	
     61	   0.41	  -5.10	 -0.063	0.98201							#	   0.68	   4.14	
     62	  -0.57	  -3.15	  0.188	0.97941							#	   1.23	   3.30	
     63	   1.05	  -0.77	 -0.013	0.97984							#	   0.70	   3.23	
     64	   0.29	   3.47	 -0.152	0.98429							#	   0.61	   3.70	
     65	  -7.10	   7.53	 -0.032	0.98775							#	   0.92	   3.81	
     66	 -10.08	   0.96	 -0.129	0.98901							#	   1.60	   3.08	
     67	  -3.60	  -4.83	 -0.009	0.99057							#	   1.12	   3.12	
     68									skipped		#	   0.78	   1.21	
     69	  -7.88	 -10.29	 -0.105	0.98762							#	   2.83	   3.41	
     70	 -11.74	  -3.60	  0.062	0.98914							#	   1.86	   2.42	
     71									skipped		#	   2.41	   0.29	
     72	  -9.25	  -8.16	 -0.070	0.98995							#	   1.79	   2.60	
     73	  -8.09	  -2.59	 -0.232	0.99146							#	   1.06	   2.93	
     74									skipped		#	   2.87	   1.91	
     75									skipped		#	   2.15	   1.72	
     76									skipped		#	   1.80	   0.92	
     77									skipped		#	   1.75	   0.33	
     78									skipped		#	   0.45	   1.06	
     79									skipped		#	   0.45	   1.06	
     80									skipped		#	   0.52	   1.32	
     81									skipped		#	   1.21	   0.95	
     82									skipped		#	   0.68	   0.95	
     83									skipped		#	   1.04	   0.73	
     84									skipped		#	   1.30	   0.48	
     85									skipped		#	   1.36	   0.77	
     86									skipped		#	   0.96	   0.55	
     87									skipped		#	   3.56	   0.70	
     88									skipped		#	   0.39	   0.66	
     89									skipped		#	   0.38	   0.51	
     90									skipped		#	   0.57	   0.62	
     91									skipped		#	   0.56	   0.29	
     92									skipped		#	   3.09	   0.48	
     93									skipped		#	   0.61	   0.40	
     94									skipped		#	   3.05	   0.40	
     95									skipped		#	   0.60	   0.59	
     96									skipped		#	   3.06	   0.66	
     97									skipped		#	   1.25	   0.51	
     98									skipped		#	   0.61	   0.95	
     99									skipped		#	   0.64	   0.29	
    100									skipped		#	   0.43	   0.40	
    101									skipped		#	   0.33	   0.81	
    102									skipped		#	   1.05	   0.62	
    103									skipped		#	   1.68	   0.62	
    104									skipped		#	   1.96	   0.11	
    105									skipped		#	   2.80	   0.51	
    106									skipped		#	   2.86	   0.62	
    107									skipped		#	   1.58	   0.66	
    108									skipped		#	   1.39	   0.66	
    109									skipped		#	   2.10	   0.40	
    110									skipped		#	   2.93	   0.48	
    111									skipped		#	   1.49	   0.29	
    112									skipped		#	   1.97	   0.18	
    113									skipped		#	   0.37	   0.44	
    114									skipped		#	   2.34	   0.29	
    115									skipped		#	   2.27	   0.22	
    116									skipped		#	   5.92	   0.26	
    117									skipped		#	   7.39	   0.33	
    118									skipped		#	   4.66	   1.06	
    119									skipped		#	   3.56	   1.47	
    120	   1.67	   3.85	  0.146	1.03249							#	   1.61	   3.70	
    121	   5.14	  18.30	  0.179	1.02284							#	   1.26	   4.73	
    122	   0.75	  23.01	  0.153	1.01632							#	   1.69	   6.12	
    123	  -5.63	  17.57	  0.063	1.01655							#	   1.14	   4.29	
    124	  -9.92	  16.49	  0.047	1.01692							#	   1.67	   5.24	
    125	  -8.79	  14.50	  0.065	1.01506							#	   2.12	   7.51	
    126	  -8.57	  16.92	  0.027	1.01549							#	   2.06	   7.40	
    127	   0.36	   4.00	  0.015	1.00182							#	   0.15	   9.49	
    128	   2.13	   4.39	  0.059	1.00040							#	   0.15	   9.68	
    129	   4.44	   1.31	  0.010	0.99965							#	   0.20	  10.19	
    130	   1.85	  10.78	 -0.048	0.99974							#	   0.47	   9.35	
    131	  -1.61	  17.28	 -0.027	0.99949							#	   1.12	   9.31	
    132	  -7.25	  15.63	  0.003	1.00028							#	   1.12	  10.92	
    133	  -4.29	  10.21	  0.023	0.99969							#	   0.64	  11.00	
    134	  -6.02	  12.39	 -0.068	0.99995							#	   0.89	  10.34	
    135	 -11.18	  20.23	  0.079	0.99940							#	   2.37	  10.70	
    136	  -8.86	  13.90	 -0.024	1.00063							#	   0.94	  10.56	
    137	  -5.05	   8.40	 -0.078	1.00076							#	   0.63	  10.30	
    138	  -0.43	  18.55	  0.065	0.99976							#	   1.32	  10.56	
    139	  -6.91	  27.04	  0.065	0.99958							#	   2.63	  10.78	
    140	  -1.32	   7.16	  0.069	0.99932							#	   0.33	  11.11	
    141	  -2.71	  14.79	 -0.041	1.00074							#	   0.69	  11.58	
    142	  -0.13	  22.20	  0.038	0.99965							#	   1.65	  12.83	
    143	   1.49	  16.85	  0.014	0.99994							#	   1.07	  12.50	
    144	   0.31	   3.08	  0.004	0.99994							#	   0.10	  15.21	
    145	   5.46	   4.56	 -0.006	1.00051							#	   0.48	  13.45	
    146	   4.61	   6.63	 -0.014	1.00055							#	   0.56	  13.01	
    147	  -0.03	  17.57	 -0.073	1.00048							#	   1.17	  15.98	
    148	   4.62	   2.35	 -0.101	1.00063							#	   0.31	  15.03	
    149	   2.44	   9.85	 -0.129	0.99961							#	   0.78	  14.04	
    150	  -7.37	  20.51	 -0.236	0.99992							#	   2.28	  13.34	
