      1	 -17.46	 -19.89	 -0.032	0.99924							#	   2.59	  11.47	
      2	 -12.32	  -2.60	 -0.064	1.00038							#	   1.11	  14.70	
      3	  -0.73	   7.81	 -0.035	0.99918							#	   0.25	  14.08	
      4	  -9.79	  -1.02	  0.013	0.99975							#	   0.47	  15.69	
      5	  -3.44	  -4.93	 -0.031	1.00002							#	   0.18	  14.30	
      6	   1.41	   0.59	  0.026	1.00035							#	   0.08	  13.97	
      7	  -3.05	   2.39	 -0.043	1.00010							#	   0.20	  15.10	
      8	  -6.20	  -0.44	  0.009	1.00039							#	   0.49	  16.46	
      9	  -1.73	   7.78	 -0.004	1.00030							#	   0.62	  15.62	
     10	  11.35	   4.45	  0.032	0.99995							#	   2.19	  11.77	
     11	  30.85	 -13.01	  0.079	0.99968							#	   5.19	  12.87	
     12	  25.31	  -4.00	  0.105	0.99978							#	   1.41	  11.55	
     13	  15.09	  -5.76	  0.045	0.99936							#	   0.96	  14.55	
     14	  -7.34	   3.48	 -0.101	0.99984							#	   0.27	  13.45	
     15	   4.66	   2.10	  0.025	0.99933							#	   0.15	  14.33	
     16	   0.16	  11.51	 -0.007	1.00009							#	   0.41	  14.48	
     17	   2.19	  -0.71	 -0.034	1.00006							#	   0.09	  15.87	
     18	  -1.52	  -7.72	 -0.057	0.99986							#	   0.38	  15.29	
     19	   4.88	 -13.75	 -0.014	0.99892							#	   1.55	  13.89	
     20	  -4.48	   6.81	 -0.015	0.99952							#	   0.41	  14.44	
     21	 -10.55	   2.60	 -0.029	0.99805							#	   1.06	  14.66	
     22	 -19.02	   2.53	 -0.120	0.99742							#	   2.60	  15.29	
     23	 -11.16	   2.07	 -0.053	0.99951							#	   0.61	  13.31	
     24	  -2.16	  -0.44	 -0.093	0.99920							#	   0.17	  14.15	
     25	  11.36	 -22.69	 -0.037	0.99902							#	   2.18	  12.43	
     26	  -2.73	 -11.90	 -0.037	0.99924							#	   0.39	  13.49	
     27	  -2.41	  -1.26	 -0.063	0.98808							#	   0.31	  12.79	
     28	   9.44	  -9.05	 -0.044	0.98678							#	   0.90	  13.71	
     29	  12.91	 -26.16	 -0.060	0.98653							#	   2.61	  12.13	
     30	  17.81	 -13.21	  0.044	0.98467							#	   0.97	  11.62	
     31	   8.29	  -9.20	  0.079	0.98285							#	   0.60	  11.51	
     32	  10.63	 -17.23	  0.018	0.98527							#	   1.09	  10.12	
     33	   8.75	 -33.98	  0.006	0.98434							#	   3.09	   9.31	
     34	  -6.83	 -24.13	 -0.091	0.98454							#	   1.69	   9.46	
     35	   5.16	 -14.58	  0.061	0.98354							#	   0.77	   8.43	
     36	   0.21	 -23.96	  0.021	0.98047							#	   2.31	   9.13	
     37	   3.21	 -22.08	  0.076	0.97777							#	   1.23	   8.91	
     38	   8.99	 -20.62	  0.024	0.97613							#	   1.87	   7.59	
     39	  -8.24	 -14.13	 -0.049	0.98032							#	   2.16	   8.03	
     40	  -0.78	 -21.98	 -0.060	0.98669							#	   1.77	   8.39	
     41	  -5.80	  -9.66	 -0.078	0.98799							#	   1.13	   9.02	
     42	  -2.20	  -8.99	  0.019	0.98997							#	   0.66	   7.99	
     43	   4.96	 -19.27	 -0.047	0.99094							#	   0.95	   8.25	
     44	  -1.13	  -8.38	 -0.018	0.98951							#	   0.60	   9.13	
     45	   7.03	 -15.43	 -0.061	0.99232							#	   1.11	   7.62	
     46	   9.08	 -12.28	 -0.071	0.99324							#	   0.84	   7.48	
     47	  13.05	  -7.63	  0.041	0.99496							#	   1.51	   6.67	
     48	  16.48	  -9.73	  0.016	0.99129							#	   1.77	   7.44	
     49	   1.91	 -21.95	  0.082	0.98270							#	   3.18	   6.05	
     50	  -5.94	 -16.66	  0.007	0.98312							#	   1.48	   5.24	
     51	   1.55	 -23.93	 -0.021	0.98835							#	   1.93	   4.95	
     52	  10.37	 -14.52	  0.124	0.99022							#	   1.27	   5.10	
     53	  -7.67	  -5.02	  0.024	0.98798							#	   1.10	   5.83	
     54	   7.79	  -8.51	 -0.036	0.98619							#	   0.34	   6.09	
     55	  -5.01	  -9.00	  0.006	0.98600							#	   1.12	   5.79	
     56	  -7.93	 -13.57	  0.112	0.98512							#	   1.88	   5.72	
     57	 -19.08	  -3.27	  0.047	0.98552							#	   3.64	   6.30	
     58	  -3.80	  -6.20	  0.046	0.98587							#	   0.67	   6.16	
     59									skipped		#	   1.82	   0.99	
     60									skipped		#	   0.49	   0.29	
     61									skipped		#	   0.43	   0.73	
     62	  20.90	 -14.88	  0.059	0.99948							#	   2.36	   5.61	
     63	   6.19	  -0.93	 -0.006	1.00098							#	   0.33	   6.16	
     64									skipped		#	   0.55	   0.37	
     65	  16.24	  -5.30	  0.050	1.00120							#	   1.61	   6.20	
     66	  -1.26	  -0.99	  0.050	1.00090							#	   0.19	   6.12	
     67	  -0.37	   4.75	 -0.009	0.99928							#	   0.18	   6.56	
     68	  -5.85	  12.85	  0.074	0.99982							#	   0.50	   5.02	
     69	 -21.42	  10.19	  0.015	0.99910							#	   3.41	   7.11	
     70	  -8.10	   8.26	  0.073	1.00088							#	   0.34	   7.07	
     71	  -2.27	   3.94	  0.061	0.99837							#	   0.18	   6.30	
     72	  -0.98	  -5.25	  0.071	0.99921							#	   0.18	   8.25	
     73	   3.65	   5.10	  0.034	1.00058							#	   0.27	   7.11	
     74	   8.65	  -1.69	 -0.017	1.00087							#	   0.69	   6.74	
     75	  14.36	  -9.26	  0.005	0.99834							#	   2.14	   5.50	
     76	  13.02	   1.47	  0.088	0.99962							#	   1.36	   5.79	
     77	  11.34	  -8.28	  0.003	1.00085							#	   1.42	   6.41	
     78									skipped		#	   3.17	   0.37	
     79	   7.06	  -1.09	  0.054	0.99990							#	   0.42	   6.27	
     80	 -17.02	  33.95	 -0.061	0.99913							#	   2.61	   6.78	
     81	 -20.35	  14.80	 -0.086	0.99930							#	   1.93	   5.65	
