      1	  -5.90	 -29.10	  0.035	0.99824							#	   3.91	   6.89	
      2	  -6.56	 -10.30	 -0.005	1.00003							#	   0.35	   7.00	
      3	 -12.02	  -0.25	 -0.055	1.00025							#	   0.59	   8.76	
      4	  -0.52	   1.15	  0.033	0.99987							#	   0.08	   8.69	
      5	   7.74	  -3.70	  0.024	0.99996							#	   0.18	   7.92	
      6	   6.56	  -0.68	 -0.032	1.00027							#	   0.23	   7.62	
      7	   7.64	  13.86	  0.017	1.00069							#	   1.26	   8.94	
      8	   4.78	  19.06	  0.006	1.00008							#	   1.54	  10.56	
      9	  11.89	   7.49	 -0.001	1.00113							#	   0.83	  10.04	
     10	  16.28	   8.69	 -0.008	0.99888							#	   1.32	  10.63	
     11	  15.22	  10.15	 -0.069	1.00019							#	   1.33	   8.54	
     12	  16.43	  23.10	 -0.089	0.99986							#	   2.86	   9.97	
     13	  14.78	  11.13	 -0.022	0.99955							#	   0.78	   9.93	
     14	   7.23	  14.32	  0.006	1.00065							#	   0.73	  11.66	
     15	  14.59	  15.13	 -0.023	0.99999							#	   1.03	  11.80	
     16	  15.59	  12.11	 -0.101	1.00104							#	   1.15	  11.47	
     17	  12.82	  16.85	  0.003	1.00083							#	   1.30	  12.13	
     18	  11.30	  14.48	 -0.028	1.00097							#	   0.87	  12.06	
     19	   7.63	  21.96	 -0.035	0.99995							#	   1.77	  11.69	
     20	  13.41	  17.58	  0.001	0.99935							#	   1.52	  15.25	
     21	   7.67	  12.61	 -0.079	1.00059							#	   0.68	  14.41	
     22	  17.54	  18.03	  0.066	1.00035							#	   1.76	  14.70	
     23	  16.83	  17.63	  0.071	1.00027							#	   1.40	  14.70	
     24	  14.85	  24.33	  0.180	1.00110							#	   2.40	  13.82	
     25	   9.94	  27.84	  0.026	0.99959							#	   1.75	  15.21	
     26	  13.70	  17.65	  0.073	0.99973							#	   1.31	  17.45	
     27	  17.24	   6.76	  0.102	1.00064							#	   0.69	  15.40	
     28	  11.69	  15.41	  0.023	1.00040							#	   0.96	  16.50	
     29	   5.76	   9.93	  0.040	1.00062							#	   0.38	  15.98	
     30	   6.07	  27.63	 -0.006	1.00065							#	   2.14	  16.50	
     31	  13.14	  19.07	  0.096	0.99839							#	   1.08	  16.61	
     32	  15.84	  25.05	 -0.005	1.00181							#	   1.81	  16.17	
     33	  16.30	  18.02	  0.063	0.99948							#	   1.38	  18.04	
     34	  17.54	  16.67	  0.040	0.99955							#	   1.45	  18.62	
     35	   8.77	  21.35	  0.114	1.00068							#	   1.39	  15.65	
     36	  11.22	  26.05	  0.069	1.00072							#	   2.40	  14.37	
     37	  18.63	  24.20	  0.055	0.99834							#	   2.00	  14.59	
     38	  13.69	  17.75	  0.035	1.00017							#	   1.11	  17.05	
     39	  10.06	  26.27	  0.081	1.00117							#	   2.18	  15.36	
     40	  13.31	  28.79	  0.034	1.00138							#	   2.31	  15.58	
     41	  18.61	  13.39	  0.068	1.00120							#	   0.86	  16.90	
     42	  23.26	  15.06	  0.051	1.00007							#	   1.32	  17.38	
     43	  15.73	  13.94	 -0.035	1.00026							#	   0.93	  18.91	
     44	  16.10	  19.61	  0.020	0.99999							#	   1.54	  18.51	
     45	  13.08	  12.29	  0.013	0.99970							#	   0.76	  17.63	
     46	  16.78	  22.47	  0.100	0.99907							#	   2.79	  17.05	
     47	  14.55	  13.22	  0.024	1.00114							#	   0.88	  17.74	
     48	  16.80	   9.82	  0.049	1.00000							#	   0.99	  18.51	
     49	  16.45	  23.29	  0.019	1.00027							#	   2.51	  17.38	
     50	  26.25	  13.97	  0.002	1.00025							#	   1.80	  17.56	
     51	  33.36	  13.00	  0.053	1.00038							#	   2.85	  16.31	
     52	  23.54	  11.64	  0.002	1.00039							#	   2.07	  17.12	
     53	  23.07	  -6.23	 -0.005	0.99967							#	   1.97	  18.33	
     54	  27.20	 -20.70	  0.007	0.99823							#	   3.80	  17.12	
     55	  21.31	   3.41	 -0.013	0.99984							#	   0.78	  17.82	
     56	  21.37	   5.61	 -0.047	1.00038							#	   0.95	  16.61	
     57	  18.59	  15.35	 -0.010	0.99962							#	   1.70	  18.91	
     58	  21.01	  -3.49	  0.002	1.00108							#	   0.82	  21.44	
     59	  15.00	   3.86	  0.010	0.99919							#	   0.50	  21.66	
     60	  10.20	   3.23	  0.000	0.99973							#	   0.43	  19.72	
     61	  16.32	   5.73	  0.010	1.00126							#	   0.91	  20.97	
     62	  18.06	  -0.15	 -0.043	1.00029							#	   0.76	  21.88	
     63	  17.29	   9.51	  0.031	0.99955							#	   1.83	  20.34	
     64	  22.47	   9.90	  0.054	1.00039							#	   2.14	  19.61	
     65	  22.26	  14.70	 -0.013	0.99904							#	   2.55	  18.73	
     66	  21.43	   4.28	  0.014	1.00021							#	   1.06	  17.60	
     67	  21.62	  20.12	  0.040	1.00048							#	   3.77	  18.77	
     68	  22.74	  10.03	  0.058	0.99839							#	   1.55	  14.99	
     69	  36.94	   3.53	  0.046	1.00024							#	   2.39	  15.84	
     70	  29.37	  14.04	 -0.019	1.00096							#	   3.31	  17.45	
     71	  24.41	  13.18	 -0.000	0.99966							#	   2.20	  18.18	
     72	  28.32	  12.31	 -0.055	1.00063							#	   3.25	  17.38	
     73	  27.21	  10.90	 -0.027	0.99974							#	   2.18	  17.49	
     74	  24.25	   3.19	 -0.051	0.99940							#	   2.26	  18.37	
     75	  26.79	   6.51	 -0.012	0.99967							#	   2.43	  19.10	
     76	  33.51	   8.57	 -0.000	1.00011							#	   3.52	  17.67	
     77	  33.01	   6.99	  0.048	0.99984							#	   3.11	  17.67	
     78	  30.75	   3.80	  0.051	1.00215							#	   2.88	  16.72	
     79	  21.53	  10.86	 -0.003	1.00538							#	   2.45	  21.19	
     80	  23.76	  -2.69	  0.068	1.00808							#	   1.62	  20.09	
     81	  26.86	   8.50	  0.102	1.01300							#	   2.62	  16.28	
     82	  30.41	  -0.45	 -0.008	1.01108							#	   2.09	  16.46	
     83	  37.12	  -7.13	 -0.024	1.01110							#	   3.45	  15.62	
     84	  25.58	  -1.42	 -0.136	1.00835							#	   1.30	  17.27	
     85	  14.71	   5.71	 -0.161	1.02239							#	   1.09	  19.65	
     86	  35.73	  -3.90	 -0.036	1.02301							#	   2.44	  15.18	
     87	  37.34	  -0.19	 -0.018	1.02098							#	   2.15	  15.36	
     88	  37.84	   4.51	 -0.014	1.01830							#	   1.71	  15.98	
     89	  37.94	   3.68	  0.035	1.01461							#	   1.97	  17.16	
     90	  31.02	   4.02	  0.072	1.01430							#	   1.81	  16.35	
     91	  28.36	   2.49	  0.036	1.00924							#	   1.13	  17.41	
     92	  24.09	  11.87	  0.021	1.01215							#	   1.38	  18.70	
     93	  27.11	   1.64	 -0.021	1.01281							#	   0.98	  14.19	
     94	  32.91	  -2.93	 -0.014	1.00074							#	   2.08	  16.24	
     95	  29.64	   3.56	 -0.049	1.00371							#	   1.03	  15.47	
     96	  37.75	  -7.17	  0.062	1.00219							#	   1.82	  14.59	
     97	  47.23	 -14.05	  0.053	1.00109							#	   1.72	  12.83	
     98	  56.76	  -2.16	  0.304	1.00005							#	   0.74	  13.38	
     99	  54.60	  -4.64	  0.103	1.00095							#	   0.81	   9.60	
    100	  79.05	 -20.74	  0.154	1.00058							#	   2.19	   8.72	
    101	  67.13	  -8.36	  0.161	1.00083							#	   0.62	   8.91	
    102	  67.58	  -8.74	  0.077	1.00126							#	   0.82	   8.50	
    103	  57.00	  21.91	 -0.170	1.00065							#	   2.29	   9.57	
    104	  28.00	  15.76	 -0.154	1.00051							#	   1.84	  15.62	
    105	  16.14	   2.87	  0.027	0.99942							#	   0.75	  17.74	
    106	  57.98	  -8.46	  0.217	1.00027							#	   1.01	   8.58	
    107	  56.01	 -11.99	  0.052	0.99976							#	   1.18	   8.69	
    108	  18.29	  -2.93	 -0.099	1.00120							#	   1.24	  15.95	
    109	  14.24	   2.31	 -0.043	0.99295							#	   0.67	  20.67	
    110	  17.23	   1.61	 -0.006	1.00072							#	   1.08	  19.72	
    111	  12.14	  -0.02	  0.116	1.00254							#	   0.79	  22.51	
    112	  -7.07	  -1.00	  0.053	1.00252							#	   0.26	  21.77	
    113	 -11.35	  13.36	 -0.035	1.00311							#	   1.10	  20.71	
    114	  -3.39	  10.16	 -0.107	1.00482							#	   0.49	  20.49	
    115	  15.85	  -6.68	 -0.020	1.00174							#	   1.66	  21.22	
    116	  11.87	   6.41	 -0.111	1.00044							#	   0.84	  19.68	
    117	   2.72	  14.76	  0.003	0.99999							#	   1.26	  20.05	
    118	  11.76	   2.43	  0.026	0.99990							#	   0.94	  21.66	
    119	  11.28	  -5.87	 -0.014	0.99972							#	   0.83	  22.18	
    120	  10.47	  12.54	 -0.010	1.00077							#	   1.18	  18.66	
    121	  16.80	  -2.40	 -0.036	1.00047							#	   1.48	  20.09	
    122	  12.30	  -0.30	 -0.053	1.00069							#	   0.93	  20.09	
    123	  -6.02	   0.55	 -0.129	1.00899							#	   0.32	  20.05	
    124	   3.57	   1.66	  0.034	1.03445							#	   3.13	  17.74	
    125	   3.01	   4.16	 -0.071	1.02646							#	   0.46	  17.38	
    126	   6.34	 -15.47	  0.058	1.01888							#	   1.74	  19.39	
    127	  12.22	   7.10	  0.000	1.01761							#	   1.16	  16.94	
    128	  15.71	   4.72	 -0.037	1.01001							#	   0.88	  16.13	
    129	   8.18	  -6.86	 -0.026	1.01535							#	   0.93	  17.67	
    130	   8.88	  -0.93	  0.049	1.01859							#	   0.96	  18.80	
    131	   4.80	  10.43	 -0.009	1.02013							#	   0.77	  17.96	
    132	   0.96	  -0.41	 -0.023	1.01704							#	   0.39	  18.91	
    133	   3.57	   2.04	  0.065	1.01052							#	   0.27	  20.67	
    134	  10.32	  -0.05	  0.041	1.01005							#	   0.91	  19.50	
    135	   7.65	   5.18	  0.042	1.00684							#	   0.79	  21.19	
    136	   6.63	  -3.65	 -0.036	1.00913							#	   0.63	  21.85	
    137	   6.96	   0.26	  0.007	1.01032							#	   0.65	  21.63	
    138	   8.22	   3.65	  0.003	1.00962							#	   0.52	  22.03	
    139	  10.12	   6.97	 -0.042	1.00769							#	   0.92	  22.91	
    140	   8.73	  -4.47	 -0.021	1.00834							#	   0.85	  20.56	
    141	   7.42	   7.65	 -0.036	1.00803							#	   0.91	  20.09	
    142	  11.72	   2.54	  0.016	1.00887							#	   0.82	  18.62	
    143	  10.78	   0.59	 -0.014	1.01528							#	   0.72	  17.67	
    144	   6.99	  -3.90	  0.005	1.02054							#	   1.35	  16.79	
    145	   4.49	   8.60	  0.016	1.02111							#	   0.62	  16.79	
    146	   9.28	   6.01	  0.053	1.01992							#	   0.68	  16.79	
    147	  13.64	   3.50	  0.128	1.00292							#	   0.63	  18.00	
    148	   7.32	  -0.40	  0.000	0.99984							#	   0.22	  17.49	
    149	   7.51	   4.72	  0.018	0.99966							#	   0.32	  18.51	
    150	  11.44	   0.42	  0.002	1.00045							#	   0.55	  18.88	
    151	  12.67	   4.11	 -0.019	0.99967							#	   0.88	  16.75	
    152	  10.63	   6.32	  0.101	1.00037							#	   0.65	  17.89	
    153	  17.42	   0.26	 -0.011	0.99995							#	   1.18	  16.72	
    154	  12.52	   2.31	 -0.023	0.99978							#	   0.53	  16.35	
    155	  14.83	  -2.32	  0.078	1.00061							#	   0.86	  17.27	
    156	  13.84	  -0.09	  0.039	0.99980							#	   0.76	  16.39	
    157	  15.76	   8.93	  0.018	1.00163							#	   1.19	  16.50	
    158	  16.66	  -3.83	 -0.002	0.99993							#	   0.81	  15.80	
    159	  20.65	   6.13	 -0.018	0.99996							#	   1.39	  14.85	
    160	  24.08	   3.54	  0.029	1.00030							#	   1.03	  14.11	
    161	  23.45	  -0.66	 -0.034	1.00034							#	   1.31	  14.55	
    162	  26.37	  10.82	  0.018	0.99999							#	   2.05	  12.61	
    163	  29.34	   7.26	  0.011	1.00117							#	   1.08	  11.03	
    164	  31.16	   7.51	  0.056	1.00018							#	   1.80	   9.82	
    165	  30.48	   5.90	 -0.109	1.00185							#	   0.98	  10.34	
    166	  25.16	   6.52	  0.063	0.99988							#	   1.12	  11.18	
    167	  23.72	  11.62	  0.078	0.99961							#	   1.15	  11.11	
    168	  17.90	   1.03	  0.001	1.00085							#	   0.55	  14.59	
    169	  18.51	  -0.99	  0.026	1.00027							#	   0.68	  13.56	
    170	  22.41	   3.78	  0.049	1.00091							#	   1.12	  13.20	
    171	  23.11	  -0.23	  0.105	1.00002							#	   0.89	  15.18	
    172	  24.03	  -1.05	  0.144	0.99979							#	   1.53	  15.80	
    173	  17.37	   4.31	  0.036	1.00019							#	   0.57	  15.03	
    174	  25.35	   0.30	  0.066	1.00007							#	   1.20	  14.48	
    175	  19.11	   9.85	 -0.054	0.99983							#	   1.17	  14.41	
    176	  16.04	   7.06	  0.048	1.00080							#	   0.73	  15.18	
    177	  13.51	  12.57	  0.005	1.00023							#	   0.89	  15.21	
    178	  18.00	   6.55	 -0.037	1.00103							#	   1.02	  15.58	
    179	  21.70	   8.03	 -0.047	1.00071							#	   1.56	  14.52	
    180	  21.25	   8.98	  0.037	0.99978							#	   1.00	  14.66	
    181	  21.40	   4.21	  0.094	1.00049							#	   1.26	  15.36	
    182	  21.46	   5.46	  0.092	0.99900							#	   1.53	  15.40	
    183	  25.49	   7.45	  0.088	1.00053							#	   1.43	  13.67	
    184	  27.67	   8.63	  0.054	1.00087							#	   2.21	  13.67	
    185	  31.28	  -7.17	  0.036	0.99976							#	   1.48	  14.15	
    186	  26.17	   3.80	  0.055	1.00060							#	   1.45	  15.21	
    187	  23.25	   5.98	  0.079	1.00042							#	   1.16	  14.85	
    188	  20.58	   2.59	  0.028	1.00089							#	   0.84	  15.03	
    189	  26.67	   9.87	  0.047	1.00029							#	   1.92	  14.04	
    190	  26.51	  -1.29	 -0.002	0.99975							#	   0.89	  14.99	
    191	  28.05	   5.23	  0.100	1.00016							#	   1.66	  12.94	
    192	  22.95	  -2.73	  0.054	1.00019							#	   1.06	  12.72	
    193	  24.24	  -1.37	  0.085	0.99979							#	   0.92	  14.44	
    194	  20.89	  10.47	  0.085	1.00045							#	   1.36	  14.33	
    195	  22.05	  12.11	  0.034	0.99975							#	   1.33	  14.19	
    196	  21.78	   1.30	 -0.027	1.00032							#	   0.83	  15.73	
    197	  20.73	  -5.48	  0.056	1.00039							#	   1.17	  14.26	
    198	  18.84	  -3.98	  0.069	1.00014							#	   0.96	  13.82	
    199	  17.98	  -1.84	  0.045	1.00137							#	   0.55	  13.97	
    200	  23.74	   1.72	 -0.008	1.00051							#	   1.23	  12.65	
    201	  18.53	  -1.37	 -0.091	1.00084							#	   0.77	  13.38	
    202	  20.13	   6.06	  0.034	1.00014							#	   0.77	  12.90	
    203	  26.39	  10.29	  0.029	0.99930							#	   1.87	  11.33	
    204	  32.74	   4.02	  0.134	1.00192							#	   1.24	  11.99	
    205	  28.50	  16.69	  0.012	1.00012							#	   1.89	  12.39	
    206	  32.48	  -7.13	  0.059	1.00070							#	   1.80	  10.92	
    207	  28.67	   3.79	  0.054	0.99930							#	   1.50	  12.02	
    208	  23.09	  -1.10	  0.098	0.99945							#	   0.76	  12.87	
    209	  23.00	   1.37	  0.033	1.00096							#	   1.18	  12.65	
    210	  23.42	  -7.37	  0.042	1.00091							#	   1.57	  12.39	
