      1	   2.34	   0.29	  0.006	0.99964							#	   0.89	  10.26	
      2	   1.85	  -2.26	 -0.029	0.99941							#	   1.20	  12.02	
      3	   9.34	  -6.08	  0.114	1.00030							#	   2.72	  12.02	
      4	  -1.47	  -4.75	  0.010	0.99944							#	   0.35	  12.10	
      5	  -7.09	  -3.39	 -0.134	0.99991							#	   1.14	  11.66	
      6	   1.85	  -7.38	 -0.040	1.00020							#	   1.15	  12.57	
      7	  -0.90	  -2.09	 -0.040	0.99989							#	   0.43	  12.72	
      8	  -2.62	   2.66	  0.014	1.00128							#	   0.41	  12.39	
      9	  -3.80	  -0.95	 -0.009	1.00046							#	   0.47	  13.01	
     10	  -1.00	  -8.21	 -0.084	0.99915							#	   1.45	  13.34	
     11	  -1.06	  -5.77	 -0.069	0.99998							#	   0.67	  13.27	
     12	   3.58	  -4.17	  0.001	0.99935							#	   0.82	  12.87	
     13	   0.17	  -0.24	 -0.062	1.00010							#	   0.25	  14.30	
     14	  -1.54	  -7.77	 -0.041	0.99997							#	   1.32	  13.27	
     15	  -4.06	  -1.21	 -0.003	1.00067							#	   0.44	  13.45	
     16	   0.68	  -6.82	  0.047	1.00039							#	   1.06	  12.90	
     17	   2.39	 -10.66	  0.017	0.99991							#	   2.64	  11.84	
     18	  -2.13	 -12.25	 -0.038	1.00025							#	   1.98	  11.44	
     19	  -4.08	  -9.40	 -0.047	1.00104							#	   1.38	  11.69	
     20	  -2.56	 -11.18	 -0.068	1.00015							#	   1.81	  12.06	
     21	   0.36	  -6.73	 -0.052	1.00058							#	   0.73	  11.73	
     22	   3.05	 -22.14	  0.030	0.99908							#	   6.81	  10.01	
     23	   0.24	  -7.32	  0.041	1.00080							#	   0.35	  11.25	
     24	   3.79	 -20.26	  0.142	0.99986							#	   3.22	   8.47	
     25	   2.53	 -12.45	  0.236	0.99986							#	   0.99	   9.27	
     26	  -4.16	 -10.65	 -0.051	1.00138							#	   1.36	  11.62	
     27	   0.58	 -11.22	 -0.175	1.00055							#	   1.26	  10.12	
     28	   6.54	  -6.88	 -0.048	0.99888							#	   0.87	   9.60	
     29	   1.97	  -1.07	 -0.058	1.00047							#	   0.27	  11.25	
     30	  -1.21	  -7.95	 -0.290	0.99892							#	   1.34	  11.22	
     31	   0.89	  -3.77	 -0.058	1.00070							#	   0.54	  11.29	
     32	   7.68	 -20.43	 -0.028	0.99999							#	   6.76	  10.37	
     33	   3.96	  -3.30	 -0.011	1.00071							#	   0.22	  11.07	
     34	   4.67	  -7.76	 -0.030	0.99977							#	   0.68	  10.70	
     35	   4.75	 -16.16	 -0.042	1.00023							#	   2.30	   9.35	
     36	  -1.45	  -8.59	 -0.020	1.00031							#	   0.76	   9.97	
     37	   3.91	  -7.84	 -0.046	0.99945							#	   0.67	   8.47	
     38	   3.35	 -18.71	 -0.087	1.00043							#	   3.98	   9.90	
     39	   1.15	 -17.88	 -0.117	1.00052							#	   2.69	  10.59	
     40	  -1.57	  -8.12	 -0.023	0.99973							#	   0.82	  12.21	
     41	  -1.53	 -10.55	 -0.042	1.00062							#	   1.31	  10.92	
     42	  -2.55	 -19.43	 -0.264	0.99916							#	   3.93	   8.21	
     43	   2.40	 -13.86	 -0.206	0.99991							#	   1.61	  10.30	
     44	   4.28	 -12.64	 -0.103	0.99989							#	   1.86	   9.53	
     45	   1.40	 -14.21	 -0.110	0.99988							#	   2.25	   9.05	
     46	   0.48	 -10.60	 -0.123	0.99993							#	   1.30	   9.38	
     47	   1.04	 -13.06	 -0.083	0.99938							#	   1.86	   8.87	
     48	   3.26	 -10.59	 -0.004	0.99986							#	   1.70	   9.35	
     49	   0.05	 -10.49	 -0.066	0.99966							#	   1.80	  10.15	
     50	  -1.38	 -16.65	 -0.019	1.00047							#	   4.22	  10.56	
     51	  -0.64	 -19.72	 -0.053	0.99936							#	   3.65	   8.50	
     52	   2.25	 -19.64	  0.025	0.99962							#	   3.68	   7.59	
     53	   3.67	 -13.40	 -0.087	1.00010							#	   1.89	   7.26	
     54	   7.22	 -18.86	 -0.005	1.00005							#	   3.55	   8.43	
     55	   6.77	 -19.13	 -0.050	0.99928							#	   3.14	   8.80	
     56	  -3.52	  -9.10	 -0.178	1.00015							#	   1.19	   8.43	
     57	  -2.93	 -11.76	 -0.075	1.00017							#	   1.73	  11.07	
     58	  -3.43	  -8.55	 -0.019	1.00000							#	   1.02	   8.94	
     59	  -3.77	 -14.07	 -0.023	0.99973							#	   2.39	   9.38	
     60	  -6.45	 -17.86	 -0.064	0.99980							#	   3.83	   8.03	
     61	  -7.28	 -14.95	 -0.056	0.99982							#	   2.57	   9.49	
     62	  -2.68	 -13.02	 -0.000	1.00033							#	   2.20	   9.24	
     63	   3.04	 -26.10	 -0.065	1.00096							#	   7.07	   8.87	
     64	  -0.44	 -12.97	 -0.027	0.99956							#	   1.11	  10.19	
     65	  -7.99	 -10.45	 -0.070	0.99995							#	   1.42	   8.17	
     66	  -4.87	 -17.98	 -0.033	0.99897							#	   3.03	   9.57	
     67	  -1.98	 -16.76	  0.029	1.00060							#	   2.47	  10.89	
     68	  -0.66	  -9.17	  0.012	1.00004							#	   0.76	  11.33	
     69	   2.15	 -14.17	 -0.062	0.99958							#	   2.08	   9.64	
     70	  -2.11	 -15.31	 -0.030	1.00060							#	   2.35	  11.14	
     71	   0.81	 -16.81	  0.016	0.99938							#	   2.86	  12.90	
     72	  -0.97	  -7.34	 -0.043	1.00077							#	   0.76	  10.96	
     73	   3.83	  -8.05	 -0.041	1.00073							#	   1.02	   9.57	
     74	   1.59	 -23.20	 -0.056	1.00021							#	   6.42	  10.30	
     75	   0.51	 -16.10	 -0.045	1.00066							#	   1.68	  11.44	
     76	   2.14	 -16.64	 -0.068	0.99923							#	   2.63	  10.96	
     77	   0.69	 -14.79	 -0.049	0.99981							#	   1.89	   9.82	
     78	  -0.73	 -13.58	 -0.029	1.00038							#	   1.73	  12.06	
     79	  -3.65	  -9.47	 -0.060	1.00079							#	   1.05	  11.03	
     80	   1.20	 -15.51	 -0.010	0.99894							#	   2.87	  10.96	
     81	   2.88	 -21.32	 -0.028	1.00061							#	   4.93	   8.25	
     82	  -0.39	 -17.10	  0.044	1.00118							#	   2.46	  10.45	
     83	  -0.72	 -21.58	  0.068	0.99976							#	   4.41	   8.65	
     84	   0.81	 -16.34	  0.017	1.00090							#	   2.36	   9.82	
     85	   3.79	 -19.22	 -0.045	0.99938							#	   3.72	  10.04	
     86	   0.07	 -17.39	 -0.043	0.99950							#	   2.84	   9.13	
     87	   0.80	 -23.49	 -0.002	1.00070							#	   5.45	   9.24	
     88	  -1.94	 -12.74	  0.059	1.00009							#	   1.28	   9.86	
     89	  -3.71	  -6.15	  0.022	1.00105							#	   0.56	  11.11	
     90	  -1.04	 -14.33	  0.067	1.00000							#	   1.86	  11.40	
     91	  -3.24	 -17.76	 -0.004	1.00067							#	   2.92	   9.35	
     92	  -1.92	 -12.91	 -0.009	0.99979							#	   1.77	  10.85	
     93	   0.04	  -2.93	 -0.029	1.00090							#	   0.29	  11.73	
     94	  -1.04	  -7.14	 -0.073	1.00023							#	   0.82	  10.92	
     95	   2.11	 -19.46	 -0.028	0.99968							#	   4.62	  10.63	
     96	  -2.50	  -7.19	 -0.006	1.00051							#	   0.53	  10.81	
     97	   1.10	 -10.78	  0.002	0.99938							#	   1.33	  10.67	
     98	   0.29	 -23.47	 -0.066	1.00089							#	   5.62	  10.56	
     99	  -2.32	 -10.30	 -0.005	1.00012							#	   0.82	  10.30	
    100	  -8.13	 -10.84	  0.009	1.00042							#	   1.69	  10.15	
    101	  -6.64	 -11.51	 -0.110	0.99968							#	   1.50	  10.41	
    102	  -7.84	 -14.41	 -0.020	0.99989							#	   2.22	  10.48	
    103	  -3.33	  -9.67	  0.030	1.00043							#	   0.91	  11.80	
    104	   1.84	  -4.16	  0.139	1.00027							#	   0.46	  10.96	
    105	  -2.47	  -2.69	  0.001	1.00055							#	   0.30	  10.92	
    106	  -0.12	 -22.93	 -0.007	0.99940							#	   6.26	  10.48	
    107	   1.84	  -6.45	  0.041	1.00034							#	   0.33	  10.45	
    108	   6.68	 -17.05	  0.062	0.99997							#	   2.33	   9.09	
    109	   3.61	 -13.03	  0.010	1.00014							#	   1.50	  10.45	
    110	   0.73	 -19.31	 -0.037	1.00070							#	   2.88	  11.29	
    111	   2.04	 -15.14	 -0.051	0.99992							#	   1.73	  10.30	
    112	   7.54	 -17.28	  0.024	1.00033							#	   2.83	   9.46	
    113	   2.80	 -18.92	 -0.040	0.99964							#	   3.28	   9.35	
    114	  -2.43	 -12.45	 -0.057	1.00096							#	   1.67	   9.38	
    115	  -2.62	 -15.94	 -0.081	1.00003							#	   2.26	  11.66	
    116	  -1.38	 -15.08	 -0.099	1.00051							#	   2.05	  11.44	
    117	   5.70	  -4.41	 -0.084	0.99983							#	   0.51	  11.91	
    118	   2.24	  -9.57	 -0.009	0.99989							#	   1.09	  10.52	
    119	   4.09	 -12.73	 -0.039	1.00028							#	   2.03	  10.96	
    120	   6.39	 -18.29	 -0.001	1.00023							#	   3.62	   9.68	
    121	   0.43	  -2.93	 -0.046	1.00129							#	   0.32	  10.08	
    122	   4.32	 -13.58	 -0.011	0.99942							#	   1.58	   9.16	
    123	   4.20	 -17.01	 -0.062	1.00072							#	   2.59	  10.30	
    124	  -0.14	 -11.97	 -0.025	1.00023							#	   1.17	  10.23	
    125	  -1.82	  -5.06	 -0.030	1.00012							#	   0.42	   9.46	
    126	   1.05	  -9.37	  0.049	1.00051							#	   0.83	  10.67	
    127	   4.61	 -16.53	 -0.019	0.99979							#	   2.22	   8.91	
    128	   9.03	 -14.72	 -0.101	1.00067							#	   2.01	   9.75	
    129	   9.01	 -18.12	 -0.115	0.99888							#	   3.34	   8.94	
    130	   8.16	 -23.16	 -0.130	1.00075							#	   3.26	   8.43	
    131	  11.07	 -16.62	 -0.010	1.00005							#	   1.94	   8.03	
    132	   4.12	 -15.09	 -0.026	0.99949							#	   1.39	   7.99	
    133	   2.13	 -18.19	 -0.028	1.00118							#	   1.90	   8.61	
    134	   2.64	 -16.47	 -0.036	0.99976							#	   1.39	   7.81	
    135	  -2.46	 -21.15	 -0.061	1.00061							#	   2.26	   7.40	
    136	   3.13	  -9.51	 -0.024	0.99876							#	   0.62	   7.51	
    137	   2.19	 -21.93	 -0.109	1.00019							#	   2.71	   5.90	
    138	  -0.96	 -21.36	 -0.063	1.00083							#	   1.70	   7.37	
    139	   0.89	 -10.04	 -0.013	1.00045							#	   0.68	   6.63	
    140	   2.90	 -15.33	  0.018	0.99958							#	   1.36	   7.48	
    141	   3.14	 -11.57	 -0.023	1.00026							#	   0.88	   7.55	
    142	  -1.34	  -8.22	  0.006	1.00025							#	   0.63	   7.51	
    143	   0.59	 -20.99	 -0.027	1.00101							#	   2.21	   8.17	
    144	   2.19	 -20.96	 -0.060	1.00095							#	   1.93	   7.26	
    145	   1.77	  -8.84	 -0.075	0.99951							#	   0.65	   7.62	
    146	  -0.43	  -5.85	 -0.057	0.99951							#	   0.44	   8.32	
    147	  -2.33	  -7.96	 -0.072	1.00051							#	   0.53	   9.02	
    148	  -3.15	 -12.27	 -0.097	1.00016							#	   1.00	   8.06	
    149	   2.73	  -8.89	 -0.031	1.00005							#	   0.68	   8.06	
    150	   0.84	 -19.46	 -0.093	0.99972							#	   2.93	   7.40	
    151	  -0.11	 -16.29	  0.003	1.00012							#	   1.50	   7.62	
    152	   0.99	 -14.48	 -0.054	0.99972							#	   1.31	   7.55	
    153	  -2.40	 -11.00	 -0.125	1.00204							#	   0.95	   7.88	
    154	  -2.18	 -19.11	 -0.073	1.00047							#	   2.15	   7.00	
    155	   2.81	 -22.73	 -0.079	1.00019							#	   2.38	   6.67	
    156	   2.51	 -12.95	 -0.042	0.99991							#	   0.86	   6.41	
    157	   3.63	  -9.66	  0.065	1.00127							#	   0.71	   6.38	
    158	   0.96	 -11.34	 -0.068	1.00001							#	   0.87	   6.60	
    159	   2.27	 -11.08	 -0.045	1.00008							#	   1.07	   6.23	
    160	   4.94	  -7.82	 -0.075	0.99936							#	   0.97	   6.34	
    161	   4.61	 -10.46	 -0.035	0.99928							#	   1.36	   6.01	
    162	   1.99	 -14.33	  0.122	0.99872							#	   1.32	   5.72	
    163	  -0.09	  -5.23	  0.048	1.00095							#	   0.45	   5.57	
    164	  -0.62	  -7.08	  0.019	0.99790							#	   0.54	   6.16	
    165	   0.68	 -13.82	 -0.050	0.99843							#	   1.48	   5.43	
    166	   4.71	  -7.11	 -0.052	0.99848							#	   0.58	   5.65	
    167	  -1.48	  -5.19	 -0.043	1.00107							#	   0.41	   5.98	
    168	   2.84	   1.21	 -0.112	0.99914							#	   0.36	   5.35	
    169	   7.89	  -0.74	 -0.142	0.99960							#	   0.90	   5.50	
    170	   9.19	   1.56	 -0.139	1.00083							#	   1.34	   5.39	
    171	   8.07	  -8.97	 -0.010	1.00028							#	   1.19	   5.57	
    172	   7.35	  -7.40	 -0.048	1.00154							#	   1.13	   6.20	
    173	   3.78	  -5.60	  0.000	0.99928							#	   0.76	   5.17	
    174	  -0.76	   3.61	  0.032	1.00087							#	   0.42	   5.68	
    175	  -0.79	   6.14	  0.021	1.00000							#	   0.60	   6.05	
    176	   1.59	  -2.37	  0.055	1.00051							#	   0.42	   6.56	
    177	   1.42	   3.15	  0.021	1.00000							#	   0.68	   6.09	
    178	  -3.93	   3.61	 -0.003	0.99987							#	   1.19	   6.63	
    179	  -3.20	   3.79	 -0.035	0.99961							#	   0.89	   5.83	
    180	   1.83	  -2.12	  0.005	1.00015							#	   0.55	   6.71	
    181	   0.46	   0.40	  0.066	1.00058							#	   0.49	   6.12	
    182	   1.02	  -1.49	  0.015	1.00025							#	   0.45	   6.60	
    183	   1.61	   1.10	  0.028	1.00086							#	   0.45	   6.20	
    184	  -0.89	   9.09	  0.004	0.99889							#	   1.05	   5.46	
    185	  -9.02	   6.69	 -0.048	1.00119							#	   1.60	   5.21	
    186	   2.85	   6.53	 -0.001	0.99943							#	   0.62	   5.98	
