      1	   2.34	 -20.20	  0.088	0.99976							#	   8.32	  14.88	
      2	   4.81	  -1.57	  0.009	0.99965							#	  11.74	  21.44	
      3	   0.55	  -0.69	  0.102	1.00068							#	   1.66	  24.56	
      4	  -2.31	  -3.27	  0.015	1.00001							#	   3.23	  21.77	
      5	   4.71	  -2.33	 -0.013	0.99982							#	   0.83	  24.30	
      6	  13.96	  -3.75	 -0.015	0.99967							#	   0.77	  21.00	
      7	  10.06	   2.95	 -0.063	1.00086							#	   0.54	  22.25	
      8	  10.73	   0.57	 -0.018	1.00036							#	   3.43	  22.29	
      9	  10.67	  -0.34	 -0.083	1.00007							#	   3.33	  19.72	
     10	  15.59	   5.17	 -0.013	0.99959							#	   2.25	  19.68	
     11	   9.53	   9.06	  0.005	0.99962							#	   1.42	  21.44	
     12	   2.01	   4.37	 -0.024	0.99958							#	   0.38	  22.36	
     13	   3.23	   4.75	  0.007	0.99975							#	   2.79	  22.40	
     14	  -0.19	  -0.98	 -0.034	0.99974							#	   1.13	  24.05	
     15	  -1.82	  -1.48	 -0.004	0.99962							#	   1.23	  26.72	
     16	  -1.93	  -0.53	 -0.052	0.99848							#	   0.46	  23.35	
     17	   7.55	  -6.56	 -0.042	0.99660							#	   1.33	  21.99	
     18	  10.06	  -2.14	  0.005	0.99735							#	   1.63	  22.65	
     19	  -2.20	   7.48	 -0.062	0.99678							#	   5.40	  25.15	
     20	   0.88	  -4.24	  0.012	0.99458							#	   2.83	  20.53	
     21	  10.83	  -1.29	 -0.048	0.99702							#	   2.21	  18.73	
     22	  24.51	  -0.46	 -0.056	0.99853							#	   3.71	  17.45	
     23	  25.28	   2.51	 -0.052	1.00029							#	   3.47	  16.20	
     24	  22.35	   1.22	  0.002	0.99945							#	   3.64	  19.46	
     25	  13.58	   7.54	  0.000	1.00015							#	   2.98	  19.94	
     26	  16.60	  -3.71	  0.026	0.99992							#	   4.03	  18.33	
     27	  24.76	   9.66	  0.016	0.99942							#	   6.42	  16.79	
     28	  26.35	   1.25	  0.018	1.00034							#	   3.21	  17.78	
     29	  23.39	   1.49	  0.026	0.99966							#	   3.15	  17.93	
     30	  26.20	   4.01	  0.127	0.99951							#	   3.88	  15.51	
     31	  23.21	   5.53	  0.007	0.99989							#	   3.79	  14.59	
     32	  29.06	  -5.00	  0.145	1.00030							#	   3.42	  14.52	
     33	  22.85	  13.45	 -0.022	0.99890							#	   4.99	  15.14	
     34	  23.41	  -5.80	  0.048	0.99937							#	   2.20	  15.65	
     35	  19.66	   9.37	  0.043	1.00062							#	   3.98	  15.69	
     36	  25.28	   2.86	  0.028	1.00031							#	   3.02	  15.87	
     37	  19.87	   3.24	 -0.044	0.99998							#	   3.45	  12.83	
     38	  21.08	   1.13	 -0.001	0.99988							#	   2.28	  15.91	
     39	  23.00	   4.93	  0.073	1.00028							#	   2.78	  15.32	
     40	  11.84	  -1.39	  0.050	0.99984							#	   0.94	  16.06	
     41	  15.74	  -0.72	  0.056	0.99902							#	   2.64	  16.13	
     42	  15.26	   2.20	  0.056	0.99992							#	   2.51	  18.29	
     43	  21.11	   0.71	  0.006	1.00040							#	   2.83	  15.51	
     44	  18.48	   5.54	  0.019	0.99972							#	   4.10	  16.24	
     45	  14.25	   0.19	 -0.002	1.00072							#	   2.34	  16.75	
     46	  18.57	  -3.37	  0.010	1.00057							#	   2.41	  17.38	
     47	  12.04	   5.58	 -0.012	1.00074							#	   1.87	  16.57	
     48	  20.54	   1.55	  0.072	0.99963							#	   4.81	  16.13	
     49	  18.97	   2.02	  0.074	1.00062							#	   2.59	  15.98	
     50	  16.22	   0.13	  0.107	0.99945							#	   1.59	  15.84	
     51	  17.70	   5.51	  0.063	0.99998							#	   2.01	  14.88	
     52	  20.47	   0.82	  0.063	0.99998							#	   3.25	  15.36	
     53	  16.97	  -3.46	  0.035	0.99970							#	   2.40	  15.18	
     54	  18.74	  -1.79	  0.094	1.00065							#	   2.68	  14.33	
     55	  14.41	   4.03	  0.014	0.99967							#	   1.84	  14.30	
     56	   8.15	  -1.70	  0.060	1.00024							#	   0.86	  15.21	
     57	   3.04	  -4.97	  0.085	1.00045							#	   0.84	  16.64	
     58	   8.26	   0.44	  0.031	1.00064							#	   2.18	  16.06	
     59	  19.03	   6.88	  0.028	0.99983							#	   4.38	  14.70	
     60	  20.40	  -1.50	  0.006	1.00070							#	   1.97	  14.11	
     61	  27.34	  -0.94	  0.066	0.99876							#	   3.52	  12.94	
     62	  24.24	   0.61	  0.046	0.99731							#	   2.46	  13.86	
     63	  24.64	   3.15	  0.068	0.99668							#	   3.84	  11.80	
     64	  26.49	   2.23	  0.037	0.99686							#	   3.94	  12.57	
     65	  25.98	   1.15	 -0.004	0.99876							#	   4.96	  10.96	
     66	  20.02	   5.29	 -0.062	1.00021							#	   2.16	  14.22	
     67	  14.94	   3.83	 -0.028	0.99981							#	   1.58	  13.67	
     68	  25.89	  -4.91	  0.047	1.00020							#	   2.95	  13.42	
     69	  17.70	  -2.40	 -0.021	1.00000							#	   2.75	  13.45	
     70	  25.80	  -3.18	  0.011	1.00028							#	   4.67	  12.98	
     71	  23.02	   9.33	 -0.017	0.99959							#	   2.92	  11.62	
     72	  18.60	   3.05	 -0.012	1.00065							#	   1.95	  14.08	
     73	  16.72	   0.77	  0.021	1.00086							#	   1.90	  13.82	
     74	  23.69	  -1.42	  0.109	0.99997							#	   2.68	  14.55	
     75	  23.19	  11.21	 -0.032	1.00002							#	   4.74	  13.20	
     76	  30.08	   4.65	  0.019	1.00069							#	   6.65	  11.44	
     77	  25.54	   5.02	  0.030	1.00043							#	   2.66	  12.50	
     78	  17.46	   8.22	  0.017	1.00126							#	   2.35	  13.86	
     79	  20.79	   0.61	  0.017	1.00411							#	   2.03	  13.12	
     80	  25.42	   0.28	  0.030	1.00542							#	   3.13	  13.56	
     81	  20.02	  -7.10	  0.025	1.00234							#	   2.35	  12.06	
     82	  23.45	  -6.81	  0.025	1.00338							#	   5.95	  10.89	
     83	  23.53	  14.54	  0.012	1.00438							#	   4.56	  12.17	
     84	  20.04	  -4.46	  0.002	1.00702							#	   2.76	  13.34	
     85	  18.19	   5.01	 -0.006	1.00737							#	   3.09	  13.75	
     86	  16.86	  -1.42	  0.016	1.00609							#	   2.97	  12.24	
     87	  21.49	   5.83	  0.076	1.00795							#	   4.92	  12.35	
     88	  15.52	   6.68	  0.049	1.01023							#	   2.83	  10.56	
     89	  21.22	  10.47	  0.051	1.01380							#	   4.22	  12.54	
     90	  21.85	  -3.31	  0.056	1.01275							#	   3.78	  11.88	
     91	  13.24	  10.94	 -0.045	1.01027							#	   3.78	  15.47	
     92	  15.98	   0.02	  0.054	1.00623							#	   1.97	  14.00	
     93	  14.21	   2.06	  0.066	1.00275							#	   3.65	  15.84	
     94	  16.65	  -2.14	  0.059	1.00360							#	   2.09	  15.87	
     95	  12.44	   2.29	  0.095	1.00451							#	   1.23	  14.99	
     96	  10.53	  -2.02	  0.097	1.00730							#	   1.06	  16.50	
     97	  10.53	  -4.32	 -0.016	1.00829							#	   2.55	  13.60	
     98	   9.48	  -1.75	 -0.004	1.00795							#	   1.59	  12.83	
     99	  13.38	   3.72	  0.085	1.00533							#	   4.67	  12.39	
    100	   8.84	   1.08	 -0.020	1.00351							#	   1.04	  13.20	
    101	  14.85	   1.97	  0.004	1.00391							#	   1.67	  14.44	
    102	  14.49	  -2.98	  0.028	1.00597							#	   1.91	  14.96	
    103	  11.33	   5.70	  0.052	1.01099							#	   3.97	  13.82	
    104	  10.26	   1.11	  0.014	1.01505							#	   2.85	  13.89	
    105	  10.66	  -0.94	  0.043	1.01093							#	   2.75	  12.94	
    106	  12.48	  10.52	  0.063	1.00447							#	   3.28	  14.19	
    107	  14.92	   3.20	 -0.027	1.00165							#	   2.09	  12.83	
    108	  18.34	  -1.43	  0.021	1.00163							#	   3.08	  12.90	
    109	  17.12	   0.78	  0.099	1.00141							#	   3.20	  12.68	
    110	   8.93	   1.54	  0.012	1.00206							#	   2.06	  13.09	
    111	   9.17	   1.50	 -0.019	1.00299							#	   1.38	  15.47	
    112	  12.49	   0.34	  0.003	1.00211							#	   1.47	  14.33	
    113	  14.23	   3.78	  0.034	1.00380							#	   2.45	  14.26	
    114	  12.27	   5.33	 -0.009	1.00615							#	   2.57	  15.14	
    115	   8.05	   8.90	 -0.004	1.00831							#	   3.44	  13.75	
    116	   5.04	   0.81	  0.040	1.00830							#	   3.09	  13.27	
    117	   2.79	   4.48	  0.043	1.00918							#	   1.83	  14.81	
    118	   7.81	   4.28	  0.035	1.00647							#	   1.92	  16.02	
    119	   5.28	   6.33	  0.043	1.00900							#	   2.12	  15.69	
    120	  -0.04	   6.50	 -0.026	1.01005							#	   1.94	  16.53	
    121	   2.12	  -1.54	 -0.029	1.00436							#	   0.81	  15.03	
    122	   5.73	   1.25	 -0.079	1.00189							#	   2.17	  13.64	
    123	   8.41	   8.05	 -0.009	1.00148							#	   2.04	  15.51	
    124	   7.16	   3.76	  0.031	1.00210							#	   1.81	  15.80	
    125	   6.16	  -0.64	 -0.026	1.00131							#	   1.27	  15.51	
    126	   8.04	   0.65	  0.048	1.00152							#	   3.75	  15.69	
    127	  10.56	   5.85	  0.058	1.00153							#	   3.15	  15.18	
    128	  13.57	   8.55	  0.062	1.00057							#	   3.43	  14.44	
    129	   8.24	   0.38	  0.050	1.00086							#	   0.94	  15.40	
    130	   6.55	  -2.92	  0.056	1.00248							#	   0.81	  16.13	
    131	   2.43	   9.33	 -0.001	1.01089							#	   2.74	  17.41	
    132	  10.47	  -4.71	  0.067	1.00678							#	   3.20	  15.84	
    133	  16.46	   4.70	  0.020	1.00351							#	   5.03	  15.36	
    134	  19.21	  -0.53	  0.012	1.00520							#	   3.05	  13.05	
    135	  12.64	  16.06	 -0.051	1.00660							#	   5.46	  14.48	
    136	  11.37	  -9.96	 -0.019	1.00795							#	  14.36	  17.45	
    137	   5.12	   3.17	  0.015	1.00904							#	   6.47	  13.89	
    138	   2.47	   3.63	  0.008	1.01626							#	   1.26	  13.23	
    139	   0.63	   9.20	  0.001	1.02056							#	   1.76	  13.49	
    140	   5.70	   2.00	  0.039	1.01365							#	   0.72	  15.07	
    141	   5.68	  10.39	  0.061	1.00408							#	   0.95	  16.02	
    142	   2.93	  -1.57	  0.002	1.00219							#	   0.19	  17.19	
    143	   5.21	   1.18	 -0.034	1.00344							#	   0.65	  16.72	
    144	   7.70	   1.34	  0.045	1.00309							#	   1.03	  17.01	
    145	   4.12	   3.16	  0.022	1.00776							#	   2.17	  15.62	
    146	   2.94	   6.63	  0.024	1.01228							#	   1.92	  16.06	
    147	   2.59	  17.46	  0.075	1.00988							#	   4.86	  17.38	
    148	   4.88	  -5.27	  0.080	1.00578							#	   0.54	  17.23	
    149	  10.13	   8.43	  0.007	1.00268							#	   2.66	  17.41	
    150	   4.74	  -1.62	 -0.029	1.00620							#	   0.92	  17.85	
    151	   5.42	   9.23	  0.031	1.01039							#	   2.97	  15.69	
    152	   7.49	   8.44	  0.026	1.00026							#	   1.34	  17.27	
    153	   5.45	   6.12	 -0.020	0.99977							#	   1.35	  17.89	
    154	  10.85	  -2.08	 -0.024	1.00036							#	   1.38	  18.33	
    155	   7.24	   9.70	  0.052	0.99988							#	   2.81	  19.17	
    156	   6.71	   1.72	  0.040	0.99980							#	   0.89	  19.61	
    157	   7.79	  12.41	  0.087	1.00003							#	   3.30	  15.65	
    158	   5.89	   6.29	 -0.055	1.00017							#	   0.88	  16.53	
    159	   7.77	   9.32	  0.017	1.00036							#	   2.08	  16.42	
    160	   8.71	   9.14	  0.040	1.00012							#	   1.84	  17.34	
    161	   7.91	   4.14	  0.115	0.99931							#	   1.27	  16.57	
    162	   4.55	   4.20	  0.094	1.00017							#	   1.83	  16.20	
    163	  11.65	   9.31	  0.020	0.99980							#	   3.50	  15.21	
    164	  14.20	   4.49	  0.043	1.00107							#	   1.84	  16.02	
    165	  14.82	   3.36	  0.021	1.00004							#	   1.89	  16.79	
    166	  18.69	   4.77	  0.007	0.99972							#	   3.54	  16.72	
    167	  21.39	  -2.92	  0.028	0.99991							#	   3.50	  14.66	
    168	  20.58	  -1.94	  0.028	1.00054							#	   2.83	  14.81	
    169	  17.48	  -3.88	  0.082	0.99864							#	   2.22	  15.47	
    170	  15.24	   5.01	  0.061	1.00090							#	   2.05	  16.72	
    171	  13.83	   4.27	  0.046	1.00032							#	   1.51	  16.09	
    172	  16.07	   1.89	  0.033	0.99981							#	   1.95	  16.06	
    173	  15.37	  -0.95	  0.044	1.00122							#	   2.72	  14.81	
    174	  12.21	  -3.99	 -0.025	1.00022							#	   2.86	  14.11	
    175	  11.14	   3.74	 -0.054	1.00013							#	   1.75	  15.47	
    176	  16.06	   5.87	 -0.020	1.00073							#	   2.60	  14.19	
    177	  16.47	  -1.86	  0.013	0.99998							#	   1.88	  14.04	
    178	  19.17	   2.10	  0.037	1.00017							#	   3.18	  14.52	
    179	  17.11	   4.30	 -0.071	1.00031							#	   2.38	  12.54	
    180	  15.40	   6.43	  0.080	1.00026							#	   2.68	  11.99	
    181	  16.43	   6.07	  0.022	1.00003							#	   2.26	  13.82	
    182	  23.09	   4.12	  0.032	0.99984							#	   3.50	  14.00	
    183	  15.30	   7.02	  0.033	1.00008							#	   1.80	  14.44	
    184	  12.63	  -0.25	  0.060	1.00051							#	   1.25	  15.69	
    185	  13.09	   3.95	  0.058	0.99993							#	   2.08	  14.26	
    186	  13.43	  -0.91	  0.033	0.99954							#	   1.74	  14.30	
    187	  14.98	   7.73	  0.054	0.99948							#	   2.17	  14.44	
    188	  17.72	   7.81	  0.107	0.99962							#	   2.98	  13.23	
    189	  15.15	  -0.17	  0.114	1.00004							#	   1.27	  15.51	
    190	   8.82	   0.78	  0.071	0.99944							#	   1.30	  14.44	
    191	  12.90	   3.00	  0.089	0.99981							#	   1.64	  13.75	
    192	  17.89	  -3.58	  0.090	0.99934							#	   2.78	  13.82	
    193	   9.17	   8.48	 -0.044	0.99998							#	   1.29	  13.71	
    194	  10.98	   2.00	 -0.125	1.00019							#	   0.90	  13.75	
    195	   1.38	  -6.84	 -0.016	0.99973							#	   0.75	  15.84	
    196	  14.34	  -3.35	  0.021	0.99974							#	   1.74	  13.45	
    197	  23.10	  -6.07	 -0.113	0.99914							#	   3.62	  11.55	
    198	  20.15	 -14.46	 -0.007	0.99934							#	   3.19	  12.90	
    199	   5.53	   6.22	  0.026	0.99942							#	   0.65	  16.17	
    200	  -3.06	  -9.40	 -0.015	0.99858							#	   0.90	  13.89	
    201	  -4.21	  -3.97	 -0.047	0.99067							#	   0.69	  14.88	
    202	   3.93	  -9.57	 -0.025	0.96743							#	   3.29	  12.90	
    203	   1.58	  -9.35	 -0.047	0.95759							#	   3.73	  11.33	
    204	  -4.07	  -6.94	 -0.082	0.94679							#	   4.72	   8.58	
    205	   5.09	 -14.94	 -0.018	0.93112							#	   5.47	   7.88	
    206	   8.29	  -9.41	 -0.067	0.93543							#	   5.18	   7.37	
    207	  10.23	 -15.41	 -0.093	0.94136							#	   3.61	   7.18	
    208	  13.97	 -16.81	 -0.106	0.95000							#	   3.35	   8.25	
    209	  15.88	  -0.65	 -0.179	0.96518							#	   2.75	   7.26	
    210	  15.05	 -16.89	 -0.063	0.96694							#	   2.48	   7.48	
    211	  10.47	  -5.53	 -0.009	0.97047							#	   1.64	   9.20	
    212	   9.05	 -14.68	 -0.030	0.97541							#	   1.71	   9.53	
    213	  14.41	 -11.76	 -0.051	0.97465							#	   2.01	   7.99	
    214	  18.77	 -11.98	  0.010	0.97609							#	   3.35	   7.66	
    215	  15.60	 -11.46	  0.041	0.97847							#	   2.51	   6.93	
    216	  11.14	 -12.06	  0.028	0.98108							#	   2.34	   7.44	
    217	  15.53	 -10.31	  0.008	0.98005							#	   2.25	   8.65	
    218	   7.94	  -7.83	 -0.001	0.97706							#	   1.83	   7.18	
    219	   5.83	 -14.96	 -0.021	0.96333							#	   3.13	   7.48	
    220	  10.03	 -11.54	  0.023	0.96985							#	   4.74	   7.44	
    221	  18.76	 -13.83	  0.042	0.96465							#	   5.29	   6.60	
    222	  27.36	 -23.03	 -0.094	0.96408							#	   5.61	   9.05	
    223	  17.56	 -12.71	  0.002	0.96633							#	   3.58	   7.95	
    224	  23.53	 -23.28	 -0.052	0.95430							#	   4.47	   7.88	
    225	  23.47	 -20.44	  0.000	0.94905							#	  15.91	   7.29	
    226	  17.61	  -9.24	 -0.036	0.94832							#	   7.70	   7.26	
    227	  24.71	 -10.67	 -0.072	0.94535							#	   2.87	   6.82	
    228	  13.89	  -4.22	 -0.030	0.94720							#	   2.16	   6.16	
    229	   3.69	  -6.26	  0.043	0.95168							#	   1.39	   6.41	
    230	   0.06	  -8.66	 -0.072	0.96218							#	   1.00	   6.38	
    231	  11.86	 -12.18	 -0.057	0.96182							#	   1.04	   5.68	
    232	  30.24	 -18.38	 -0.007	0.95810							#	   2.99	   5.87	
    233	  28.37	 -13.36	 -0.033	0.95688							#	   3.48	   5.13	
    234	  30.03	 -14.93	  0.049	0.96048							#	   2.85	   4.95	
    235	  29.30	  -0.66	 -0.031	0.96577							#	   3.44	   4.14	
    236	  30.24	  -5.99	 -0.015	0.97480							#	   2.93	   5.32	
    237	  12.88	  -7.08	 -0.029	0.98567							#	   1.31	   6.16	
    238	   3.82	  -3.83	 -0.070	1.00007							#	   1.20	   7.22	
    239	  -6.78	  -0.93	  0.047	0.99984							#	   1.37	   7.26	
    240	  14.98	  -1.91	 -0.017	0.99981							#	   1.76	   5.46	
    241	   8.94	  -8.29	  0.044	1.00094							#	   1.35	   6.01	
    242	   2.13	 -11.24	  0.057	1.00013							#	   2.09	   7.15	
    243	  12.98	 -17.00	 -0.051	0.99985							#	   3.95	   7.48	
    244	   4.54	 -12.81	  0.032	1.00016							#	   1.88	   7.88	
    245	   1.01	  -0.05	 -0.018	1.00001							#	   1.49	   7.51	
    246	   2.69	  -4.66	 -0.022	1.00036							#	   1.33	   7.66	
    247	  10.51	   7.35	 -0.023	0.99893							#	   2.09	   6.27	
    248	  14.80	  -6.10	  0.022	1.00108							#	   1.87	   7.88	
    249	   6.07	  -4.43	 -0.003	0.99944							#	   1.67	   8.76	
    250	   5.44	   0.59	 -0.013	1.00015							#	   1.94	   8.39	
    251	   1.48	   5.72	 -0.035	1.00070							#	   2.24	   7.77	
    252	  -2.57	  -0.29	  0.029	0.99968							#	   1.67	   7.33	
    253	 -18.20	   1.56	 -0.051	1.00010							#	   2.91	   7.07	
    254	 -14.84	  -3.95	 -0.016	1.00064							#	   2.30	   7.22	
    255	  -1.34	   0.93	  0.069	0.99996							#	   1.64	   7.95	
