      1	  17.48	   8.63	 -0.137	1.00105							#	   4.30	  33.47	
      2	   7.08	  -2.19	 -0.183	1.00178							#	   0.64	  34.41	
      3	   9.66	   9.06	 -0.080	1.00050							#	   3.86	  32.93	
      4	   0.45	  -1.31	  0.039	1.00045							#	   0.15	  38.44	
      5	   0.01	   4.66	 -0.132	1.00191							#	   1.06	  33.47	
      6	   4.36	 -30.79	 -0.157	1.00145							#	   0.47	  31.18	
      7	   9.87	 -18.25	 -0.015	1.00260							#	   4.97	  31.72	
      8	   2.76	  -8.78	  0.112	1.00064							#	   1.32	  34.81	
      9	  -0.69	  12.61	  0.083	1.00210							#	   3.22	  38.04	
     10	  -4.45	  -5.89	  0.121	0.99832							#	   1.20	  35.89	
     11	  -9.17	   1.68	  0.275	0.99615							#	   0.56	  35.48	
     12	  -9.42	  -4.91	  0.148	0.99906							#	   1.25	  37.10	
     13	  -7.61	   2.05	  0.074	0.99714							#	   0.53	  34.27	
     14	  -2.70	  -8.70	 -0.155	0.99754							#	   2.22	  36.29	
     15	   7.51	  -2.28	 -0.009	0.99557							#	   0.60	  33.33	
     16	  -3.11	  -4.60	 -0.130	0.99843							#	   1.20	  37.90	
     17	 -11.24	  12.60	 -0.164	0.99600							#	   4.32	  33.60	
     18	 -20.09	  15.39	  0.113	0.99286							#	   4.13	  28.09	
     19	 -19.06	  26.98	  0.017	0.99393							#	   1.20	  29.97	
     20	 -19.35	  15.96	 -0.001	0.98807							#	   5.73	  29.30	
     21	 -20.35	  13.13	 -0.128	0.99102							#	   3.32	  26.88	
     22	 -28.22	   2.01	 -0.048	0.99688							#	   0.46	  29.70	
     23	 -16.25	  14.54	  0.094	0.99196							#	   5.11	  30.51	
     24	 -18.44	   0.08	  0.020	0.99484							#	   0.66	  35.08	
     25	 -19.50	   3.66	  0.066	1.00061							#	   1.37	  33.87	
     26	  -6.18	  -6.08	 -0.046	0.99983							#	   1.82	  39.78	
     27	  -5.60	  -6.04	 -0.204	0.99849							#	   1.45	  36.56	
     28	 -14.67	  -4.97	 -0.087	1.00101							#	   1.74	  34.54	
     29	 -21.02	   4.09	 -0.059	1.00121							#	   1.90	  33.33	
     30	 -21.55	  -2.75	 -0.260	0.99975							#	   1.07	  32.12	
     31	  -6.52	  -7.47	 -0.417	1.00067							#	   3.07	  35.08	
     32	   5.34	 -23.34	 -0.513	1.00124							#	   2.71	  35.08	
     33	  18.06	   1.39	 -0.405	1.00106							#	   1.41	  30.65	
     34	  20.90	 -27.16	 -0.310	1.00066							#	   1.44	  31.99	
     35	  19.76	  -4.57	 -0.032	1.00222							#	   1.76	  30.78	
     36	  16.73	 -12.73	 -0.106	1.00120							#	   5.22	  34.01	
     37	   9.57	   7.70	 -0.163	0.99997							#	   1.48	  35.08	
     38	  21.01	  13.43	 -0.044	0.99908							#	   3.94	  28.49	
     39	  22.16	   9.71	 -0.094	1.00080							#	   2.49	  30.24	
     40	   5.48	 -18.67	 -0.127	0.99687							#	   3.96	  38.31	
     41	 -16.65	 -11.72	 -0.145	0.99157							#	   3.12	  33.47	
     42	 -27.77	  -9.81	  0.077	0.99628							#	   2.22	  25.94	
     43	 -30.30	  10.38	  0.261	0.99950							#	   2.53	  29.44	
     44	 -14.65	   0.09	 -0.037	1.00095							#	   1.02	  35.22	
     45	  -2.37	  10.91	 -0.061	1.00189							#	   2.97	  35.75	
     46	 -12.20	  15.64	 -0.152	1.00081							#	   5.19	  34.01	
     47	  -3.57	  13.14	  0.261	1.00132							#	   3.35	  32.39	
     48	  19.59	   4.11	  0.032	1.00092							#	   1.26	  34.81	
     49	   1.28	  26.35	 -0.223	1.00746							#	   1.31	  16.94	
     50	 -64.40	  10.70	 -0.012	1.00057							#	   3.11	  19.09	
     51	 -20.29	  -1.80	  0.137	1.00367							#	   0.98	  21.51	
     52	  23.08	 -22.78	  0.008	1.00752							#	   3.37	  23.12	
     53	  40.82	  -7.24	  0.035	1.00433							#	   1.58	  19.09	
     54	  33.36	  -3.90	  0.158	1.00397							#	   0.90	  19.09	
     55	  13.04	   0.96	 -0.021	1.00534							#	   1.51	  36.29	
     56	  -0.88	  -6.23	  0.036	1.00307							#	   1.76	  38.04	
     57	 -13.91	  11.04	  0.124	1.00166							#	   4.33	  35.89	
     58	  -2.22	   9.38	 -0.121	1.00213							#	   2.79	  37.63	
     59	   0.96	   9.09	 -0.183	1.00316							#	   2.93	  38.31	
     60	   7.45	  -9.88	 -0.089	1.00437							#	   3.26	  37.10	
     61	  -6.47	   4.59	 -0.132	1.00133							#	   1.46	  36.96	
     62	  -0.55	   5.25	  0.062	1.00064							#	   1.27	  38.17	
     63	 -10.15	  10.06	  0.101	1.00131							#	   3.80	  32.39	
     64	 -15.21	  -0.65	  0.068	1.00107							#	   1.34	  35.48	
     65	  -4.39	  14.11	 -0.084	1.00075							#	   6.79	  34.27	
     66	  -4.63	  10.88	 -0.208	1.00143							#	   2.46	  34.01	
     67	  -4.10	   0.41	 -0.183	1.00219							#	   0.44	  41.53	
     68	 -15.44	 -12.72	 -0.097	1.00163							#	   4.82	  34.41	
     69	 -20.07	  -5.33	 -0.086	0.99968							#	   1.35	  30.38	
     70	 -13.86	  -9.64	 -0.011	1.00167							#	   3.40	  33.74	
     71	   2.48	  -3.95	  0.160	1.00179							#	   0.61	  39.78	
     72	   3.72	  -3.23	  0.003	1.00116							#	   0.77	  37.10	
     73	   5.99	   4.67	 -0.406	1.00389							#	   1.10	  37.50	
     74	   9.72	  -6.44	 -0.423	1.01371							#	   2.11	  35.89	
     75	  10.00	  -2.03	 -0.243	1.01003							#	   1.05	  37.90	
     76	   9.46	  -6.04	 -0.254	1.00461							#	   2.54	  33.87	
     77	  10.19	   2.78	 -0.334	1.00388							#	   1.50	  31.72	
     78	  25.86	 -14.63	 -0.363	1.00154							#	   8.83	  30.38	
     79	  28.31	 -14.91	 -0.347	1.00256							#	   3.35	  28.90	
     80	  30.33	 -19.88	 -0.295	1.00635							#	   3.41	  28.23	
     81	  23.18	  -2.44	 -0.300	1.00149							#	   0.94	  28.63	
     82	  14.46	  -1.82	 -0.066	1.00194							#	   1.27	  34.01	
     83	  13.60	  12.22	  0.041	1.00161							#	   3.53	  34.14	
     84	  19.40	   7.96	 -0.004	0.99401							#	   1.52	  30.91	
     85	  16.25	  20.63	  0.053	0.97545							#	   5.27	  31.05	
     86	  13.29	   8.93	  0.007	0.97041							#	   2.04	  31.85	
     87	  18.28	   9.58	  0.215	0.96332							#	   3.39	  29.03	
     88	  21.01	  -8.47	 -0.137	0.96220							#	   5.87	  25.81	
     89	  28.04	 -21.51	 -0.190	0.94903							#	   2.87	  19.22	
     90	  40.59	 -33.41	 -0.165	0.95080							#	   2.50	  15.86	
     91	  44.49	 -16.24	  0.015	0.96706							#	   3.19	  12.63	
     92	  49.79	 -29.50	  0.013	0.97862							#	   1.81	  11.02	
     93	  46.44	 -25.03	 -0.241	0.98250							#	   2.03	  13.44	
     94	  54.91	 -31.55	 -0.437	0.99123							#	   1.41	   7.12	
     95	  49.55	 -23.28	 -0.251	0.97732							#	   2.68	   5.51	
     96	  22.30	  -1.15	 -0.007	0.97759							#	   1.04	  11.29	
     97	  -1.60	   7.28	 -0.208	0.97073							#	   1.50	  18.01	
     98	   5.78	 -16.72	 -0.269	0.96518							#	   2.98	  19.09	
     99	  -2.23	  -1.57	 -0.359	0.96433							#	   0.94	  15.59	
    100	  -7.19	  -1.24	 -0.128	0.95898							#	   1.22	  15.86	
    101	   4.24	  21.88	  0.006	0.96631							#	   1.84	  18.68	
    102	  12.75	  16.14	 -0.123	0.96838							#	   2.82	  18.82	
    103	   4.67	 -48.50	 -0.078	0.95847							#	   2.81	  13.84	
    104	  -6.54	  41.31	 -0.112	0.94908							#	   3.19	  17.34	
    105	  -1.26	  -4.46	 -0.012	0.94685							#	   1.75	  14.92	
    106	  28.06	 -14.10	  0.263	0.95944							#	   3.11	   8.60	
    107	  50.08	 -15.55	  0.026	0.96126							#	   3.06	   6.85	
    108	  21.35	   8.78	  0.031	0.96050							#	   1.82	   8.74	
    109	   4.57	  17.95	  0.153	0.99409							#	   2.26	   6.05	
    110									skipped		#	   2.67	   1.48	
    111									skipped		#	   2.58	   1.88	
    112									skipped		#	   1.75	   0.67	
