      1	  -0.69	 -18.00	  0.085	0.99971							#	  37.08	  44.68	
      2	   8.38	  -8.98	  0.013	1.00151							#	   2.61	  55.79	
      3	  -1.22	  -0.61	  0.038	0.99975							#	   0.22	  59.32	
      4	 -13.52	   8.08	  0.101	1.00028							#	   1.69	  55.96	
      5	 -12.97	  -5.58	  0.129	1.00004							#	   1.60	  56.89	
      6	  -7.99	  10.25	  0.023	1.00089							#	   2.58	  62.67	
      7	   1.15	   4.57	 -0.089	1.00090							#	   3.94	  59.03	
      8	  19.50	   7.99	 -0.017	0.99892							#	   6.46	  51.39	
      9	  -3.65	  11.30	 -0.137	1.00004							#	   1.72	  56.60	
     10	   2.75	  17.39	  0.028	1.00048							#	   2.50	  48.38	
     11	 -11.12	  16.06	 -0.009	0.99898							#	   3.51	  49.36	
     12	 -11.54	   8.98	 -0.022	0.99964							#	   3.99	  61.98	
     13	  -4.82	 -11.14	  0.006	1.00012							#	   5.34	  65.63	
     14	   3.17	 -10.99	  0.063	1.00033							#	   3.15	  60.19	
     15	  -9.16	 -15.84	 -0.007	1.00022							#	   3.71	  55.73	
     16	   3.08	  10.45	 -0.020	0.99955							#	   1.69	  63.77	
     17	   8.08	 -24.31	 -0.036	1.00073							#	   1.82	  64.06	
     18	   2.21	   7.94	  0.012	0.99870							#	   2.02	  65.57	
     19	   4.01	  12.25	 -0.015	0.99931							#	   5.66	  71.01	
     20	  11.93	  -6.22	 -0.019	0.99749							#	   3.69	  66.03	
     21	   5.25	  -1.37	  0.136	0.99691							#	   1.01	  60.59	
     22	  -7.12	   6.44	  0.008	1.00036							#	   1.77	  65.97	
     23	 -12.42	  11.47	 -0.086	1.00119							#	   3.82	  66.32	
     24	  -6.19	  -3.03	  0.006	1.00337							#	   2.14	  64.58	
     25	  -5.34	  -7.37	 -0.038	1.00008							#	   4.15	  62.79	
     26	  -3.06	   0.31	  0.044	0.99997							#	   3.84	  59.78	
     27	 -15.32	  10.96	 -0.060	1.00070							#	   4.97	  65.39	
     28	   5.29	   0.94	 -0.017	0.99885							#	   0.87	  67.77	
     29	  13.73	   0.41	 -0.024	1.00033							#	   3.66	  68.40	
     30	  -3.42	   2.29	  0.026	1.00079							#	   1.51	  67.65	
     31	  -3.20	  -3.88	 -0.019	0.99933							#	   4.33	  73.96	
     32	   0.51	  -0.55	 -0.033	1.00047							#	   3.25	  69.97	
     33	   3.53	  -5.88	 -0.035	1.00052							#	   1.22	  64.87	
     34	   5.00	  -6.10	 -0.004	0.99846							#	   1.60	  60.13	
     35	 -26.29	   8.41	 -0.045	1.00079							#	   2.17	  57.06	
     36	  -0.32	  -9.10	 -0.015	1.00094							#	   1.99	  60.01	
     37	  -6.53	  -3.67	 -0.068	0.99943							#	   6.14	  67.42	
     38	   4.39	  -5.78	 -0.035	0.99985							#	   3.22	  64.53	
     39	   2.82	   5.88	 -0.046	1.00096							#	   1.13	  60.07	
     40	  -1.32	  12.34	 -0.018	1.00069							#	   2.36	  56.83	
     41	  -0.59	   5.64	 -0.106	0.99882							#	   0.98	  57.29	
     42	   7.96	   4.90	 -0.019	1.00080							#	   2.49	  62.38	
     43	  -6.19	   1.79	 -0.073	1.00057							#	   3.40	  68.40	
     44	  -2.72	   2.61	  0.086	0.99906							#	   2.76	  52.95	
     45	 -19.92	   1.94	 -0.027	1.00109							#	   3.77	  49.83	
     46	 -29.28	   5.06	  0.008	0.99934							#	   1.22	  43.87	
     47	 -17.84	  -0.85	  0.019	0.99867							#	   3.99	  42.82	
     48	  -7.39	   3.25	 -0.021	1.00540							#	   1.72	  55.09	
     49	 -19.36	 -11.85	 -0.026	1.02297							#	  11.65	  59.78	
     50	 -10.01	   4.77	  0.035	1.02086							#	   3.98	  63.60	
     51	   6.74	   6.33	  0.028	1.01624							#	   2.35	  61.00	
     52	   2.86	   7.84	  0.001	1.01221							#	   1.57	  60.88	
     53	   1.11	   2.20	  0.042	1.01141							#	   0.71	  59.95	
     54	   5.67	   5.57	  0.073	1.00078							#	   1.09	  60.88	
     55	  14.43	   3.80	 -0.011	0.99992							#	   5.93	  61.05	
     56	  16.30	   3.74	 -0.006	1.00060							#	   5.68	  58.51	
     57	  13.92	  -3.27	  0.029	0.99983							#	   3.14	  60.24	
     58	  10.37	   9.32	 -0.017	0.99958							#	   2.03	  57.99	
     59	  16.89	  -4.20	 -0.028	1.00056							#	   2.50	  54.51	
     60	  15.24	  -2.65	 -0.009	1.00012							#	   2.38	  57.99	
     61	   2.17	  -6.94	  0.113	0.99882							#	   4.52	  57.93	
     62	 -17.87	  10.31	 -0.092	0.99936							#	   7.75	  62.96	
     63	 -12.24	  -7.16	 -0.079	1.00161							#	   4.28	  60.65	
     64	   1.17	  -9.41	 -0.016	0.99934							#	   1.41	  56.66	
     65	  -9.94	  -3.00	  0.057	1.00135							#	   1.59	  51.85	
     66	 -22.53	  -1.10	  0.023	1.00028							#	   1.62	  53.24	
     67	  -0.02	  -2.15	  0.058	1.00012							#	   1.94	  67.30	
     68	   9.18	   1.44	 -0.002	0.99973							#	   4.19	  65.57	
     69	  20.28	   6.79	 -0.018	0.99960							#	   4.92	  62.44	
     70	 -24.46	  12.86	 -0.045	1.00039							#	   3.50	  54.98	
     71	  -1.88	   3.27	 -0.046	1.00010							#	   0.45	  56.60	
     72	 -12.29	   8.34	 -0.083	1.00011							#	   2.89	  67.48	
     73	 -13.12	  -7.03	 -0.046	1.00099							#	   5.59	  65.22	
     74	  -7.82	  -2.04	  0.031	0.99950							#	   2.61	  62.85	
     75	 -23.32	  -1.09	 -0.046	0.99988							#	   3.86	  60.42	
     76	 -11.19	  -4.97	 -0.012	1.00068							#	   2.13	  59.84	
     77	   3.83	 -13.19	 -0.053	0.99975							#	   2.82	  57.23	
     78	   3.87	  -6.18	  0.022	1.00824							#	   1.63	  57.58	
     79	  -1.42	  -0.99	 -0.046	1.02760							#	   4.94	  34.55	
     80	  13.05	   3.22	 -0.005	1.05767							#	  11.09	  33.22	
     81	  -7.54	   6.54	 -0.119	1.08086							#	   6.81	  35.01	
     82	   9.86	   4.40	  0.040	1.06524							#	   3.77	  36.98	
     83	  -7.78	   9.93	  0.036	1.07163							#	   3.31	  34.26	
     84	  -0.74	  18.70	  0.031	1.06966							#	   2.40	  32.87	
     85	  -4.37	  11.88	  0.019	1.06318							#	   2.53	  37.50	
     86	  -4.41	   5.60	  0.039	1.04969							#	   6.10	  42.48	
     87	 -14.87	   1.98	 -0.017	1.04481							#	   2.14	  43.81	
     88	  -8.71	  12.00	  0.010	1.04489							#	   1.18	  39.70	
     89	 -13.82	  17.34	 -0.026	1.03636							#	   1.15	  43.92	
     90	  -0.53	  15.60	  0.042	1.03022							#	   1.07	  44.73	
     91	  -4.19	   0.55	 -0.032	1.02276							#	   0.51	  50.69	
     92	   1.87	  17.65	  0.016	1.01720							#	   2.75	  56.02	
     93	   8.51	   5.02	  0.059	1.01716							#	   1.89	  53.88	
     94	  -6.27	   6.40	 -0.031	1.01769							#	   1.29	  54.63	
     95	   3.21	   3.77	  0.059	1.02244							#	   1.27	  51.45	
     96	  -3.50	  10.67	  0.039	1.02722							#	   1.67	  47.80	
     97	  -7.01	   4.75	  0.030	1.02889							#	   1.43	  45.08	
     98	  -6.43	   3.91	  0.051	1.03584							#	   4.83	  46.70	
     99	  -4.35	  -9.13	  0.055	1.04315							#	   3.88	  43.11	
    100	  -7.93	   9.91	  0.030	1.04412							#	   2.67	  37.96	
    101	 -11.91	 -15.28	 -0.040	1.04668							#	   1.28	  35.36	
    102	  -7.91	  14.07	  0.005	1.05075							#	   1.07	  34.95	
    103	  -3.75	  12.13	 -0.003	1.04737							#	   1.01	  35.65	
    104	 -15.74	   6.62	 -0.102	1.04181							#	   2.81	  37.09	
    105	   0.81	  -0.22	  0.223	1.03146							#	   1.74	  37.09	
    106	  -6.28	   6.94	 -0.067	1.02967							#	   1.96	  46.30	
    107	  -3.24	   6.53	 -0.091	1.01481							#	   0.47	  45.02	
    108	  -0.79	   0.77	 -0.024	1.01582							#	   0.46	  46.70	
    109	  -5.56	  -9.20	 -0.037	1.01723							#	   1.06	  46.47	
    110	  -6.01	  17.89	 -0.040	1.01760							#	   1.75	  47.34	
    111	  -2.03	  12.12	 -0.029	1.01836							#	   4.22	  48.78	
    112	  -5.63	   5.83	 -0.049	1.02123							#	   1.99	  52.14	
    113	  -8.56	  -6.40	 -0.063	1.02264							#	   1.29	  46.82	
    114	  -2.24	   4.50	  0.009	1.02029							#	   0.36	  46.82	
    115	  -2.99	  16.70	 -0.023	1.01724							#	   1.48	  49.02	
    116	   3.41	  -5.62	  0.008	1.00069							#	   0.66	  52.03	
    117	  -1.39	   1.40	  0.086	1.00020							#	   1.59	  53.88	
    118	  -4.76	  16.65	  0.017	0.99987							#	   3.54	  56.37	
    119	  -0.46	   4.61	 -0.033	0.99997							#	   0.63	  56.13	
    120	  -3.38	  -1.83	 -0.034	1.00017							#	   0.18	  55.38	
    121	   2.29	   6.65	 -0.014	0.99976							#	   0.48	  53.53	
    122	 -10.39	  12.83	 -0.083	1.00020							#	   1.65	  50.46	
    123	  -7.38	  16.41	 -0.040	1.00008							#	   4.05	  53.18	
    124	  -1.56	  16.58	 -0.056	1.00007							#	   2.67	  59.32	
    125	   3.75	   8.37	 -0.033	0.99986							#	   2.88	  51.50	
    126	   4.16	   4.18	 -0.037	1.00053							#	   0.37	  51.62	
    127	   4.55	  21.47	  0.040	0.99985							#	   1.27	  53.01	
    128	   9.84	  11.03	  0.058	0.99992							#	   1.46	  52.43	
    129	   7.50	  -8.05	  0.058	1.00104							#	   2.30	  56.19	
    130	  -5.65	   5.71	  0.007	1.00087							#	   3.00	  57.23	
    131	 -13.31	   4.67	 -0.079	1.00270							#	   4.19	  55.56	
    132	  -4.95	  -6.28	  0.054	0.99772							#	   0.68	  53.18	
    133	  -9.45	   6.22	  0.064	0.99041							#	   1.42	  47.69	
    134	  -6.04	  17.59	 -0.030	1.00172							#	   2.38	  48.32	
    135	   0.17	  10.07	  0.056	0.99871							#	   1.49	  54.05	
    136	   1.24	   4.35	  0.033	0.99980							#	   5.11	  62.67	
    137	   4.16	  -3.84	 -0.025	0.99958							#	   2.59	  64.87	
    138	   3.76	  -4.78	  0.053	0.99986							#	   1.68	  58.97	
    139	   0.57	  -8.47	 -0.003	0.96061							#	   1.70	  35.36	
    140	  10.05	   2.95	  0.069	0.89971							#	   6.72	  22.69	
    141	   7.29	 -15.51	 -0.046	0.89478							#	   4.09	  20.54	
    142	   9.64	 -15.91	 -0.026	0.91033							#	   6.55	  33.97	
    143	  11.07	 -24.70	  0.002	0.92055							#	   6.34	  28.07	
    144	  14.17	 -35.63	 -0.015	0.91959							#	   4.54	  29.11	
    145	  22.99	 -63.61	 -0.056	0.91015							#	   2.69	  19.97	
    146	  31.43	 -39.57	  0.050	0.89954							#	   2.98	  18.23	
    147	  10.55	 -52.81	  0.072	0.89572							#	   3.69	  25.06	
    148	  19.25	 -55.58	  0.113	0.89047							#	   5.47	  24.19	
    149	  12.28	 -65.58	 -0.181	0.91681							#	   7.64	  15.57	
    150	  61.50	 -78.61	 -0.056	0.92936							#	   5.48	  10.30	
    151	  49.40	 -82.07	  0.057	0.94691							#	   2.22	  13.02	
    152	  51.71	 -51.72	 -0.125	0.95366							#	   3.33	  17.48	
    153	  24.00	 -38.19	 -0.119	0.96533							#	   2.76	  12.62	
    154	   1.96	  -9.18	  0.001	0.97587							#	   2.16	  47.16	
    155	 -22.44	   5.09	  0.027	0.98598							#	   4.74	  45.89	
    156	 -22.92	   9.00	 -0.047	0.98988							#	   5.25	  47.22	
    157	 -11.68	   0.18	  0.035	0.99154							#	   4.10	  51.45	
    158	   3.36	   7.55	 -0.015	0.98814							#	   1.57	  54.28	
    159	  -4.08	  16.58	 -0.032	0.98306							#	   3.11	  56.71	
    160	   0.54	  13.20	  0.057	0.98932							#	   2.46	  57.47	
    161	   2.61	   5.55	 -0.048	0.99893							#	   2.93	  60.76	
    162	   3.03	  15.57	 -0.099	1.00143							#	   7.86	  65.74	
    163	   8.82	  -0.89	 -0.013	0.99958							#	   2.07	  66.61	
    164	   0.75	   4.36	  0.020	0.99952							#	   0.57	  60.53	
    165	   6.51	 -10.20	  0.023	0.99963							#	   1.98	  61.98	
    166	  -0.84	 -10.82	  0.072	1.00016							#	   1.62	  63.08	
    167	   1.09	 -17.69	  0.077	0.99971							#	   3.45	  65.86	
    168	 -12.22	   7.56	 -0.009	0.99913							#	   4.74	  70.89	
    169	   6.67	  -3.10	  0.051	1.00108							#	   2.40	  71.59	
    170	  -3.75	   4.48	 -0.056	1.00079							#	   1.38	  62.91	
    171	   9.74	  -3.11	  0.047	0.99941							#	   2.16	  65.10	
    172	  13.58	  14.03	  0.029	1.00048							#	   5.07	  50.17	
    173	  11.90	   0.03	  0.043	0.99931							#	   2.39	  51.79	
    174	  18.03	  -6.59	  0.050	0.99909							#	   8.59	  63.72	
    175	   9.88	  -3.31	  0.035	0.99949							#	   3.90	  60.76	
    176	  22.97	   7.01	 -0.031	1.00117							#	   4.32	  57.47	
    177	  11.00	   1.07	 -0.010	1.00033							#	   1.62	  50.75	
    178	   3.18	   2.08	  0.048	0.99993							#	   0.93	  53.99	
    179	   9.55	   5.16	  0.012	0.99999							#	   1.45	  53.88	
    180	   3.61	   5.43	  0.017	1.00027							#	   3.34	  58.56	
    181	  -0.34	   0.73	  0.044	1.00001							#	   2.68	  65.10	
    182	 -15.47	  14.91	 -0.038	0.99952							#	   8.78	  56.19	
    183	  -1.06	   7.25	 -0.039	0.99949							#	   0.66	  55.21	
    184	   8.95	  15.78	 -0.028	1.00088							#	   3.11	  52.43	
    185	  15.92	   1.08	  0.013	1.00053							#	   2.40	  49.02	
    186	   5.47	  20.20	 -0.002	1.00070							#	   2.79	  46.82	
    187	  -0.74	  10.57	 -0.045	1.00018							#	   4.03	  59.09	
    188	   6.14	  13.19	 -0.011	1.00059							#	   5.84	  62.67	
    189	   8.14	   8.20	 -0.041	0.99970							#	   1.95	  52.66	
    190	  10.54	   0.64	  0.028	1.00032							#	   1.71	  61.00	
    191	  -5.60	   4.07	  0.022	0.99938							#	   1.01	  62.85	
    192	 -13.58	   2.00	  0.050	1.00031							#	   3.44	  63.48	
    193	  -4.88	   0.26	  0.006	1.00028							#	   4.27	  69.39	
    194	   1.36	   8.41	 -0.031	0.99961							#	   5.37	  69.73	
    195	   5.59	  -0.10	  0.028	1.00159							#	   2.13	  67.48	
    196	  -0.46	  10.84	 -0.018	0.99953							#	   2.30	  59.78	
    197	 -13.34	  -2.10	 -0.059	0.99970							#	   3.25	  60.36	
    198	  -2.65	  -8.05	  0.031	1.00010							#	   1.72	  60.01	
    199	  -6.08	  -9.47	 -0.029	0.99894							#	   4.57	  60.65	
    200	 -16.08	   4.38	 -0.025	1.00053							#	   4.86	  51.97	
    201	  -4.17	 -11.40	 -0.004	0.99981							#	   4.83	  46.35	
    202	  -1.53	 -14.00	  0.076	1.00000							#	   2.77	  57.12	
    203	   7.13	  10.65	 -0.076	1.00055							#	   2.18	  57.87	
    204	  12.04	  -0.08	 -0.113	1.00025							#	   1.72	  51.22	
    205	  17.20	   4.18	 -0.056	1.00081							#	   3.21	  51.10	
    206	  13.78	   6.74	 -0.045	1.00051							#	   7.93	  59.32	
    207	  22.51	  13.36	 -0.004	0.99945							#	   5.50	  60.82	
    208	  14.53	   5.28	 -0.009	1.00145							#	   3.38	  56.25	
    209	   6.96	   6.40	 -0.025	0.99959							#	   1.18	  62.85	
    210	   3.22	   3.87	 -0.016	1.00088							#	   0.50	  63.02	
    211	   0.38	  -0.56	 -0.011	0.99958							#	   0.32	  65.63	
    212	  -3.11	   8.29	  0.035	1.00013							#	   4.23	  65.97	
    213	 -11.44	   1.86	  0.012	1.00009							#	   4.48	  63.72	
    214	   5.78	  -6.29	 -0.011	0.99874							#	   2.99	  63.72	
    215	  -8.67	  -3.67	 -0.041	1.00061							#	   2.04	  66.78	
    216	   5.81	  -7.38	  0.042	1.00087							#	   2.07	  68.34	
    217	  -4.14	  -3.06	 -0.022	0.99972							#	   1.72	  66.72	
    218	  20.54	  -4.37	 -0.055	1.00051							#	   3.96	  66.67	
    219	  24.47	  -2.46	 -0.074	0.99926							#	   2.77	  60.47	
    220	  32.24	  -5.59	  0.024	0.99929							#	   3.64	  54.86	
    221	  13.22	  17.69	 -0.013	0.99865							#	   6.06	  63.08	
    222	  22.03	  -3.12	  0.091	0.99699							#	   1.99	  55.38	
    223	   8.71	   7.75	  0.139	1.00012							#	   2.73	  60.71	
    224	   0.74	  -2.11	 -0.059	0.99976							#	   0.31	  71.35	
    225	  -4.18	   6.28	 -0.029	0.99986							#	   3.69	  78.76	
    226	  -5.41	   2.95	  0.037	1.00018							#	   3.50	  79.40	
    227	 -18.06	  -6.99	  0.036	1.00073							#	   5.05	  67.77	
    228	 -16.85	   0.98	  0.012	0.99957							#	   3.15	  58.97	
    229	 -13.81	  -0.33	  0.028	1.00011							#	   3.21	  60.59	
    230	  -6.96	   4.79	  0.049	0.99997							#	   1.66	  64.47	
    231	   1.05	   0.33	  0.026	0.99973							#	   1.12	  73.55	
    232	  -3.61	   2.51	  0.002	0.99969							#	   4.45	  77.49	
    233	   9.19	 -10.88	  0.043	1.00058							#	   6.69	  73.73	
    234	   6.03	  11.39	 -0.081	1.00012							#	   2.32	  60.19	
    235	   5.14	   4.31	  0.005	1.00025							#	   0.80	  60.01	
    236	   5.69	   6.53	  0.006	0.99892							#	   1.20	  64.47	
    237	   1.93	  -6.05	  0.042	1.00026							#	   0.69	  66.96	
    238	 -15.81	 -10.12	  0.038	1.00051							#	   7.43	  69.16	
    239	   3.80	  -4.81	  0.020	0.99984							#	   3.07	  68.92	
    240	 -10.72	  -3.23	 -0.003	0.99951							#	   3.12	  63.83	
    241	  -3.07	 -37.38	  0.058	1.00038							#	   0.75	  50.00	
    242	 -22.02	  -3.08	  0.028	1.00106							#	   1.45	  29.05	
    243	  -8.12	 -17.46	 -0.024	0.99939							#	   2.75	  29.63	
