      1	  44.94	  21.22	 -0.034	0.99576							#	   6.76	   5.32	
      2	  28.79	  -8.04	  0.026	0.98765							#	   1.47	   4.17	
      3	 -31.35	  14.31	  0.671	1.00139							#	   2.80	   5.46	
      4	 -25.63	   5.22	  0.185	1.00699							#	   1.60	   3.59	
      5	 -12.20	  -0.18	  0.196	1.01275							#	   1.79	   3.02	
      6	 -15.57	  -0.83	  0.056	1.00307							#	   2.20	   5.60	
      7	 -16.72	  -3.59	 -0.634	1.02205							#	   2.67	   3.45	
      8	  10.84	  -7.82	  0.987	1.00397							#	   3.93	   2.73	
      9									skipped		#	   2.52	   1.44	
     10	  -4.94	 -13.71	  0.262	0.98714							#	   2.32	   4.60	
     11	 -32.61	   3.87	 -0.062	1.01888							#	   1.85	   3.45	
     12	 -21.67	  -3.80	  0.682	0.97937							#	   1.67	   4.02	
     13	 -10.29	 -10.00	  0.446	0.99542							#	   3.38	   4.74	
     14	   2.25	 -12.87	  0.268	0.99865							#	   2.43	   7.61	
     15	 -20.18	   2.24	  0.256	0.99300							#	   3.15	   4.45	
     16	 -14.33	  23.90	 -0.435	0.99712							#	   3.12	   4.02	
     17	 -12.41	  25.08	  0.055	1.00168							#	   3.04	   4.45	
     18	  43.32	  -0.55	 -0.597	1.01090							#	   2.20	   2.44	
     19									skipped		#	   4.45	   1.15	
     20	  41.46	  15.85	 -0.052	1.00675							#	   2.95	   4.45	
     21	  15.08	  10.92	  0.422	0.99348							#	   4.66	   4.74	
     22	   6.43	  12.08	 -0.433	1.01420							#	   2.09	   3.74	
     23	   0.56	   4.63	  0.417	1.00630							#	   4.88	   8.62	
     24	  -2.68	  11.00	  0.053	0.99799							#	   5.01	   6.32	
     25	  10.17	  -6.45	 -0.166	1.00460							#	   1.19	   5.46	
     26	  13.88	  -7.18	 -0.065	0.99467							#	   2.37	   9.05	
     27	   2.20	 -10.89	 -0.091	1.00126							#	   2.55	  10.63	
     28	  13.26	 -10.03	  0.286	0.98451							#	   3.45	   5.60	
     29	  15.76	 -39.61	  1.097	0.97751							#	   2.96	   2.30	
     30	 -32.12	 -10.95	 -1.582	1.01533							#	   3.85	   3.02	
     31									skipped		#	   6.80	   1.87	
     32									skipped		#	   3.46	   1.15	
     33	  -8.30	 -27.17	  0.023	1.00286							#	   1.66	   7.61	
     34	   1.23	   1.49	  0.283	0.99894							#	   0.68	  13.94	
     35	  -0.03	  11.61	 -0.199	1.00003							#	   1.37	  10.92	
     36	  -0.55	  10.81	  0.028	1.00100							#	   1.67	  11.06	
     37	  21.27	   6.77	 -0.324	1.00107							#	   2.75	   7.04	
     38	  39.63	  14.01	 -0.061	1.00053							#	   3.81	   9.48	
     39	  36.80	  26.60	 -0.135	1.00782							#	   1.61	   6.47	
     40	  28.75	  35.45	  0.640	0.98917							#	   2.41	   6.32	
     41	  19.82	  14.40	  0.039	0.99627							#	   5.84	  11.64	
     42	   0.02	  18.89	 -0.049	0.99877							#	   3.88	  13.79	
     43	  -1.66	   8.38	  0.172	0.99748							#	   2.66	  17.24	
     44	  -2.94	  10.60	  0.209	0.99904							#	   4.40	  14.80	
     45	  -4.65	  12.48	 -0.234	1.00388							#	   5.17	  11.64	
     46	  -7.84	   7.86	 -0.547	0.98852							#	   3.31	  10.49	
     47	   6.42	  -2.07	  0.045	1.00237							#	   3.46	  16.24	
     48	  -2.52	  -1.02	 -0.105	0.99821							#	   4.21	  22.13	
     49	  -3.77	  -4.05	 -0.617	0.99577							#	   6.83	  14.94	
     50	 -25.89	  -0.40	  0.032	0.99671							#	   3.35	  11.21	
     51	  -3.61	  -0.72	 -0.232	0.99809							#	   2.61	  14.94	
     52	   2.77	  -3.83	  0.011	1.00413							#	   2.18	  18.25	
     53	  16.73	 -10.95	  0.030	0.99723							#	   4.57	  11.93	
     54	  29.15	  -4.69	 -0.193	1.00177							#	   2.67	  12.79	
     55	  20.16	  -2.85	  0.067	0.99442							#	   7.51	  15.09	
     56	  -3.51	  -6.81	  0.163	1.00536							#	   5.02	  19.83	
     57	  -1.48	  -8.29	  0.147	0.99765							#	   2.75	  25.86	
     58	  -2.17	  -2.68	 -0.040	0.99885							#	   2.76	  30.46	
     59	  -3.27	  -2.21	 -0.136	0.99881							#	   1.84	  31.32	
     60	  -3.65	  -0.08	 -0.186	0.99702							#	   1.56	  31.18	
     61	  -3.51	 -19.12	 -0.602	0.99841							#	   4.01	  14.94	
     62	 -15.61	 -32.24	  0.058	0.99353							#	   4.24	  14.37	
     63	 -13.71	 -23.76	 -0.081	1.00025							#	   3.89	  15.95	
     64	 -16.01	 -18.43	  0.032	0.99984							#	   6.55	  16.09	
     65	  -4.05	 -18.93	  0.013	0.99574							#	   2.74	  13.51	
     66	  -9.29	  -4.99	 -0.017	1.00506							#	   2.23	  15.66	
     67	  -7.00	   3.14	  0.104	0.99773							#	   1.73	  22.13	
     68	  -9.19	   1.44	 -0.092	0.99756							#	   2.94	  19.83	
     69	  -8.92	  -0.62	  0.052	0.99785							#	   1.69	  21.26	
     70	  -6.56	  -9.71	 -0.074	0.99355							#	   2.61	  14.37	
     71	 -10.78	 -19.50	  0.002	0.99890							#	   3.86	  13.07	
     72	  -8.55	 -14.80	  0.006	0.99887							#	   4.30	  11.93	
     73	  -2.96	  -0.94	 -0.088	1.00157							#	   0.89	  20.69	
     74	  -1.89	  16.69	  0.049	1.00097							#	   3.77	  14.08	
     75	  -3.06	  37.82	 -0.407	1.00182							#	   1.57	  10.49	
     76	   4.56	  51.68	 -0.658	0.98276							#	   2.49	   7.33	
     77	   4.92	  11.33	 -0.334	0.97574							#	   2.79	  10.78	
     78	 -14.89	   4.19	 -0.405	0.99683							#	   4.67	  11.35	
     79	 -17.65	  -0.27	 -0.099	0.99835							#	   3.63	  11.93	
     80	   0.92	  -4.10	 -0.308	1.00214							#	   1.29	  18.82	
     81	   4.40	 -11.81	 -0.255	1.00285							#	   2.17	  12.21	
     82	   0.53	  16.03	  0.175	1.00224							#	   2.70	  12.21	
     83	   7.45	  31.71	  0.578	0.98595							#	   2.41	   8.33	
     84	   8.90	  12.75	  0.316	0.99841							#	   4.71	  10.49	
     85	  12.39	  14.51	 -0.001	1.00210							#	   4.85	  12.79	
     86	  18.23	   3.05	  0.117	0.99326							#	   3.15	  14.37	
     87	   5.62	   2.79	  0.197	0.99286							#	   2.59	  14.51	
     88	  -0.09	  -6.51	 -0.064	0.99742							#	   1.35	  15.23	
     89	  -3.06	 -29.86	  0.097	1.00855							#	   1.17	  10.20	
     90	  -9.10	 -41.73	 -0.106	0.99877							#	   3.80	   6.75	
     91	  -3.40	 -61.19	 -0.480	0.97549							#	   2.15	   3.59	
     92	  -0.93	 -38.14	 -1.250	1.00477							#	   1.72	   6.90	
     93	 -13.13	 -27.85	  0.166	0.99691							#	   3.67	   8.48	
     94	  -8.52	  -5.52	  0.194	0.99779							#	   2.57	  12.36	
     95	   0.78	   4.59	  0.021	1.00039							#	   1.57	  22.99	
     96	   0.18	   1.84	  0.053	0.99965							#	   1.28	  24.28	
     97	   5.56	   5.07	 -0.109	1.00418							#	   3.34	  10.63	
     98	   7.59	  20.30	 -0.005	1.00271							#	   5.05	  11.49	
     99	   4.52	  44.28	 -0.357	0.99356							#	   3.04	   8.19	
    100	   5.82	  38.83	 -0.072	0.99075							#	   3.46	   6.61	
    101	   0.40	  20.05	 -0.381	0.99897							#	   3.38	  13.51	
    102	  10.25	  13.53	  0.186	0.99455							#	   4.74	  13.36	
    103	  18.05	   3.25	  0.456	1.00055							#	   2.71	  13.07	
    104	  16.78	   4.08	  0.407	0.99776							#	   4.27	   8.62	
    105	  34.84	  10.52	 -0.188	0.99772							#	   3.16	   7.61	
    106	  32.89	  29.57	 -0.602	0.98085							#	   2.38	   5.60	
    107	  38.58	  13.80	 -0.645	0.98054							#	   4.18	   4.17	
    108	   5.71	   8.69	 -0.253	0.99305							#	   3.76	  15.37	
    109	   0.55	  -5.44	  0.128	0.99776							#	   3.50	  11.64	
    110	  -3.39	   2.24	 -0.198	1.00618							#	   4.12	  13.65	
    111	 -13.43	   8.74	  0.217	1.00672							#	   5.88	   9.48	
    112	 -26.72	  21.43	 -0.592	0.99977							#	   5.40	   8.19	
    113	 -32.01	  17.39	 -0.900	0.98714							#	   5.73	   6.90	
    114	 -15.38	   1.35	 -0.262	0.99108							#	   4.85	   6.32	
    115	 -13.83	   5.38	 -0.099	0.98500							#	   3.98	   8.33	
    116	  -6.50	   5.62	 -0.620	0.99385							#	   3.26	   8.76	
    117	   2.48	  -2.77	 -0.121	1.00508							#	   2.93	  13.65	
    118	   3.65	   1.93	 -0.142	0.99529							#	   2.28	  17.24	
    119	 -24.14	  -6.18	 -0.118	0.99542							#	   4.52	   7.33	
    120	 -33.15	 -10.65	 -0.906	0.99792							#	   3.99	   5.89	
    121	 -18.94	 -26.74	 -0.633	0.99843							#	   5.34	   6.61	
    122	  10.11	 -35.78	  1.535	0.97969							#	   3.35	   5.89	
    123	   7.64	 -33.87	  1.229	0.97886							#	   4.43	   7.04	
    124	  -6.61	 -13.93	  0.041	0.99029							#	   3.68	  14.51	
    125	 -21.92	  -6.09	 -0.207	0.99257							#	   3.75	   8.62	
    126	 -15.53	   1.01	 -0.903	0.98557							#	   4.70	   7.33	
    127	  -3.70	   0.00	 -0.388	0.99171							#	   1.00	  14.80	
    128	   1.87	  -0.03	  0.159	1.00116							#	   1.37	  19.25	
    129	  -1.07	  -0.47	  0.209	0.99850							#	   1.56	  17.10	
    130	 -15.88	  -2.63	 -0.075	0.99542							#	   3.33	  11.35	
    131	 -13.47	   1.05	 -0.142	1.00040							#	   1.73	  16.67	
    132	   1.10	   1.56	  0.020	1.00109							#	   2.01	  26.01	
    133	  -0.99	   1.99	  0.029	0.99973							#	   2.56	  20.83	
    134	   1.06	   0.19	  0.138	0.99980							#	   1.71	  18.25	
    135	   0.14	  -0.86	  0.022	0.99935							#	   2.10	  23.99	
    136	 -21.19	  13.84	  0.320	0.98673							#	   7.96	   5.75	
    137	  -0.31	   0.72	  0.011	0.99861							#	   1.48	  19.11	
    138	  28.55	   6.16	  0.046	1.00015							#	   2.33	  10.78	
    139	  14.29	  20.90	 -0.456	0.99440							#	   3.16	   7.61	
    140	  -1.23	  42.31	 -0.763	0.99618							#	   2.05	   6.75	
    141	 -15.68	  10.35	  0.192	0.99511							#	   4.68	  10.63	
    142	 -30.90	  11.95	  0.183	1.00360							#	   2.85	   6.18	
    143	 -12.60	   5.96	  0.394	0.99562							#	   4.01	   6.90	
    144	  -1.97	  15.76	  0.407	0.99892							#	   2.54	   9.34	
    145	  28.08	   5.42	 -0.590	0.99773							#	   3.14	   5.17	
    146	   4.71	   1.37	 -0.536	0.98958							#	   2.03	  13.79	
    147	  -0.76	  -0.41	 -0.158	0.99801							#	   1.67	  21.12	
    148	   0.74	   3.97	  0.072	0.99198							#	   2.12	  16.95	
    149	  18.99	 -11.58	  0.225	0.99309							#	   6.32	  11.35	
    150	  14.17	  -7.81	  0.194	1.00573							#	   3.73	   8.62	
    151	   5.18	   0.11	  0.064	0.99802							#	   1.28	  15.66	
    152	  -3.81	  -2.43	 -0.438	1.00321							#	   2.06	  13.36	
    153	  -5.78	  -5.31	 -0.792	1.00120							#	   2.24	  12.36	
    154	  -4.97	  -5.42	 -0.092	1.00365							#	   1.89	  13.51	
    155	  -0.30	  -1.11	 -0.036	1.00039							#	   1.10	  17.67	
    156	   1.83	  -1.67	  0.105	1.00207							#	   4.61	  10.63	
    157	   2.00	   1.43	 -0.018	0.99741							#	   2.49	  19.54	
    158	   2.94	   2.28	 -0.084	0.99455							#	   3.72	  16.67	
    159	   2.37	   3.84	 -0.112	0.99585							#	   3.04	  16.24	
    160	   1.18	   7.47	  0.214	1.00509							#	   3.98	   7.04	
    161	   2.34	  -7.50	  0.493	1.00504							#	   3.80	   7.04	
    162	  10.84	 -24.52	  0.482	1.00807							#	   5.07	   6.32	
    163	  23.11	 -12.18	 -0.197	1.01348							#	   6.46	   3.45	
    164	  10.31	 -30.32	  0.052	0.99143							#	   3.13	   3.16	
    165	   4.40	 -22.82	 -0.664	1.00135							#	   4.56	   4.17	
    166	   3.51	 -18.49	 -0.130	0.99683							#	   5.32	   7.61	
    167	   2.35	  -4.11	  0.087	0.99581							#	   4.50	  15.52	
    168	   2.25	  -7.21	  0.112	0.99664							#	   4.50	  10.20	
    169	  -8.10	  -3.88	 -0.231	0.99328							#	   7.18	   4.74	
    170	 -11.78	   0.54	 -0.180	0.99985							#	   2.99	  11.21	
    171	 -15.65	  -0.41	 -0.015	0.99942							#	   2.84	   8.05	
    172	 -17.17	  10.94	 -0.028	1.00300							#	   2.73	   6.90	
    173	   4.49	  13.92	  0.034	1.00405							#	   3.36	   6.75	
    174	   3.36	  41.39	  0.269	1.00573							#	   5.38	   4.02	
    175									skipped		#	   6.05	   1.58	
    176	  -1.55	  34.70	  0.432	0.99675							#	   5.20	   2.87	
    177	  -5.01	   9.18	 -0.051	1.01043							#	   6.39	   4.60	
    178	 -10.65	 -10.86	 -0.064	1.00007							#	   8.51	   4.89	
    179	  -2.93	   3.42	  0.386	0.99804							#	   7.77	   4.60	
    180	 -23.69	  16.75	  4.247	1.01771							#	   7.39	   2.01	
    181	   0.44	 -17.09	  0.363	0.99980							#	   4.55	   6.75	
    182	  -3.98	 -10.02	 -0.107	1.00699							#	   5.49	   3.16	
    183	   1.44	  -8.46	 -0.034	1.00005							#	   2.64	   9.34	
    184	   1.75	  -3.88	  0.033	1.00616							#	   5.37	   6.47	
    185	  -4.56	   9.59	  3.749	1.00077							#	   6.66	   2.16	
    186	  -6.51	   4.11	  1.046	0.99093							#	   4.46	   3.16	
    187									skipped		#	   4.94	   1.58	
    188	  -7.65	  -2.35	 -1.285	0.97685							#	   5.63	   4.02	
    189	  -5.66	  -2.41	  0.140	0.98985							#	   5.09	   6.47	
    190	 -29.08	   5.14	  1.313	0.98807							#	   5.65	   4.17	
    191	  -8.17	   9.24	  1.343	0.99489							#	   4.68	   5.60	
    192	   0.43	  -0.12	 -0.142	0.99793							#	   2.18	  12.64	
    193	  12.21	   0.99	 -1.356	1.00472							#	   2.79	   7.04	
    194	  14.86	   7.38	 -0.007	1.01134							#	   5.68	   7.90	
    195	   1.45	  18.67	  1.124	1.00545							#	   4.68	   7.90	
    196	 -16.96	  23.75	  1.853	0.99825							#	   6.44	   5.32	
    197	 -20.68	 -16.07	  0.638	0.99803							#	   5.91	   5.89	
    198	 -25.40	 -25.33	 -0.597	0.99213							#	   4.07	   3.16	
