      1	 -16.70	  -0.13	 -0.036	0.99878							#	   5.76	  34.54	
      2	 -11.08	  -0.10	 -0.092	0.99934							#	   2.28	  28.49	
      3	  -3.06	  -2.50	 -0.065	0.99808							#	   0.60	  22.45	
      4	  30.22	 -14.65	  0.085	1.00210							#	   2.49	  19.76	
      5	  33.65	  -0.63	  0.082	0.99974							#	   0.24	  24.87	
      6	  21.32	 -14.80	  0.122	1.00216							#	   3.62	  21.64	
      7	  13.32	   8.26	 -0.041	0.99968							#	   3.02	  22.85	
      8	  11.40	 -12.25	  0.067	1.00080							#	   2.69	  23.12	
      9	   1.21	   2.93	 -0.030	0.99975							#	   0.56	  22.45	
     10	   0.60	  -2.58	 -0.025	0.99889							#	   0.33	  20.30	
     11	  15.13	  -3.31	  0.152	1.00295							#	   3.52	  21.77	
     12	   8.84	  -7.11	  0.072	1.00127							#	   1.30	  16.26	
     13	  -5.41	  10.22	 -0.070	0.99206							#	   1.53	  15.59	
     14	  -3.64	   1.09	  0.025	1.00073							#	   0.56	  20.30	
     15	   2.33	  12.18	  0.011	0.99862							#	   2.46	  13.98	
     16	  -7.04	   7.62	  0.065	0.99722							#	   1.61	  18.41	
     17	   4.39	  14.15	  0.051	0.99926							#	   4.19	  12.10	
     18	  10.43	   4.19	 -0.108	0.99844							#	   3.19	  12.10	
     19	   2.12	   2.81	  0.050	0.99408							#	   0.89	  15.05	
     20	  -5.52	   5.85	  0.024	0.99372							#	   1.12	  12.37	
     21	 -21.23	  18.15	 -0.374	0.99447							#	   3.85	   9.54	
     22	 -20.27	  11.40	 -0.454	0.97931							#	   2.93	   6.32	
     23	 -13.97	   7.90	 -0.040	0.99659							#	   4.19	  15.73	
     24	 -14.89	   4.36	 -0.139	0.99438							#	   3.66	  17.20	
     25	 -22.80	  11.11	 -0.142	0.99876							#	   3.64	  18.28	
     26	  -5.43	   7.57	 -0.077	0.99691							#	   0.84	  24.33	
     27	   4.60	   1.73	  0.005	0.99938							#	   0.74	  27.55	
     28	   4.77	  -6.91	  0.011	1.00120							#	   1.51	  22.45	
     29	   3.44	  -2.32	  0.023	1.00142							#	   0.70	  22.31	
     30	  -3.85	  -5.09	 -0.065	0.99959							#	   1.18	  18.55	
     31	  -6.11	   0.80	 -0.002	1.00109							#	   2.02	  19.09	
     32	  -8.55	   1.30	 -0.080	1.00011							#	   2.91	  24.60	
     33	  13.62	   0.84	  0.025	1.00228							#	   4.57	  21.24	
     34	  18.07	 -10.32	  0.026	1.00491							#	   4.41	  15.19	
     35	   5.11	  -0.61	  0.076	1.00434							#	   0.50	  14.65	
     36	   2.86	 -10.35	  0.278	1.00740							#	   0.93	   9.14	
     37	   5.81	  -1.50	  0.162	1.00349							#	   0.64	   9.68	
     38	  -0.87	  -3.54	  0.099	1.00498							#	   1.21	   8.87	
     39	   1.67	  -7.72	  0.163	1.00216							#	   1.27	   8.47	
     40	  -1.23	  -6.24	 -0.066	1.00125							#	   3.43	  10.48	
     41	   0.25	   2.26	  0.113	0.99712							#	   2.05	   9.81	
     42	   4.81	  -5.11	 -0.049	0.99003							#	   1.56	   7.66	
     43	   1.45	  -4.33	 -0.026	0.98907							#	   1.45	   9.95	
     44	   7.15	  -5.52	 -0.054	0.98160							#	   2.61	  11.02	
     45	   0.37	   6.07	  0.046	0.98367							#	   1.73	  10.08	
     46	   1.04	   7.66	  0.005	0.98581							#	   2.21	   9.81	
     47	   7.09	   4.68	 -0.082	0.99253							#	   3.00	  11.02	
     48	  -2.59	   2.04	 -0.071	0.99214							#	   1.61	   6.45	
     49	  -1.25	  16.47	  0.557	0.98926							#	   4.29	   5.38	
     50	  -0.29	   8.12	  0.518	0.99740							#	   1.53	   5.51	
     51	  -4.22	   5.83	  1.007	0.99128							#	   2.05	   5.91	
     52	   3.21	  -7.04	  1.206	0.99564							#	   1.46	   6.32	
     53	  15.18	   8.89	  0.412	0.98737							#	   5.33	   7.12	
     54	   0.01	  -1.35	  0.065	1.00027							#	   0.50	  14.38	
     55	  22.89	   5.52	  0.111	1.00006							#	   1.65	  10.75	
     56	   5.98	  -9.72	  0.189	1.00199							#	   1.30	  13.84	
     57	  15.76	 -10.77	  0.205	1.00070							#	   3.87	  11.42	
     58	  25.88	 -15.73	  0.190	0.99859							#	   2.00	  10.62	
     59	  13.87	  -0.91	 -0.075	0.99945							#	   2.52	  11.83	
     60	 -12.70	   6.10	 -0.093	0.99857							#	   1.86	   9.41	
     61	 -17.34	  15.20	 -0.084	0.99528							#	   4.53	   6.18	
     62	 -17.95	   1.40	 -0.114	0.99235							#	   2.85	   6.05	
     63	  -8.79	   1.09	  0.200	0.99049							#	   1.72	   8.33	
     64	   7.81	   3.06	  0.290	0.98227							#	   1.85	   8.06	
     65	  19.34	  -0.18	  0.462	0.99288							#	   4.03	   6.72	
     66	   7.48	  -6.43	  0.578	0.98831							#	   1.21	   6.85	
     67	   2.58	   1.97	  0.462	0.98671							#	   1.65	   7.39	
     68	  -3.45	  -8.85	  0.565	0.98679							#	   1.54	   7.53	
     69	   0.80	   8.16	  0.542	0.98605							#	   3.16	   5.65	
     70	   7.86	  -0.82	  0.466	0.98818							#	   2.26	   7.26	
     71	   8.73	  -1.44	  0.538	0.99020							#	   3.28	   9.81	
     72	  -2.26	 -12.21	  0.372	0.99002							#	   1.97	   8.20	
     73	   4.09	  -0.70	  0.212	0.99542							#	   2.22	  12.23	
     74	  -0.23	  -0.96	  0.027	1.00078							#	   1.28	  13.17	
     75	   5.49	   1.72	  0.025	0.99770							#	   2.12	  15.19	
     76	  -1.04	  -0.57	  0.005	1.00101							#	   0.62	  23.39	
     77	  -5.34	   0.84	 -0.127	1.00051							#	   0.82	  20.43	
     78	   3.71	   2.89	 -0.193	1.00167							#	   2.12	  12.63	
     79	 -11.85	  -3.70	  0.038	1.00227							#	   3.56	  11.96	
     80	  -3.20	  -9.19	  0.084	1.00066							#	   1.52	  15.19	
     81	  -6.15	  -2.87	  0.031	1.00054							#	   1.35	  11.02	
     82	 -14.45	  -1.52	 -0.040	0.99969							#	   4.10	  10.08	
     83	  -7.48	   0.64	 -0.040	0.99893							#	   1.57	  15.05	
     84	 -15.01	  -1.79	  0.027	1.00052							#	   4.78	   9.14	
     85	 -15.80	   2.01	 -0.225	1.00129							#	   3.32	   9.54	
     86	  -4.10	  -2.11	  0.021	1.00220							#	   0.91	  11.96	
     87	  -7.97	  -1.20	 -0.028	1.00098							#	   1.24	  21.10	
     88	  -1.95	 -11.34	 -0.194	1.00143							#	   2.30	  16.53	
     89	   0.39	  -8.35	 -0.022	1.00137							#	   1.36	  18.41	
     90	  -7.90	 -13.94	 -0.102	0.99985							#	   4.18	  16.13	
     91	   0.80	  -7.02	 -0.138	1.00251							#	   0.79	  13.04	
     92	   2.75	 -23.49	 -0.043	1.00218							#	   1.13	  11.69	
     93	 -12.76	  -6.46	 -0.031	1.00159							#	   4.39	  13.58	
     94	 -10.55	 -15.47	 -0.097	1.00180							#	   3.36	  18.95	
     95	  -3.29	 -14.15	 -0.037	1.00146							#	   2.71	  17.34	
     96	   2.03	 -18.43	 -0.108	1.00356							#	   1.32	  13.84	
     97	  -5.95	  -7.98	 -0.065	0.99982							#	   1.93	  15.86	
     98	 -12.34	  -6.37	 -0.049	1.00000							#	   3.45	  16.67	
     99	 -13.37	  -7.41	 -0.082	1.00103							#	   4.44	  17.74	
    100	 -15.05	  -7.08	 -0.117	1.00067							#	   4.19	  15.59	
    101	 -12.55	   6.64	 -0.237	1.00052							#	   2.19	  11.83	
    102	  -6.41	  -6.01	 -0.131	1.00040							#	   1.34	  19.62	
    103	  -5.56	  -4.83	 -0.221	0.99941							#	   1.37	  18.82	
    104	  -3.68	  -7.44	 -0.082	0.99864							#	   1.32	  18.95	
    105	 -11.45	   4.47	 -0.055	0.99721							#	   2.07	  22.18	
    106	  -6.60	  -0.56	 -0.100	0.99970							#	   0.94	  31.72	
    107	  -2.34	  -0.45	 -0.107	0.99904							#	   0.32	  34.01	
    108	   0.08	  -4.66	 -0.067	1.00086							#	   0.70	  30.38	
    109	  12.39	   6.20	 -0.192	0.99917							#	   4.21	  20.16	
    110	   6.56	   1.51	 -0.060	1.00115							#	   0.90	  24.19	
    111	  11.13	   0.73	  0.077	1.00013							#	   2.52	  25.27	
    112	   2.33	  -5.63	  0.091	1.00073							#	   0.74	  21.64	
    113	  -2.95	   9.47	  0.114	0.99921							#	   1.76	  20.70	
    114	 -10.69	   2.05	  0.044	0.99848							#	   2.76	  22.85	
    115	   8.77	   0.31	  0.050	0.99928							#	   1.82	  32.80	
    116	   0.43	   0.47	 -0.006	0.99893							#	   0.18	  27.42	
    117	   2.70	   6.27	 -0.129	1.00059							#	   1.16	  22.31	
    118	  -6.54	  -3.83	 -0.195	0.99807							#	   1.56	  20.30	
    119	  -0.61	   2.23	  0.048	0.99864							#	   0.24	  21.77	
    120	 -14.34	  -0.46	  0.021	0.99964							#	   5.47	  31.72	
    121	 -14.76	   9.25	  0.086	0.99817							#	   3.44	  21.10	
    122	  -9.35	  -6.48	 -0.023	0.99600							#	   1.94	  19.22	
    123	   7.74	 -13.87	 -0.118	1.00168							#	   2.52	  20.97	
    124	  -1.41	 -13.80	 -0.051	0.99805							#	   2.16	  21.37	
    125	 -12.31	  -0.28	 -0.120	0.98499							#	   3.07	  15.32	
    126	 -11.37	 -11.85	  0.068	1.00963							#	   3.12	  14.92	
    127	  -6.20	  -6.04	 -0.068	0.99979							#	   1.28	  19.89	
    128	  -1.65	 -11.38	 -0.120	0.99935							#	   1.42	  13.98	
    129	  11.80	  -0.32	 -0.002	0.99982							#	   4.16	  13.98	
    130	   8.77	 -15.25	 -0.023	1.00064							#	   3.51	   7.53	
    131	   3.90	   3.18	  0.197	0.99990							#	   1.31	   5.51	
    132	   4.83	  -2.05	 -0.051	1.00544							#	   2.13	   4.84	
    133	   3.15	  14.51	  0.070	1.00004							#	   3.92	   2.42	
    134	   2.10	   6.20	 -0.329	0.99817							#	   2.26	   3.90	
    135									skipped		#	   2.64	   1.48	
    136	   0.84	   0.41	 -0.018	1.00066							#	   1.38	   5.65	
    137	  -6.88	   7.76	 -0.747	0.99651							#	   1.33	   7.12	
    138	  -9.95	  12.61	 -0.795	0.99641							#	   2.88	   8.06	
    139	   6.11	   9.87	 -0.054	1.00149							#	   1.67	   8.47	
    140	   5.05	  -0.45	  0.009	1.00072							#	   1.40	  16.80	
    141	   0.53	   5.58	 -0.064	0.99946							#	   0.97	  10.08	
    142	  -1.42	  -0.86	 -0.073	1.00066							#	   0.53	  17.74	
    143	 -16.15	   1.67	 -0.178	0.99851							#	   4.62	  14.25	
    144	 -14.21	  -3.93	  0.059	0.99705							#	   3.53	  10.22	
    145	  -8.98	   2.85	  1.440	1.00117							#	   1.75	   6.72	
    146	 -13.21	  -0.91	  1.272	1.02231							#	   2.46	   5.65	
    147	   4.16	   2.27	  0.735	1.03868							#	   1.85	   6.85	
    148	  17.14	 -18.00	  0.235	1.02947							#	   2.73	   3.36	
    149	  22.20	  -1.71	  0.524	1.03603							#	   2.05	   4.17	
    150	  17.49	  -2.17	  0.408	1.04793							#	   4.37	   3.90	
    151	  11.69	   0.71	  0.366	1.05330							#	   1.76	   4.70	
    152	  -0.36	  -4.94	  0.310	1.05006							#	   2.10	   5.78	
    153	  -5.52	  12.29	  0.295	1.05144							#	   3.16	   6.18	
    154	  -1.72	   7.91	  0.263	1.05214							#	   2.29	   6.85	
    155	  -5.00	   7.53	  0.026	1.04365							#	   2.62	   7.39	
    156	  -9.16	   3.62	 -0.050	1.04700							#	   4.62	  12.50	
    157	  -4.71	  10.08	 -0.035	1.04409							#	   2.07	  12.50	
    158	   3.54	  -4.73	  0.069	1.03975							#	   1.25	  20.16	
    159	   6.88	   3.09	  0.029	1.03940							#	   1.87	  18.28	
    160	   0.45	  -5.64	 -0.019	1.03903							#	   1.79	  20.56	
    161	 -10.40	   8.88	 -0.116	1.03268							#	   4.66	  26.08	
    162	  -9.32	   2.47	 -0.167	1.02064							#	   2.19	  26.34	
    163	   8.34	  -2.96	  0.059	1.01613							#	   2.50	  29.57	
    164	  23.24	  -6.28	  0.094	1.00062							#	   2.45	  34.68	
    165	  -7.39	   7.74	 -0.180	1.00057							#	   2.66	  32.53	
    166	 -24.70	  12.88	 -0.176	1.00030							#	   5.37	  32.66	
    167	 -13.80	   2.89	  0.035	0.99731							#	   3.95	  37.90	
    168	   1.30	  -1.38	  0.040	1.00095							#	   0.21	  52.42	
    169	  -0.45	   6.19	  0.035	0.99933							#	   0.99	  52.55	
    170	   0.32	  -2.68	 -0.089	1.00376							#	   0.34	  45.16	
    171	  -5.80	   5.18	  0.041	0.99550							#	   2.04	  42.20	
    172	  -1.00	  -2.10	  0.011	0.99893							#	   0.66	  45.70	
    173	  -1.54	   4.72	  0.047	1.00013							#	   1.98	  35.89	
    174	   3.86	  -0.09	 -0.015	1.00092							#	   1.00	  46.64	
    175	 -10.69	   3.51	  0.041	0.99962							#	   5.28	  33.87	
    176	 -10.82	  -1.04	  0.099	0.99433							#	   1.97	  41.67	
    177	  -2.67	   4.45	  0.215	0.97893							#	   1.07	  27.28	
    178	  -0.66	  -1.87	  0.085	0.97149							#	   1.30	  25.13	
    179	   4.58	  -1.11	  0.040	0.96143							#	   2.50	  16.13	
    180	   2.01	  -6.30	  0.008	0.95092							#	   3.34	  14.78	
    181	  -4.24	   2.54	 -0.385	0.94984							#	   2.01	  10.75	
    182	   4.17	  -5.40	 -0.469	0.94972							#	   3.58	  11.29	
    183	   5.54	  -5.46	 -0.509	0.95151							#	   3.23	   8.20	
    184	   7.50	 -16.52	 -0.415	0.94975							#	   4.58	   5.78	
    185	   4.45	  -3.87	 -0.142	0.95814							#	   1.96	  11.29	
    186	   9.75	  -4.48	  0.069	0.96062							#	   3.51	  11.83	
    187	   5.15	   7.47	 -0.240	0.95467							#	   2.33	   8.87	
    188	   2.30	   1.97	  0.050	0.98434							#	   1.30	  10.89	
    189	  -1.96	  21.54	 -0.294	0.97047							#	   1.17	   7.26	
    190	   8.13	  -7.41	 -0.226	0.95618							#	   2.23	   8.87	
    191	  10.30	  13.97	 -0.070	0.96738							#	   4.10	   8.87	
    192	   8.49	  -6.67	  0.057	0.96136							#	   3.02	   9.54	
    193	  20.81	   6.44	  0.064	0.95555							#	   1.55	   8.60	
    194	  20.80	  -3.01	 -0.048	0.95471							#	   1.17	   8.87	
    195	  14.05	  -4.67	 -0.015	0.95775							#	   1.68	   9.27	
    196	  13.16	  -5.40	 -0.154	0.95884							#	   1.69	   8.87	
    197	   3.28	   6.96	 -0.205	0.95632							#	   2.05	   9.41	
    198	 -12.80	  15.11	 -0.859	0.95765							#	   1.58	   4.57	
    199	 -10.71	  13.05	 -0.794	0.96031							#	   1.62	   4.30	
    200	  -3.63	   1.32	 -0.585	0.96100							#	   1.10	   6.85	
    201	   3.27	   1.05	 -0.306	0.96448							#	   1.79	   9.81	
    202	   7.93	  -0.60	 -0.065	0.97898							#	   1.62	   9.81	
    203	   3.01	  -4.11	  0.009	1.00114							#	   0.41	   7.66	
    204	 -25.54	  -2.50	  0.114	1.00324							#	   0.68	   5.24	
    205	 -33.05	   1.19	 -0.058	1.00255							#	   0.23	   5.65	
    206	  -8.20	  -8.97	  0.100	1.00850							#	   2.11	   7.39	
    207	  -6.00	 -27.77	  0.522	1.00805							#	   0.46	   4.70	
    208									skipped		#	   2.99	   1.48	
    209									skipped		#	   1.18	   1.88	
    210									skipped		#	   1.85	   1.75	
    211									skipped		#	   1.32	   1.75	
    212									skipped		#	   1.35	   1.08	
    213									skipped		#	   1.22	   1.34	
    214	   0.53	 -17.36	 -1.799	0.98991							#	   1.77	   2.15	
    215	  -6.38	 -16.97	 -0.969	0.99528							#	   2.19	   2.82	
    216	   0.89	 -13.99	 -1.046	1.00077							#	   2.49	   8.60	
    217	   0.88	 -11.06	 -0.908	1.00144							#	   1.45	   9.01	
    218	  11.83	 -12.93	 -0.645	1.00080							#	   3.35	   9.81	
    219	  13.21	  -0.06	 -0.119	1.00142							#	   1.87	  19.35	
    220	  12.14	  -0.71	 -0.011	1.00022							#	   1.99	  20.70	
    221	   3.34	  10.35	  0.001	0.99604							#	   1.27	  15.99	
    222	   2.78	 -10.83	  0.299	1.00081							#	   2.00	  20.56	
    223	 -11.00	  -7.04	  0.066	0.99858							#	   3.14	  19.09	
    224	 -12.61	 -17.70	 -0.028	1.00004							#	   2.74	  20.56	
    225	 -16.58	  -1.32	 -0.041	1.00065							#	   2.45	  28.23	
    226	 -26.82	  -9.21	  0.311	0.99582							#	   1.06	  16.53	
