      1	  -6.10	  -8.83	  0.016	1.00046							#	   4.64	  38.44	
      2	 -11.77	   4.24	  0.053	0.99984							#	   4.26	  42.74	
      3	 -10.42	   0.85	 -0.031	0.99903							#	   2.45	  39.65	
      4	  -0.84	   5.45	  0.019	1.00007							#	   1.32	  42.61	
      5	  -2.21	   0.45	 -0.069	0.99972							#	   0.26	  45.43	
      6	   6.00	   0.18	  0.039	1.00001							#	   0.95	  43.28	
      7	   0.01	  -1.22	 -0.045	1.00027							#	   0.24	  45.30	
      8	   2.40	  -0.21	  0.023	1.00044							#	   0.35	  41.67	
      9	  -2.22	  -0.31	 -0.040	0.99995							#	   0.40	  40.46	
     10	  -4.36	  -4.25	  0.025	0.99957							#	   2.07	  27.42	
     11	 -11.83	  -2.99	 -0.052	1.00082							#	   5.02	  31.72	
     12	  -5.97	   1.91	  0.011	0.99966							#	   0.92	  29.57	
     13	  -6.17	  -4.63	 -0.092	0.99838							#	   1.61	  29.57	
     14	  -3.94	  -1.98	 -0.003	0.99210							#	   0.89	  29.03	
     15	  -9.39	  -8.12	 -0.024	0.99035							#	   4.37	  25.40	
     16	  -3.73	   0.99	 -0.025	0.98958							#	   0.67	  27.28	
     17	  -2.04	  -2.51	  0.006	0.99245							#	   0.60	  27.02	
     18	  -0.77	  -3.39	  0.058	0.99257							#	   0.50	  24.46	
     19	  -9.78	  -7.88	 -0.048	0.99317							#	   3.62	  20.83	
     20	  -8.89	   0.88	 -0.001	0.99017							#	   1.76	  22.31	
     21	 -12.71	  -8.31	 -0.029	0.98084							#	   5.32	  18.01	
     22	  -7.46	  -0.38	 -0.007	0.97985							#	   1.77	  17.34	
     23	 -12.34	  -4.03	  0.010	0.98034							#	   3.66	  17.74	
     24	  -7.48	   1.79	  0.006	0.97037							#	   2.15	  16.13	
     25	   3.26	  -6.27	 -0.020	0.97819							#	   1.70	  16.53	
     26	  -5.03	  -4.41	  0.039	0.97353							#	   1.65	  16.13	
     27	  -9.58	 -13.57	 -0.005	0.98053							#	   4.09	  15.32	
     28	  -6.12	   2.35	 -0.048	0.98064							#	   1.16	  13.04	
     29	 -11.65	  -6.67	 -0.044	0.97953							#	   3.16	  12.63	
     30	  -4.04	  -4.63	  0.026	0.98212							#	   1.13	  15.05	
     31	  -8.72	  -7.02	 -0.030	0.98003							#	   2.33	  12.77	
     32	   2.16	   0.13	 -0.118	0.98417							#	   0.58	  12.10	
     33	   5.28	 -12.60	  0.035	0.98571							#	   2.37	  12.23	
     34	   1.98	   3.21	 -0.041	0.98886							#	   0.59	  11.83	
     35	  -2.27	  -7.83	 -0.103	0.98315							#	   1.35	  10.35	
     36	   3.13	  -2.53	  0.126	0.98124							#	   0.62	   9.81	
     37	 -11.47	  -5.50	 -0.063	0.97928							#	   2.64	   8.33	
     38	  -3.95	  -5.05	 -0.002	0.97910							#	   0.80	   7.53	
     39	  -5.00	  -6.61	  0.105	0.97920							#	   1.59	   7.12	
     40	   6.06	  -1.57	  0.083	0.98435							#	   0.93	   8.33	
     41	   5.95	   0.21	 -0.022	0.98793							#	   0.83	   7.39	
     42	   7.05	  -2.16	  0.219	0.98493							#	   1.19	   7.66	
     43	  -3.55	  -6.31	 -0.108	0.98400							#	   1.95	   6.72	
     44	   2.80	  -2.70	  0.141	0.98438							#	   0.84	   6.45	
     45	  -2.06	  -4.63	 -0.079	0.98445							#	   1.28	   6.45	
     46	   2.20	 -10.80	  0.056	0.98242							#	   2.15	   4.70	
     47	  -5.71	  -6.31	  0.025	0.98179							#	   1.29	   5.11	
     48	  -0.63	  -3.48	  0.005	0.98065							#	   0.55	   3.90	
     49	  -5.70	  -5.50	 -0.093	0.97981							#	   1.46	   3.49	
     50									skipped		#	   1.47	   1.48	
     51									skipped		#	   1.43	   1.34	
     52									skipped		#	   1.22	   1.08	
     53									skipped		#	   0.97	   1.21	
     54									skipped		#	   1.40	   1.34	
     55									skipped		#	   0.98	   0.94	
     56									skipped		#	   2.34	   0.40	
     57									skipped		#	   3.55	   1.34	
     58									skipped		#	   1.13	   1.34	
     59									skipped		#	   0.59	   1.08	
     60									skipped		#	   0.43	   1.75	
     61									skipped		#	   0.83	   0.67	
     62									skipped		#	   1.27	   0.94	
     63									skipped		#	   2.30	   1.21	
     64									skipped		#	   2.54	   0.94	
     65									skipped		#	   0.60	   0.94	
     66									skipped		#	   1.37	   0.54	
     67									skipped		#	   1.31	   0.40	
     68									skipped		#	   3.48	   0.54	
     69									skipped		#	   0.99	   0.67	
     70									skipped		#	   0.90	   0.67	
     71									skipped		#	   1.96	   1.21	
     72									skipped		#	   1.45	   0.81	
     73									skipped		#	   2.62	   0.94	
     74									skipped		#	   1.73	   0.94	
     75									skipped		#	   3.32	   1.61	
     76	  -9.44	  -0.02	 -0.162	0.99640							#	   0.75	   2.28	
     77									skipped		#	   1.54	   1.08	
     78									skipped		#	   1.97	   0.94	
     79									skipped		#	   1.83	   0.81	
     80									skipped		#	   2.28	   0.27	
     81									skipped		#	   3.42	   0.40	
     82									skipped		#	   2.17	   0.00	
     83									skipped		#	   1.73	   0.00	
     84									skipped		#	   1.13	   0.00	
     85									skipped		#	   0.48	   1.88	
     86									skipped		#	   2.71	   0.00	
     87									skipped		#	   1.32	   0.00	
     88									skipped		#	   4.05	   0.00	
     89									skipped		#	   1.58	   0.67	
     90									skipped		#	   1.06	   0.67	
     91									skipped		#	   0.88	   0.00	
     92									skipped		#	   1.91	   0.67	
     93	 -13.29	  -0.43	 -0.071	0.99924							#	   1.63	   2.15	
     94									skipped		#	   1.25	   0.67	
     95	 -16.68	  -0.01	 -0.037	1.00044							#	   2.49	   3.23	
     96	   0.63	   1.01	 -0.053	1.00175							#	   0.23	   4.30	
     97	   0.01	  -0.09	 -0.007	1.00017							#	   0.25	   5.65	
     98	  -0.65	   0.32	  0.058	1.00081							#	   0.40	   3.49	
     99									skipped		#	   1.52	   1.88	
    100									skipped		#	   2.08	   1.21	
    101									skipped		#	   0.71	   0.81	
    102									skipped		#	   0.37	   1.21	
    103	  -6.87	  -0.37	 -0.026	1.00184							#	   0.85	   2.55	
    104	  -1.22	  -0.41	  0.024	0.99944							#	   0.28	   3.76	
    105									skipped		#	   0.55	   1.34	
    106	   0.83	   0.66	 -0.041	1.00125							#	   0.82	   3.36	
    107	  -2.34	  -0.14	 -0.063	1.00239							#	   0.51	   3.36	
    108	   3.57	  -0.88	 -0.223	0.99806							#	   0.88	   3.09	
    109	   2.27	   0.00	 -0.113	0.99888							#	   0.87	   2.69	
    110	  -0.14	   0.20	 -0.016	1.00011							#	   0.63	   6.18	
    111									skipped		#	   1.29	   1.34	
    112	   0.30	   2.09	 -0.009	1.00372							#	   1.55	   2.96	
    113									skipped		#	   1.05	   1.88	
    114									skipped		#	   0.97	   1.34	
    115									skipped		#	   2.88	   1.75	
    116									skipped		#	   0.73	   1.21	
    117									skipped		#	   2.38	   1.34	
    118	  -5.72	   1.78	  0.065	1.00275							#	   1.28	   2.15	
    119	  -0.36	  -0.04	  0.016	1.00007							#	   0.33	   6.99	
    120	  -0.34	   6.74	 -0.039	1.00032							#	   1.23	   5.24	
    121	  23.90	  -5.94	 -0.053	1.00138							#	   1.87	   4.17	
    122									skipped		#	   5.06	   1.88	
    123	  -0.10	  -6.83	  0.320	1.00521							#	   0.80	   3.76	
    124									skipped		#	   3.71	   1.75	
