      1	   3.99	  -4.14	 -0.032	1.00018							#	   5.36	  31.99	
      2	  28.15	  -5.75	 -0.087	0.99887							#	   5.14	  31.85	
      3	  20.99	  -6.88	 -0.001	0.99902							#	   7.27	  32.39	
      4	  13.92	   0.64	 -0.006	1.00218							#	   2.17	  36.16	
      5	   2.18	  -4.18	 -0.160	1.00003							#	   1.88	  35.35	
      6	  13.48	   0.59	  0.003	0.99986							#	   2.03	  38.84	
      7	  13.34	  -5.81	 -0.023	0.99924							#	   2.31	  34.81	
      8	   8.80	   0.79	 -0.075	0.99920							#	   1.30	  35.35	
      9	  -3.72	  -5.76	 -0.033	1.00036							#	   6.05	  36.16	
     10	   5.13	   1.55	 -0.042	1.00009							#	   2.32	  38.44	
     11	  10.86	  -0.49	 -0.007	0.99908							#	   1.64	  39.65	
     12	  11.51	  -2.19	  0.014	1.00001							#	   1.32	  41.40	
     13	  10.99	  -6.73	 -0.076	0.99972							#	   1.40	  39.78	
     14	  17.66	   1.90	 -0.094	0.99834							#	   3.44	  44.22	
     15	   7.26	   2.50	  0.024	0.99946							#	   0.88	  47.04	
     16	   7.14	   3.53	  0.092	0.99694							#	   1.12	  51.08	
     17	   9.63	  -5.98	 -0.037	0.98895							#	   3.18	  50.54	
     18	  22.97	  -0.52	 -0.062	0.99518							#	   2.94	  45.56	
     19	  24.43	  -2.30	  0.017	0.99990							#	   2.55	  44.89	
     20	  17.60	  -5.95	 -0.109	1.01879							#	   7.93	  50.40	
     21	  12.14	  -8.02	 -0.105	1.02514							#	   3.44	  49.19	
     22	  17.70	  -6.49	 -0.051	1.01857							#	   5.33	  50.13	
     23	  13.75	  -4.79	 -0.041	1.02040							#	   3.16	  48.25	
     24	  12.71	  -0.96	 -0.021	1.01487							#	   3.01	  46.77	
     25	 -16.92	  -3.90	  0.069	1.00149							#	   2.93	  44.22	
     26	 -32.66	   3.84	  0.171	0.97520							#	   1.57	  40.99	
     27	 -16.75	  -6.19	  0.057	0.94835							#	   4.71	  42.74	
     28	 -10.82	   3.13	 -0.061	0.93723							#	   5.84	  44.89	
     29	 -15.54	  -0.24	 -0.107	0.93193							#	   4.29	  41.94	
     30	  -4.77	  -2.33	 -0.173	0.94199							#	   6.53	  42.07	
     31	  16.81	 -10.52	 -0.230	0.94846							#	   4.03	  39.78	
     32	   9.09	 -10.95	 -0.131	0.95431							#	   5.56	  40.73	
     33	   8.02	 -19.34	 -0.031	0.95534							#	   5.77	  40.59	
     34	  12.39	  -5.29	 -0.042	0.96144							#	   3.71	  38.31	
     35	  19.44	  -8.45	 -0.010	0.95825							#	   4.93	  39.52	
     36	  12.73	  -8.34	  0.000	0.95486							#	   4.58	  37.90	
     37	  15.80	 -14.32	  0.051	0.95741							#	   5.98	  38.04	
     38	   9.53	  -4.29	  0.078	0.95890							#	   4.50	  42.20	
     39	   4.66	  -1.77	  0.043	0.95159							#	   5.35	  41.80	
     40	   8.22	  -1.93	 -0.003	0.94630							#	   6.11	  41.13	
     41	  19.83	  -0.45	 -0.078	0.94333							#	   6.86	  39.11	
     42	  33.25	  17.74	 -0.032	0.94376							#	   7.57	  32.12	
     43	  43.99	   6.93	 -0.006	0.93689							#	   4.14	  25.81	
     44	  39.65	  16.30	 -0.055	0.94950							#	   3.94	  22.72	
     45	  20.66	  19.77	  0.045	0.96878							#	   3.57	  26.88	
     46	  25.75	  24.69	 -0.012	0.99997							#	   4.22	  25.27	
     47	  21.74	  21.09	 -0.036	0.99951							#	   3.31	  31.45	
     48	  24.83	  20.38	 -0.065	1.00009							#	   3.10	  34.81	
     49	  27.47	  -4.06	 -0.066	0.99997							#	   2.10	  24.46	
     50	  45.11	  -6.30	 -0.033	1.00167							#	   1.83	  22.58	
     51	  40.31	  -3.56	 -0.061	1.00219							#	   2.43	  26.21	
     52	  30.23	 -20.50	 -0.044	1.00313							#	   3.82	  25.67	
     53	   2.66	 -41.56	  0.076	1.00047							#	   3.15	  32.66	
     54	  14.13	 -29.57	  0.104	1.00025							#	   2.54	  28.49	
     55	  20.27	  -9.01	  0.001	1.00105							#	   4.47	  38.58	
     56	  33.59	  17.40	  0.044	1.00018							#	   3.57	  36.69	
     57	  34.50	  18.73	 -0.039	0.99825							#	   4.58	  33.74	
     58	  50.89	  11.01	  0.016	1.00139							#	   3.38	  21.91	
     59	  61.67	   2.85	  0.069	1.00459							#	   3.25	  24.06	
     60	  49.80	   8.80	 -0.006	1.00347							#	   2.99	  27.82	
     61	  25.63	  11.67	 -0.010	1.00252							#	   2.82	  36.69	
     62	  22.35	  23.29	 -0.010	1.00138							#	   1.67	  37.77	
     63	  30.35	  15.91	 -0.088	1.00107							#	   4.11	  38.58	
     64	  16.40	   5.35	  0.013	0.99980							#	   0.97	  42.61	
     65	  27.51	   0.15	  0.030	1.00153							#	   3.55	  39.11	
     66	  23.17	   5.03	  0.093	1.00008							#	   2.74	  41.40	
     67	 -17.64	  -0.79	  0.248	0.99958							#	   3.44	  27.15	
     68	  11.60	 -44.23	  0.489	0.99666							#	   2.25	  11.56	
     69	  27.10	 -21.96	  0.086	0.99945							#	   0.75	  17.74	
     70	  -1.89	   1.69	  0.058	1.00063							#	   0.22	  65.99	
     71	 -26.61	  26.53	  0.026	0.99990							#	   0.79	  57.93	
     72	 -12.72	  15.16	 -0.006	0.99969							#	   3.63	  56.45	
     73	  -5.32	   6.11	  0.051	1.00011							#	   1.95	  57.26	
     74	 -30.05	  -3.35	  0.188	1.00239							#	   0.86	  20.16	
     75	 -44.69	  -1.80	  0.096	1.00231							#	   2.54	  29.97	
     76	   5.35	   5.94	  0.076	1.00205							#	   0.61	  53.76	
     77	  46.97	 -13.71	  0.073	0.99987							#	   3.36	  44.62	
     78	  31.89	  10.95	 -0.097	0.99984							#	   0.97	  39.38	
     79	   9.75	  17.94	 -0.176	0.99908							#	   2.17	  48.25	
     80	 -34.25	  12.56	 -0.050	0.99977							#	   3.69	  18.95	
     81	-106.38	  31.17	  0.104	0.99532							#	   2.56	  19.49	
     82	 -12.08	   8.51	  0.106	0.99962							#	   4.41	  32.39	
     83	  -1.14	  -9.41	  0.017	1.00098							#	   1.71	  56.59	
     84	  14.99	  -6.90	  0.093	0.99913							#	   2.21	  56.85	
     85	  10.27	 -20.00	  0.144	1.00008							#	   4.33	  55.65	
     86	  24.42	  10.05	 -0.010	1.00105							#	   3.20	  41.67	
     87	  96.39	   5.68	  0.090	1.00171							#	   2.57	  18.68	
     88	  37.81	   4.21	  0.158	1.00061							#	   1.54	  28.23	
     89	  62.94	  17.41	  0.047	1.00087							#	   1.57	  27.15	
     90	  42.07	  30.70	 -0.139	0.99750							#	   3.87	  19.89	
     91	  32.98	  28.21	 -0.239	1.00210							#	   2.29	  31.72	
     92	   8.13	  10.84	 -0.052	0.99922							#	   3.33	  27.69	
     93	  13.79	   5.97	  0.019	1.00138							#	   2.10	  42.07	
     94	  22.24	  10.00	  0.048	1.00136							#	   1.29	  43.01	
     95	 -15.48	  16.91	 -0.049	0.99834							#	   2.10	  41.53	
     96	  25.21	  -1.77	 -0.142	1.00191							#	   0.54	  31.99	
     97	 -15.39	  -9.28	 -0.095	1.00066							#	   2.21	  32.80	
     98	 -61.27	  13.36	 -0.019	0.99595							#	   1.80	  22.98	
     99	 -57.11	  13.15	  0.161	0.99726							#	   2.02	  29.97	
    100	 -65.24	   4.28	  0.088	0.99542							#	   1.17	   9.14	
    101	-116.49	  11.60	 -0.361	0.99110							#	   2.67	   5.51	
    102	-102.13	  14.19	 -1.482	0.98396							#	   3.52	   3.23	
    103	 -34.39	 -11.95	 -0.156	0.97621							#	   3.05	   9.27	
    104	 -15.58	 -14.11	  0.183	0.99953							#	   2.66	  28.09	
    105	  22.80	 -22.33	 -0.124	0.99964							#	   3.88	  22.98	
    106	  44.46	   0.24	  0.108	0.99673							#	   0.75	  22.85	
    107	   7.11	   0.10	  0.062	0.99888							#	   0.69	  22.31	
    108	  -5.14	  11.88	  0.090	1.00164							#	   5.39	  29.70	
    109	   3.21	   8.34	  0.008	0.99850							#	   1.95	  28.09	
    110	  18.78	  15.47	  0.172	0.99933							#	   4.60	  35.35	
    111	   4.23	   3.95	  0.006	0.99893							#	   0.36	  46.91	
    112	  -3.84	  11.67	 -0.120	0.99871							#	   1.31	  40.73	
    113	  -9.58	   3.25	 -0.124	1.00041							#	   1.69	  35.08	
    114	 -13.98	  12.29	 -0.084	0.99893							#	   2.18	  36.42	
    115	  18.26	  13.30	 -0.016	1.00048							#	   2.00	  37.23	
    116	   4.16	  13.11	 -0.164	0.99910							#	   2.58	  39.11	
    117	   5.60	   1.37	 -0.190	1.00248							#	   1.77	  56.18	
    118	   4.56	  18.54	 -0.123	1.00017							#	   4.20	  47.72	
    119	  14.83	  -4.17	  0.076	1.00010							#	   3.84	  43.01	
    120	  -5.52	  -8.45	  0.022	0.99975							#	   1.26	  43.68	
    121	 -16.46	  -4.97	  0.108	0.99983							#	   4.18	  53.36	
    122	 -10.13	  -3.53	  0.099	0.99897							#	   3.14	  48.12	
    123	 -12.58	  -9.29	  0.091	0.99894							#	   6.20	  46.77	
    124	   5.34	  -9.81	 -0.136	1.00135							#	   2.83	  48.92	
    125	  -6.55	  -9.22	 -0.061	0.99960							#	   4.80	  46.37	
    126	   5.35	  -8.51	 -0.025	1.00006							#	   2.76	  47.31	
    127	  22.96	  -3.72	  0.008	0.99946							#	   3.22	  31.59	
    128	  43.33	  -5.82	  0.093	0.99884							#	   0.91	  36.16	
    129	  26.37	  -8.34	  0.067	0.99886							#	   3.27	  40.05	
    130	   7.41	   2.43	  0.087	0.99941							#	   1.89	  43.28	
    131	  -8.19	   3.99	  0.101	0.99966							#	   3.95	  49.60	
    132	   8.00	  -1.63	  0.049	0.99962							#	   0.45	  47.04	
    133	  28.94	   2.19	 -0.060	0.99802							#	   2.42	  39.65	
    134	  21.50	   8.74	  0.043	0.99885							#	   4.18	  39.78	
    135	  25.33	  10.60	  0.020	1.00030							#	   2.40	  42.20	
    136	  18.93	  26.90	 -0.063	0.99881							#	   4.66	  30.65	
    137	  18.34	  14.09	 -0.137	0.99941							#	   3.52	  25.54	
    138	   5.33	  14.47	 -0.011	1.00058							#	   1.14	  39.92	
    139	   6.39	  16.44	  0.132	0.99863							#	   2.89	  51.08	
    140	  16.47	  17.41	  0.154	0.99877							#	   5.32	  41.94	
    141	  -3.01	   7.78	  0.141	1.00001							#	   2.38	  41.53	
    142	   2.28	   1.41	  0.004	0.99966							#	   0.84	  40.59	
    143	 -12.79	  -9.90	  0.025	0.99969							#	   3.87	  40.99	
    144	 -14.73	 -17.20	 -0.029	1.00145							#	   2.79	  41.40	
    145	   1.27	  -8.05	  0.012	0.99947							#	   1.62	  39.65	
    146	  37.21	  -0.94	 -0.003	0.99947							#	   0.97	  33.33	
    147	  38.45	  -0.46	 -0.006	1.00041							#	   1.74	  34.01	
    148	  18.41	  14.54	  0.048	0.99952							#	   1.88	  35.89	
    149	   1.91	   6.60	  0.082	1.00106							#	   4.61	  43.55	
    150	  19.47	   7.45	  0.104	0.99978							#	   2.01	  42.20	
    151	  20.54	  12.78	 -0.067	1.00140							#	   3.86	  36.29	
    152	   7.73	  11.81	 -0.026	0.99774							#	   2.39	  34.68	
    153	   8.55	   8.44	 -0.010	0.99866							#	   2.97	  36.29	
    154	  11.72	   9.99	 -0.057	1.00047							#	   2.80	  34.54	
    155	  -0.12	  -5.13	 -0.026	0.99925							#	   1.12	  34.54	
    156	 -10.63	 -14.48	  0.003	0.99969							#	   4.71	  38.31	
    157	  -3.89	  -7.63	 -0.106	1.00183							#	   1.70	  38.04	
    158	  17.14	  -0.56	 -0.019	1.00104							#	   4.59	  38.17	
    159	  21.63	   6.07	 -0.026	0.99803							#	   2.35	  34.95	
    160	  39.79	   6.94	 -0.086	1.00015							#	   1.14	  24.73	
    161	  35.58	   2.37	 -0.141	0.99465							#	   0.44	  25.00	
    162	   5.19	   0.82	  0.057	0.99842							#	   0.55	  51.61	
    163	  -2.19	   7.94	  0.044	1.00073							#	   1.71	  48.92	
    164	   5.14	   8.19	  0.046	0.99968							#	   2.08	  45.43	
    165	 -17.80	  -6.73	  0.155	0.99971							#	   4.53	  38.58	
    166	 -31.30	  -7.73	  0.052	0.99910							#	   0.73	  36.83	
    167	 -30.03	 -10.34	  0.116	0.99932							#	   1.63	  38.98	
    168	 -19.15	  -2.36	  0.146	0.99951							#	   2.11	  43.15	
    169	  -4.38	   1.69	  0.028	0.99932							#	   2.72	  45.56	
    170	  12.04	  -2.59	 -0.001	1.00050							#	   2.68	  47.58	
    171	   7.90	  -8.13	 -0.005	1.00014							#	   4.24	  45.83	
    172	  21.20	  -6.15	 -0.007	1.00024							#	   6.30	  41.53	
    173	  22.38	   0.57	 -0.004	1.00041							#	   3.63	  42.61	
    174	   1.68	  -5.57	  0.101	0.99977							#	   1.91	  39.65	
    175	 -41.08	 -11.92	  0.127	0.99880							#	   4.42	  20.83	
    176	 -52.21	   0.72	  0.059	0.99982							#	   1.05	  29.44	
    177	 -43.39	   1.82	  0.097	0.99885							#	   3.44	  35.62	
    178	 -29.34	   6.79	  0.017	0.99904							#	   2.03	  40.59	
    179	 -47.78	   1.20	 -0.119	0.99764							#	   2.13	  16.13	
    180	 -82.99	   5.21	  0.123	0.99958							#	   1.80	  25.67	
    181	 -79.95	   9.99	  0.112	0.99782							#	   1.55	  25.54	
    182	 -63.76	   9.01	  0.082	0.99705							#	   2.95	  23.25	
    183	 -35.72	   0.93	  0.020	0.99926							#	   4.30	  27.28	
    184	 -22.90	   9.24	  0.019	0.99885							#	   3.00	  38.98	
    185	 -15.91	   2.26	 -0.083	0.99856							#	   2.59	  54.17	
    186	   5.39	   2.01	 -0.126	1.00165							#	   6.19	  48.52	
    187	  25.45	  -7.26	 -0.013	0.99938							#	   2.01	  40.73	
    188	  31.91	  -2.63	 -0.045	1.00251							#	   2.81	  37.90	
    189	  27.03	   0.33	 -0.017	1.00128							#	   1.98	  39.65	
    190	  46.59	   0.17	  0.126	1.00243							#	   1.75	  17.61	
    191	  73.93	  -0.64	 -0.096	1.00665							#	   1.26	  13.98	
    192	  95.93	  -4.61	 -0.134	1.01205							#	   3.56	  14.65	
    193	 100.40	  -5.82	  0.135	1.00039							#	   1.34	  18.55	
    194	  84.53	  -7.29	 -0.051	0.99302							#	   3.53	  13.84	
    195	  47.29	 -12.08	 -0.098	0.99507							#	   5.44	  13.04	
    196	  31.03	  -2.23	  0.073	1.00065							#	   0.88	  34.81	
    197	  49.92	  -9.99	 -0.032	1.00135							#	   5.56	  27.69	
    198	  34.17	   1.97	  0.028	0.99781							#	   0.46	  33.33	
    199	   8.05	  -4.38	  0.052	0.99990							#	   0.89	  42.47	
    200	 -10.45	  -0.27	 -0.008	0.99986							#	   3.35	  50.67	
    201	 -15.63	  -6.60	 -0.005	0.99970							#	   2.36	  49.33	
    202	   4.99	   0.95	 -0.012	1.00022							#	   0.65	  50.27	
    203	   4.12	  -2.89	 -0.002	1.00020							#	   0.71	  50.81	
    204	 -23.49	  -2.57	  0.091	0.99963							#	   1.59	  49.73	
    205	 -42.49	  -1.89	  0.086	0.99977							#	   2.54	  41.53	
    206	 -10.99	   8.06	 -0.006	0.99933							#	   4.25	  43.15	
    207	  11.27	   7.24	  0.018	1.00046							#	   2.48	  52.96	
    208	   4.64	   1.81	  0.049	0.99971							#	   0.97	  47.98	
    209	  -1.36	   3.56	 -0.162	0.99948							#	   0.70	  49.06	
    210	  -4.37	   7.80	  0.173	0.99875							#	   1.66	  51.34	
    211	 -11.14	  -0.59	  0.050	0.99935							#	   2.76	  55.11	
    212	  -8.55	   4.33	  0.020	0.99965							#	   3.53	  50.27	
    213	 -15.48	   3.01	  0.033	0.99978							#	   4.78	  46.51	
    214	 -11.05	   4.65	  0.029	1.00084							#	   4.86	  45.43	
    215	   2.12	  12.04	  0.099	1.00010							#	   2.48	  49.60	
    216	   8.37	   5.32	  0.093	0.99973							#	   1.50	  51.21	
    217	 -12.27	   4.67	  0.097	0.99988							#	   4.99	  55.24	
    218	  10.23	   4.71	  0.085	1.00049							#	   1.00	  44.62	
    219	   4.39	   8.32	  0.074	1.00128							#	   1.03	  45.83	
    220	   0.92	   5.60	  0.048	0.99969							#	   0.72	  40.05	
    221	 -13.20	   0.18	  0.100	0.99978							#	   4.48	  40.59	
    222	  -2.45	  -3.67	  0.025	1.00051							#	   1.71	  38.31	
    223	   0.05	  -7.73	  0.102	0.99909							#	   2.23	  41.80	
    224	   5.16	  -5.34	  0.041	1.00003							#	   1.05	  35.08	
    225	  27.62	 -11.74	 -0.058	1.00017							#	   2.78	  32.66	
    226	  24.74	   2.47	 -0.080	1.00034							#	   5.10	  32.26	
    227	  11.82	   1.93	  0.002	0.99965							#	   1.14	  42.34	
    228	   4.00	   0.59	 -0.042	0.99951							#	   0.67	  45.43	
    229	   3.79	  -1.42	  0.038	1.00061							#	   0.38	  52.82	
    230	  -5.22	   2.78	  0.238	0.99883							#	   3.57	  22.04	
    231	 -47.60	   1.62	  0.056	0.99781							#	   2.54	  24.33	
    232	  22.53	   4.22	 -0.112	0.99934							#	   3.80	  29.97	
    233	  51.35	  -2.28	 -0.128	1.00005							#	   5.77	  25.27	
    234	  32.71	  -0.58	 -0.039	0.99778							#	   1.46	  22.98	
    235	  23.04	 -15.47	  0.060	1.00075							#	   5.72	  27.15	
    236	 -39.11	 -11.64	 -0.052	1.00187							#	   4.83	  23.52	
    237	  68.21	 -18.61	  0.596	0.99750							#	   4.21	   6.99	
    238	 -12.63	 -14.45	 -0.020	1.00094							#	   3.16	   9.41	
    239	 -38.10	  -1.46	 -0.033	1.01319							#	   2.79	  11.16	
    240	  -5.86	   8.23	 -0.069	1.00138							#	   4.43	  40.86	
    241	   0.40	  -4.44	 -0.135	1.00438							#	   0.78	  17.20	
    242	  79.38	 -12.03	  0.326	0.99595							#	   1.99	  10.08	
    243	 -26.41	 -10.68	  0.260	1.02489							#	   2.79	  37.37	
    244	  -1.66	  -8.29	  0.029	1.06619							#	   5.66	  29.57	
    245	 -29.19	   7.31	 -0.146	1.07935							#	   6.40	  27.69	
    246	  13.19	   6.59	 -0.081	1.05883							#	   4.44	  24.33	
    247	  17.01	   1.49	  0.095	1.00999							#	   3.34	  35.62	
    248	 -23.34	  13.00	  0.029	0.96023							#	   3.90	  14.78	
    249	 -77.31	   7.63	 -0.035	0.88660							#	   6.22	  18.15	
    250	 -13.93	   8.97	 -0.031	0.92102							#	   4.31	  21.51	
    251	   3.56	  16.98	 -0.199	0.99818							#	   1.60	  22.04	
    252	 -23.84	  28.02	  0.003	0.99859							#	   1.22	  35.22	
    253	  23.75	   9.33	  0.014	1.00002							#	   3.59	  24.87	
    254	  30.48	   4.86	  0.114	0.99770							#	   0.97	  27.42	
    255	  13.28	  -4.82	  0.097	0.99846							#	   3.11	  51.75	
    256	  16.17	  -4.34	 -0.058	0.99897							#	   4.39	  46.10	
    257	  14.06	 -11.52	 -0.137	1.00030							#	   5.86	  29.17	
    258	  57.04	 -15.50	 -0.058	1.00014							#	   3.75	  24.06	
    259	  36.28	  -8.43	 -0.126	1.00116							#	   3.45	  24.33	
    260	  13.76	   4.40	 -0.011	0.99852							#	   2.20	  40.99	
    261	  -8.54	   9.68	 -0.111	0.99990							#	   5.02	  47.45	
