      1	   7.01	   8.00	  0.076	0.99855							#	   9.63	  48.85	
      2	   1.36	  -1.64	  0.003	1.00077							#	   0.49	  61.91	
      3	  -1.31	  -3.60	 -0.016	0.99961							#	   0.62	  63.72	
      4	   1.03	  -6.73	 -0.002	1.00033							#	   0.83	  63.96	
      5	  -1.92	   5.79	 -0.060	1.00061							#	   0.71	  65.76	
      6	  -1.83	   0.45	 -0.049	1.00020							#	   0.17	  65.00	
      7	   0.82	   0.95	 -0.006	0.99975							#	   0.48	  65.73	
      8	   1.98	  -2.75	 -0.030	0.99989							#	   1.05	  62.19	
      9	   7.04	   0.32	  0.015	0.99974							#	   2.45	  62.08	
     10	   4.91	  -2.15	 -0.073	1.00007							#	   1.31	  63.06	
     11	   3.78	  -1.05	 -0.093	0.99939							#	   1.09	  61.15	
     12	   6.16	  -7.53	 -0.026	0.99996							#	   3.94	  61.98	
     13	   4.60	   6.11	 -0.013	0.99959							#	   1.22	  63.23	
     14	   1.07	   3.46	  0.013	0.99968							#	   0.62	  63.23	
     15	   0.97	  -1.21	  0.010	0.99967							#	   0.49	  64.76	
     16	   0.78	  -1.41	  0.014	0.99968							#	   0.69	  63.72	
     17	  -0.37	   7.19	  0.094	0.99963							#	   1.66	  63.26	
     18	  -0.05	  -3.56	  0.097	0.99997							#	   0.80	  63.99	
     19	  -1.72	   4.75	  0.058	0.99980							#	   1.33	  65.17	
     20	  -3.92	  -8.18	  0.040	0.99939							#	   2.80	  63.61	
     21	  -7.16	  21.23	 -0.042	0.99963							#	  13.05	  62.12	
     22	   1.57	  -4.64	 -0.097	0.99961							#	   0.40	  60.17	
     23	   2.29	 -12.25	 -0.064	0.99933							#	   2.29	  60.24	
     24	   3.66	  -8.00	 -0.005	1.00119							#	   1.33	  54.27	
     25	  -0.61	   6.98	 -0.020	1.00009							#	   1.34	  53.72	
     26	  -1.31	  -7.27	  0.065	0.99907							#	   1.73	  51.77	
     27	  10.43	 -13.16	  0.021	0.99961							#	   6.88	  52.40	
     28	   5.94	  -4.57	 -0.070	1.00002							#	   1.35	  56.67	
     29	   8.31	   0.37	 -0.082	1.00094							#	   1.66	  57.01	
     30	   8.02	  -6.98	  0.031	1.00025							#	   2.57	  56.18	
     31	   2.02	  -0.05	  0.008	1.00077							#	   0.81	  58.23	
     32	   2.56	  -1.64	  0.042	1.00078							#	   0.99	  54.44	
     33	  -4.26	  10.73	 -0.023	1.00020							#	   4.60	  42.08	
     34	   2.37	  -2.55	  0.005	1.00051							#	   1.08	  40.42	
     35	   2.27	   4.95	  0.044	1.00065							#	   2.36	  37.78	
     36	   3.37	  -1.05	  0.022	1.00083							#	   1.96	  38.92	
     37	   0.65	  14.43	 -0.024	0.99967							#	   4.98	  42.78	
     38	   1.20	   0.41	 -0.006	0.99951							#	   1.35	  45.87	
     39	   2.45	   3.35	  0.023	0.99883							#	   2.13	  39.51	
     40	  -0.88	  -1.56	  0.041	1.00018							#	   1.63	  42.50	
     41	  -2.03	   5.09	  0.028	0.99945							#	   2.30	  41.32	
     42	   2.24	  -3.13	  0.034	0.99972							#	   2.69	  40.52	
     43	  -1.63	  -5.71	 -0.020	0.99971							#	   3.05	  42.71	
     44	   0.60	   3.69	  0.001	0.99994							#	   2.52	  45.69	
     45	  -2.16	   5.09	 -0.040	1.00029							#	   2.71	  43.40	
     46	   0.78	   5.47	 -0.102	0.99998							#	   3.42	  41.91	
     47	  -0.40	  -2.54	 -0.124	0.99971							#	   4.32	  43.09	
     48	   1.40	  -5.59	 -0.008	0.99961							#	   2.49	  40.21	
     49	  -0.20	   6.79	 -0.037	0.99953							#	   6.18	  41.67	
     50	  -2.63	   5.09	 -0.029	1.00000							#	   2.74	  41.70	
     51	  -1.51	   0.79	 -0.032	0.99936							#	   1.71	  48.89	
     52	   1.65	  -3.50	 -0.049	0.99924							#	   2.19	  45.28	
     53	   1.93	   8.00	 -0.011	0.99978							#	   3.19	  37.12	
     54	  -0.28	  -1.13	  0.025	1.00059							#	   4.33	  33.23	
     55	  -0.22	  -8.41	 -0.018	1.00021							#	   8.46	  34.62	
     56	  -1.29	   1.14	 -0.033	0.99987							#	   5.07	  32.12	
     57	  -1.46	   2.62	 -0.002	1.00006							#	   6.65	  32.50	
     58	  -0.80	  -6.96	 -0.029	0.99970							#	   7.03	  30.56	
     59	  -0.24	  -4.96	  0.042	0.99987							#	   6.39	  26.70	
     60	  -1.39	  -9.05	 -0.020	0.99963							#	   5.84	  25.38	
     61	   1.20	   1.70	  0.023	0.99908							#	   2.79	  28.99	
     62	   5.44	 -12.67	 -0.025	1.00080							#	   4.87	  30.38	
     63	   8.62	  -9.31	 -0.031	1.00018							#	   4.23	  31.28	
     64	   0.87	  -3.45	 -0.086	1.00018							#	   3.88	  30.45	
     65	   9.65	   3.96	 -0.028	1.00044							#	   5.84	  26.25	
     66	  14.55	   1.86	  0.009	1.00059							#	  10.64	  21.46	
     67	  12.54	  -3.69	 -0.069	0.99963							#	   8.40	  21.56	
     68	 -10.13	   7.71	  0.048	0.99935							#	  11.33	  16.28	
     69	   8.03	  14.61	 -0.007	1.00182							#	   8.90	  12.26	
     70	   5.99	   7.71	  0.022	1.00050							#	  11.57	   8.51	
     71	  -4.85	  23.97	  0.090	1.00055							#	  12.03	   5.63	
     72	   5.08	  29.37	 -0.066	0.99952							#	  15.21	   3.58	
     73	  -9.80	  32.07	 -0.284	1.00176							#	  13.30	   4.93	
     74	  -6.62	  24.85	 -0.383	1.00049							#	  13.41	   8.44	
     75	 -23.80	  27.62	 -0.315	1.00022							#	  11.70	  10.07	
     76	  -2.02	  24.92	 -0.391	1.00032							#	  14.12	   8.16	
     77	 -13.42	  41.82	 -0.478	0.99723							#	  11.82	   4.93	
     78	 -15.84	  37.56	 -0.175	1.00005							#	  12.19	   5.00	
     79	  11.59	  32.86	  0.148	1.00073							#	  14.07	   5.28	
     80	  16.02	  27.20	  0.085	0.99909							#	  13.69	   7.43	
     81	  -1.36	  41.37	  0.196	1.00061							#	   8.31	  11.32	
     82	   8.01	  20.74	  0.112	1.00000							#	   9.06	  11.22	
     83	   1.92	  -1.70	  0.193	0.99931							#	  11.77	   9.24	
     84	   1.04	   5.17	  0.052	0.99947							#	  11.41	   9.27	
     85	  -2.15	  26.67	 -0.253	1.00122							#	  10.89	  11.91	
     86	  -3.26	  14.64	 -0.010	0.99926							#	   9.33	  18.06	
     87	  21.93	  23.75	 -0.119	1.00030							#	  10.04	  18.75	
     88	  19.44	  31.40	 -0.026	0.99892							#	   8.54	  19.97	
     89	  24.72	  56.55	 -0.030	0.99922							#	   7.68	  17.47	
     90	   5.82	  55.66	 -0.028	0.99807							#	  11.07	  11.70	
     91	 -42.73	  60.67	 -0.268	0.99511							#	  11.29	   4.51	
     92	 -59.07	  67.70	 -0.398	1.00058							#	  10.01	   5.87	
     93	 -39.04	  86.07	 -0.366	0.99755							#	  12.22	   6.35	
     94	 -34.25	  51.46	 -0.315	0.99826							#	  11.40	   6.53	
     95	 -54.24	  59.77	 -0.190	0.99871							#	  14.02	   6.46	
     96	 -73.26	  79.07	 -0.352	0.99754							#	   9.09	   6.49	
     97	 -58.71	  62.70	  0.196	1.00065							#	   8.67	   5.49	
     98	 -65.58	  30.05	  0.322	0.99386							#	  10.50	   5.83	
     99	 -98.31	  59.72	  0.187	0.99848							#	   7.95	   3.30	
    100	-117.44	  63.70	 -0.376	0.99835							#	  12.00	   3.85	
    101	-104.47	  67.08	 -0.306	0.98997							#	   9.46	   3.78	
    102	-110.32	  50.22	 -0.757	0.99258							#	   4.99	   3.89	
    103	 -32.81	  21.20	 -1.115	0.99640							#	   8.12	   5.35	
    104	 -23.49	  24.68	 -0.587	0.99793							#	   6.14	   6.84	
    105	 -84.25	  47.47	  0.262	1.00210							#	   3.91	   5.76	
