      1	 -27.05	  41.07	  0.250	0.99990							#	   6.98	  13.73	
      2	 -42.10	  24.46	  0.120	1.00075							#	   2.38	  23.89	
      3	   4.16	   5.57	  0.304	0.99974							#	   0.73	  30.82	
      4	  -3.42	   8.70	  0.228	1.00079							#	   0.57	  34.74	
      5	 -41.15	  39.96	  0.228	0.99955							#	   5.23	  19.22	
      6	  -8.61	  11.11	  0.094	0.99923							#	   0.69	   9.78	
      7	  71.20	  -8.05	  0.373	1.00274							#	   0.62	  11.18	
      8	 -62.98	   4.83	 -0.132	1.00151							#	   0.45	  12.88	
      9	 -19.86	   8.21	 -0.192	0.99890							#	   1.48	  13.52	
     10	   7.60	  -2.23	  0.100	0.99976							#	   0.34	  29.46	
     11	 -39.01	   3.17	 -0.037	1.00017							#	   2.25	  25.89	
     12	 -27.77	  17.70	  0.172	1.00054							#	   4.99	  28.83	
     13	  19.91	   9.57	  0.426	1.00006							#	   1.33	  36.44	
     14	  13.61	  -5.44	  0.224	0.99974							#	   1.09	  36.01	
     15	   4.24	   7.27	 -0.076	0.99989							#	   0.61	  38.05	
     16	   0.32	   6.88	 -0.074	1.00033							#	   0.79	  41.20	
     17	 -29.99	  11.04	 -0.061	0.99979							#	   3.69	  28.78	
     18	 -22.83	   6.73	  0.106	0.99918							#	   1.75	  29.04	
     19	 -10.96	   6.48	 -0.087	1.00000							#	   1.17	  33.55	
     20	   6.76	   9.39	 -0.066	0.99932							#	   1.09	  38.35	
     21	   3.16	  -3.63	  0.087	0.99936							#	   0.50	  38.48	
     22	  -3.49	 -13.47	  0.233	1.00003							#	   1.77	  38.86	
     23	 -21.53	  -3.72	  0.042	1.00026							#	   1.82	  31.97	
     24	 -27.77	  -1.45	  0.033	0.99894							#	   3.38	  33.84	
     25	 -18.58	   4.92	  0.016	1.00103							#	   1.84	  26.49	
     26	 -48.40	  -4.39	 -0.080	1.00060							#	   1.61	  22.70	
     27	 -35.14	   2.88	  0.051	1.00049							#	   3.07	  22.62	
     28	  -0.28	   1.81	 -0.060	0.99973							#	   0.67	  38.78	
     29	  -5.32	  -6.27	 -0.183	1.00117							#	   1.29	  31.38	
     30	 -47.31	 -15.92	 -0.435	1.00027							#	   4.83	  16.07	
     31	 -67.60	 -15.79	 -0.364	1.00209							#	   1.77	  15.26	
     32	 -64.77	 -13.68	  0.070	1.00153							#	   1.56	  15.09	
     33	 -75.66	 -20.43	 -0.015	0.99972							#	   2.90	  11.56	
     34	 -68.09	 -12.58	 -0.189	0.99906							#	   1.13	  10.12	
     35	 -75.69	  -0.22	 -0.423	1.00020							#	   0.38	  12.33	
     36	 -63.17	  -3.29	 -0.196	1.00127							#	   0.34	  14.20	
     37	 -50.51	   2.97	 -0.136	1.00142							#	   0.52	  15.31	
     38	 -24.04	  -2.07	 -0.124	1.00055							#	   1.04	  26.66	
     39	  -5.17	   6.21	 -0.115	0.99872							#	   0.59	  31.16	
     40	 -12.90	   5.82	 -0.177	1.00178							#	   1.22	  29.46	
     41	 -13.70	   9.87	 -0.100	1.00438							#	   1.96	  26.79	
     42	 -27.99	  -5.55	 -0.106	0.99992							#	   2.30	  22.96	
     43	 -25.29	  -1.69	 -0.058	0.99964							#	   1.62	  24.15	
     44	 -20.85	   7.99	 -0.019	1.00212							#	   2.21	  25.64	
     45	 -12.01	  -3.58	 -0.193	1.00060							#	   0.88	  23.43	
     46	  10.01	 -16.70	 -0.035	1.00037							#	   3.04	  26.79	
     47	 -15.61	  -4.32	  0.075	0.99952							#	   0.65	  26.91	
     48	 -30.94	   8.07	 -0.044	0.99977							#	   1.93	  21.26	
     49	 -37.66	   4.44	 -0.077	0.99892							#	   1.51	  20.41	
     50	 -15.85	  -6.19	 -0.055	0.99960							#	   0.94	  25.60	
     51	   1.18	  -8.55	 -0.004	1.00073							#	   0.70	  33.04	
     52	  -7.30	  -4.45	 -0.221	1.00001							#	   0.46	  29.51	
     53	  -1.00	   7.80	 -0.154	1.00031							#	   0.69	  31.16	
     54	 -10.35	  -4.62	 -0.167	0.99787							#	   0.60	  28.49	
     55	  -1.64	  -8.91	 -0.082	0.99984							#	   1.28	  29.29	
     56	  -3.05	   1.36	 -0.061	0.99983							#	   0.48	  27.64	
     57	 -11.98	  -3.16	  0.110	1.00010							#	   0.91	  26.96	
     58	   7.75	 -13.22	  0.033	0.99928							#	   2.85	  25.81	
     59	   9.25	   7.12	  0.070	1.00042							#	   0.86	  23.34	
     60	  -1.79	   7.08	 -0.037	1.00004							#	   1.02	  27.93	
     61	  13.96	  15.11	  0.040	0.99820							#	   4.18	  23.38	
     62	   4.98	   2.87	 -0.061	0.99824							#	   1.07	  25.04	
     63	  -0.80	   5.18	  0.243	0.99845							#	   1.26	  29.08	
     64	 -12.43	  -4.26	  0.054	1.00037							#	   0.83	  23.98	
     65	 -17.70	   1.15	  0.077	1.00180							#	   1.79	  22.87	
     66	 -18.50	  -7.28	 -0.026	1.00076							#	   1.48	  22.75	
     67	 -11.56	  -8.81	 -0.190	0.99989							#	   1.18	  23.60	
     68	  -4.15	  -4.14	 -0.159	1.00049							#	   0.91	  24.66	
     69	  -6.69	   2.42	 -0.130	1.00039							#	   0.74	  24.91	
     70	   6.18	 -12.54	 -0.179	0.99742							#	   2.53	  24.40	
     71	  -2.91	  -3.62	  0.016	0.99934							#	   0.55	  28.61	
     72	 -10.60	   1.67	  0.026	0.99809							#	   0.92	  21.13	
     73	  -8.44	   0.18	 -0.097	0.99707							#	   0.83	  19.73	
     74	  -0.31	 -11.85	 -0.114	0.99717							#	   1.78	  24.70	
     75	  -5.70	 -11.09	 -0.081	0.98896							#	   0.84	  23.68	
     76	  -5.27	  -9.19	 -0.233	0.99170							#	   1.69	  19.47	
     77	  -9.27	   7.40	 -0.076	0.99607							#	   1.20	  18.03	
     78	 -22.49	  -0.71	 -0.091	0.99296							#	   1.46	  19.30	
     79	 -11.23	  -1.20	 -0.204	0.98914							#	   0.96	  17.69	
     80	  -1.13	   3.78	 -0.228	0.99141							#	   1.52	  23.13	
     81	  -4.88	  -1.76	 -0.188	0.98649							#	   0.69	  23.26	
     82	  -3.66	  -9.64	 -0.223	0.99895							#	   1.64	  24.45	
     83	  -2.03	  -0.99	 -0.106	0.99437							#	   0.64	  23.94	
     84	  -1.96	   6.81	 -0.113	0.98376							#	   2.44	  23.47	
     85	  -9.26	   2.46	 -0.060	0.97781							#	   1.47	  20.79	
     86	  -6.71	 -13.46	 -0.004	0.96609							#	   1.52	  19.09	
     87	 -11.89	 -10.96	  0.000	0.95879							#	   3.16	  15.73	
     88	  -1.85	 -14.77	 -0.053	0.95746							#	   2.54	  15.18	
     89	  12.38	  -8.07	  0.076	0.95609							#	   3.79	  16.79	
     90	  -5.45	  -9.33	  0.008	0.96348							#	   1.97	  20.24	
     91	   2.78	  -1.62	  0.116	0.96905							#	   2.32	  20.96	
     92	  -8.71	 -10.64	 -0.081	0.97394							#	   1.28	  20.83	
     93	 -14.36	  -3.47	  0.111	0.98253							#	   1.17	  13.10	
     94	 -45.35	 -21.11	  0.008	0.97874							#	   4.49	  12.59	
     95	 -44.87	 -17.55	  0.020	0.97377							#	   2.65	  11.14	
     96	 -67.78	 -27.32	 -0.064	0.95104							#	   5.29	   9.61	
     97	 -83.75	 -11.59	 -0.080	0.93237							#	   3.77	   6.42	
     98	-123.98	 -27.08	 -0.185	0.90817							#	   5.77	   5.10	
     99									skipped		#	   6.05	   1.06	
    100									skipped		#	   6.81	   1.57	
    101	 -13.83	 -18.24	  0.199	0.90835							#	   4.10	   8.63	
    102	  -5.89	  21.11	 -0.194	0.92072							#	   5.57	   9.44	
    103	  85.27	  18.76	 -0.168	0.93490							#	   3.60	   4.68	
    104	 -20.81	  -2.88	 -0.463	0.95393							#	   1.78	   4.25	
    105	 -37.88	  -9.04	 -0.167	0.94577							#	   2.61	   9.06	
    106	  -3.62	 -61.26	 -0.142	0.96693							#	   1.08	   6.34	
    107	 -49.41	 -19.66	  0.465	1.00401							#	   2.89	   5.06	
    108	 -39.88	 -17.25	  0.178	1.00394							#	   2.31	   9.44	
    109	 -52.40	 -24.09	 -0.069	1.00210							#	   4.73	   7.91	
    110	  34.52	  11.69	  0.260	1.00350							#	   2.30	   5.82	
    111	  32.32	  42.72	 -0.282	1.00003							#	   3.16	   5.82	
    112	  70.20	  50.18	 -0.135	0.99332							#	   2.01	   4.04	
    113	 173.43	  41.59	  0.033	1.00543							#	   2.58	   2.98	
    114									skipped		#	   0.66	   2.00	
    115	  87.44	  58.00	  0.095	0.98864							#	   2.81	   3.02	
    116									skipped		#	   4.56	   1.83	
    117									skipped		#	   1.01	   1.06	
    118									skipped		#	   2.34	   1.79	
    119	 145.88	  13.00	 -0.555	1.00416							#	   1.79	   2.64	
    120	  59.88	   9.22	  0.039	1.00320							#	   3.08	   4.46	
    121	  50.53	  38.32	 -0.172	1.00030							#	   2.91	   6.76	
    122									skipped		#	   2.28	   2.00	
    123	  81.73	 -14.14	  0.169	0.99885							#	   3.33	   3.40	
    124									skipped		#	   4.08	   1.57	
    125	  98.08	 -40.24	  0.081	1.00491							#	   2.14	   2.93	
    126	  77.01	 -37.22	 -0.259	0.99573							#	   4.40	   2.17	
    127	   3.41	 -40.88	 -0.128	1.00102							#	   2.91	  12.37	
    128	  32.24	 -22.79	 -0.030	1.00154							#	   3.08	   6.08	
    129	  45.74	  17.51	  0.195	1.00252							#	   5.54	   5.87	
    130	  11.56	  26.77	  0.111	0.99802							#	   4.12	   5.87	
    131	  64.30	  99.34	  0.053	1.00688							#	   4.25	   2.51	
    132									skipped		#	   2.52	   1.36	
    133	  -4.74	  -0.84	 -0.029	1.00014							#	   0.11	  94.47	
    134	 -58.96	  63.62	  0.216	1.00085							#	   3.35	   2.89	
    135	  15.06	 -52.35	  0.133	1.00464							#	   3.13	   4.00	
    136	  34.53	 -25.56	  0.377	0.99872							#	   2.91	   3.78	
    137	 -13.94	 -52.19	  0.369	1.05611							#	   6.10	   2.72	
    138	 -81.19	  13.06	 -0.028	1.10350							#	   5.60	   3.74	
    139	-102.83	  39.36	  0.062	1.10062							#	   5.32	   3.44	
    140	 -77.28	  37.90	  0.214	1.07796							#	   4.18	   3.87	
    141	 -57.99	  28.11	  0.017	1.04426							#	   3.38	  12.93	
    142	 -18.83	  17.93	  0.021	1.01361							#	   1.82	  16.20	
    143	  21.35	  16.20	  0.165	1.00428							#	   3.05	  15.77	
    144	  37.59	   7.15	 -0.191	1.03482							#	   2.12	  14.67	
    145	  16.90	  20.15	 -0.087	1.04332							#	   4.05	  10.88	
    146	 -71.60	  15.15	 -0.246	1.05094							#	   2.43	   8.63	
    147	 -35.56	  25.01	 -0.219	1.03091							#	   5.72	   8.21	
    148	 -58.46	  42.66	 -0.383	1.00066							#	   2.73	   5.02	
